18:01:09.201 [main] INFO  utilities.Browser.SurveyFormReUsables - Picture Message Control Answer Expected Value:SelectPicture Actual Value: SelectPicture
18:01:09.208 [main] INFO  utilities.Browser.SurveyFormReUsables - Picture Message Control Answer Passed : Actual Value is: SelectPictureExpected Value is: SelectPicture
18:01:11.638 [main] INFO  utilities.Browser.SurveyFormReUsables - Yes or No Control Question Expected Value:Select Yes or No..? Actual Value: Select Yes or No..?
18:01:11.638 [main] INFO  utilities.Browser.SurveyFormReUsables - Yes or No Control Question Passed : Actual Value is: Select Yes or No..?Expected Value is: Select Yes or No..?
18:01:12.997 [main] INFO  utilities.Browser.SurveyFormReUsables - Yes or No Control Answer Expected Value:No Actual Value: No
18:01:12.997 [main] INFO  utilities.Browser.SurveyFormReUsables - Yes or No Control Answer Passed : Actual Value is: NoExpected Value is: No
18:01:15.417 [main] INFO  utilities.Browser.SurveyFormReUsables - Agreement Control Question Expected Value:Terms and Conditions..! Actual Value: Terms and Conditions..!
18:01:15.418 [main] INFO  utilities.Browser.SurveyFormReUsables - Agreement Control Question Passed : Actual Value is: Terms and Conditions..!Expected Value is: Terms and Conditions..!
18:01:16.789 [main] INFO  utilities.Browser.SurveyFormReUsables - Agreement Control Answer Expected Value:Accepted Actual Value: Accepted
18:01:16.790 [main] INFO  utilities.Browser.SurveyFormReUsables - Agreement Control Answer Passed : Actual Value is: AcceptedExpected Value is: Accepted
18:01:19.166 [main] INFO  utilities.Browser.SurveyFormReUsables - Rank Matrix Control Question Expected Value:Choose the value..! Actual Value: Choose the value..!
18:01:19.166 [main] INFO  utilities.Browser.SurveyFormReUsables - Rank Matrix Control Question Passed : Actual Value is: Choose the value..!Expected Value is: Choose the value..!
18:01:40.740 [main] INFO  utilities.Browser.SurveyFormReUsables - Rank Matrix Response Values Passed : Actual Value is: 147Expected Value is: 147
18:01:43.118 [main] INFO  utilities.Browser.SurveyFormReUsables - Google Map Control Question Expected Value:What is your address? Actual Value: What is your address?
18:01:43.118 [main] INFO  utilities.Browser.SurveyFormReUsables - Google Map Control Question Passed : Actual Value is: What is your address?Expected Value is: What is your address?
18:01:44.527 [main] INFO  utilities.Browser.SurveyFormReUsables - Google Map Control Answer Expected Value:Avadi, Tamil Nadu, India Actual Value: Avadi, Tamil Nadu, India
18:01:44.527 [main] INFO  utilities.Browser.SurveyFormReUsables - Google Map Control Answer Passed : Actual Value is: Avadi, Tamil Nadu, IndiaExpected Value is: Avadi, Tamil Nadu, India
18:01:46.899 [main] INFO  utilities.Browser.SurveyFormReUsables - Voice Record Control Question Expected Value:Tap the mic and record the voice Actual Value: Tap the mic and record the voice
18:01:46.899 [main] INFO  utilities.Browser.SurveyFormReUsables - Voice Record Control Question Passed : Actual Value is: Tap the mic and record the voiceExpected Value is: Tap the mic and record the voice
18:01:48.267 [main] INFO  utilities.Browser.SurveyFormReUsables - Voice Record Control Answer Passed : Actual Value is: trueExpected Value is: true
18:01:50.658 [main] INFO  utilities.Browser.SurveyFormReUsables - FileUpload Control Question Expected Value:Upload file Actual Value: Upload file
18:01:50.658 [main] INFO  utilities.Browser.SurveyFormReUsables - FileUpload Control Question Passed : Actual Value is: Upload fileExpected Value is: Upload file
18:01:52.068 [main] INFO  utilities.Browser.SurveyFormReUsables - FileUpload Control Answer Passed : Actual Value is: trueExpected Value is: true
18:02:13.311 [main] INFO  testCases.TC_001_SFI_All_Mobile - ******starting TC_001_SFI_All_Mobile ****
18:02:13.312 [main] INFO  testCases.TC_001_SFI_All_Mobile - Test Execution on Browser: chrome
18:02:13.312 [main] INFO  testCases.TC_001_SFI_All_Mobile - Excel file Utility instance created
18:02:13.323 [main] INFO  testCases.TC_001_SFI_All_Mobile - Row Count is: 1
18:02:13.338 [main] INFO  testCases.TC_001_SFI_All_Mobile - Col Count is: 49
18:02:13.338 [main] INFO  testCases.TC_001_SFI_All_Mobile - Extracting DataSheet Values started...
18:02:14.560 [main] INFO  testCases.TC_001_SFI_All_Mobile - Extracting DataSheet Values Completed...
18:02:26.022 [main] INFO  testCases.TC_001_SFI_All_Mobile - Survey Form Url Launched..
18:02:27.838 [main] INFO  testCases.TC_001_SFI_All_Mobile - Build Url Pass
18:02:28.348 [main] INFO  utilities.Android.SurveyFormReUsables - Message Title Passed : Actual Value is: Hi, Welcome to chat bot..!Expected Value is: Hi, Welcome to chat bot..!
18:02:29.358 [main] INFO  testCases.TC_001_SFI_All_Mobile - Message Control Title Passed
18:02:31.382 [main] INFO  testCases.TC_001_SFI_All_Mobile -  Select an option..! Actual Title 
18:02:31.382 [main] INFO  utilities.Android.SurveyFormReUsables - MultiChoice Control Title Passed : Actual Value is: Select an option..!Expected Value is: Select an option..!
18:02:36.279 [main] INFO  utilities.Android.UtilityCustomFunctions - [DisAgree] is selected in List
18:02:36.280 [main] INFO  testCases.TC_001_SFI_All_Mobile - MultiChoice Item Selected
18:02:39.329 [main] INFO  testCases.TC_001_SFI_All_Mobile - MultiChoice Next Clicked
18:02:42.478 [main] INFO  testCases.TC_001_SFI_All_Mobile - Text Question Conrol Present
18:02:42.571 [main] INFO  utilities.Android.SurveyFormReUsables - TextQuestion Control Title Passed : Actual Value is: Please type an answer ..!Expected Value is: Please type an answer ..!
18:02:43.579 [main] INFO  testCases.TC_001_SFI_All_Mobile - Validation of TextQuestion Control Title
18:02:45.833 [main] INFO  testCases.TC_001_SFI_All_Mobile - Text Entered in TextAnswer Control
18:02:47.981 [main] INFO  testCases.TC_001_SFI_All_Mobile - Text Question Next Clicked
18:02:50.626 [main] INFO  testCases.TC_001_SFI_All_Mobile - Email Control Present
18:02:50.716 [main] INFO  utilities.Android.SurveyFormReUsables - Email Control Title Passed : Actual Value is: What is your email address?Expected Value is: What is your email address?
18:02:51.717 [main] INFO  testCases.TC_001_SFI_All_Mobile - Validation of Email Control Title
18:02:54.452 [main] INFO  testCases.TC_001_SFI_All_Mobile - Email Id Entered
18:02:58.134 [main] INFO  testCases.TC_001_SFI_All_Mobile - Email Next Clicked
18:02:59.869 [main] INFO  utilities.Android.SurveyFormReUsables - Phone Number Control Title Passed : Actual Value is: Please type your phone numberExpected Value is: Please type your phone number
18:03:00.872 [main] INFO  testCases.TC_001_SFI_All_Mobile - Validation of PhoneNumber Control Title
18:03:03.277 [main] INFO  testCases.TC_001_SFI_All_Mobile - Phone Number Conrol Present
18:03:06.959 [main] INFO  testCases.TC_001_SFI_All_Mobile - Phone Number Entered
18:03:09.499 [main] INFO  testCases.TC_001_SFI_All_Mobile - PhoneNumber Next Clicked
18:03:12.822 [main] INFO  testCases.TC_001_SFI_All_Mobile - Appointment Clicked
18:03:52.645 [main] INFO  testCases.TC_001_SFI_All_Mobile - Appointment Updated to Datasheet
18:03:52.645 [main] INFO  testCases.TC_001_SFI_All_Mobile - Appointment Time Captured in Expected Value
18:03:55.786 [main] INFO  testCases.TC_001_SFI_All_Mobile - Appointment Next Button clicked
18:03:57.417 [main] INFO  utilities.Android.SurveyFormReUsables - MultiSelect Control Title Passed : Actual Value is: Select your choices..!Expected Value is: Select your choices..!
18:03:58.428 [main] INFO  testCases.TC_001_SFI_All_Mobile - Validation of MultiSelect Control Title
18:04:03.754 [main] INFO  testCases.TC_001_SFI_All_Mobile - MultiSelect Value Selected
18:04:05.747 [main] INFO  testCases.TC_001_SFI_All_Mobile - MultiSelect Next Clicked
18:04:08.637 [main] INFO  testCases.TC_001_SFI_All_Mobile - List Conrol Present
18:04:08.726 [main] INFO  utilities.Android.SurveyFormReUsables - List Control Title Passed : Actual Value is: Type and select your answer..!Expected Value is: Type and select your answer..!
18:04:09.739 [main] INFO  testCases.TC_001_SFI_All_Mobile - Validation of List Control Control Title
18:04:15.041 [main] INFO  utilities.Android.UtilityCustomFunctions - [Sample Option 2] is selected in List
18:04:15.041 [main] INFO  testCases.TC_001_SFI_All_Mobile - List Item Selected Sample Option 2
18:04:17.102 [main] INFO  testCases.TC_001_SFI_All_Mobile - List Next Clicked
18:04:20.129 [main] INFO  testCases.TC_001_SFI_All_Mobile - Number Control Present
18:04:23.013 [main] INFO  testCases.TC_001_SFI_All_Mobile - Number Selected 1234567890
18:04:25.905 [main] INFO  testCases.TC_001_SFI_All_Mobile - Number Next Clicked
18:04:29.030 [main] INFO  testCases.TC_001_SFI_All_Mobile - Range Conrol Present
18:04:29.173 [main] INFO  utilities.Android.SurveyFormReUsables - Range Control Title Passed : Actual Value is: Select a rangeExpected Value is: Select a range
18:04:30.184 [main] INFO  testCases.TC_001_SFI_All_Mobile - Validation of Range Control Control Title
18:04:47.137 [main] INFO  testCases.TC_001_SFI_All_Mobile - Range Selected 50
18:04:49.118 [main] INFO  testCases.TC_001_SFI_All_Mobile - Range Next Clicked
18:04:50.498 [main] INFO  testCases.TC_001_SFI_All_Mobile - Rating control Present
18:04:52.073 [main] INFO  utilities.Android.SurveyFormReUsables - Rating Control Title Passed : Actual Value is: How was your experience?Expected Value is: How was your experience?
18:04:53.084 [main] INFO  testCases.TC_001_SFI_All_Mobile - Validation of Rating Control Control Title
18:04:54.100 [main] INFO  testCases.TC_001_SFI_All_Mobile - Rating Value: TerribleClicked
18:04:56.282 [main] INFO  testCases.TC_001_SFI_All_Mobile - Rating Next Clicked
18:04:59.341 [main] INFO  testCases.TC_001_SFI_All_Mobile - Opinion Scale Conrol Present
18:04:59.435 [main] INFO  utilities.Android.SurveyFormReUsables - Opinion Scale Control Title Passed : Actual Value is: Choose a number?Expected Value is: Choose a number?
18:05:00.436 [main] INFO  testCases.TC_001_SFI_All_Mobile - Validation of Opinion Scale Control Title
18:05:04.651 [main] INFO  utilities.Android.UtilityCustomFunctions - [9] is selected in List
18:05:04.652 [main] INFO  testCases.TC_001_SFI_All_Mobile - Opinion Scale Control: 9Clicked
18:05:06.656 [main] INFO  testCases.TC_001_SFI_All_Mobile - Opinion Scale Next Clicked
18:05:09.559 [main] INFO  testCases.TC_001_SFI_All_Mobile - Date Conrol Present
18:05:17.821 [main] INFO  testCases.TC_001_SFI_All_Mobile - Date Value Updated to DataSheet
18:05:20.016 [main] INFO  testCases.TC_001_SFI_All_Mobile - Date Next Clicked
18:05:23.185 [main] INFO  testCases.TC_001_SFI_All_Mobile - Links Conrol Present
18:05:23.319 [main] INFO  utilities.Android.SurveyFormReUsables - Link Control Title Passed : Actual Value is: Please contact usExpected Value is: Please contact us
18:05:24.327 [main] INFO  testCases.TC_001_SFI_All_Mobile - Validation of Link Control Title  Please contact us  
18:05:24.327 [main] INFO  testCases.TC_001_SFI_All_Mobile - Multiple Links Clicked
18:05:24.864 [main] INFO  testCases.TC_001_SFI_All_Mobile - Links Next Clicked
18:05:30.391 [main] INFO  testCases.TC_001_SFI_All_Mobile - ThankYou control Present
18:05:33.524 [main] INFO  utilities.Android.SurveyFormReUsables - ThankYou Control Title Passed : Actual Value is: Nice chatting with youExpected Value is: Nice chatting with you
18:05:34.534 [main] INFO  testCases.TC_001_SFI_All_Mobile - Validation of ThankYou Control TitleNice chatting with you
18:05:38.326 [main] INFO  testCases.TC_001_SFI_All_Mobile - ThankYou Next Clicked
18:05:41.629 [main] INFO  testCases.TC_001_SFI_All_Mobile - Picture Message Control Present
18:05:42.774 [main] INFO  utilities.Android.SurveyFormReUsables - Picture Message Control Title Passed : Actual Value is: Select the picture…!Expected Value is: Select the picture…!
18:05:43.786 [main] INFO  testCases.TC_001_SFI_All_Mobile - Validation of Picture Message Control Title Select the picture…! 
18:05:45.312 [main] INFO  testCases.TC_001_SFI_All_Mobile - Picture Message Seleted:PictureMessage
18:05:48.538 [main] INFO  testCases.TC_001_SFI_All_Mobile - Picture Message Next Clicked
18:05:51.472 [main] INFO  testCases.TC_001_SFI_All_Mobile - YesorNo Control Present
18:05:51.570 [main] INFO  utilities.Android.SurveyFormReUsables - Yes or No Control Title Passed : Actual Value is: Select Yes or No..?Expected Value is: Select Yes or No..?
18:05:52.578 [main] INFO  testCases.TC_001_SFI_All_Mobile - Validation of YesorNo Control Title Select Yes or No..? 
18:05:55.350 [main] INFO  testCases.TC_001_SFI_All_Mobile - Yes Clicked
18:05:56.208 [main] INFO  testCases.TC_001_SFI_All_Mobile - YesorNo Next Clicked
18:05:59.077 [main] INFO  testCases.TC_001_SFI_All_Mobile - Agreement Question Conrol Present
18:05:59.219 [main] INFO  utilities.Android.SurveyFormReUsables - Agreement Control Title Passed : Actual Value is: Terms and Conditions..!Expected Value is: Terms and Conditions..!
18:06:00.227 [main] INFO  testCases.TC_001_SFI_All_Mobile - Validation of Agreement Control Title Terms and Conditions..! 
18:06:00.324 [main] INFO  utilities.Android.SurveyFormReUsables - Agreement Text Passed : Actual Value is: I agree to the terms and conditionsExpected Value is: I agree to the terms and conditions
18:06:01.335 [main] INFO  testCases.TC_001_SFI_All_Mobile - Validation of Agreement TextI agree to the terms and conditions
18:06:02.887 [main] INFO  testCases.TC_001_SFI_All_Mobile - Agreement Next Clicked
18:06:04.236 [main] INFO  testCases.TC_001_SFI_All_Mobile - RankMatrix control present
18:06:05.829 [main] INFO  utilities.Android.SurveyFormReUsables - Ranking Matrix Title Passed : Actual Value is: Choose the value..!Expected Value is: Choose the value..!
18:06:06.834 [main] INFO  testCases.TC_001_SFI_All_Mobile - Validation of Rank Matrix Control Title Choose the value..! 
18:06:09.658 [main] INFO  testCases.TC_001_SFI_All_Mobile - Ranking Matrix Values Selected
18:06:11.614 [main] INFO  testCases.TC_001_SFI_All_Mobile - Ranking Matrix Next Clicked
18:06:13.380 [main] INFO  testCases.TC_001_SFI_All_Mobile - All Contexts [NATIVE_APP, CHROMIUM]
18:06:17.268 [main] INFO  testCases.TC_001_SFI_All_Mobile - Google Map Control Present
18:06:43.020 [main] INFO  utilities.Android.SurveyFormReUsables - Google Map Title Passed : Actual Value is: What is your address?Expected Value is: What is your address?
18:06:44.029 [main] INFO  testCases.TC_001_SFI_All_Mobile - Validation of Google Map Control Title What is your address? 
18:06:48.802 [main] INFO  testCases.TC_001_SFI_All_Mobile - Address Entered in Google Map
18:06:50.484 [main] INFO  testCases.TC_001_SFI_All_Mobile - Google Map Next Clicked
18:06:52.134 [main] INFO  testCases.TC_001_SFI_All_Mobile - VR control present
18:06:54.728 [main] INFO  utilities.Android.SurveyFormReUsables - Voice Record Title Passed : Actual Value is: Tap the mic and record the voiceExpected Value is: Tap the mic and record the voice
18:06:55.742 [main] INFO  testCases.TC_001_SFI_All_Mobile - Validation of Voice Record Control Title Tap the mic and record the voice 
18:06:59.269 [main] INFO  testCases.TC_001_SFI_All_Mobile - All Contexts [NATIVE_APP, CHROMIUM]
18:07:21.409 [main] INFO  testCases.TC_001_SFI_All_Mobile - Voice Recorded
18:07:23.193 [main] INFO  testCases.TC_001_SFI_All_Mobile - Voice Record Prefix updated to Datasheet
18:07:26.203 [main] INFO  testCases.TC_001_SFI_All_Mobile - Voice Record Next Clicked
18:07:29.337 [main] INFO  testCases.TC_001_SFI_All_Mobile - FileUpload Conrol Present
18:07:29.473 [main] INFO  utilities.Android.SurveyFormReUsables - File Upload Control Title Passed : Actual Value is: Upload fileExpected Value is: Upload file
18:07:30.486 [main] INFO  testCases.TC_001_SFI_All_Mobile - Validation of File Upload Control Title
18:08:20.488 [main] INFO  testCases.TC_001_SFI_All_Mobile - Upload file prefix added to Datasheet
18:08:21.006 [main] INFO  testCases.TC_001_SFI_All_Mobile - FileUpload Next Clicked
18:08:34.023 [main] INFO  testCases.TC_001_SFI_All_MobileResponse - ******starting TC_001_SFI_All_MobileResponse ****
18:08:34.023 [main] INFO  testCases.TC_001_SFI_All_MobileResponse - Test Execution on Browser: chrome
18:08:34.023 [main] INFO  testCases.TC_001_SFI_All_MobileResponse - Excel file Utility instance created
18:08:34.049 [main] INFO  testCases.TC_001_SFI_All_MobileResponse - Row Count is: 1
18:08:34.066 [main] INFO  testCases.TC_001_SFI_All_MobileResponse - Col Count is: 49
18:08:34.066 [main] INFO  testCases.TC_001_SFI_All_MobileResponse - Extracting DataSheet Values started...
18:08:34.852 [main] INFO  testCases.TC_001_SFI_All_MobileResponse - Extracting DataSheet Values Completed...
18:08:39.859 [main] INFO  testCases.TC_001_SFI_All_MobileResponse - Navigation started
18:08:45.394 [main] INFO  testCases.TC_001_SFI_All_MobileResponse - Login details Entered
18:08:45.504 [main] INFO  testCases.TC_001_SFI_All_MobileResponse - Chat bot Logged In
18:09:00.506 [main] INFO  testCases.TC_001_SFI_All_MobileResponse - Hard wait for 15 secs
18:09:10.034 [main] INFO  testCases.TC_001_SFI_All_MobileResponse - clear all button clicked on listbox
18:09:10.497 [main] INFO  testCases.TC_001_SFI_All_MobileResponse - Build Name entered in List Box
18:09:13.501 [main] INFO  testCases.TC_001_SFI_All_MobileResponse - Waited for 3 secs
18:09:13.567 [main] INFO  testCases.TC_001_SFI_All_MobileResponse - Enter Key applied on ListBox
18:09:14.576 [main] INFO  testCases.TC_001_SFI_All_MobileResponse - Hard Wait for 1 sec
18:09:14.707 [main] INFO  testCases.TC_001_SFI_All_MobileResponse - clicked side bar Build button once
18:09:15.716 [main] INFO  testCases.TC_001_SFI_All_MobileResponse - Hard Wait for 1 sec
18:09:15.814 [main] INFO  testCases.TC_001_SFI_All_MobileResponse - clicked side bar Result
18:09:16.143 [main] INFO  testCases.TC_001_SFI_All_MobileResponse - Side Item Response clicked
18:09:16.256 [main] INFO  testCases.TC_001_SFI_All_MobileResponse - clicked refresh Response
18:09:16.353 [main] INFO  testCases.TC_001_SFI_All_MobileResponse - clicked refresh Response Again
18:09:19.440 [main] INFO  testCases.TC_001_SFI_All_MobileResponse - Clicked first Response
18:09:19.440 [main] INFO  testCases.TC_001_SFI_All_MobileResponse - Navigated to Build: SFAllMobile_Independent
18:09:21.804 [main] INFO  utilities.Browser.SurveyFormReUsables - Message Control Header Expected Value:Hi, Welcome to chat bot..! Actual Value: Hi, Welcome to chat bot..!
18:09:21.804 [main] INFO  utilities.Browser.SurveyFormReUsables - Message Control Header Passed : Actual Value is: Hi, Welcome to chat bot..!Expected Value is: Hi, Welcome to chat bot..!
18:09:24.520 [main] INFO  utilities.Browser.SurveyFormReUsables - MultiChoice Control Question Expected Value:Select an option..! Actual Value: Select an option..!
18:09:24.521 [main] INFO  utilities.Browser.SurveyFormReUsables - MultiChoice Control Question Passed : Actual Value is: Select an option..!Expected Value is: Select an option..!
18:09:26.030 [main] INFO  utilities.Browser.SurveyFormReUsables - MultiChoice Control Answer Expected Value:DisAgree Actual Value: DisAgree
18:09:26.030 [main] INFO  utilities.Browser.SurveyFormReUsables - MultiChoice Control Answer Passed : Actual Value is: DisAgreeExpected Value is: DisAgree
18:09:28.423 [main] INFO  utilities.Browser.SurveyFormReUsables - Text Question Control Question Expected Value:Please type an answer ..! Actual Value: Please type an answer ..!
18:09:28.423 [main] INFO  utilities.Browser.SurveyFormReUsables - Text Question Control Question Passed : Actual Value is: Please type an answer ..!Expected Value is: Please type an answer ..!
18:09:29.787 [main] INFO  utilities.Browser.SurveyFormReUsables - Text Question Control Answer Expected Value:Welcome to Automation...! Actual Value: Welcome to Automation...!
18:09:29.788 [main] INFO  utilities.Browser.SurveyFormReUsables - Text Question Control Answer Passed : Actual Value is: Welcome to Automation...!Expected Value is: Welcome to Automation...!
18:09:32.161 [main] INFO  utilities.Browser.SurveyFormReUsables - Email Control Question Expected Value:What is your email address? Actual Value: What is your email address?
18:09:32.161 [main] INFO  utilities.Browser.SurveyFormReUsables - Email Control Question Passed : Actual Value is: What is your email address?Expected Value is: What is your email address?
18:09:33.536 [main] INFO  utilities.Browser.SurveyFormReUsables - Email Control Answer Expected Value:sudhakar@rsoft.in Actual Value: sudhakar@rsoft.in
18:09:33.536 [main] INFO  utilities.Browser.SurveyFormReUsables - Email Control Answer Passed : Actual Value is: sudhakar@rsoft.inExpected Value is: sudhakar@rsoft.in
18:09:35.938 [main] INFO  utilities.Browser.SurveyFormReUsables - Phone Number Control Question Expected Value:Please type your phone number Actual Value: Please type your phone number
18:09:35.938 [main] INFO  utilities.Browser.SurveyFormReUsables - Phone Number Control Question Passed : Actual Value is: Please type your phone numberExpected Value is: Please type your phone number
18:09:37.300 [main] INFO  utilities.Browser.SurveyFormReUsables - Phone Number Control Answer Expected Value:+91 1234567890 Actual Value: +91 1234567890
18:09:37.300 [main] INFO  utilities.Browser.SurveyFormReUsables - Phone Number Control Answer Passed : Actual Value is: +91 1234567890Expected Value is: +91 1234567890
18:09:39.730 [main] INFO  utilities.Browser.SurveyFormReUsables - Appointment Control Question Expected Value:Book an appointment / meeting Actual Value: Book an appointment / meeting
18:09:39.731 [main] INFO  utilities.Browser.SurveyFormReUsables - Appointment Control Question Passed : Actual Value is: Book an appointment / meetingExpected Value is: Book an appointment / meeting
18:09:41.120 [main] INFO  utilities.Browser.SurveyFormReUsables - Appointment Control Answer Expected Value:Appointment Date : 16/11/2023, Time : [ 09:15 AM to 09:19 AM ] Actual Value: Appointment Date : 16/11/2023, Time : [ 09:15 AM to 09:19 AM ]
18:09:41.120 [main] INFO  utilities.Browser.SurveyFormReUsables - Appointment Control Answer Passed : Actual Value is: Appointment Date : 16/11/2023, Time : [ 09:15 AM to 09:19 AM ]Expected Value is: Appointment Date : 16/11/2023, Time : [ 09:15 AM to 09:19 AM ]
18:09:43.528 [main] INFO  utilities.Browser.SurveyFormReUsables - MultiSelect Control Question Expected Value:Select your choices..! Actual Value: Select your choices..!
18:09:43.529 [main] INFO  utilities.Browser.SurveyFormReUsables - MultiSelect Control Question Passed : Actual Value is: Select your choices..!Expected Value is: Select your choices..!
18:09:44.895 [main] INFO  utilities.Browser.SurveyFormReUsables - MultiSelect Control Answer Expected Value:DisAgree, Agree, Strongly Agree Actual Value: DisAgree, Agree, Strongly Agree
18:09:44.895 [main] INFO  utilities.Browser.SurveyFormReUsables - MultiSelect Control Answer Passed : Actual Value is: DisAgree, Agree, Strongly AgreeExpected Value is: DisAgree, Agree, Strongly Agree
18:09:47.270 [main] INFO  utilities.Browser.SurveyFormReUsables - List Control Question Expected Value:Type and select your answer..! Actual Value: Type and select your answer..!
18:09:47.271 [main] INFO  utilities.Browser.SurveyFormReUsables - List Control Question Passed : Actual Value is: Type and select your answer..!Expected Value is: Type and select your answer..!
18:09:48.637 [main] INFO  utilities.Browser.SurveyFormReUsables - List Control Values Expected Value:Sample Option 2 Actual Value: Sample Option 2
18:09:48.638 [main] INFO  utilities.Browser.SurveyFormReUsables - List Control Values Passed : Actual Value is: Sample Option 2Expected Value is: Sample Option 2
18:09:51.005 [main] INFO  utilities.Browser.SurveyFormReUsables - Number Control Question Expected Value:Enter the Number? Actual Value: Enter the Number?
18:09:51.006 [main] INFO  utilities.Browser.SurveyFormReUsables - Number Control Question Passed : Actual Value is: Enter the Number?Expected Value is: Enter the Number?
18:09:52.401 [main] INFO  utilities.Browser.SurveyFormReUsables - Number Control Answer Expected Value:1234567890 Actual Value: 1234567890
18:09:52.402 [main] INFO  utilities.Browser.SurveyFormReUsables - Number Control Answer Passed : Actual Value is: 1234567890Expected Value is: 1234567890
18:09:54.798 [main] INFO  utilities.Browser.SurveyFormReUsables - Range Control Question Expected Value:Select a range Actual Value: Select a range
18:09:54.798 [main] INFO  utilities.Browser.SurveyFormReUsables - Range Control Question Passed : Actual Value is: Select a rangeExpected Value is: Select a range
18:09:56.160 [main] INFO  utilities.Browser.SurveyFormReUsables - Range Control Answer Expected Value:50 Actual Value: 50
18:09:56.160 [main] INFO  utilities.Browser.SurveyFormReUsables - Range Control Answer Passed : Actual Value is: 50Expected Value is: 50
18:09:58.521 [main] INFO  utilities.Browser.SurveyFormReUsables - Rating Control Question Expected Value:How was your experience? Actual Value: How was your experience?
18:09:58.522 [main] INFO  utilities.Browser.SurveyFormReUsables - Rating Control Question Passed : Actual Value is: How was your experience?Expected Value is: How was your experience?
18:09:59.888 [main] INFO  utilities.Browser.SurveyFormReUsables - Rating Control Answer Expected Value:Terrible Actual Value: Terrible
18:09:59.888 [main] INFO  utilities.Browser.SurveyFormReUsables - Rating Control Answer Passed : Actual Value is: TerribleExpected Value is: Terrible
18:10:02.291 [main] INFO  utilities.Browser.SurveyFormReUsables - Opinion Scale Control Question Expected Value:Choose a number? Actual Value: Choose a number?
18:10:02.292 [main] INFO  utilities.Browser.SurveyFormReUsables - Opinion Scale Control Question Passed : Actual Value is: Choose a number?Expected Value is: Choose a number?
18:10:03.689 [main] INFO  utilities.Browser.SurveyFormReUsables - Opinion Scale Control Answer Expected Value:9 Actual Value: 9
18:10:03.689 [main] INFO  utilities.Browser.SurveyFormReUsables - Opinion Scale Control Answer Passed : Actual Value is: 9Expected Value is: 9
18:10:06.074 [main] INFO  utilities.Browser.SurveyFormReUsables - Date Control Question Expected Value:Select a date Actual Value: Select a date
18:10:06.076 [main] INFO  utilities.Browser.SurveyFormReUsables - Date Control Question Passed : Actual Value is: Select a dateExpected Value is: Select a date
18:10:07.450 [main] INFO  utilities.Browser.SurveyFormReUsables - Date Control Answer Expected Value:16/11/2023 Actual Value: 16/11/2023
18:10:07.450 [main] INFO  utilities.Browser.SurveyFormReUsables - Date Control Answer Passed : Actual Value is: 16/11/2023Expected Value is: 16/11/2023
18:10:09.837 [main] INFO  utilities.Browser.SurveyFormReUsables - Link Control Question Expected Value:Please contact us Actual Value: Please contact us
18:10:09.837 [main] INFO  utilities.Browser.SurveyFormReUsables - Link Control Question Passed : Actual Value is: Please contact usExpected Value is: Please contact us
18:10:12.208 [main] INFO  utilities.Browser.SurveyFormReUsables - Thank You Control Question Expected Value:Nice chatting with you Actual Value: Nice chatting with you
18:10:12.209 [main] INFO  utilities.Browser.SurveyFormReUsables - Thank You Control Question Passed : Actual Value is: Nice chatting with youExpected Value is: Nice chatting with you
18:10:14.579 [main] INFO  utilities.Browser.SurveyFormReUsables - Picture Message Control Question Expected Value:Select the picture…! Actual Value: Select the picture…!
18:10:14.579 [main] INFO  utilities.Browser.SurveyFormReUsables - Picture Message Control Question Passed : Actual Value is: Select the picture…!Expected Value is: Select the picture…!
18:10:15.971 [main] INFO  utilities.Browser.SurveyFormReUsables - Picture Message Control Answer Expected Value:PictureMessage Actual Value: PictureMessage
18:10:15.971 [main] INFO  utilities.Browser.SurveyFormReUsables - Picture Message Control Answer Passed : Actual Value is: PictureMessageExpected Value is: PictureMessage
18:10:18.339 [main] INFO  utilities.Browser.SurveyFormReUsables - Yes or No Control Question Expected Value:Select Yes or No..? Actual Value: Select Yes or No..?
18:10:18.339 [main] INFO  utilities.Browser.SurveyFormReUsables - Yes or No Control Question Passed : Actual Value is: Select Yes or No..?Expected Value is: Select Yes or No..?
18:10:19.701 [main] INFO  utilities.Browser.SurveyFormReUsables - Yes or No Control Answer Expected Value:Yes Actual Value: Yes
18:10:19.701 [main] INFO  utilities.Browser.SurveyFormReUsables - Yes or No Control Answer Passed : Actual Value is: YesExpected Value is: Yes
18:10:22.108 [main] INFO  utilities.Browser.SurveyFormReUsables - Agreement Control Question Expected Value:Terms and Conditions..! Actual Value: Terms and Conditions..!
18:10:22.108 [main] INFO  utilities.Browser.SurveyFormReUsables - Agreement Control Question Passed : Actual Value is: Terms and Conditions..!Expected Value is: Terms and Conditions..!
18:10:23.479 [main] INFO  utilities.Browser.SurveyFormReUsables - Agreement Control Answer Expected Value:Accepted Actual Value: Accepted
18:10:23.479 [main] INFO  utilities.Browser.SurveyFormReUsables - Agreement Control Answer Passed : Actual Value is: AcceptedExpected Value is: Accepted
18:10:26.065 [main] INFO  utilities.Browser.SurveyFormReUsables - Rank Matrix Control Question Expected Value:Choose the value..! Actual Value: Choose the value..!
18:10:26.065 [main] INFO  utilities.Browser.SurveyFormReUsables - Rank Matrix Control Question Passed : Actual Value is: Choose the value..!Expected Value is: Choose the value..!
18:10:47.685 [main] INFO  utilities.Browser.SurveyFormReUsables - Rank Matrix Values Passed : Actual Value is: 159Expected Value is: 159
18:10:50.069 [main] INFO  utilities.Browser.SurveyFormReUsables - Google Map Control Question Expected Value:What is your address? Actual Value: What is your address?
18:10:50.069 [main] INFO  utilities.Browser.SurveyFormReUsables - Google Map Control Question Passed : Actual Value is: What is your address?Expected Value is: What is your address?
18:10:51.485 [main] INFO  utilities.Browser.SurveyFormReUsables - Google Map Control Answer Expected Value:Avadi, Tamil Nadu, India Actual Value: Avadi, Tamil Nadu, India
18:10:51.486 [main] INFO  utilities.Browser.SurveyFormReUsables - Google Map Control Answer Passed : Actual Value is: Avadi, Tamil Nadu, IndiaExpected Value is: Avadi, Tamil Nadu, India
18:10:53.924 [main] INFO  utilities.Browser.SurveyFormReUsables - Voice Record Control Question Expected Value:Tap the mic and record the voice Actual Value: Tap the mic and record the voice
18:10:53.924 [main] INFO  utilities.Browser.SurveyFormReUsables - Voice Record Control Question Passed : Actual Value is: Tap the mic and record the voiceExpected Value is: Tap the mic and record the voice
18:10:55.291 [main] INFO  utilities.Browser.SurveyFormReUsables - Voice Record Control Answer Passed : Actual Value is: trueExpected Value is: true
18:10:57.713 [main] INFO  utilities.Browser.SurveyFormReUsables - FileUpload Control Question Expected Value:Upload file Actual Value: Upload file
18:10:57.713 [main] INFO  utilities.Browser.SurveyFormReUsables - FileUpload Control Question Passed : Actual Value is: Upload fileExpected Value is: Upload file
18:10:59.086 [main] INFO  utilities.Browser.SurveyFormReUsables - FileUpload Control Answer Passed : Actual Value is: trueExpected Value is: true
16:01:09.231 [main] INFO  testCases.TC_002_SFS_All_Mobile - ******starting TC_002_SFS_All_Mobile ****
16:01:09.240 [main] INFO  testCases.TC_002_SFS_All_Mobile - Test Execution on Browser: chrome
16:01:09.361 [main] INFO  testCases.TC_002_SFS_All_Mobile - Excel file Utility instance created
16:01:10.769 [main] INFO  testCases.TC_002_SFS_All_Mobile - Row Count is: 1
16:01:10.909 [main] INFO  testCases.TC_002_SFS_All_Mobile - Col Count is: 50
16:01:10.909 [main] INFO  testCases.TC_002_SFS_All_Mobile - Extracting DataSheet Values started...
16:01:15.054 [main] INFO  testCases.TC_002_SFS_All_Mobile - Extracting DataSheet Values Completed...
16:01:19.825 [main] INFO  testCases.TC_002_SFS_All_Mobile - Survey Form Url Launched..
16:01:22.784 [main] INFO  testCases.TC_002_SFS_All_Mobile - Build Url Pass
16:01:26.377 [main] INFO  testCases.TC_002_SFS_All_Mobile - All Contexts [NATIVE_APP, CHROMIUM]
00:52:04.847 [main] INFO  testCases.TC_002_SFS_All_Mobile - ******starting TC_002_SFS_All_Mobile ****
00:52:04.856 [main] INFO  testCases.TC_002_SFS_All_Mobile - Test Execution on Browser: chrome
00:52:04.995 [main] INFO  testCases.TC_002_SFS_All_Mobile - Excel file Utility instance created
00:52:07.031 [main] INFO  testCases.TC_002_SFS_All_Mobile - Row Count is: 1
00:52:07.256 [main] INFO  testCases.TC_002_SFS_All_Mobile - Col Count is: 50
00:52:07.257 [main] INFO  testCases.TC_002_SFS_All_Mobile - Extracting DataSheet Values started...
00:52:11.066 [main] INFO  testCases.TC_002_SFS_All_Mobile - Extracting DataSheet Values Completed...
00:52:36.316 [main] INFO  testCases.TC_002_SFS_All_Mobile - Survey Form Url Launched..
00:52:41.696 [main] INFO  testCases.TC_002_SFS_All_Mobile - Build Url Pass
00:52:45.507 [main] INFO  testCases.TC_002_SFS_All_Mobile - All Contexts [NATIVE_APP, CHROMIUM]
00:53:08.350 [main] INFO  utilities.Android.SurveyFormReUsables - Section Title Passed : Actual Value is: Section Title..!Expected Value is: Section Title..!
00:53:09.366 [main] INFO  testCases.TC_002_SFS_All_Mobile - Section Title Validation done:  Section Title..! 
00:53:11.717 [main] INFO  pageObjects.Android.SectionControlsPage - Message Control Title Validation with Expected: Hi, Welcome to Survey form...! and Actual is:  Hi, Welcome to chat bot..! 
00:53:13.528 [main] INFO  pageObjects.Android.SectionControlsPage - MultiChoice Control Title Validation with Expected: Select an option..! and Actual is:  Select an option..! 
00:53:18.756 [main] INFO  utilities.Android.UtilityCustomFunctions - [Strongly DisAgree] is selected in List
00:53:18.757 [main] INFO  testCases.TC_002_SFS_All_Mobile - MultiChoice Item Selected : Strongly DisAgree
00:53:22.792 [main] INFO  pageObjects.Android.SectionControlsPage - TextQuestion Control Title Validation with Expected: Please type an answer ..! and Actual is:  Please type an answer ..! 
00:53:27.510 [main] INFO  testCases.TC_002_SFS_All_Mobile - Text Entered in TextAnswer Control
00:53:29.520 [main] INFO  pageObjects.Android.SectionControlsPage - Email Control Title Validation with Expected: What is your email address? and Actual is:  What is your email address? 
00:53:33.599 [main] INFO  testCases.TC_002_SFS_All_Mobile - Email Id Entered
00:53:36.597 [main] INFO  pageObjects.Android.SectionControlsPage - Phone Number Control Title Validation with Expected: Please type your phone number and Actual is:  Please type your phone number 
00:53:39.652 [main] INFO  testCases.TC_002_SFS_All_Mobile - Phone Number Entered
00:53:47.852 [main] INFO  pageObjects.Android.SectionControlsPage - Appointment Control Title Validation with Expected: Book an appointment / meeting and Actual is:  Book an appointment / meeting 
00:53:49.950 [main] INFO  testCases.TC_002_SFS_All_Mobile - Appointment button Clicked
00:54:35.364 [main] INFO  testCases.TC_002_SFS_All_Mobile - Appointment Updated to Datasheet
00:54:36.904 [main] INFO  testCases.TC_002_SFS_All_Mobile - Appointment Time Captured in Expected Value
00:54:43.913 [main] INFO  pageObjects.Android.SectionControlsPage - MultiSelect Control Title Validation with Expected: Select your choices..! and Actual is:  Select your choices..! 
00:54:55.282 [main] INFO  testCases.TC_002_SFS_All_Mobile - MultiSelect Value Selected
00:54:59.251 [main] INFO  pageObjects.Android.SectionControlsPage - List Control Title Validation with Expected: Type and select your answer..! and Actual is:  Type and select your answer..! 
00:55:01.749 [main] INFO  testCases.TC_002_SFS_All_Mobile - List Input Box Clicked 
00:55:07.961 [main] INFO  testCases.TC_002_SFS_All_Mobile - List Item Selected Sample Option 5
00:55:11.991 [main] INFO  pageObjects.Android.SectionControlsPage - Number Control Title Validation with Expected: Enter the Number? and Actual is:  Enter the Number? 
00:55:13.343 [main] INFO  testCases.TC_002_SFS_All_Mobile - Number Selected 1234567890
00:55:18.207 [main] INFO  pageObjects.Android.SectionControlsPage - Range Control Title Validation with Expected: Select a range and Actual is:  Select a range 
00:56:18.984 [main] INFO  testCases.TC_002_SFS_All_Mobile - Range Selected 30
00:56:29.925 [main] INFO  pageObjects.Android.SectionControlsPage - Rating Control Title Validation with Expected: How was your experience? and Actual is:  How was your experience? 
00:56:34.820 [main] INFO  testCases.TC_002_SFS_All_Mobile - Rating Value: OkayClicked
00:56:44.985 [main] INFO  pageObjects.Android.SectionControlsPage - Opinion Scale Control Title Validation with Expected: Choose a number? and Actual is:  Choose a number? 
00:56:52.917 [main] INFO  utilities.Android.UtilityCustomFunctions - [7] is selected in List
00:56:52.917 [main] INFO  testCases.TC_002_SFS_All_Mobile - Opinion Scale : 7Clicked
00:57:02.372 [main] INFO  pageObjects.Android.SectionControlsPage - Date Control Title Validation with Expected: Select a date and Actual is: Select a date
00:57:44.431 [main] INFO  testCases.TC_002_SFS_All_Mobile - Date Value Updated to DataSheet
00:57:54.842 [main] INFO  pageObjects.Android.SectionControlsPage - Links Control Title Validation with Expected: Please contact us and Actual is:   Please contact us  
00:58:03.015 [main] INFO  pageObjects.Android.SectionControlsPage - ThankYou Control Title Validation with Expected: Nice chatting with you and Actual is: Nice chatting with you
00:58:08.418 [main] INFO  pageObjects.Android.SectionControlsPage - PictureMessage Control Title Validation with Expected: Select the picture…! and Actual is:  Select the picture…! 
00:58:09.256 [main] INFO  testCases.TC_002_SFS_All_Mobile - Picture Message Seleted:SelectPicture
00:58:15.251 [main] INFO  pageObjects.Android.SectionControlsPage - YesorNo Control Title Validation with Expected: Select Yes or No..? and Actual is:  Select Yes or No..? 
00:58:15.855 [main] INFO  testCases.TC_002_SFS_All_Mobile - Yes or No ClickedNo
00:58:19.637 [main] INFO  pageObjects.Android.SectionControlsPage - Agreement Control Title Validation with Expected: Terms and Conditions..! and Actual is:  Terms and Conditions..! 
00:58:21.774 [main] INFO  utilities.Android.SurveyFormReUsables - Agreement Text Passed : Actual Value is: I agree to the terms and conditionsExpected Value is: I agree to the terms and conditions
00:58:22.793 [main] INFO  testCases.TC_002_SFS_All_Mobile - Validation of Agreement Text Actual is: I agree to the terms and conditions Expected is: I agree to the terms and conditions
00:58:25.799 [main] INFO  pageObjects.Android.SectionControlsPage - RankingMatrix Control Title Validation with Expected: Choose the value..! and Actual is:  Choose the value..! 
00:58:28.059 [main] INFO  testCases.TC_002_SFS_All_Mobile - Ranking Matrix Values Selected
00:58:31.501 [main] INFO  pageObjects.Android.SectionControlsPage - GoogleMap Control Title Validation with Expected: What is your address? and Actual is:  Upload file 
00:58:36.914 [main] INFO  testCases.TC_002_SFS_All_Mobile - Address Entered in Google Map
00:58:40.896 [main] INFO  pageObjects.Android.SectionControlsPage - VoiceRecord Control Title Validation with Expected: Tap the mic and record the voice and Actual is:  Tap the mic and record the voice 
00:58:43.592 [main] INFO  testCases.TC_002_SFS_All_Mobile - All Contexts [NATIVE_APP, CHROMIUM]
00:59:36.700 [main] INFO  testCases.TC_002_SFS_All_Mobile - Voice Recorded
00:59:38.388 [main] INFO  testCases.TC_002_SFS_All_Mobile - Voice Record Prefix updated to Datasheet
00:59:46.241 [main] INFO  pageObjects.Android.SectionControlsPage - FileUpload Control Title Validation with Expected: Upload file and Actual is:  Upload file 
01:00:31.545 [main] INFO  testCases.TC_002_SFS_All_MobileResponse - ******starting TC_002_SFS_All_MobileResponse ****
01:00:31.546 [main] INFO  testCases.TC_002_SFS_All_MobileResponse - Test Execution on Browser: chrome
01:00:31.546 [main] INFO  testCases.TC_002_SFS_All_MobileResponse - Excel file Utility instance created
01:00:31.599 [main] INFO  testCases.TC_002_SFS_All_MobileResponse - Row Count is: 1
01:00:31.623 [main] INFO  testCases.TC_002_SFS_All_MobileResponse - Col Count is: 50
01:00:31.623 [main] INFO  testCases.TC_002_SFS_All_MobileResponse - Extracting DataSheet Values started...
01:00:33.146 [main] INFO  testCases.TC_002_SFS_All_MobileResponse - Extracting DataSheet Values Completed...
01:00:38.159 [main] INFO  testCases.TC_002_SFS_All_MobileResponse - Navigation started
01:00:42.252 [main] INFO  testCases.TC_002_SFS_All_MobileResponse - Login details Entered
01:00:42.354 [main] INFO  testCases.TC_002_SFS_All_MobileResponse - Chat bot Logged In
01:00:57.355 [main] INFO  testCases.TC_002_SFS_All_MobileResponse - Hard wait for 15 secs
01:00:57.462 [main] INFO  testCases.TC_002_SFS_All_MobileResponse - clear all button clicked on listbox
01:00:58.058 [main] INFO  testCases.TC_002_SFS_All_MobileResponse - Build Name entered in List Box
01:01:01.070 [main] INFO  testCases.TC_002_SFS_All_MobileResponse - Waited for 3 secs
01:01:01.153 [main] INFO  testCases.TC_002_SFS_All_MobileResponse - Enter Key applied on ListBox
01:01:02.158 [main] INFO  testCases.TC_002_SFS_All_MobileResponse - Hard Wait for 1 sec
01:01:02.344 [main] INFO  testCases.TC_002_SFS_All_MobileResponse - clicked side bar Build button once
01:01:03.356 [main] INFO  testCases.TC_002_SFS_All_MobileResponse - Hard Wait for 1 sec
01:01:03.451 [main] INFO  testCases.TC_002_SFS_All_MobileResponse - clicked side bar Result
01:01:03.790 [main] INFO  testCases.TC_002_SFS_All_MobileResponse - Side Item Response clicked
01:01:03.904 [main] INFO  testCases.TC_002_SFS_All_MobileResponse - clicked refresh Response
01:01:03.988 [main] INFO  testCases.TC_002_SFS_All_MobileResponse - clicked refresh Response Again
01:01:07.070 [main] INFO  testCases.TC_002_SFS_All_MobileResponse - Clicked first Response
01:01:07.070 [main] INFO  testCases.TC_002_SFS_All_MobileResponse - Navigated to Build: SFAllMobile_Section
01:01:57.576 [main] INFO  testCases.TC_001_SFI_All_Mobile - ******starting TC_001_SFI_All_Mobile ****
01:01:57.576 [main] INFO  testCases.TC_001_SFI_All_Mobile - Test Execution on Browser: chrome
01:01:57.577 [main] INFO  testCases.TC_001_SFI_All_Mobile - Excel file Utility instance created
01:01:57.667 [main] INFO  testCases.TC_001_SFI_All_Mobile - Row Count is: 1
01:01:57.736 [main] INFO  testCases.TC_001_SFI_All_Mobile - Col Count is: 49
01:01:57.742 [main] INFO  testCases.TC_001_SFI_All_Mobile - Extracting DataSheet Values started...
01:01:58.964 [main] INFO  testCases.TC_001_SFI_All_Mobile - Extracting DataSheet Values Completed...
01:02:07.768 [main] INFO  testCases.TC_001_SFI_All_Mobile - Survey Form Url Launched..
01:02:11.665 [main] INFO  testCases.TC_001_SFI_All_Mobile - Build Url Pass
01:02:12.481 [main] INFO  utilities.Android.SurveyFormReUsables - Message Title Passed : Actual Value is: Hi, Welcome to chat bot..!Expected Value is: Hi, Welcome to chat bot..!
01:02:13.485 [main] INFO  testCases.TC_001_SFI_All_Mobile - Message Control Title Passed
01:02:16.009 [main] INFO  testCases.TC_001_SFI_All_Mobile -  Select an option..! Actual Title 
01:02:16.010 [main] INFO  utilities.Android.SurveyFormReUsables - MultiChoice Control Title Passed : Actual Value is: Select an option..!Expected Value is: Select an option..!
01:02:20.920 [main] INFO  utilities.Android.UtilityCustomFunctions - [DisAgree] is selected in List
01:02:20.920 [main] INFO  testCases.TC_001_SFI_All_Mobile - MultiChoice Item Selected
01:02:24.860 [main] INFO  testCases.TC_001_SFI_All_Mobile - MultiChoice Next Clicked
01:02:29.756 [main] INFO  testCases.TC_001_SFI_All_Mobile - Text Question Conrol Present
01:02:29.930 [main] INFO  utilities.Android.SurveyFormReUsables - TextQuestion Control Title Passed : Actual Value is: Please type an answer ..!Expected Value is: Please type an answer ..!
01:02:30.940 [main] INFO  testCases.TC_001_SFI_All_Mobile - Validation of TextQuestion Control Title
01:02:33.470 [main] INFO  testCases.TC_001_SFI_All_Mobile - Text Entered in TextAnswer Control
01:02:36.000 [main] INFO  testCases.TC_001_SFI_All_Mobile - Text Question Next Clicked
01:02:38.001 [main] INFO  testCases.TC_001_SFI_All_Mobile - Email Control Present
01:02:38.127 [main] INFO  utilities.Android.SurveyFormReUsables - Email Control Title Passed : Actual Value is: What is your email address?Expected Value is: What is your email address?
01:02:39.129 [main] INFO  testCases.TC_001_SFI_All_Mobile - Validation of Email Control Title
01:02:40.505 [main] INFO  testCases.TC_001_SFI_All_Mobile - Email Id Entered
01:02:43.124 [main] INFO  testCases.TC_001_SFI_All_Mobile - Email Next Clicked
01:02:44.544 [main] INFO  utilities.Android.SurveyFormReUsables - Phone Number Control Title Passed : Actual Value is: Please type your phone numberExpected Value is: Please type your phone number
01:02:45.547 [main] INFO  testCases.TC_001_SFI_All_Mobile - Validation of PhoneNumber Control Title
01:02:48.186 [main] INFO  testCases.TC_001_SFI_All_Mobile - Phone Number Conrol Present
01:02:51.791 [main] INFO  testCases.TC_001_SFI_All_Mobile - Phone Number Entered
01:02:53.940 [main] INFO  testCases.TC_001_SFI_All_Mobile - PhoneNumber Next Clicked
01:02:58.264 [main] INFO  testCases.TC_001_SFI_All_Mobile - Appointment Clicked
01:03:37.040 [main] INFO  testCases.TC_001_SFI_All_Mobile - Appointment Updated to Datasheet
01:03:37.040 [main] INFO  testCases.TC_001_SFI_All_Mobile - Appointment Time Captured in Expected Value
01:03:40.103 [main] INFO  testCases.TC_001_SFI_All_Mobile - Appointment Next Button clicked
01:03:41.541 [main] INFO  utilities.Android.SurveyFormReUsables - MultiSelect Control Title Passed : Actual Value is: Select your choices..!Expected Value is: Select your choices..!
01:03:42.551 [main] INFO  testCases.TC_001_SFI_All_Mobile - Validation of MultiSelect Control Title
01:03:48.329 [main] INFO  testCases.TC_001_SFI_All_Mobile - MultiSelect Value Selected
01:03:50.392 [main] INFO  testCases.TC_001_SFI_All_Mobile - MultiSelect Next Clicked
01:03:53.334 [main] INFO  testCases.TC_001_SFI_All_Mobile - List Conrol Present
01:03:53.484 [main] INFO  utilities.Android.SurveyFormReUsables - List Control Title Passed : Actual Value is: Type and select your answer..!Expected Value is: Type and select your answer..!
01:03:54.496 [main] INFO  testCases.TC_001_SFI_All_Mobile - Validation of List Control Control Title
01:03:59.742 [main] INFO  utilities.Android.UtilityCustomFunctions - [Sample Option 2] is selected in List
01:03:59.743 [main] INFO  testCases.TC_001_SFI_All_Mobile - List Item Selected Sample Option 2
01:04:01.999 [main] INFO  testCases.TC_001_SFI_All_Mobile - List Next Clicked
01:04:04.963 [main] INFO  testCases.TC_001_SFI_All_Mobile - Number Control Present
01:04:06.128 [main] INFO  testCases.TC_001_SFI_All_Mobile - Number Selected 1234567890
01:04:08.499 [main] INFO  testCases.TC_001_SFI_All_Mobile - Number Next Clicked
01:05:40.280 [main] INFO  testCases.TC_001_SFI_All_Mobile - Range control Missing
01:05:44.427 [main] INFO  testCases.TC_001_SFI_All_MobileResponse - ******starting TC_001_SFI_All_MobileResponse ****
01:05:44.428 [main] INFO  testCases.TC_001_SFI_All_MobileResponse - Test Execution on Browser: chrome
01:05:44.428 [main] INFO  testCases.TC_001_SFI_All_MobileResponse - Excel file Utility instance created
01:05:44.459 [main] INFO  testCases.TC_001_SFI_All_MobileResponse - Row Count is: 1
01:05:44.526 [main] INFO  testCases.TC_001_SFI_All_MobileResponse - Col Count is: 49
01:05:44.532 [main] INFO  testCases.TC_001_SFI_All_MobileResponse - Extracting DataSheet Values started...
01:05:45.428 [main] INFO  testCases.TC_001_SFI_All_MobileResponse - Extracting DataSheet Values Completed...
01:05:50.442 [main] INFO  testCases.TC_001_SFI_All_MobileResponse - Navigation started
01:05:54.415 [main] INFO  testCases.TC_001_SFI_All_MobileResponse - Login details Entered
01:05:54.533 [main] INFO  testCases.TC_001_SFI_All_MobileResponse - Chat bot Logged In
01:06:09.545 [main] INFO  testCases.TC_001_SFI_All_MobileResponse - Hard wait for 15 secs
01:06:09.639 [main] INFO  testCases.TC_001_SFI_All_MobileResponse - clear all button clicked on listbox
01:06:10.200 [main] INFO  testCases.TC_001_SFI_All_MobileResponse - Build Name entered in List Box
01:06:13.206 [main] INFO  testCases.TC_001_SFI_All_MobileResponse - Waited for 3 secs
01:06:13.277 [main] INFO  testCases.TC_001_SFI_All_MobileResponse - Enter Key applied on ListBox
01:06:14.279 [main] INFO  testCases.TC_001_SFI_All_MobileResponse - Hard Wait for 1 sec
01:06:14.393 [main] INFO  testCases.TC_001_SFI_All_MobileResponse - clicked side bar Build button once
01:06:15.408 [main] INFO  testCases.TC_001_SFI_All_MobileResponse - Hard Wait for 1 sec
01:06:15.496 [main] INFO  testCases.TC_001_SFI_All_MobileResponse - clicked side bar Result
01:06:15.826 [main] INFO  testCases.TC_001_SFI_All_MobileResponse - Side Item Response clicked
01:06:16.026 [main] INFO  testCases.TC_001_SFI_All_MobileResponse - clicked refresh Response
01:06:16.094 [main] INFO  testCases.TC_001_SFI_All_MobileResponse - clicked refresh Response Again
