17:00:31.319 [main] INFO  utilities.Browser.SurveyFormReUsables - Yes or No Control Answer Expected Value:No Actual Value: No
17:00:31.329 [main] INFO  utilities.Browser.SurveyFormReUsables - Yes or No Control Answer Passed : Actual Value is: NoExpected Value is: No
17:00:33.715 [main] INFO  utilities.Browser.SurveyFormReUsables - Agreement Control Question Expected Value:Terms and Conditions..! Actual Value: Terms and Conditions..!
17:00:33.716 [main] INFO  utilities.Browser.SurveyFormReUsables - Agreement Control Question Passed : Actual Value is: Terms and Conditions..!Expected Value is: Terms and Conditions..!
17:00:35.249 [main] INFO  utilities.Browser.SurveyFormReUsables - Agreement Control Answer Expected Value:Accepted Actual Value: Accepted
17:00:35.251 [main] INFO  utilities.Browser.SurveyFormReUsables - Agreement Control Answer Passed : Actual Value is: AcceptedExpected Value is: Accepted
17:00:38.088 [main] INFO  utilities.Browser.SurveyFormReUsables - Rank Matrix Control Question Expected Value:Choose the value..! Actual Value: Choose the value..!
17:00:38.088 [main] INFO  utilities.Browser.SurveyFormReUsables - Rank Matrix Control Question Passed : Actual Value is: Choose the value..!Expected Value is: Choose the value..!
17:01:00.062 [main] INFO  utilities.Browser.SurveyFormReUsables - Rank Matrix Response Values Passed : Actual Value is: 147Expected Value is: 147
17:01:02.529 [main] INFO  utilities.Browser.SurveyFormReUsables - Google Map Control Question Expected Value:What is your address? Actual Value: What is your address?
17:01:02.529 [main] INFO  utilities.Browser.SurveyFormReUsables - Google Map Control Question Passed : Actual Value is: What is your address?Expected Value is: What is your address?
17:01:03.992 [main] INFO  utilities.Browser.SurveyFormReUsables - Google Map Control Answer Expected Value:Avadi, Tamil Nadu, India Actual Value: Avadi, Tamil Nadu, India
17:01:03.992 [main] INFO  utilities.Browser.SurveyFormReUsables - Google Map Control Answer Passed : Actual Value is: Avadi, Tamil Nadu, IndiaExpected Value is: Avadi, Tamil Nadu, India
17:01:06.358 [main] INFO  utilities.Browser.SurveyFormReUsables - Voice Record Control Question Expected Value:Tap the mic and record the voice Actual Value: Tap the mic and record the voice
17:01:06.358 [main] INFO  utilities.Browser.SurveyFormReUsables - Voice Record Control Question Passed : Actual Value is: Tap the mic and record the voiceExpected Value is: Tap the mic and record the voice
17:01:07.735 [main] INFO  utilities.Browser.SurveyFormReUsables - Voice Record Control Answer Passed : Actual Value is: trueExpected Value is: true
17:01:10.148 [main] INFO  utilities.Browser.SurveyFormReUsables - FileUpload Control Question Expected Value:Upload file Actual Value: Upload file
17:01:10.148 [main] INFO  utilities.Browser.SurveyFormReUsables - FileUpload Control Question Passed : Actual Value is: Upload fileExpected Value is: Upload file
17:01:11.650 [main] INFO  utilities.Browser.SurveyFormReUsables - FileUpload Control Answer Passed : Actual Value is: trueExpected Value is: true
17:06:55.304 [main] INFO  testCases.TC_002_SFS_All_Mobile - ******starting TC_002_SFS_All_Mobile ****
17:06:55.315 [main] INFO  testCases.TC_002_SFS_All_Mobile - Test Execution on Browser: chrome
17:06:55.424 [main] INFO  testCases.TC_002_SFS_All_Mobile - Excel file Utility instance created
17:06:57.435 [main] INFO  testCases.TC_002_SFS_All_Mobile - Row Count is: 1
17:06:57.743 [main] INFO  testCases.TC_002_SFS_All_Mobile - Col Count is: 50
17:06:57.745 [main] INFO  testCases.TC_002_SFS_All_Mobile - Extracting DataSheet Values started...
17:07:01.857 [main] INFO  testCases.TC_002_SFS_All_Mobile - Extracting DataSheet Values Completed...
17:07:25.347 [main] INFO  testCases.TC_002_SFS_All_Mobile - Survey Form Url Launched..
17:07:33.079 [main] INFO  testCases.TC_002_SFS_All_Mobile - Build Url Pass
17:07:36.653 [main] INFO  testCases.TC_002_SFS_All_Mobile - All Contexts [NATIVE_APP, CHROMIUM]
17:07:41.096 [main] INFO  utilities.Android.SurveyFormReUsables - Section Title Passed : Actual Value is: Section Title..!Expected Value is: Section Title..!
17:07:42.110 [main] INFO  testCases.TC_002_SFS_All_Mobile - Section Title Validation done:  Section Title..! 
17:07:43.962 [main] INFO  pageObjects.Android.SectionControlsPage - Message Control Title Validation with Expected: Hi, Welcome to Survey form...! and Actual is:  Hi, Welcome to chat bot..! 
17:07:45.837 [main] INFO  pageObjects.Android.SectionControlsPage - MultiChoice Control Title Validation with Expected: Select an option..! and Actual is:  Select an option..! 
17:07:50.637 [main] INFO  utilities.Android.UtilityCustomFunctions - [Strongly DisAgree] is selected in List
17:07:50.637 [main] INFO  testCases.TC_002_SFS_All_Mobile - MultiChoice Item Selected : Strongly DisAgree
17:07:54.079 [main] INFO  pageObjects.Android.SectionControlsPage - TextQuestion Control Title Validation with Expected: Please type an answer ..! and Actual is:  Please type an answer ..! 
17:08:02.577 [main] INFO  testCases.TC_002_SFS_All_Mobile - Text Entered in TextAnswer Control
17:08:04.580 [main] INFO  pageObjects.Android.SectionControlsPage - Email Control Title Validation with Expected: What is your email address? and Actual is:  What is your email address? 
17:08:08.481 [main] INFO  testCases.TC_002_SFS_All_Mobile - Email Id Entered
17:08:11.448 [main] INFO  pageObjects.Android.SectionControlsPage - Phone Number Control Title Validation with Expected: Please type your phone number and Actual is:  Please type your phone number 
17:08:15.411 [main] INFO  testCases.TC_002_SFS_All_Mobile - Phone Number Entered
17:08:22.280 [main] INFO  pageObjects.Android.SectionControlsPage - Appointment Control Title Validation with Expected: Book an appointment / meeting and Actual is:  Book an appointment / meeting 
17:08:24.436 [main] INFO  testCases.TC_002_SFS_All_Mobile - Appointment button Clicked
17:09:05.223 [main] INFO  testCases.TC_002_SFS_All_Mobile - Appointment Updated to Datasheet
17:09:06.849 [main] INFO  testCases.TC_002_SFS_All_Mobile - Appointment Time Captured in Expected Value
17:09:13.755 [main] INFO  pageObjects.Android.SectionControlsPage - MultiSelect Control Title Validation with Expected: Select your choices..! and Actual is:  Select your choices..! 
17:09:25.819 [main] INFO  testCases.TC_002_SFS_All_Mobile - MultiSelect Value Selected
17:09:29.291 [main] INFO  pageObjects.Android.SectionControlsPage - List Control Title Validation with Expected: Type and select your answer..! and Actual is:  Type and select your answer..! 
17:09:31.716 [main] INFO  testCases.TC_002_SFS_All_Mobile - List Input Box Clicked 
17:09:39.689 [main] INFO  testCases.TC_002_SFS_All_Mobile - List Item Selected Sample Option 5
17:09:44.162 [main] INFO  pageObjects.Android.SectionControlsPage - Number Control Title Validation with Expected: Enter the Number? and Actual is:  Enter the Number? 
17:09:47.642 [main] INFO  testCases.TC_002_SFS_All_Mobile - Number Selected 1234567890
17:09:52.339 [main] INFO  pageObjects.Android.SectionControlsPage - Range Control Title Validation with Expected: Select a range and Actual is:  Select a range 
17:10:07.482 [main] INFO  testCases.TC_002_SFS_All_Mobile - Range Selected 30
17:10:12.356 [main] INFO  pageObjects.Android.SectionControlsPage - Rating Control Title Validation with Expected: How was your experience? and Actual is:  How was your experience? 
17:10:14.982 [main] INFO  testCases.TC_002_SFS_All_Mobile - Rating Value: OkayClicked
17:10:20.323 [main] INFO  pageObjects.Android.SectionControlsPage - Opinion Scale Control Title Validation with Expected: Choose a number? and Actual is:  Choose a number? 
17:10:28.839 [main] INFO  utilities.Android.UtilityCustomFunctions - [7] is selected in List
17:10:28.839 [main] INFO  testCases.TC_002_SFS_All_Mobile - Opinion Scale : 7Clicked
17:10:36.197 [main] INFO  pageObjects.Android.SectionControlsPage - Date Control Title Validation with Expected: Select a date and Actual is: Select a date
17:11:30.111 [main] INFO  testCases.TC_002_SFS_All_Mobile - Date Value Updated to DataSheet
17:11:39.050 [main] INFO  pageObjects.Android.SectionControlsPage - Links Control Title Validation with Expected: Please contact us and Actual is:   Please contact us  
17:11:44.696 [main] INFO  pageObjects.Android.SectionControlsPage - ThankYou Control Title Validation with Expected: Nice chatting with you and Actual is: Nice chatting with you
17:11:49.587 [main] INFO  pageObjects.Android.SectionControlsPage - PictureMessage Control Title Validation with Expected: Select the picture…! and Actual is:  Select the picture…! 
17:11:50.237 [main] INFO  testCases.TC_002_SFS_All_Mobile - Picture Message Seleted:SelectPicture
17:11:56.147 [main] INFO  pageObjects.Android.SectionControlsPage - YesorNo Control Title Validation with Expected: Select Yes or No..? and Actual is:  Select Yes or No..? 
17:11:56.884 [main] INFO  testCases.TC_002_SFS_All_Mobile - Yes or No ClickedNo
17:12:00.984 [main] INFO  pageObjects.Android.SectionControlsPage - Agreement Control Title Validation with Expected: Terms and Conditions..! and Actual is:  Terms and Conditions..! 
17:12:03.088 [main] INFO  utilities.Android.SurveyFormReUsables - Agreement Text Passed : Actual Value is: I agree to the terms and conditionsExpected Value is: I agree to the terms and conditions
17:12:04.100 [main] INFO  testCases.TC_002_SFS_All_Mobile - Validation of Agreement Text Actual is: I agree to the terms and conditions Expected is: I agree to the terms and conditions
17:12:06.254 [main] INFO  pageObjects.Android.SectionControlsPage - RankingMatrix Control Title Validation with Expected: Choose the value..! and Actual is:  Choose the value..! 
17:12:09.020 [main] INFO  testCases.TC_002_SFS_All_Mobile - Ranking Matrix Values Selected
17:12:12.378 [main] INFO  pageObjects.Android.SectionControlsPage - GoogleMap Control Title Validation with Expected: What is your address? and Actual is:  Upload file 
17:12:18.761 [main] INFO  testCases.TC_002_SFS_All_Mobile - Address Entered in Google Map
17:12:22.787 [main] INFO  pageObjects.Android.SectionControlsPage - VoiceRecord Control Title Validation with Expected: Tap the mic and record the voice and Actual is:  Tap the mic and record the voice 
17:12:26.160 [main] INFO  testCases.TC_002_SFS_All_Mobile - All Contexts [NATIVE_APP, CHROMIUM]
17:12:43.625 [main] INFO  testCases.TC_002_SFS_All_Mobile - Voice Recorded
17:12:45.343 [main] INFO  testCases.TC_002_SFS_All_Mobile - Voice Record Prefix updated to Datasheet
17:12:52.733 [main] INFO  pageObjects.Android.SectionControlsPage - FileUpload Control Title Validation with Expected: Upload file and Actual is:  Upload file 
17:13:39.547 [main] INFO  testCases.TC_002_SFS_All_Mobile - File Uploaded
17:13:41.164 [main] INFO  testCases.TC_002_SFS_All_Mobile - Upload file prefix added to Datasheet
17:13:45.002 [main] INFO  testCases.TC_002_SFS_All_Mobile - Section UI Form Submitted
17:13:48.858 [main] INFO  testCases.TC_002_SFS_All_MobileResponse - ******starting TC_002_SFS_All_MobileResponse ****
17:13:48.858 [main] INFO  testCases.TC_002_SFS_All_MobileResponse - Test Execution on Browser: chrome
17:13:48.859 [main] INFO  testCases.TC_002_SFS_All_MobileResponse - Excel file Utility instance created
17:13:48.899 [main] INFO  testCases.TC_002_SFS_All_MobileResponse - Row Count is: 1
17:13:48.941 [main] INFO  testCases.TC_002_SFS_All_MobileResponse - Col Count is: 50
17:13:48.942 [main] INFO  testCases.TC_002_SFS_All_MobileResponse - Extracting DataSheet Values started...
17:13:50.494 [main] INFO  testCases.TC_002_SFS_All_MobileResponse - Extracting DataSheet Values Completed...
17:13:55.509 [main] INFO  testCases.TC_002_SFS_All_MobileResponse - Navigation started
17:14:02.277 [main] INFO  testCases.TC_002_SFS_All_MobileResponse - Login details Entered
17:14:02.384 [main] INFO  testCases.TC_002_SFS_All_MobileResponse - Chat bot Logged In
17:14:17.400 [main] INFO  testCases.TC_002_SFS_All_MobileResponse - Hard wait for 15 secs
17:14:50.942 [main] INFO  testCases.TC_002_SFS_All_MobileResponse - clear all button clicked on listbox
17:14:51.821 [main] INFO  testCases.TC_002_SFS_All_MobileResponse - Build Name entered in List Box
17:14:54.831 [main] INFO  testCases.TC_002_SFS_All_MobileResponse - Waited for 3 secs
17:14:54.993 [main] INFO  testCases.TC_002_SFS_All_MobileResponse - Enter Key applied on ListBox
17:14:56.003 [main] INFO  testCases.TC_002_SFS_All_MobileResponse - Hard Wait for 1 sec
17:14:56.133 [main] INFO  testCases.TC_002_SFS_All_MobileResponse - clicked side bar Build button once
17:14:57.144 [main] INFO  testCases.TC_002_SFS_All_MobileResponse - Hard Wait for 1 sec
17:14:57.251 [main] INFO  testCases.TC_002_SFS_All_MobileResponse - clicked side bar Result
17:14:57.761 [main] INFO  testCases.TC_002_SFS_All_MobileResponse - Side Item Response clicked
17:14:57.920 [main] INFO  testCases.TC_002_SFS_All_MobileResponse - clicked refresh Response
17:14:58.075 [main] INFO  testCases.TC_002_SFS_All_MobileResponse - clicked refresh Response Again
17:15:01.194 [main] INFO  testCases.TC_002_SFS_All_MobileResponse - Clicked first Response
17:15:01.195 [main] INFO  testCases.TC_002_SFS_All_MobileResponse - Navigated to Build: SFAllMobile_Section
17:15:03.770 [main] INFO  testCases.TC_002_SFS_All_MobileResponse - Section Title in Response : 1) Section Title..!
17:15:05.018 [main] INFO  utilities.Browser.SurveyFormReUsables - Message Title in Response Expected Value:Hi, Welcome to Survey form...! Actual Value: Hi, Welcome to chat bot..!
17:15:05.019 [main] INFO  utilities.Browser.SurveyFormReUsables - Message Title in Response Failed : Actual Value is: Hi, Welcome to chat bot..!Expected Value is: Hi, Welcome to Survey form...!
17:15:07.477 [main] INFO  utilities.Browser.SurveyFormReUsables - Multi Choice Question in Response Expected Value:Select an option..! Actual Value: Select an option..!
17:15:07.477 [main] INFO  utilities.Browser.SurveyFormReUsables - Multi Choice Question in Response Passed : Actual Value is: Select an option..!Expected Value is: Select an option..!
17:15:09.129 [main] INFO  utilities.Browser.SurveyFormReUsables - Multi Choice Answer in Response Expected Value:Strongly DisAgree Actual Value: Strongly DisAgree
17:15:09.129 [main] INFO  utilities.Browser.SurveyFormReUsables - Multi Choice Answer in Response Passed : Actual Value is: Strongly DisAgreeExpected Value is: Strongly DisAgree
17:15:11.802 [main] INFO  utilities.Browser.SurveyFormReUsables - Text Question Control Question Expected Value:Please type an answer ..! Actual Value: Please type an answer ..!
17:15:11.802 [main] INFO  utilities.Browser.SurveyFormReUsables - Text Question Control Question Passed : Actual Value is: Please type an answer ..!Expected Value is: Please type an answer ..!
17:15:13.250 [main] INFO  utilities.Browser.SurveyFormReUsables - Text Question Control Answer Expected Value:Welcome to Automation...! Test execution of Survey form Controls within Section UI. Actual Value: Welcome to Automation...! Test execution of Survey form Controls within Section UI.
17:15:13.250 [main] INFO  utilities.Browser.SurveyFormReUsables - Text Question Control Answer Passed : Actual Value is: Welcome to Automation...! Test execution of Survey form Controls within Section UI.Expected Value is: Welcome to Automation...! Test execution of Survey form Controls within Section UI.
17:15:15.759 [main] INFO  utilities.Browser.SurveyFormReUsables - Email Control Question Expected Value:What is your email address? Actual Value: What is your email address?
17:15:15.759 [main] INFO  utilities.Browser.SurveyFormReUsables - Email Control Question Passed : Actual Value is: What is your email address?Expected Value is: What is your email address?
17:15:17.191 [main] INFO  utilities.Browser.SurveyFormReUsables - Email Control Answer Expected Value:sudhakar@rsoft.in Actual Value: sudhakar@rsoft.in
17:15:17.191 [main] INFO  utilities.Browser.SurveyFormReUsables - Email Control Answer Passed : Actual Value is: sudhakar@rsoft.inExpected Value is: sudhakar@rsoft.in
17:15:19.630 [main] INFO  utilities.Browser.SurveyFormReUsables - Phone Number Control Question Expected Value:Please type your phone number Actual Value: Please type your phone number
17:15:19.630 [main] INFO  utilities.Browser.SurveyFormReUsables - Phone Number Control Question Passed : Actual Value is: Please type your phone numberExpected Value is: Please type your phone number
17:15:21.078 [main] INFO  utilities.Browser.SurveyFormReUsables - Phone Number Control Answer Expected Value:+91 1234567890 Actual Value: +91 1234567890
17:15:21.079 [main] INFO  utilities.Browser.SurveyFormReUsables - Phone Number Control Answer Passed : Actual Value is: +91 1234567890Expected Value is: +91 1234567890
17:15:23.559 [main] INFO  utilities.Browser.SurveyFormReUsables - Appointment Control Question Expected Value:Book an appointment / meeting Actual Value: Book an appointment / meeting
17:15:23.559 [main] INFO  utilities.Browser.SurveyFormReUsables - Appointment Control Question Passed : Actual Value is: Book an appointment / meetingExpected Value is: Book an appointment / meeting
17:15:24.969 [main] INFO  utilities.Browser.SurveyFormReUsables - Appointment Control Answer Expected Value:Appointment Date : 16/11/2023, Time : [ 09:45 AM to 09:49 AM ] Actual Value: Appointment Date : 16/11/2023, Time : [ 09:45 AM to 09:49 AM ]
17:15:24.969 [main] INFO  utilities.Browser.SurveyFormReUsables - Appointment Control Answer Passed : Actual Value is: Appointment Date : 16/11/2023, Time : [ 09:45 AM to 09:49 AM ]Expected Value is: Appointment Date : 16/11/2023, Time : [ 09:45 AM to 09:49 AM ]
17:15:27.575 [main] INFO  utilities.Browser.SurveyFormReUsables - MultiChoice Control Question Expected Value:Select your choices..! Actual Value: Select your choices..!
17:15:27.575 [main] INFO  utilities.Browser.SurveyFormReUsables - MultiChoice Control Question Passed : Actual Value is: Select your choices..!Expected Value is: Select your choices..!
17:15:29.002 [main] INFO  utilities.Browser.SurveyFormReUsables - MultiChoice Control Answer Expected Value:DisAgree, Agree Actual Value: DisAgree, Agree
17:15:29.002 [main] INFO  utilities.Browser.SurveyFormReUsables - MultiChoice Control Answer Passed : Actual Value is: DisAgree, AgreeExpected Value is: DisAgree, Agree
17:15:31.531 [main] INFO  utilities.Browser.SurveyFormReUsables - List Control Question Expected Value:Type and select your answer..! Actual Value: Type and select your answer..!
17:15:31.531 [main] INFO  utilities.Browser.SurveyFormReUsables - List Control Question Passed : Actual Value is: Type and select your answer..!Expected Value is: Type and select your answer..!
17:15:33.013 [main] INFO  utilities.Browser.SurveyFormReUsables - List Control Values Expected Value:Sample Option 5 Actual Value: Sample Option 5
17:15:33.013 [main] INFO  utilities.Browser.SurveyFormReUsables - List Control Values Passed : Actual Value is: Sample Option 5Expected Value is: Sample Option 5
17:15:35.746 [main] INFO  utilities.Browser.SurveyFormReUsables - Number Control Question Expected Value:Enter the Number? Actual Value: Enter the Number?
17:15:35.746 [main] INFO  utilities.Browser.SurveyFormReUsables - Number Control Question Passed : Actual Value is: Enter the Number?Expected Value is: Enter the Number?
17:15:37.254 [main] INFO  utilities.Browser.SurveyFormReUsables - Number Control Answer Expected Value:1234567890 Actual Value: 1234567890
17:15:37.256 [main] INFO  utilities.Browser.SurveyFormReUsables - Number Control Answer Passed : Actual Value is: 1234567890Expected Value is: 1234567890
17:15:39.981 [main] INFO  utilities.Browser.SurveyFormReUsables - Range Control Question Expected Value:Select a range Actual Value: Select a range
17:15:39.981 [main] INFO  utilities.Browser.SurveyFormReUsables - Range Control Question Passed : Actual Value is: Select a rangeExpected Value is: Select a range
17:15:41.384 [main] INFO  utilities.Browser.SurveyFormReUsables - Range Control Answer Expected Value:30 Actual Value: 30
17:15:41.384 [main] INFO  utilities.Browser.SurveyFormReUsables - Range Control Answer Passed : Actual Value is: 30Expected Value is: 30
17:15:43.800 [main] INFO  utilities.Browser.SurveyFormReUsables - Rating Control Question Expected Value:How was your experience? Actual Value: How was your experience?
17:15:43.801 [main] INFO  utilities.Browser.SurveyFormReUsables - Rating Control Question Passed : Actual Value is: How was your experience?Expected Value is: How was your experience?
17:15:45.197 [main] INFO  utilities.Browser.SurveyFormReUsables - Rating Control Answer Expected Value:Okay Actual Value: Okay
17:15:45.197 [main] INFO  utilities.Browser.SurveyFormReUsables - Rating Control Answer Passed : Actual Value is: OkayExpected Value is: Okay
17:15:47.636 [main] INFO  utilities.Browser.SurveyFormReUsables - Opinion Scale Control Question Expected Value:Choose a number? Actual Value: Choose a number?
17:15:47.637 [main] INFO  utilities.Browser.SurveyFormReUsables - Opinion Scale Control Question Passed : Actual Value is: Choose a number?Expected Value is: Choose a number?
17:15:49.102 [main] INFO  utilities.Browser.SurveyFormReUsables - Opinion Scale Control Answer Expected Value:7 Actual Value: 7
17:15:49.103 [main] INFO  utilities.Browser.SurveyFormReUsables - Opinion Scale Control Answer Passed : Actual Value is: 7Expected Value is: 7
17:15:51.527 [main] INFO  utilities.Browser.SurveyFormReUsables - Date Control Question Expected Value:Select a date Actual Value: Select a date
17:15:51.529 [main] INFO  utilities.Browser.SurveyFormReUsables - Date Control Question Passed : Actual Value is: Select a dateExpected Value is: Select a date
17:15:52.941 [main] INFO  utilities.Browser.SurveyFormReUsables - Date Control Answer Expected Value:16/11/2023 Actual Value: 16/11/2023
17:15:52.941 [main] INFO  utilities.Browser.SurveyFormReUsables - Date Control Answer Passed : Actual Value is: 16/11/2023Expected Value is: 16/11/2023
17:15:55.459 [main] INFO  utilities.Browser.SurveyFormReUsables - Link Control Question Expected Value:Please contact us Actual Value: Please contact us
17:15:55.460 [main] INFO  utilities.Browser.SurveyFormReUsables - Link Control Question Passed : Actual Value is: Please contact usExpected Value is: Please contact us
17:15:57.900 [main] INFO  utilities.Browser.SurveyFormReUsables - Thank You Control Question Expected Value:Nice chatting with you Actual Value: Nice chatting with you
17:15:57.900 [main] INFO  utilities.Browser.SurveyFormReUsables - Thank You Control Question Passed : Actual Value is: Nice chatting with youExpected Value is: Nice chatting with you
17:16:00.437 [main] INFO  utilities.Browser.SurveyFormReUsables - Picture Message Control Question Expected Value:Select the picture…! Actual Value: Select the picture…!
17:16:00.441 [main] INFO  utilities.Browser.SurveyFormReUsables - Picture Message Control Question Passed : Actual Value is: Select the picture…!Expected Value is: Select the picture…!
17:16:01.852 [main] INFO  utilities.Browser.SurveyFormReUsables - Picture Message Control Answer Expected Value:SelectPicture Actual Value: SelectPicture
17:16:01.853 [main] INFO  utilities.Browser.SurveyFormReUsables - Picture Message Control Answer Passed : Actual Value is: SelectPictureExpected Value is: SelectPicture
17:16:04.260 [main] INFO  utilities.Browser.SurveyFormReUsables - Yes or No Control Question Expected Value:Select Yes or No..? Actual Value: Select Yes or No..?
17:16:04.260 [main] INFO  utilities.Browser.SurveyFormReUsables - Yes or No Control Question Passed : Actual Value is: Select Yes or No..?Expected Value is: Select Yes or No..?
17:16:05.684 [main] INFO  utilities.Browser.SurveyFormReUsables - Yes or No Control Answer Expected Value:No Actual Value: No
17:16:05.684 [main] INFO  utilities.Browser.SurveyFormReUsables - Yes or No Control Answer Passed : Actual Value is: NoExpected Value is: No
17:16:08.101 [main] INFO  utilities.Browser.SurveyFormReUsables - Agreement Control Question Expected Value:Terms and Conditions..! Actual Value: Terms and Conditions..!
17:16:08.101 [main] INFO  utilities.Browser.SurveyFormReUsables - Agreement Control Question Passed : Actual Value is: Terms and Conditions..!Expected Value is: Terms and Conditions..!
17:16:09.508 [main] INFO  utilities.Browser.SurveyFormReUsables - Agreement Control Answer Expected Value:Accepted Actual Value: Accepted
17:16:09.508 [main] INFO  utilities.Browser.SurveyFormReUsables - Agreement Control Answer Passed : Actual Value is: AcceptedExpected Value is: Accepted
17:16:11.936 [main] INFO  utilities.Browser.SurveyFormReUsables - Rank Matrix Control Question Expected Value:Choose the value..! Actual Value: Choose the value..!
17:16:11.936 [main] INFO  utilities.Browser.SurveyFormReUsables - Rank Matrix Control Question Passed : Actual Value is: Choose the value..!Expected Value is: Choose the value..!
17:16:33.691 [main] INFO  utilities.Browser.SurveyFormReUsables - Rank Matrix Response Values Passed : Actual Value is: 147Expected Value is: 147
17:16:36.116 [main] INFO  utilities.Browser.SurveyFormReUsables - Google Map Control Question Expected Value:What is your address? Actual Value: What is your address?
17:16:36.116 [main] INFO  utilities.Browser.SurveyFormReUsables - Google Map Control Question Passed : Actual Value is: What is your address?Expected Value is: What is your address?
17:16:37.513 [main] INFO  utilities.Browser.SurveyFormReUsables - Google Map Control Answer Expected Value:Avadi, Tamil Nadu, India Actual Value: Avadi, Tamil Nadu, India
17:16:37.513 [main] INFO  utilities.Browser.SurveyFormReUsables - Google Map Control Answer Passed : Actual Value is: Avadi, Tamil Nadu, IndiaExpected Value is: Avadi, Tamil Nadu, India
17:16:40.195 [main] INFO  utilities.Browser.SurveyFormReUsables - Voice Record Control Question Expected Value:Tap the mic and record the voice Actual Value: Tap the mic and record the voice
17:16:40.196 [main] INFO  utilities.Browser.SurveyFormReUsables - Voice Record Control Question Passed : Actual Value is: Tap the mic and record the voiceExpected Value is: Tap the mic and record the voice
17:16:41.636 [main] INFO  utilities.Browser.SurveyFormReUsables - Voice Record Control Answer Passed : Actual Value is: trueExpected Value is: true
17:16:44.175 [main] INFO  utilities.Browser.SurveyFormReUsables - FileUpload Control Question Expected Value:Upload file Actual Value: Upload file
17:16:44.176 [main] INFO  utilities.Browser.SurveyFormReUsables - FileUpload Control Question Passed : Actual Value is: Upload fileExpected Value is: Upload file
17:16:45.562 [main] INFO  utilities.Browser.SurveyFormReUsables - FileUpload Control Answer Passed : Actual Value is: trueExpected Value is: true
17:17:06.983 [main] INFO  testCases.TC_001_SFI_All_Mobile - ******starting TC_001_SFI_All_Mobile ****
17:17:06.984 [main] INFO  testCases.TC_001_SFI_All_Mobile - Test Execution on Browser: chrome
17:17:06.984 [main] INFO  testCases.TC_001_SFI_All_Mobile - Excel file Utility instance created
17:17:07.103 [main] INFO  testCases.TC_001_SFI_All_Mobile - Row Count is: 1
17:17:07.152 [main] INFO  testCases.TC_001_SFI_All_Mobile - Col Count is: 49
17:17:07.152 [main] INFO  testCases.TC_001_SFI_All_Mobile - Extracting DataSheet Values started...
17:17:09.308 [main] INFO  testCases.TC_001_SFI_All_Mobile - Extracting DataSheet Values Completed...
17:17:26.431 [main] INFO  testCases.TC_001_SFI_All_Mobile - Survey Form Url Launched..
17:17:29.181 [main] INFO  testCases.TC_001_SFI_All_Mobile - Build Url Pass
17:17:30.075 [main] INFO  utilities.Android.SurveyFormReUsables - Message Title Passed : Actual Value is: Hi, Welcome to chat bot..!Expected Value is: Hi, Welcome to chat bot..!
17:17:31.090 [main] INFO  testCases.TC_001_SFI_All_Mobile - Message Control Title Passed
17:17:33.281 [main] INFO  testCases.TC_001_SFI_All_Mobile -  Select an option..! Actual Title 
17:17:33.281 [main] INFO  utilities.Android.SurveyFormReUsables - MultiChoice Control Title Passed : Actual Value is: Select an option..!Expected Value is: Select an option..!
17:17:38.227 [main] INFO  utilities.Android.UtilityCustomFunctions - [DisAgree] is selected in List
17:17:38.227 [main] INFO  testCases.TC_001_SFI_All_Mobile - MultiChoice Item Selected
17:17:41.344 [main] INFO  testCases.TC_001_SFI_All_Mobile - MultiChoice Next Clicked
17:17:44.410 [main] INFO  testCases.TC_001_SFI_All_Mobile - Text Question Conrol Present
17:17:44.517 [main] INFO  utilities.Android.SurveyFormReUsables - TextQuestion Control Title Passed : Actual Value is: Please type an answer ..!Expected Value is: Please type an answer ..!
17:17:45.522 [main] INFO  testCases.TC_001_SFI_All_Mobile - Validation of TextQuestion Control Title
17:17:48.174 [main] INFO  testCases.TC_001_SFI_All_Mobile - Text Entered in TextAnswer Control
17:17:50.578 [main] INFO  testCases.TC_001_SFI_All_Mobile - Text Question Next Clicked
17:17:53.260 [main] INFO  testCases.TC_001_SFI_All_Mobile - Email Control Present
17:17:53.394 [main] INFO  utilities.Android.SurveyFormReUsables - Email Control Title Passed : Actual Value is: What is your email address?Expected Value is: What is your email address?
17:17:54.400 [main] INFO  testCases.TC_001_SFI_All_Mobile - Validation of Email Control Title
17:17:57.424 [main] INFO  testCases.TC_001_SFI_All_Mobile - Email Id Entered
17:18:01.599 [main] INFO  testCases.TC_001_SFI_All_Mobile - Email Next Clicked
17:52:39.074 [main] INFO  testCases.TC_002_SFS_All_Mobile - ******starting TC_002_SFS_All_Mobile ****
17:52:39.087 [main] INFO  testCases.TC_002_SFS_All_Mobile - Test Execution on Browser: chrome
17:52:39.331 [main] INFO  testCases.TC_002_SFS_All_Mobile - Excel file Utility instance created
17:52:42.436 [main] INFO  testCases.TC_002_SFS_All_Mobile - Row Count is: 1
17:52:42.622 [main] INFO  testCases.TC_002_SFS_All_Mobile - Col Count is: 50
17:52:42.622 [main] INFO  testCases.TC_002_SFS_All_Mobile - Extracting DataSheet Values started...
17:52:46.370 [main] INFO  testCases.TC_002_SFS_All_Mobile - Extracting DataSheet Values Completed...
17:53:01.294 [main] INFO  testCases.TC_002_SFS_All_Mobile - Survey Form Url Launched..
17:53:08.877 [main] INFO  testCases.TC_002_SFS_All_Mobile - Build Url Pass
17:53:12.407 [main] INFO  testCases.TC_002_SFS_All_Mobile - All Contexts [NATIVE_APP, CHROMIUM]
17:53:16.300 [main] INFO  utilities.Android.SurveyFormReUsables - Section Title Passed : Actual Value is: Section Title..!Expected Value is: Section Title..!
17:53:17.308 [main] INFO  testCases.TC_002_SFS_All_Mobile - Section Title Validation done:  Section Title..! 
17:53:19.243 [main] INFO  pageObjects.Android.SectionControlsPage - Message Control Title Validation with Expected: Hi, Welcome to Survey form...! and Actual is:  Hi, Welcome to chat bot..! 
17:53:21.127 [main] INFO  pageObjects.Android.SectionControlsPage - MultiChoice Control Title Validation with Expected: Select an option..! and Actual is:  Select an option..! 
17:53:25.368 [main] INFO  utilities.Android.UtilityCustomFunctions - [Strongly DisAgree] is selected in List
17:53:25.369 [main] INFO  testCases.TC_002_SFS_All_Mobile - MultiChoice Item Selected : Strongly DisAgree
17:53:28.896 [main] INFO  pageObjects.Android.SectionControlsPage - TextQuestion Control Title Validation with Expected: Please type an answer ..! and Actual is:  Please type an answer ..! 
17:53:35.328 [main] INFO  testCases.TC_002_SFS_All_Mobile - Text Entered in TextAnswer Control
17:53:37.394 [main] INFO  pageObjects.Android.SectionControlsPage - Email Control Title Validation with Expected: What is your email address? and Actual is:  What is your email address? 
17:53:41.773 [main] INFO  testCases.TC_002_SFS_All_Mobile - Email Id Entered
17:53:44.811 [main] INFO  pageObjects.Android.SectionControlsPage - Phone Number Control Title Validation with Expected: Please type your phone number and Actual is:  Please type your phone number 
17:53:49.111 [main] INFO  testCases.TC_002_SFS_All_Mobile - Phone Number Entered
17:53:55.974 [main] INFO  pageObjects.Android.SectionControlsPage - Appointment Control Title Validation with Expected: Book an appointment / meeting and Actual is:  Book an appointment / meeting 
17:53:58.964 [main] INFO  testCases.TC_002_SFS_All_Mobile - Appointment button Clicked
17:54:39.698 [main] INFO  testCases.TC_002_SFS_All_Mobile - Appointment Updated to Datasheet
17:54:41.304 [main] INFO  testCases.TC_002_SFS_All_Mobile - Appointment Time Captured in Expected Value
17:54:48.017 [main] INFO  pageObjects.Android.SectionControlsPage - MultiSelect Control Title Validation with Expected: Select your choices..! and Actual is:  Select your choices..! 
17:54:59.484 [main] INFO  testCases.TC_002_SFS_All_Mobile - MultiSelect Value Selected
17:55:03.133 [main] INFO  pageObjects.Android.SectionControlsPage - List Control Title Validation with Expected: Type and select your answer..! and Actual is:  Type and select your answer..! 
17:55:05.526 [main] INFO  testCases.TC_002_SFS_All_Mobile - List Input Box Clicked 
17:55:12.275 [main] INFO  testCases.TC_002_SFS_All_Mobile - List Item Selected Sample Option 5
17:55:16.533 [main] INFO  pageObjects.Android.SectionControlsPage - Number Control Title Validation with Expected: Enter the Number? and Actual is:  Enter the Number? 
17:55:19.951 [main] INFO  testCases.TC_002_SFS_All_Mobile - Number Selected 1234567890
17:55:24.668 [main] INFO  pageObjects.Android.SectionControlsPage - Range Control Title Validation with Expected: Select a range and Actual is:  Select a range 
17:55:41.071 [main] INFO  testCases.TC_002_SFS_All_Mobile - Range Selected 30
17:55:46.038 [main] INFO  pageObjects.Android.SectionControlsPage - Rating Control Title Validation with Expected: How was your experience? and Actual is:  How was your experience? 
17:55:48.588 [main] INFO  testCases.TC_002_SFS_All_Mobile - Rating Value: OkayClicked
17:55:54.744 [main] INFO  pageObjects.Android.SectionControlsPage - Opinion Scale Control Title Validation with Expected: Choose a number? and Actual is:  Choose a number? 
17:56:04.201 [main] INFO  utilities.Android.UtilityCustomFunctions - [7] is selected in List
17:56:04.201 [main] INFO  testCases.TC_002_SFS_All_Mobile - Opinion Scale : 7Clicked
17:56:15.567 [main] INFO  pageObjects.Android.SectionControlsPage - Date Control Title Validation with Expected: Select a date and Actual is: Select a date
17:57:02.781 [main] INFO  testCases.TC_002_SFS_All_Mobile - Date Value Updated to DataSheet
17:57:12.847 [main] INFO  pageObjects.Android.SectionControlsPage - Links Control Title Validation with Expected: Please contact us and Actual is:   Please contact us  
17:57:19.023 [main] INFO  pageObjects.Android.SectionControlsPage - ThankYou Control Title Validation with Expected: Nice chatting with you and Actual is: Nice chatting with you
17:57:23.536 [main] INFO  pageObjects.Android.SectionControlsPage - PictureMessage Control Title Validation with Expected: Select the picture…! and Actual is:  Select the picture…! 
17:57:24.177 [main] INFO  testCases.TC_002_SFS_All_Mobile - Picture Message Seleted:SelectPicture
17:57:29.853 [main] INFO  pageObjects.Android.SectionControlsPage - YesorNo Control Title Validation with Expected: Select Yes or No..? and Actual is:  Select Yes or No..? 
17:57:30.421 [main] INFO  testCases.TC_002_SFS_All_Mobile - Yes or No ClickedNo
17:57:34.020 [main] INFO  pageObjects.Android.SectionControlsPage - Agreement Control Title Validation with Expected: Terms and Conditions..! and Actual is:  Terms and Conditions..! 
17:57:36.339 [main] INFO  utilities.Android.SurveyFormReUsables - Agreement Text Passed : Actual Value is: I agree to the terms and conditionsExpected Value is: I agree to the terms and conditions
17:57:37.343 [main] INFO  testCases.TC_002_SFS_All_Mobile - Validation of Agreement Text Actual is: I agree to the terms and conditions Expected is: I agree to the terms and conditions
17:57:39.500 [main] INFO  pageObjects.Android.SectionControlsPage - RankingMatrix Control Title Validation with Expected: Choose the value..! and Actual is:  Choose the value..! 
17:57:42.277 [main] INFO  testCases.TC_002_SFS_All_Mobile - Ranking Matrix Values Selected
17:57:45.985 [main] INFO  pageObjects.Android.SectionControlsPage - GoogleMap Control Title Validation with Expected: What is your address? and Actual is:  Upload file 
17:57:53.210 [main] INFO  testCases.TC_002_SFS_All_Mobile - Address Entered in Google Map
17:57:57.737 [main] INFO  pageObjects.Android.SectionControlsPage - VoiceRecord Control Title Validation with Expected: Tap the mic and record the voice and Actual is:  Tap the mic and record the voice 
17:58:01.168 [main] INFO  testCases.TC_002_SFS_All_Mobile - All Contexts [NATIVE_APP, CHROMIUM]
17:58:17.105 [main] INFO  testCases.TC_002_SFS_All_Mobile - Voice Recorded
17:58:18.847 [main] INFO  testCases.TC_002_SFS_All_Mobile - Voice Record Prefix updated to Datasheet
17:58:26.149 [main] INFO  pageObjects.Android.SectionControlsPage - FileUpload Control Title Validation with Expected: Upload file and Actual is:  Upload file 
17:59:16.556 [main] INFO  testCases.TC_002_SFS_All_Mobile - File Uploaded
17:59:18.298 [main] INFO  testCases.TC_002_SFS_All_Mobile - Upload file prefix added to Datasheet
17:59:22.262 [main] INFO  testCases.TC_002_SFS_All_Mobile - Section UI Form Submitted
17:59:25.757 [main] INFO  testCases.TC_002_SFS_All_MobileResponse - ******starting TC_002_SFS_All_MobileResponse ****
17:59:25.757 [main] INFO  testCases.TC_002_SFS_All_MobileResponse - Test Execution on Browser: chrome
17:59:25.757 [main] INFO  testCases.TC_002_SFS_All_MobileResponse - Excel file Utility instance created
17:59:25.798 [main] INFO  testCases.TC_002_SFS_All_MobileResponse - Row Count is: 1
17:59:25.821 [main] INFO  testCases.TC_002_SFS_All_MobileResponse - Col Count is: 50
17:59:25.822 [main] INFO  testCases.TC_002_SFS_All_MobileResponse - Extracting DataSheet Values started...
17:59:27.155 [main] INFO  testCases.TC_002_SFS_All_MobileResponse - Extracting DataSheet Values Completed...
17:59:32.158 [main] INFO  testCases.TC_002_SFS_All_MobileResponse - Navigation started
17:59:36.908 [main] INFO  testCases.TC_002_SFS_All_MobileResponse - Login details Entered
17:59:37.039 [main] INFO  testCases.TC_002_SFS_All_MobileResponse - Chat bot Logged In
17:59:52.109 [main] INFO  testCases.TC_002_SFS_All_MobileResponse - Hard wait for 15 secs
18:00:01.519 [main] INFO  testCases.TC_002_SFS_All_MobileResponse - clear all button clicked on listbox
18:00:01.938 [main] INFO  testCases.TC_002_SFS_All_MobileResponse - Build Name entered in List Box
18:00:04.942 [main] INFO  testCases.TC_002_SFS_All_MobileResponse - Waited for 3 secs
18:00:05.019 [main] INFO  testCases.TC_002_SFS_All_MobileResponse - Enter Key applied on ListBox
18:00:06.033 [main] INFO  testCases.TC_002_SFS_All_MobileResponse - Hard Wait for 1 sec
18:00:06.217 [main] INFO  testCases.TC_002_SFS_All_MobileResponse - clicked side bar Build button once
18:00:07.226 [main] INFO  testCases.TC_002_SFS_All_MobileResponse - Hard Wait for 1 sec
18:00:07.325 [main] INFO  testCases.TC_002_SFS_All_MobileResponse - clicked side bar Result
18:00:07.623 [main] INFO  testCases.TC_002_SFS_All_MobileResponse - Side Item Response clicked
18:00:07.746 [main] INFO  testCases.TC_002_SFS_All_MobileResponse - clicked refresh Response
18:00:07.851 [main] INFO  testCases.TC_002_SFS_All_MobileResponse - clicked refresh Response Again
18:00:10.964 [main] INFO  testCases.TC_002_SFS_All_MobileResponse - Clicked first Response
18:00:10.965 [main] INFO  testCases.TC_002_SFS_All_MobileResponse - Navigated to Build: SFAllMobile_Section
18:00:11.984 [main] INFO  testCases.TC_002_SFS_All_MobileResponse - Section Title in Response : 1) Section Title..!
18:00:13.114 [main] INFO  utilities.Browser.SurveyFormReUsables - Message Title in Response Expected Value:Hi, Welcome to Survey form...! Actual Value: Hi, Welcome to chat bot..!
18:00:13.114 [main] INFO  utilities.Browser.SurveyFormReUsables - Message Title in Response Failed : Actual Value is: Hi, Welcome to chat bot..!Expected Value is: Hi, Welcome to Survey form...!
18:00:15.543 [main] INFO  utilities.Browser.SurveyFormReUsables - Multi Choice Question in Response Expected Value:Select an option..! Actual Value: Select an option..!
18:00:15.543 [main] INFO  utilities.Browser.SurveyFormReUsables - Multi Choice Question in Response Passed : Actual Value is: Select an option..!Expected Value is: Select an option..!
18:00:17.348 [main] INFO  utilities.Browser.SurveyFormReUsables - Multi Choice Answer in Response Expected Value:Strongly DisAgree Actual Value: Strongly DisAgree
18:00:17.348 [main] INFO  utilities.Browser.SurveyFormReUsables - Multi Choice Answer in Response Passed : Actual Value is: Strongly DisAgreeExpected Value is: Strongly DisAgree
18:00:19.815 [main] INFO  utilities.Browser.SurveyFormReUsables - Text Question Control Question Expected Value:Please type an answer ..! Actual Value: Please type an answer ..!
18:00:19.815 [main] INFO  utilities.Browser.SurveyFormReUsables - Text Question Control Question Passed : Actual Value is: Please type an answer ..!Expected Value is: Please type an answer ..!
18:00:21.378 [main] INFO  utilities.Browser.SurveyFormReUsables - Text Question Control Answer Expected Value:Welcome to Automation...! Test execution of Survey form Controls within Section UI. Actual Value: Welcome to Automation...! Test execution of Survey form Controls within Section UI.
18:00:21.379 [main] INFO  utilities.Browser.SurveyFormReUsables - Text Question Control Answer Passed : Actual Value is: Welcome to Automation...! Test execution of Survey form Controls within Section UI.Expected Value is: Welcome to Automation...! Test execution of Survey form Controls within Section UI.
18:00:23.993 [main] INFO  utilities.Browser.SurveyFormReUsables - Email Control Question Expected Value:What is your email address? Actual Value: What is your email address?
18:00:23.993 [main] INFO  utilities.Browser.SurveyFormReUsables - Email Control Question Passed : Actual Value is: What is your email address?Expected Value is: What is your email address?
18:00:25.381 [main] INFO  utilities.Browser.SurveyFormReUsables - Email Control Answer Expected Value:sudhakar@rsoft.in Actual Value: sudhakar@rsoft.in
18:00:25.381 [main] INFO  utilities.Browser.SurveyFormReUsables - Email Control Answer Passed : Actual Value is: sudhakar@rsoft.inExpected Value is: sudhakar@rsoft.in
18:00:27.835 [main] INFO  utilities.Browser.SurveyFormReUsables - Phone Number Control Question Expected Value:Please type your phone number Actual Value: Please type your phone number
18:00:27.835 [main] INFO  utilities.Browser.SurveyFormReUsables - Phone Number Control Question Passed : Actual Value is: Please type your phone numberExpected Value is: Please type your phone number
18:00:29.699 [main] INFO  utilities.Browser.SurveyFormReUsables - Phone Number Control Answer Expected Value:+91 1234567890 Actual Value: +91 1234567890
18:00:29.700 [main] INFO  utilities.Browser.SurveyFormReUsables - Phone Number Control Answer Passed : Actual Value is: +91 1234567890Expected Value is: +91 1234567890
18:00:32.511 [main] INFO  utilities.Browser.SurveyFormReUsables - Appointment Control Question Expected Value:Book an appointment / meeting Actual Value: Book an appointment / meeting
18:00:32.512 [main] INFO  utilities.Browser.SurveyFormReUsables - Appointment Control Question Passed : Actual Value is: Book an appointment / meetingExpected Value is: Book an appointment / meeting
18:00:34.060 [main] INFO  utilities.Browser.SurveyFormReUsables - Appointment Control Answer Expected Value:Appointment Date : 16/11/2023, Time : [ 09:50 AM to 09:54 AM ] Actual Value: Appointment Date : 16/11/2023, Time : [ 09:50 AM to 09:54 AM ]
18:00:34.061 [main] INFO  utilities.Browser.SurveyFormReUsables - Appointment Control Answer Passed : Actual Value is: Appointment Date : 16/11/2023, Time : [ 09:50 AM to 09:54 AM ]Expected Value is: Appointment Date : 16/11/2023, Time : [ 09:50 AM to 09:54 AM ]
18:00:36.516 [main] INFO  utilities.Browser.SurveyFormReUsables - MultiChoice Control Question Expected Value:Select your choices..! Actual Value: Select your choices..!
18:00:36.516 [main] INFO  utilities.Browser.SurveyFormReUsables - MultiChoice Control Question Passed : Actual Value is: Select your choices..!Expected Value is: Select your choices..!
18:00:37.921 [main] INFO  utilities.Browser.SurveyFormReUsables - MultiChoice Control Answer Expected Value:DisAgree, Agree Actual Value: DisAgree, Agree
18:00:37.922 [main] INFO  utilities.Browser.SurveyFormReUsables - MultiChoice Control Answer Passed : Actual Value is: DisAgree, AgreeExpected Value is: DisAgree, Agree
18:00:40.297 [main] INFO  utilities.Browser.SurveyFormReUsables - List Control Question Expected Value:Type and select your answer..! Actual Value: Type and select your answer..!
18:00:40.297 [main] INFO  utilities.Browser.SurveyFormReUsables - List Control Question Passed : Actual Value is: Type and select your answer..!Expected Value is: Type and select your answer..!
18:00:41.668 [main] INFO  utilities.Browser.SurveyFormReUsables - List Control Values Expected Value:Sample Option 5 Actual Value: Sample Option 5
18:00:41.668 [main] INFO  utilities.Browser.SurveyFormReUsables - List Control Values Passed : Actual Value is: Sample Option 5Expected Value is: Sample Option 5
18:00:44.183 [main] INFO  utilities.Browser.SurveyFormReUsables - Number Control Question Expected Value:Enter the Number? Actual Value: Enter the Number?
18:00:44.183 [main] INFO  utilities.Browser.SurveyFormReUsables - Number Control Question Passed : Actual Value is: Enter the Number?Expected Value is: Enter the Number?
18:00:45.606 [main] INFO  utilities.Browser.SurveyFormReUsables - Number Control Answer Expected Value:1234567890 Actual Value: 1234567890
18:00:45.606 [main] INFO  utilities.Browser.SurveyFormReUsables - Number Control Answer Passed : Actual Value is: 1234567890Expected Value is: 1234567890
18:00:47.990 [main] INFO  utilities.Browser.SurveyFormReUsables - Range Control Question Expected Value:Select a range Actual Value: Select a range
18:00:47.990 [main] INFO  utilities.Browser.SurveyFormReUsables - Range Control Question Passed : Actual Value is: Select a rangeExpected Value is: Select a range
18:00:49.400 [main] INFO  utilities.Browser.SurveyFormReUsables - Range Control Answer Expected Value:30 Actual Value: 30
18:00:49.401 [main] INFO  utilities.Browser.SurveyFormReUsables - Range Control Answer Passed : Actual Value is: 30Expected Value is: 30
18:00:51.788 [main] INFO  utilities.Browser.SurveyFormReUsables - Rating Control Question Expected Value:How was your experience? Actual Value: How was your experience?
18:00:51.789 [main] INFO  utilities.Browser.SurveyFormReUsables - Rating Control Question Passed : Actual Value is: How was your experience?Expected Value is: How was your experience?
18:00:53.162 [main] INFO  utilities.Browser.SurveyFormReUsables - Rating Control Answer Expected Value:Okay Actual Value: Okay
18:00:53.163 [main] INFO  utilities.Browser.SurveyFormReUsables - Rating Control Answer Passed : Actual Value is: OkayExpected Value is: Okay
18:00:55.531 [main] INFO  utilities.Browser.SurveyFormReUsables - Opinion Scale Control Question Expected Value:Choose a number? Actual Value: Choose a number?
18:00:55.532 [main] INFO  utilities.Browser.SurveyFormReUsables - Opinion Scale Control Question Passed : Actual Value is: Choose a number?Expected Value is: Choose a number?
18:00:56.917 [main] INFO  utilities.Browser.SurveyFormReUsables - Opinion Scale Control Answer Expected Value:7 Actual Value: 7
18:00:56.917 [main] INFO  utilities.Browser.SurveyFormReUsables - Opinion Scale Control Answer Passed : Actual Value is: 7Expected Value is: 7
18:00:59.303 [main] INFO  utilities.Browser.SurveyFormReUsables - Date Control Question Expected Value:Select a date Actual Value: Select a date
18:00:59.304 [main] INFO  utilities.Browser.SurveyFormReUsables - Date Control Question Passed : Actual Value is: Select a dateExpected Value is: Select a date
18:01:00.699 [main] INFO  utilities.Browser.SurveyFormReUsables - Date Control Answer Expected Value:16/11/2023 Actual Value: 16/11/2023
18:01:00.699 [main] INFO  utilities.Browser.SurveyFormReUsables - Date Control Answer Passed : Actual Value is: 16/11/2023Expected Value is: 16/11/2023
18:01:03.079 [main] INFO  utilities.Browser.SurveyFormReUsables - Link Control Question Expected Value:Please contact us Actual Value: Please contact us
18:01:03.079 [main] INFO  utilities.Browser.SurveyFormReUsables - Link Control Question Passed : Actual Value is: Please contact usExpected Value is: Please contact us
18:01:05.445 [main] INFO  utilities.Browser.SurveyFormReUsables - Thank You Control Question Expected Value:Nice chatting with you Actual Value: Nice chatting with you
18:01:05.445 [main] INFO  utilities.Browser.SurveyFormReUsables - Thank You Control Question Passed : Actual Value is: Nice chatting with youExpected Value is: Nice chatting with you
18:01:07.822 [main] INFO  utilities.Browser.SurveyFormReUsables - Picture Message Control Question Expected Value:Select the picture…! Actual Value: Select the picture…!
18:01:07.823 [main] INFO  utilities.Browser.SurveyFormReUsables - Picture Message Control Question Passed : Actual Value is: Select the picture…!Expected Value is: Select the picture…!
