15:37:05.482 [main] INFO  testCases.TC_002_SFS_All_Mobile - Test Execution on Browser: chrome
15:37:05.981 [main] INFO  testCases.TC_002_SFS_All_Mobile - Excel file Utility instance created
15:37:09.242 [main] INFO  testCases.TC_002_SFS_All_Mobile - Row Count is: 1
15:37:09.794 [main] INFO  testCases.TC_002_SFS_All_Mobile - Col Count is: 50
15:37:09.794 [main] INFO  testCases.TC_002_SFS_All_Mobile - Extracting DataSheet Values started...
15:37:18.299 [main] INFO  testCases.TC_002_SFS_All_Mobile - Extracting DataSheet Values Completed...
15:37:52.869 [main] INFO  testCases.TC_002_SFS_All_Mobile - Survey Form Url Launched..
15:44:13.593 [main] INFO  testCases.TC_002_SFS_All_Mobile - ******starting TC_002_SFS_All_Mobile ****
15:44:13.611 [main] INFO  testCases.TC_002_SFS_All_Mobile - Test Execution on Browser: chrome
15:44:13.784 [main] INFO  testCases.TC_002_SFS_All_Mobile - Excel file Utility instance created
15:44:16.153 [main] INFO  testCases.TC_002_SFS_All_Mobile - Row Count is: 1
15:44:16.364 [main] INFO  testCases.TC_002_SFS_All_Mobile - Col Count is: 50
15:44:16.364 [main] INFO  testCases.TC_002_SFS_All_Mobile - Extracting DataSheet Values started...
15:44:23.870 [main] INFO  testCases.TC_002_SFS_All_Mobile - Extracting DataSheet Values Completed...
15:44:48.164 [main] INFO  testCases.TC_002_SFS_All_Mobile - Survey Form Url Launched..
15:44:57.651 [main] INFO  testCases.TC_002_SFS_All_Mobile - Build Url Pass
15:45:01.230 [main] INFO  testCases.TC_002_SFS_All_Mobile - All Contexts [NATIVE_APP, CHROMIUM]
15:45:04.478 [main] INFO  utilities.Android.SurveyFormReUsables - Section Title Passed : Actual Value is: Section Title..!Expected Value is: Section Title..!
15:45:05.489 [main] INFO  testCases.TC_002_SFS_All_Mobile - Section Title Validation done:  Section Title..! 
15:45:07.582 [main] INFO  pageObjects.Android.SectionControlsPage - Message Control Title Validation with Expected: Hi, Welcome to Survey form...! and Actual is:  Hi, Welcome to chat bot..! 
15:45:09.712 [main] INFO  pageObjects.Android.SectionControlsPage - MultiChoice Control Title Validation with Expected: Select an option..! and Actual is:  Select an option..! 
15:47:22.524 [main] INFO  testCases.TC_002_SFS_All_Mobile - ******starting TC_002_SFS_All_Mobile ****
15:47:22.548 [main] INFO  testCases.TC_002_SFS_All_Mobile - Test Execution on Browser: chrome
15:47:22.786 [main] INFO  testCases.TC_002_SFS_All_Mobile - Excel file Utility instance created
15:47:25.064 [main] INFO  testCases.TC_002_SFS_All_Mobile - Row Count is: 1
15:47:25.324 [main] INFO  testCases.TC_002_SFS_All_Mobile - Col Count is: 50
15:47:25.324 [main] INFO  testCases.TC_002_SFS_All_Mobile - Extracting DataSheet Values started...
15:47:29.603 [main] INFO  testCases.TC_002_SFS_All_Mobile - Extracting DataSheet Values Completed...
15:47:45.853 [main] INFO  testCases.TC_002_SFS_All_Mobile - Survey Form Url Launched..
15:47:54.294 [main] INFO  testCases.TC_002_SFS_All_Mobile - Build Url Pass
15:47:57.772 [main] INFO  testCases.TC_002_SFS_All_Mobile - All Contexts [NATIVE_APP, CHROMIUM]
15:48:01.083 [main] INFO  utilities.Android.SurveyFormReUsables - Section Title Passed : Actual Value is: Section Title..!Expected Value is: Section Title..!
15:48:02.093 [main] INFO  testCases.TC_002_SFS_All_Mobile - Section Title Validation done:  Section Title..! 
15:48:04.361 [main] INFO  pageObjects.Android.SectionControlsPage - Message Control Title Validation with Expected: Hi, Welcome to Survey form...! and Actual is:  Hi, Welcome to chat bot..! 
15:48:06.254 [main] INFO  pageObjects.Android.SectionControlsPage - MultiChoice Control Title Validation with Expected: Select an option..! and Actual is:  Select an option..! 
15:48:11.936 [main] INFO  utilities.Android.UtilityCustomFunctions - [Strongly DisAgree] is selected in List
15:48:11.937 [main] INFO  testCases.TC_002_SFS_All_Mobile - MultiChoice Item Selected : Strongly DisAgree
15:48:16.417 [main] INFO  pageObjects.Android.SectionControlsPage - TextQuestion Control Title Validation with Expected: Please type an answer ..! and Actual is:  Please type an answer ..! 
15:51:58.236 [main] INFO  testCases.TC_002_SFS_All_Mobile - ******starting TC_002_SFS_All_Mobile ****
15:51:58.273 [main] INFO  testCases.TC_002_SFS_All_Mobile - Test Execution on Browser: chrome
15:51:58.520 [main] INFO  testCases.TC_002_SFS_All_Mobile - Excel file Utility instance created
15:52:01.138 [main] INFO  testCases.TC_002_SFS_All_Mobile - Row Count is: 1
15:52:01.266 [main] INFO  testCases.TC_002_SFS_All_Mobile - Col Count is: 50
15:52:01.267 [main] INFO  testCases.TC_002_SFS_All_Mobile - Extracting DataSheet Values started...
15:52:06.379 [main] INFO  testCases.TC_002_SFS_All_Mobile - Extracting DataSheet Values Completed...
15:52:41.413 [main] INFO  testCases.TC_002_SFS_All_Mobile - Survey Form Url Launched..
15:52:50.473 [main] INFO  testCases.TC_002_SFS_All_Mobile - Build Url Pass
15:52:55.923 [main] INFO  testCases.TC_002_SFS_All_Mobile - All Contexts [NATIVE_APP, CHROMIUM]
15:53:11.462 [main] INFO  testCases.TC_002_SFS_All_Mobile - ******starting TC_002_SFS_All_Mobile ****
15:53:11.523 [main] INFO  testCases.TC_002_SFS_All_Mobile - Test Execution on Browser: chrome
15:53:11.961 [main] INFO  testCases.TC_002_SFS_All_Mobile - Excel file Utility instance created
15:53:14.276 [main] INFO  testCases.TC_002_SFS_All_Mobile - Row Count is: 1
15:53:14.578 [main] INFO  testCases.TC_002_SFS_All_Mobile - Col Count is: 50
15:53:14.579 [main] INFO  testCases.TC_002_SFS_All_Mobile - Extracting DataSheet Values started...
15:53:22.248 [main] INFO  testCases.TC_002_SFS_All_Mobile - Extracting DataSheet Values Completed...
15:53:37.093 [main] INFO  testCases.TC_002_SFS_All_Mobile - Survey Form Url Launched..
15:53:41.187 [main] INFO  testCases.TC_002_SFS_All_Mobile - Build Url Pass
15:53:44.678 [main] INFO  testCases.TC_002_SFS_All_Mobile - All Contexts [NATIVE_APP, CHROMIUM]
15:53:48.187 [main] INFO  utilities.Android.SurveyFormReUsables - Section Title Passed : Actual Value is: Section Title..!Expected Value is: Section Title..!
15:53:49.193 [main] INFO  testCases.TC_002_SFS_All_Mobile - Section Title Validation done:  Section Title..! 
15:53:51.176 [main] INFO  pageObjects.Android.SectionControlsPage - Message Control Title Validation with Expected: Hi, Welcome to Survey form...! and Actual is:  Hi, Welcome to chat bot..! 
15:53:53.013 [main] INFO  pageObjects.Android.SectionControlsPage - MultiChoice Control Title Validation with Expected: Select an option..! and Actual is:  Select an option..! 
15:53:57.568 [main] INFO  utilities.Android.UtilityCustomFunctions - [Strongly DisAgree] is selected in List
15:53:57.568 [main] INFO  testCases.TC_002_SFS_All_Mobile - MultiChoice Item Selected : Strongly DisAgree
15:54:00.948 [main] INFO  pageObjects.Android.SectionControlsPage - TextQuestion Control Title Validation with Expected: Please type an answer ..! and Actual is:  Please type an answer ..! 
15:54:07.970 [main] INFO  testCases.TC_002_SFS_All_Mobile - Text Entered in TextAnswer Control
15:54:10.427 [main] INFO  pageObjects.Android.SectionControlsPage - Email Control Title Validation with Expected: What is your email address? and Actual is:  What is your email address? 
15:54:13.841 [main] INFO  testCases.TC_002_SFS_All_Mobile - Email Id Entered
15:54:15.932 [main] INFO  testCases.TC_002_SFS_All_Mobile - Phone Number Entered
15:57:56.700 [main] INFO  testCases.TC_002_SFS_All_Mobile - ******starting TC_002_SFS_All_Mobile ****
15:57:56.711 [main] INFO  testCases.TC_002_SFS_All_Mobile - Test Execution on Browser: chrome
15:57:56.868 [main] INFO  testCases.TC_002_SFS_All_Mobile - Excel file Utility instance created
15:57:58.807 [main] INFO  testCases.TC_002_SFS_All_Mobile - Row Count is: 1
15:57:59.176 [main] INFO  testCases.TC_002_SFS_All_Mobile - Col Count is: 50
15:57:59.177 [main] INFO  testCases.TC_002_SFS_All_Mobile - Extracting DataSheet Values started...
15:58:05.764 [main] INFO  testCases.TC_002_SFS_All_Mobile - Extracting DataSheet Values Completed...
15:58:34.283 [main] INFO  testCases.TC_002_SFS_All_Mobile - Survey Form Url Launched..
15:58:41.367 [main] INFO  testCases.TC_002_SFS_All_Mobile - Build Url Pass
15:58:45.063 [main] INFO  testCases.TC_002_SFS_All_Mobile - All Contexts [NATIVE_APP, CHROMIUM]
15:58:50.980 [main] INFO  utilities.Android.SurveyFormReUsables - Section Title Passed : Actual Value is: Section Title..!Expected Value is: Section Title..!
15:58:51.994 [main] INFO  testCases.TC_002_SFS_All_Mobile - Section Title Validation done:  Section Title..! 
15:58:54.215 [main] INFO  pageObjects.Android.SectionControlsPage - Message Control Title Validation with Expected: Hi, Welcome to Survey form...! and Actual is:  Hi, Welcome to chat bot..! 
15:58:56.333 [main] INFO  pageObjects.Android.SectionControlsPage - MultiChoice Control Title Validation with Expected: Select an option..! and Actual is:  Select an option..! 
15:59:01.197 [main] INFO  utilities.Android.UtilityCustomFunctions - [Strongly DisAgree] is selected in List
15:59:01.199 [main] INFO  testCases.TC_002_SFS_All_Mobile - MultiChoice Item Selected : Strongly DisAgree
15:59:05.106 [main] INFO  pageObjects.Android.SectionControlsPage - TextQuestion Control Title Validation with Expected: Please type an answer ..! and Actual is:  Please type an answer ..! 
15:59:11.661 [main] INFO  testCases.TC_002_SFS_All_Mobile - Text Entered in TextAnswer Control
15:59:13.716 [main] INFO  pageObjects.Android.SectionControlsPage - Email Control Title Validation with Expected: What is your email address? and Actual is:  What is your email address? 
15:59:17.453 [main] INFO  testCases.TC_002_SFS_All_Mobile - Email Id Entered
15:59:20.579 [main] INFO  pageObjects.Android.SectionControlsPage - Phone Number Control Title Validation with Expected: Please type your phone number and Actual is:  Please type your phone number 
15:59:24.445 [main] INFO  testCases.TC_002_SFS_All_Mobile - Phone Number Entered
15:59:31.368 [main] INFO  pageObjects.Android.SectionControlsPage - Appointment Control Title Validation with Expected: Book an appointment / meeting and Actual is:  Book an appointment / meeting 
15:59:34.020 [main] INFO  testCases.TC_002_SFS_All_Mobile - Appointment button Clicked
16:00:23.501 [main] INFO  testCases.TC_002_SFS_All_Mobile - Appointment Updated to Datasheet
16:00:25.055 [main] INFO  testCases.TC_002_SFS_All_Mobile - Appointment Time Captured in Expected Value
16:00:32.087 [main] INFO  pageObjects.Android.SectionControlsPage - MultiSelect Control Title Validation with Expected: Select your choices..! and Actual is:  Select your choices..! 
16:00:43.592 [main] INFO  testCases.TC_002_SFS_All_Mobile - MultiSelect Value Selected
16:00:47.115 [main] INFO  pageObjects.Android.SectionControlsPage - List Control Title Validation with Expected: Type and select your answer..! and Actual is:  Type and select your answer..! 
16:00:49.704 [main] INFO  testCases.TC_002_SFS_All_Mobile - List Input Box Clicked 
16:00:56.718 [main] INFO  testCases.TC_002_SFS_All_Mobile - List Item Selected Sample Option 5
16:01:00.561 [main] INFO  pageObjects.Android.SectionControlsPage - Number Control Title Validation with Expected: Enter the Number? and Actual is:  Enter the Number? 
16:01:02.964 [main] INFO  testCases.TC_002_SFS_All_Mobile - Number Selected 1234567890
16:01:07.530 [main] INFO  pageObjects.Android.SectionControlsPage - Range Control Title Validation with Expected: Select a range and Actual is:  Select a range 
16:01:21.876 [main] INFO  testCases.TC_002_SFS_All_Mobile - Range Selected 30
16:01:27.019 [main] INFO  pageObjects.Android.SectionControlsPage - Rating Control Title Validation with Expected: How was your experience? and Actual is:  How was your experience? 
16:01:31.008 [main] INFO  testCases.TC_002_SFS_All_Mobile - Rating Value: OkayClicked
16:01:39.763 [main] INFO  pageObjects.Android.SectionControlsPage - Opinion Scale Control Title Validation with Expected: Choose a number? and Actual is:  Choose a number? 
16:01:45.731 [main] INFO  utilities.Android.UtilityCustomFunctions - [7] is selected in List
16:01:45.740 [main] INFO  testCases.TC_002_SFS_All_Mobile - Opinion Scale : 7Clicked
16:01:53.154 [main] INFO  pageObjects.Android.SectionControlsPage - Date Control Title Validation with Expected: Select a date and Actual is: Select a date
16:02:23.103 [main] INFO  testCases.TC_002_SFS_All_Mobile - Date Value Updated to DataSheet
16:02:30.257 [main] INFO  pageObjects.Android.SectionControlsPage - Links Control Title Validation with Expected: Please contact us and Actual is:   Please contact us  
16:02:35.072 [main] INFO  pageObjects.Android.SectionControlsPage - ThankYou Control Title Validation with Expected: Nice chatting with you and Actual is: Nice chatting with you
16:02:39.869 [main] INFO  pageObjects.Android.SectionControlsPage - PictureMessage Control Title Validation with Expected: Select the picture…! and Actual is:  Select the picture…! 
16:02:40.602 [main] INFO  testCases.TC_002_SFS_All_Mobile - Picture Message Seleted:SelectPicture
16:02:46.147 [main] INFO  pageObjects.Android.SectionControlsPage - YesorNo Control Title Validation with Expected: Select Yes or No..? and Actual is:  Select Yes or No..? 
16:02:46.808 [main] INFO  testCases.TC_002_SFS_All_Mobile - Yes or No ClickedNo
16:02:50.221 [main] INFO  pageObjects.Android.SectionControlsPage - Agreement Control Title Validation with Expected: Terms and Conditions..! and Actual is:  Terms and Conditions..! 
16:02:52.335 [main] INFO  utilities.Android.SurveyFormReUsables - Agreement Text Passed : Actual Value is: I agree to the terms and conditionsExpected Value is: I agree to the terms and conditions
16:02:53.350 [main] INFO  testCases.TC_002_SFS_All_Mobile - Validation of Agreement Text Actual is: I agree to the terms and conditions Expected is: I agree to the terms and conditions
16:02:55.223 [main] INFO  pageObjects.Android.SectionControlsPage - RankingMatrix Control Title Validation with Expected: Choose the value..! and Actual is:  Choose the value..! 
16:02:57.432 [main] INFO  testCases.TC_002_SFS_All_Mobile - Ranking Matrix Values Selected
16:03:00.866 [main] INFO  pageObjects.Android.SectionControlsPage - GoogleMap Control Title Validation with Expected: What is your address? and Actual is:  Upload file 
16:03:07.098 [main] INFO  testCases.TC_002_SFS_All_Mobile - Address Entered in Google Map
16:03:10.683 [main] INFO  pageObjects.Android.SectionControlsPage - VoiceRecord Control Title Validation with Expected: Tap the mic and record the voice and Actual is:  Tap the mic and record the voice 
16:03:14.173 [main] INFO  testCases.TC_002_SFS_All_Mobile - All Contexts [NATIVE_APP, CHROMIUM]
16:03:27.750 [main] INFO  testCases.TC_002_SFS_All_Mobile - Voice Recorded
16:03:30.629 [main] INFO  testCases.TC_002_SFS_All_Mobile - Voice Record Prefix updated to Datasheet
16:03:40.993 [main] INFO  pageObjects.Android.SectionControlsPage - FileUpload Control Title Validation with Expected: Upload file and Actual is:  Upload file 
16:06:52.109 [main] INFO  testCases.TC_002_SFS_All_Mobile - ******starting TC_002_SFS_All_Mobile ****
16:06:52.130 [main] INFO  testCases.TC_002_SFS_All_Mobile - Test Execution on Browser: chrome
16:06:52.372 [main] INFO  testCases.TC_002_SFS_All_Mobile - Excel file Utility instance created
16:06:53.990 [main] INFO  testCases.TC_002_SFS_All_Mobile - Row Count is: 1
16:06:54.128 [main] INFO  testCases.TC_002_SFS_All_Mobile - Col Count is: 50
16:06:54.128 [main] INFO  testCases.TC_002_SFS_All_Mobile - Extracting DataSheet Values started...
16:06:57.522 [main] INFO  testCases.TC_002_SFS_All_Mobile - Extracting DataSheet Values Completed...
16:07:12.033 [main] INFO  testCases.TC_002_SFS_All_Mobile - Survey Form Url Launched..
16:07:18.008 [main] INFO  testCases.TC_002_SFS_All_Mobile - Build Url Pass
16:07:21.451 [main] INFO  testCases.TC_002_SFS_All_Mobile - All Contexts [NATIVE_APP, CHROMIUM]
16:07:24.591 [main] INFO  utilities.Android.SurveyFormReUsables - Section Title Passed : Actual Value is: Section Title..!Expected Value is: Section Title..!
16:07:25.607 [main] INFO  testCases.TC_002_SFS_All_Mobile - Section Title Validation done:  Section Title..! 
16:07:27.453 [main] INFO  pageObjects.Android.SectionControlsPage - Message Control Title Validation with Expected: Hi, Welcome to Survey form...! and Actual is:  Hi, Welcome to chat bot..! 
16:07:29.198 [main] INFO  pageObjects.Android.SectionControlsPage - MultiChoice Control Title Validation with Expected: Select an option..! and Actual is:  Select an option..! 
16:07:33.297 [main] INFO  utilities.Android.UtilityCustomFunctions - [Strongly DisAgree] is selected in List
16:07:33.297 [main] INFO  testCases.TC_002_SFS_All_Mobile - MultiChoice Item Selected : Strongly DisAgree
16:07:36.447 [main] INFO  pageObjects.Android.SectionControlsPage - TextQuestion Control Title Validation with Expected: Please type an answer ..! and Actual is:  Please type an answer ..! 
16:07:42.597 [main] INFO  testCases.TC_002_SFS_All_Mobile - Text Entered in TextAnswer Control
16:07:44.588 [main] INFO  pageObjects.Android.SectionControlsPage - Email Control Title Validation with Expected: What is your email address? and Actual is:  What is your email address? 
16:07:48.389 [main] INFO  testCases.TC_002_SFS_All_Mobile - Email Id Entered
16:07:51.729 [main] INFO  pageObjects.Android.SectionControlsPage - Phone Number Control Title Validation with Expected: Please type your phone number and Actual is:  Please type your phone number 
16:07:55.752 [main] INFO  testCases.TC_002_SFS_All_Mobile - Phone Number Entered
16:08:02.850 [main] INFO  pageObjects.Android.SectionControlsPage - Appointment Control Title Validation with Expected: Book an appointment / meeting and Actual is:  Book an appointment / meeting 
16:08:05.344 [main] INFO  testCases.TC_002_SFS_All_Mobile - Appointment button Clicked
16:09:31.475 [main] INFO  testCases.TC_002_SFS_All_Mobile - Appointment Updated to Datasheet
16:09:33.276 [main] INFO  testCases.TC_002_SFS_All_Mobile - Appointment Time Captured in Expected Value
16:09:40.162 [main] INFO  pageObjects.Android.SectionControlsPage - MultiSelect Control Title Validation with Expected: Select your choices..! and Actual is:  Select your choices..! 
16:09:51.306 [main] INFO  testCases.TC_002_SFS_All_Mobile - MultiSelect Value Selected
16:09:54.954 [main] INFO  pageObjects.Android.SectionControlsPage - List Control Title Validation with Expected: Type and select your answer..! and Actual is:  Type and select your answer..! 
16:09:57.448 [main] INFO  testCases.TC_002_SFS_All_Mobile - List Input Box Clicked 
16:10:04.432 [main] INFO  testCases.TC_002_SFS_All_Mobile - List Item Selected Sample Option 5
16:10:08.262 [main] INFO  pageObjects.Android.SectionControlsPage - Number Control Title Validation with Expected: Enter the Number? and Actual is:  Enter the Number? 
16:10:11.474 [main] INFO  testCases.TC_002_SFS_All_Mobile - Number Selected 1234567890
16:10:16.060 [main] INFO  pageObjects.Android.SectionControlsPage - Range Control Title Validation with Expected: Select a range and Actual is:  Select a range 
16:10:31.819 [main] INFO  testCases.TC_002_SFS_All_Mobile - Range Selected 30
16:10:37.793 [main] INFO  pageObjects.Android.SectionControlsPage - Rating Control Title Validation with Expected: How was your experience? and Actual is:  How was your experience? 
16:10:42.728 [main] INFO  testCases.TC_002_SFS_All_Mobile - Rating Value: OkayClicked
16:10:53.361 [main] INFO  pageObjects.Android.SectionControlsPage - Opinion Scale Control Title Validation with Expected: Choose a number? and Actual is:  Choose a number? 
16:11:03.291 [main] INFO  utilities.Android.UtilityCustomFunctions - [7] is selected in List
16:11:03.292 [main] INFO  testCases.TC_002_SFS_All_Mobile - Opinion Scale : 7Clicked
16:11:13.202 [main] INFO  pageObjects.Android.SectionControlsPage - Date Control Title Validation with Expected: Select a date and Actual is: Select a date
16:11:36.282 [main] INFO  testCases.TC_002_SFS_All_Mobile - ******starting TC_002_SFS_All_Mobile ****
16:11:36.324 [main] INFO  testCases.TC_002_SFS_All_Mobile - Test Execution on Browser: chrome
16:11:36.509 [main] INFO  testCases.TC_002_SFS_All_Mobile - Excel file Utility instance created
16:11:38.905 [main] INFO  testCases.TC_002_SFS_All_Mobile - Row Count is: 1
16:11:39.302 [main] INFO  testCases.TC_002_SFS_All_Mobile - Col Count is: 50
16:11:39.305 [main] INFO  testCases.TC_002_SFS_All_Mobile - Extracting DataSheet Values started...
16:11:42.559 [main] INFO  testCases.TC_002_SFS_All_Mobile - Extracting DataSheet Values Completed...
16:11:57.249 [main] INFO  testCases.TC_002_SFS_All_Mobile - Survey Form Url Launched..
16:12:05.812 [main] INFO  testCases.TC_002_SFS_All_Mobile - Build Url Pass
16:12:09.228 [main] INFO  testCases.TC_002_SFS_All_Mobile - All Contexts [NATIVE_APP, CHROMIUM]
16:12:15.262 [main] INFO  utilities.Android.SurveyFormReUsables - Section Title Passed : Actual Value is: Section Title..!Expected Value is: Section Title..!
16:12:16.272 [main] INFO  testCases.TC_002_SFS_All_Mobile - Section Title Validation done:  Section Title..! 
16:12:18.284 [main] INFO  pageObjects.Android.SectionControlsPage - Message Control Title Validation with Expected: Hi, Welcome to Survey form...! and Actual is:  Hi, Welcome to chat bot..! 
16:17:19.712 [main] INFO  testCases.TC_002_SFS_All_Mobile - ******starting TC_002_SFS_All_Mobile ****
16:17:19.722 [main] INFO  testCases.TC_002_SFS_All_Mobile - Test Execution on Browser: chrome
16:17:19.864 [main] INFO  testCases.TC_002_SFS_All_Mobile - Excel file Utility instance created
16:17:22.039 [main] INFO  testCases.TC_002_SFS_All_Mobile - Row Count is: 1
16:17:22.233 [main] INFO  testCases.TC_002_SFS_All_Mobile - Col Count is: 50
16:17:22.234 [main] INFO  testCases.TC_002_SFS_All_Mobile - Extracting DataSheet Values started...
16:17:24.565 [main] INFO  testCases.TC_002_SFS_All_Mobile - Extracting DataSheet Values Completed...
16:17:37.031 [main] INFO  testCases.TC_002_SFS_All_Mobile - Survey Form Url Launched..
16:17:43.375 [main] INFO  testCases.TC_002_SFS_All_Mobile - Build Url Pass
16:17:46.986 [main] INFO  testCases.TC_002_SFS_All_Mobile - All Contexts [NATIVE_APP, CHROMIUM]
16:17:58.182 [main] INFO  utilities.Android.SurveyFormReUsables - Section Title Passed : Actual Value is: Section Title..!Expected Value is: Section Title..!
16:17:59.187 [main] INFO  testCases.TC_002_SFS_All_Mobile - Section Title Validation done:  Section Title..! 
16:18:01.015 [main] INFO  pageObjects.Android.SectionControlsPage - Message Control Title Validation with Expected: Hi, Welcome to Survey form...! and Actual is:  Hi, Welcome to chat bot..! 
16:18:02.753 [main] INFO  pageObjects.Android.SectionControlsPage - MultiChoice Control Title Validation with Expected: Select an option..! and Actual is:  Select an option..! 
16:21:48.098 [main] INFO  testCases.TC_002_SFS_All_Mobile - ******starting TC_002_SFS_All_Mobile ****
16:21:48.110 [main] INFO  testCases.TC_002_SFS_All_Mobile - Test Execution on Browser: chrome
16:21:48.256 [main] INFO  testCases.TC_002_SFS_All_Mobile - Excel file Utility instance created
16:21:50.935 [main] INFO  testCases.TC_002_SFS_All_Mobile - Row Count is: 1
16:21:51.220 [main] INFO  testCases.TC_002_SFS_All_Mobile - Col Count is: 50
16:21:51.220 [main] INFO  testCases.TC_002_SFS_All_Mobile - Extracting DataSheet Values started...
16:21:55.389 [main] INFO  testCases.TC_002_SFS_All_Mobile - Extracting DataSheet Values Completed...
16:22:11.852 [main] INFO  testCases.TC_002_SFS_All_Mobile - Survey Form Url Launched..
16:22:18.054 [main] INFO  testCases.TC_002_SFS_All_Mobile - Build Url Pass
16:22:21.451 [main] INFO  testCases.TC_002_SFS_All_Mobile - All Contexts [NATIVE_APP, CHROMIUM]
16:22:32.451 [main] INFO  utilities.Android.SurveyFormReUsables - Section Title Passed : Actual Value is: Section Title..!Expected Value is: Section Title..!
16:22:33.464 [main] INFO  testCases.TC_002_SFS_All_Mobile - Section Title Validation done:  Section Title..! 
16:22:35.271 [main] INFO  pageObjects.Android.SectionControlsPage - Message Control Title Validation with Expected: Hi, Welcome to Survey form...! and Actual is:  Hi, Welcome to chat bot..! 
16:22:36.986 [main] INFO  pageObjects.Android.SectionControlsPage - MultiChoice Control Title Validation with Expected: Select an option..! and Actual is:  Select an option..! 
16:22:41.380 [main] INFO  utilities.Android.UtilityCustomFunctions - [Strongly DisAgree] is selected in List
16:22:41.381 [main] INFO  testCases.TC_002_SFS_All_Mobile - MultiChoice Item Selected : Strongly DisAgree
16:22:44.690 [main] INFO  pageObjects.Android.SectionControlsPage - TextQuestion Control Title Validation with Expected: Please type an answer ..! and Actual is:  Please type an answer ..! 
16:22:51.118 [main] INFO  testCases.TC_002_SFS_All_Mobile - Text Entered in TextAnswer Control
16:22:53.033 [main] INFO  pageObjects.Android.SectionControlsPage - Email Control Title Validation with Expected: What is your email address? and Actual is:  What is your email address? 
16:22:56.441 [main] INFO  testCases.TC_002_SFS_All_Mobile - Email Id Entered
16:22:59.378 [main] INFO  pageObjects.Android.SectionControlsPage - Phone Number Control Title Validation with Expected: Please type your phone number and Actual is:  Please type your phone number 
16:23:03.640 [main] INFO  testCases.TC_002_SFS_All_Mobile - Phone Number Entered
16:23:10.614 [main] INFO  pageObjects.Android.SectionControlsPage - Appointment Control Title Validation with Expected: Book an appointment / meeting and Actual is:  Book an appointment / meeting 
16:23:13.136 [main] INFO  testCases.TC_002_SFS_All_Mobile - Appointment button Clicked
16:24:38.275 [main] INFO  testCases.TC_002_SFS_All_Mobile - Appointment Updated to Datasheet
16:24:39.814 [main] INFO  testCases.TC_002_SFS_All_Mobile - Appointment Time Captured in Expected Value
16:24:46.617 [main] INFO  pageObjects.Android.SectionControlsPage - MultiSelect Control Title Validation with Expected: Select your choices..! and Actual is:  Select your choices..! 
16:24:58.571 [main] INFO  testCases.TC_002_SFS_All_Mobile - MultiSelect Value Selected
16:25:02.363 [main] INFO  pageObjects.Android.SectionControlsPage - List Control Title Validation with Expected: Type and select your answer..! and Actual is:  Type and select your answer..! 
16:25:04.875 [main] INFO  testCases.TC_002_SFS_All_Mobile - List Input Box Clicked 
16:25:13.373 [main] INFO  testCases.TC_002_SFS_All_Mobile - List Item Selected Sample Option 5
16:25:17.356 [main] INFO  pageObjects.Android.SectionControlsPage - Number Control Title Validation with Expected: Enter the Number? and Actual is:  Enter the Number? 
16:25:19.621 [main] INFO  testCases.TC_002_SFS_All_Mobile - Number Selected 1234567890
16:25:24.574 [main] INFO  pageObjects.Android.SectionControlsPage - Range Control Title Validation with Expected: Select a range and Actual is:  Select a range 
16:25:46.268 [main] INFO  testCases.TC_002_SFS_All_Mobile - Range Selected 30
16:25:53.838 [main] INFO  pageObjects.Android.SectionControlsPage - Rating Control Title Validation with Expected: How was your experience? and Actual is:  How was your experience? 
16:26:16.787 [main] INFO  testCases.TC_002_SFS_All_Mobile - ******starting TC_002_SFS_All_Mobile ****
16:26:16.796 [main] INFO  testCases.TC_002_SFS_All_Mobile - Test Execution on Browser: chrome
16:26:16.909 [main] INFO  testCases.TC_002_SFS_All_Mobile - Excel file Utility instance created
16:26:19.578 [main] INFO  testCases.TC_002_SFS_All_Mobile - Row Count is: 1
16:26:20.130 [main] INFO  testCases.TC_002_SFS_All_Mobile - Col Count is: 50
16:26:20.134 [main] INFO  testCases.TC_002_SFS_All_Mobile - Extracting DataSheet Values started...
16:26:24.895 [main] INFO  testCases.TC_002_SFS_All_Mobile - Extracting DataSheet Values Completed...
16:26:38.868 [main] INFO  testCases.TC_002_SFS_All_Mobile - Survey Form Url Launched..
16:26:41.550 [main] INFO  testCases.TC_002_SFS_All_Mobile - Build Url Pass
16:26:44.722 [main] INFO  utilities.Android.SurveyFormReUsables - Section Title Passed : Actual Value is: Section Title..!Expected Value is: Section Title..!
16:26:45.725 [main] INFO  testCases.TC_002_SFS_All_Mobile - Section Title Validation done:  Section Title..! 
16:26:47.768 [main] INFO  pageObjects.Android.SectionControlsPage - Message Control Title Validation with Expected: Hi, Welcome to Survey form...! and Actual is:  Hi, Welcome to chat bot..! 
16:26:49.616 [main] INFO  pageObjects.Android.SectionControlsPage - MultiChoice Control Title Validation with Expected: Select an option..! and Actual is:  Select an option..! 
16:26:53.985 [main] INFO  utilities.Android.UtilityCustomFunctions - [Strongly DisAgree] is selected in List
16:26:53.985 [main] INFO  testCases.TC_002_SFS_All_Mobile - MultiChoice Item Selected : Strongly DisAgree
16:26:57.176 [main] INFO  pageObjects.Android.SectionControlsPage - TextQuestion Control Title Validation with Expected: Please type an answer ..! and Actual is:  Please type an answer ..! 
16:27:02.553 [main] INFO  testCases.TC_002_SFS_All_Mobile - Text Entered in TextAnswer Control
16:27:03.629 [main] INFO  testCases.TC_002_SFS_All_Mobile - Email Id Entered
16:27:05.713 [main] INFO  testCases.TC_002_SFS_All_Mobile - Phone Number Entered
16:27:52.208 [main] INFO  testCases.TC_002_SFS_All_Mobile - ******starting TC_002_SFS_All_Mobile ****
16:27:52.222 [main] INFO  testCases.TC_002_SFS_All_Mobile - Test Execution on Browser: chrome
16:27:52.385 [main] INFO  testCases.TC_002_SFS_All_Mobile - Excel file Utility instance created
16:27:54.518 [main] INFO  testCases.TC_002_SFS_All_Mobile - Row Count is: 1
16:27:54.767 [main] INFO  testCases.TC_002_SFS_All_Mobile - Col Count is: 50
16:27:54.770 [main] INFO  testCases.TC_002_SFS_All_Mobile - Extracting DataSheet Values started...
16:27:57.391 [main] INFO  testCases.TC_002_SFS_All_Mobile - Extracting DataSheet Values Completed...
16:28:11.884 [main] INFO  testCases.TC_002_SFS_All_Mobile - Survey Form Url Launched..
16:29:37.519 [main] INFO  testCases.TC_002_SFS_All_Mobile - ******starting TC_002_SFS_All_Mobile ****
16:29:37.526 [main] INFO  testCases.TC_002_SFS_All_Mobile - Test Execution on Browser: chrome
16:29:37.680 [main] INFO  testCases.TC_002_SFS_All_Mobile - Excel file Utility instance created
16:29:39.873 [main] INFO  testCases.TC_002_SFS_All_Mobile - Row Count is: 1
16:29:40.182 [main] INFO  testCases.TC_002_SFS_All_Mobile - Col Count is: 50
16:29:40.183 [main] INFO  testCases.TC_002_SFS_All_Mobile - Extracting DataSheet Values started...
16:29:43.219 [main] INFO  testCases.TC_002_SFS_All_Mobile - Extracting DataSheet Values Completed...
16:29:57.180 [main] INFO  testCases.TC_002_SFS_All_Mobile - Survey Form Url Launched..
16:30:01.932 [main] INFO  testCases.TC_002_SFS_All_Mobile - Build Url Pass
16:30:05.113 [main] INFO  utilities.Android.SurveyFormReUsables - Section Title Passed : Actual Value is: Section Title..!Expected Value is: Section Title..!
16:30:06.130 [main] INFO  testCases.TC_002_SFS_All_Mobile - Section Title Validation done:  Section Title..! 
16:30:08.065 [main] INFO  pageObjects.Android.SectionControlsPage - Message Control Title Validation with Expected: Hi, Welcome to Survey form...! and Actual is:  Hi, Welcome to chat bot..! 
16:30:09.956 [main] INFO  pageObjects.Android.SectionControlsPage - MultiChoice Control Title Validation with Expected: Select an option..! and Actual is:  Select an option..! 
16:30:14.768 [main] INFO  utilities.Android.UtilityCustomFunctions - [Strongly DisAgree] is selected in List
16:30:14.768 [main] INFO  testCases.TC_002_SFS_All_Mobile - MultiChoice Item Selected : Strongly DisAgree
16:30:18.097 [main] INFO  pageObjects.Android.SectionControlsPage - TextQuestion Control Title Validation with Expected: Please type an answer ..! and Actual is:  Please type an answer ..! 
16:30:23.578 [main] INFO  testCases.TC_002_SFS_All_Mobile - Text Entered in TextAnswer Control
16:30:25.755 [main] INFO  pageObjects.Android.SectionControlsPage - Email Control Title Validation with Expected: What is your email address? and Actual is:  What is your email address? 
16:30:29.881 [main] INFO  testCases.TC_002_SFS_All_Mobile - Email Id Entered
16:30:32.842 [main] INFO  pageObjects.Android.SectionControlsPage - Phone Number Control Title Validation with Expected: Please type your phone number and Actual is:  Please type your phone number 
16:30:36.954 [main] INFO  testCases.TC_002_SFS_All_Mobile - Phone Number Entered
16:30:43.897 [main] INFO  pageObjects.Android.SectionControlsPage - Appointment Control Title Validation with Expected: Book an appointment / meeting and Actual is:  Book an appointment / meeting 
16:30:46.195 [main] INFO  testCases.TC_002_SFS_All_Mobile - Appointment button Clicked
16:31:35.608 [main] INFO  testCases.TC_002_SFS_All_Mobile - Appointment Updated to Datasheet
16:31:37.155 [main] INFO  testCases.TC_002_SFS_All_Mobile - Appointment Time Captured in Expected Value
16:31:44.087 [main] INFO  pageObjects.Android.SectionControlsPage - MultiSelect Control Title Validation with Expected: Select your choices..! and Actual is:  Select your choices..! 
16:31:56.826 [main] INFO  testCases.TC_002_SFS_All_Mobile - MultiSelect Value Selected
16:32:00.678 [main] INFO  pageObjects.Android.SectionControlsPage - List Control Title Validation with Expected: Type and select your answer..! and Actual is:  Type and select your answer..! 
16:32:03.142 [main] INFO  testCases.TC_002_SFS_All_Mobile - List Input Box Clicked 
16:32:09.753 [main] INFO  testCases.TC_002_SFS_All_Mobile - List Item Selected Sample Option 5
16:32:13.593 [main] INFO  pageObjects.Android.SectionControlsPage - Number Control Title Validation with Expected: Enter the Number? and Actual is:  Enter the Number? 
16:32:16.005 [main] INFO  testCases.TC_002_SFS_All_Mobile - Number Selected 1234567890
16:32:20.573 [main] INFO  pageObjects.Android.SectionControlsPage - Range Control Title Validation with Expected: Select a range and Actual is:  Select a range 
16:32:35.415 [main] INFO  testCases.TC_002_SFS_All_Mobile - Range Selected 30
16:32:41.044 [main] INFO  pageObjects.Android.SectionControlsPage - Rating Control Title Validation with Expected: How was your experience? and Actual is:  How was your experience? 
16:32:44.978 [main] INFO  testCases.TC_002_SFS_All_Mobile - Rating Value: OkayClicked
16:32:53.552 [main] INFO  pageObjects.Android.SectionControlsPage - Opinion Scale Control Title Validation with Expected: Choose a number? and Actual is:  Choose a number? 
16:32:59.765 [main] INFO  utilities.Android.UtilityCustomFunctions - [7] is selected in List
16:32:59.765 [main] INFO  testCases.TC_002_SFS_All_Mobile - Opinion Scale : 7Clicked
16:33:07.141 [main] INFO  pageObjects.Android.SectionControlsPage - Date Control Title Validation with Expected: Select a date and Actual is: Select a date
16:33:34.625 [main] INFO  testCases.TC_002_SFS_All_Mobile - Date Value Updated to DataSheet
16:33:41.769 [main] INFO  pageObjects.Android.SectionControlsPage - Links Control Title Validation with Expected: Please contact us and Actual is:   Please contact us  
16:33:47.282 [main] INFO  pageObjects.Android.SectionControlsPage - ThankYou Control Title Validation with Expected: Nice chatting with you and Actual is: Nice chatting with you
16:33:51.700 [main] INFO  pageObjects.Android.SectionControlsPage - PictureMessage Control Title Validation with Expected: Select the picture…! and Actual is:  Select the picture…! 
16:33:52.393 [main] INFO  testCases.TC_002_SFS_All_Mobile - Picture Message Seleted:SelectPicture
16:33:58.138 [main] INFO  pageObjects.Android.SectionControlsPage - YesorNo Control Title Validation with Expected: Select Yes or No..? and Actual is:  Select Yes or No..? 
16:33:58.734 [main] INFO  testCases.TC_002_SFS_All_Mobile - Yes or No ClickedNo
16:34:01.931 [main] INFO  pageObjects.Android.SectionControlsPage - Agreement Control Title Validation with Expected: Terms and Conditions..! and Actual is:  Terms and Conditions..! 
16:34:04.049 [main] INFO  utilities.Android.SurveyFormReUsables - Agreement Text Passed : Actual Value is: I agree to the terms and conditionsExpected Value is: I agree to the terms and conditions
16:34:05.063 [main] INFO  testCases.TC_002_SFS_All_Mobile - Validation of Agreement Text Actual is: I agree to the terms and conditions Expected is: I agree to the terms and conditions
16:34:06.787 [main] INFO  pageObjects.Android.SectionControlsPage - RankingMatrix Control Title Validation with Expected: Choose the value..! and Actual is:  Choose the value..! 
16:34:09.033 [main] INFO  testCases.TC_002_SFS_All_Mobile - Ranking Matrix Values Selected
16:34:14.479 [main] INFO  testCases.TC_002_SFS_All_Mobile - Section UI Form Submitted
16:35:57.103 [main] INFO  testCases.TC_002_SFS_All_MobileResponse - ******starting TC_002_SFS_All_MobileResponse ****
16:35:57.117 [main] INFO  testCases.TC_002_SFS_All_MobileResponse - Test Execution on Browser: chrome
16:35:57.120 [main] INFO  testCases.TC_002_SFS_All_MobileResponse - Excel file Utility instance created
16:35:58.433 [main] INFO  testCases.TC_002_SFS_All_MobileResponse - Row Count is: 1
16:35:58.759 [main] INFO  testCases.TC_002_SFS_All_MobileResponse - Col Count is: 50
16:35:58.759 [main] INFO  testCases.TC_002_SFS_All_MobileResponse - Extracting DataSheet Values started...
16:36:02.490 [main] INFO  testCases.TC_002_SFS_All_MobileResponse - Extracting DataSheet Values Completed...
16:36:07.498 [main] INFO  testCases.TC_002_SFS_All_MobileResponse - Navigation started
16:36:14.160 [main] INFO  testCases.TC_002_SFS_All_MobileResponse - Login details Entered
16:36:14.305 [main] INFO  testCases.TC_002_SFS_All_MobileResponse - Chat bot Logged In
16:36:29.310 [main] INFO  testCases.TC_002_SFS_All_MobileResponse - Hard wait for 15 secs
16:36:29.535 [main] INFO  testCases.TC_002_SFS_All_MobileResponse - clear all button clicked on listbox
16:36:30.251 [main] INFO  testCases.TC_002_SFS_All_MobileResponse - Build Name entered in List Box
16:36:33.254 [main] INFO  testCases.TC_002_SFS_All_MobileResponse - Waited for 3 secs
16:36:33.361 [main] INFO  testCases.TC_002_SFS_All_MobileResponse - Enter Key applied on ListBox
16:36:34.479 [main] INFO  testCases.TC_002_SFS_All_MobileResponse - Hard Wait for 1 sec
16:36:34.898 [main] INFO  testCases.TC_002_SFS_All_MobileResponse - clicked side bar Build button once
16:36:35.910 [main] INFO  testCases.TC_002_SFS_All_MobileResponse - Hard Wait for 1 sec
16:36:36.143 [main] INFO  testCases.TC_002_SFS_All_MobileResponse - clicked side bar Result
16:36:36.654 [main] INFO  testCases.TC_002_SFS_All_MobileResponse - Side Item Response clicked
16:36:36.920 [main] INFO  testCases.TC_002_SFS_All_MobileResponse - clicked refresh Response
16:36:37.180 [main] INFO  testCases.TC_002_SFS_All_MobileResponse - clicked refresh Response Again
16:36:39.153 [main] INFO  testCases.TC_002_SFS_All_MobileResponse - ******starting TC_002_SFS_All_MobileResponse ****
16:36:39.181 [main] INFO  testCases.TC_002_SFS_All_MobileResponse - Test Execution on Browser: chrome
16:36:39.186 [main] INFO  testCases.TC_002_SFS_All_MobileResponse - Excel file Utility instance created
16:36:40.363 [main] INFO  testCases.TC_002_SFS_All_MobileResponse - Clicked first Response
16:36:40.364 [main] INFO  testCases.TC_002_SFS_All_MobileResponse - Navigated to Build: SFAllMobile_Section
16:36:41.560 [main] INFO  testCases.TC_002_SFS_All_MobileResponse - Row Count is: 1
16:36:42.423 [main] INFO  testCases.TC_002_SFS_All_MobileResponse - Col Count is: 50
16:36:42.423 [main] INFO  testCases.TC_002_SFS_All_MobileResponse - Extracting DataSheet Values started...
16:36:44.841 [main] INFO  testCases.TC_002_SFS_All_MobileResponse - Section Title in Response : 1) Section Title..!
16:36:47.023 [main] INFO  utilities.Browser.SurveyFormReUsables - Message Title in Response Expected Value:Hi, Welcome to Survey form...! Actual Value: Hi, Welcome to chat bot..!
16:36:47.024 [main] INFO  utilities.Browser.SurveyFormReUsables - Message Title in Response Failed : Actual Value is: Hi, Welcome to chat bot..!Expected Value is: Hi, Welcome to Survey form...!
16:36:47.739 [main] INFO  testCases.TC_002_SFS_All_MobileResponse - Extracting DataSheet Values Completed...
16:36:49.974 [main] INFO  utilities.Browser.SurveyFormReUsables - Multi Choice Question in Response Expected Value:Select an option..! Actual Value: Select an option..!
16:36:49.975 [main] INFO  utilities.Browser.SurveyFormReUsables - Multi Choice Question in Response Passed : Actual Value is: Select an option..!Expected Value is: Select an option..!
16:36:51.569 [main] INFO  utilities.Browser.SurveyFormReUsables - Multi Choice Answer in Response Expected Value:Strongly DisAgree Actual Value: Strongly DisAgree
16:36:51.570 [main] INFO  utilities.Browser.SurveyFormReUsables - Multi Choice Answer in Response Passed : Actual Value is: Strongly DisAgreeExpected Value is: Strongly DisAgree
16:36:52.751 [main] INFO  testCases.TC_002_SFS_All_MobileResponse - Navigation started
16:36:54.739 [main] INFO  utilities.Browser.SurveyFormReUsables - Text Question Control Question Expected Value:Please type an answer ..! Actual Value: Please type an answer ..!
16:36:54.741 [main] INFO  utilities.Browser.SurveyFormReUsables - Text Question Control Question Passed : Actual Value is: Please type an answer ..!Expected Value is: Please type an answer ..!
16:36:56.287 [main] INFO  utilities.Browser.SurveyFormReUsables - Text Question Control Answer Expected Value:Welcome to Automation...! Test execution of Survey form Controls within Section UI. Actual Value: Welcome to Automation...! Test execution of Survey form Controls within Section UI.
16:36:56.287 [main] INFO  utilities.Browser.SurveyFormReUsables - Text Question Control Answer Passed : Actual Value is: Welcome to Automation...! Test execution of Survey form Controls within Section UI.Expected Value is: Welcome to Automation...! Test execution of Survey form Controls within Section UI.
16:36:58.724 [main] INFO  utilities.Browser.SurveyFormReUsables - Email Control Question Expected Value:What is your email address? Actual Value: What is your email address?
16:36:58.724 [main] INFO  utilities.Browser.SurveyFormReUsables - Email Control Question Passed : Actual Value is: What is your email address?Expected Value is: What is your email address?
16:37:00.130 [main] INFO  utilities.Browser.SurveyFormReUsables - Email Control Answer Expected Value:sudhakar@rsoft.in Actual Value: sudhakar@rsoft.in
16:37:00.130 [main] INFO  utilities.Browser.SurveyFormReUsables - Email Control Answer Passed : Actual Value is: sudhakar@rsoft.inExpected Value is: sudhakar@rsoft.in
16:37:02.543 [main] INFO  utilities.Browser.SurveyFormReUsables - Phone Number Control Question Expected Value:Please type your phone number Actual Value: Please type your phone number
16:37:02.543 [main] INFO  utilities.Browser.SurveyFormReUsables - Phone Number Control Question Passed : Actual Value is: Please type your phone numberExpected Value is: Please type your phone number
16:37:03.982 [main] INFO  utilities.Browser.SurveyFormReUsables - Phone Number Control Answer Expected Value:+91 1234567890 Actual Value: +91 1234567890
16:37:03.983 [main] INFO  utilities.Browser.SurveyFormReUsables - Phone Number Control Answer Passed : Actual Value is: +91 1234567890Expected Value is: +91 1234567890
16:37:06.452 [main] INFO  utilities.Browser.SurveyFormReUsables - Appointment Control Question Expected Value:Book an appointment / meeting Actual Value: Book an appointment / meeting
16:37:06.452 [main] INFO  utilities.Browser.SurveyFormReUsables - Appointment Control Question Passed : Actual Value is: Book an appointment / meetingExpected Value is: Book an appointment / meeting
16:37:07.845 [main] INFO  utilities.Browser.SurveyFormReUsables - Appointment Control Answer Expected Value:Appointment Date : 21/11/2023, Time : [ 09:05 AM to 09:09 AM ] Actual Value: Appointment Date : 21/11/2023, Time : [ 09:05 AM to 09:09 AM ]
16:37:07.845 [main] INFO  utilities.Browser.SurveyFormReUsables - Appointment Control Answer Passed : Actual Value is: Appointment Date : 21/11/2023, Time : [ 09:05 AM to 09:09 AM ]Expected Value is: Appointment Date : 21/11/2023, Time : [ 09:05 AM to 09:09 AM ]
16:37:10.288 [main] INFO  utilities.Browser.SurveyFormReUsables - MultiChoice Control Question Expected Value:Select your choices..! Actual Value: Select your choices..!
16:37:10.288 [main] INFO  utilities.Browser.SurveyFormReUsables - MultiChoice Control Question Passed : Actual Value is: Select your choices..!Expected Value is: Select your choices..!
16:37:11.687 [main] INFO  utilities.Browser.SurveyFormReUsables - MultiChoice Control Answer Expected Value:DisAgree, Agree Actual Value: DisAgree, Agree
16:37:11.687 [main] INFO  utilities.Browser.SurveyFormReUsables - MultiChoice Control Answer Passed : Actual Value is: DisAgree, AgreeExpected Value is: DisAgree, Agree
16:37:14.090 [main] INFO  utilities.Browser.SurveyFormReUsables - List Control Question Expected Value:Type and select your answer..! Actual Value: Type and select your answer..!
16:37:14.090 [main] INFO  utilities.Browser.SurveyFormReUsables - List Control Question Passed : Actual Value is: Type and select your answer..!Expected Value is: Type and select your answer..!
16:37:15.490 [main] INFO  utilities.Browser.SurveyFormReUsables - List Control Values Expected Value:Sample Option 5 Actual Value: Sample Option 5
16:37:15.491 [main] INFO  utilities.Browser.SurveyFormReUsables - List Control Values Passed : Actual Value is: Sample Option 5Expected Value is: Sample Option 5
16:37:18.013 [main] INFO  utilities.Browser.SurveyFormReUsables - Number Control Question Expected Value:Enter the Number? Actual Value: Enter the Number?
16:37:18.013 [main] INFO  utilities.Browser.SurveyFormReUsables - Number Control Question Passed : Actual Value is: Enter the Number?Expected Value is: Enter the Number?
16:37:19.419 [main] INFO  utilities.Browser.SurveyFormReUsables - Number Control Answer Expected Value:1234567890 Actual Value: 1234567890
16:37:19.420 [main] INFO  utilities.Browser.SurveyFormReUsables - Number Control Answer Passed : Actual Value is: 1234567890Expected Value is: 1234567890
16:37:21.857 [main] INFO  utilities.Browser.SurveyFormReUsables - Range Control Question Expected Value:Select a range Actual Value: Select a range
16:37:21.858 [main] INFO  utilities.Browser.SurveyFormReUsables - Range Control Question Passed : Actual Value is: Select a rangeExpected Value is: Select a range
16:37:23.242 [main] INFO  utilities.Browser.SurveyFormReUsables - Range Control Answer Expected Value:30 Actual Value: 30
16:37:23.242 [main] INFO  utilities.Browser.SurveyFormReUsables - Range Control Answer Passed : Actual Value is: 30Expected Value is: 30
16:37:25.646 [main] INFO  utilities.Browser.SurveyFormReUsables - Rating Control Question Expected Value:How was your experience? Actual Value: How was your experience?
16:37:25.646 [main] INFO  utilities.Browser.SurveyFormReUsables - Rating Control Question Passed : Actual Value is: How was your experience?Expected Value is: How was your experience?
16:37:27.085 [main] INFO  utilities.Browser.SurveyFormReUsables - Rating Control Answer Expected Value:Okay Actual Value: Okay
16:37:27.086 [main] INFO  utilities.Browser.SurveyFormReUsables - Rating Control Answer Passed : Actual Value is: OkayExpected Value is: Okay
16:37:29.524 [main] INFO  utilities.Browser.SurveyFormReUsables - Opinion Scale Control Question Expected Value:Choose a number? Actual Value: Choose a number?
16:37:29.525 [main] INFO  utilities.Browser.SurveyFormReUsables - Opinion Scale Control Question Passed : Actual Value is: Choose a number?Expected Value is: Choose a number?
16:37:30.902 [main] INFO  utilities.Browser.SurveyFormReUsables - Opinion Scale Control Answer Expected Value:7 Actual Value: 7
16:37:30.902 [main] INFO  utilities.Browser.SurveyFormReUsables - Opinion Scale Control Answer Passed : Actual Value is: 7Expected Value is: 7
16:37:33.300 [main] INFO  utilities.Browser.SurveyFormReUsables - Date Control Question Expected Value:Select a date Actual Value: Select a date
16:37:33.300 [main] INFO  utilities.Browser.SurveyFormReUsables - Date Control Question Passed : Actual Value is: Select a dateExpected Value is: Select a date
16:37:34.709 [main] INFO  utilities.Browser.SurveyFormReUsables - Date Control Answer Expected Value:21/11/2023 Actual Value: 21/11/2023
16:37:34.710 [main] INFO  utilities.Browser.SurveyFormReUsables - Date Control Answer Passed : Actual Value is: 21/11/2023Expected Value is: 21/11/2023
16:37:37.164 [main] INFO  utilities.Browser.SurveyFormReUsables - Link Control Question Expected Value:Please contact us Actual Value: Please contact us
16:37:37.164 [main] INFO  utilities.Browser.SurveyFormReUsables - Link Control Question Passed : Actual Value is: Please contact usExpected Value is: Please contact us
16:37:39.612 [main] INFO  utilities.Browser.SurveyFormReUsables - Thank You Control Question Expected Value:Nice chatting with you Actual Value: Nice chatting with you
16:37:39.612 [main] INFO  utilities.Browser.SurveyFormReUsables - Thank You Control Question Passed : Actual Value is: Nice chatting with youExpected Value is: Nice chatting with you
16:37:42.077 [main] INFO  utilities.Browser.SurveyFormReUsables - Picture Message Control Question Expected Value:Select the picture…! Actual Value: Select the picture…!
16:37:42.079 [main] INFO  utilities.Browser.SurveyFormReUsables - Picture Message Control Question Passed : Actual Value is: Select the picture…!Expected Value is: Select the picture…!
16:37:43.492 [main] INFO  utilities.Browser.SurveyFormReUsables - Picture Message Control Answer Expected Value:SelectPicture Actual Value: No
16:37:43.492 [main] INFO  utilities.Browser.SurveyFormReUsables - Picture Message Control Answer Failed : Actual Value is: NoExpected Value is: SelectPicture
16:37:45.910 [main] INFO  utilities.Browser.SurveyFormReUsables - Yes or No Control Question Expected Value:Select Yes or No..? Actual Value: Select Yes or No..?
16:37:45.911 [main] INFO  utilities.Browser.SurveyFormReUsables - Yes or No Control Question Passed : Actual Value is: Select Yes or No..?Expected Value is: Select Yes or No..?
