12:46:02.222 [main] INFO  testCases.TC_001_SFI_All_Mobile - Opinion Scale Next Clicked
12:46:03.366 [main] INFO  testCases.TC_001_SFI_All_Mobile - Date Control Title Passed : Actual Value is: Select a dateExpected Value is: Select a date
12:46:04.376 [main] INFO  testCases.TC_001_SFI_All_Mobile - Validation of Date Control Title
12:46:05.779 [main] INFO  testCases.TC_001_SFI_All_Mobile - Date Value Updated to DataSheet
12:46:07.441 [main] INFO  testCases.TC_001_SFI_All_Mobile - Date Next Clicked
12:46:09.596 [main] INFO  testCases.TC_001_SFI_All_Mobile - Link Control Title Passed : Actual Value is: Please contact usExpected Value is: Please contact us
12:46:10.608 [main] INFO  testCases.TC_001_SFI_All_Mobile - Validation of Link Control Title  Please contact us  
12:46:10.610 [main] INFO  testCases.TC_001_SFI_All_Mobile - Multiple Links Clicked
12:46:10.954 [main] INFO  testCases.TC_001_SFI_All_Mobile - Links Next Clicked
12:46:14.093 [main] INFO  testCases.TC_001_SFI_All_Mobile - ThankYou Control Title Passed : Actual Value is: Nice chatting with youExpected Value is: Nice chatting with you
12:46:15.102 [main] INFO  testCases.TC_001_SFI_All_Mobile - Validation of ThankYou Control TitleNice chatting with you
12:46:15.395 [main] INFO  testCases.TC_001_SFI_All_Mobile - ThankYou Next Clicked
12:46:17.526 [main] INFO  testCases.TC_001_SFI_All_Mobile - Picture Message Control Title Passed : Actual Value is: Select the picture…!Expected Value is: Select the picture…!
12:46:18.534 [main] INFO  testCases.TC_001_SFI_All_Mobile - Validation of Picture Message Control Title Select the picture…! 
12:46:20.150 [main] INFO  testCases.TC_001_SFI_All_Mobile - Picture Message Seleted:PictureMessage
12:46:22.962 [main] INFO  testCases.TC_001_SFI_All_Mobile - Picture Message Next Clicked
12:46:24.105 [main] INFO  testCases.TC_001_SFI_All_Mobile - Yes or No Control Title Passed : Actual Value is: Select Yes or No..?Expected Value is: Select Yes or No..?
12:46:25.112 [main] INFO  testCases.TC_001_SFI_All_Mobile - Validation of YesorNo Control Title Select Yes or No..? 
12:46:26.729 [main] INFO  testCases.TC_001_SFI_All_Mobile - Yes Clicked
12:46:26.979 [main] INFO  testCases.TC_001_SFI_All_Mobile - YesorNo Next Clicked
12:46:28.120 [main] INFO  testCases.TC_001_SFI_All_Mobile - Agreement Control Title Passed : Actual Value is: Terms and Conditions..!Expected Value is: Terms and Conditions..!
12:46:29.126 [main] INFO  testCases.TC_001_SFI_All_Mobile - Validation of Agreement Control Title Terms and Conditions..! 
12:46:29.284 [main] INFO  testCases.TC_001_SFI_All_Mobile - Agreement Text Passed : Actual Value is: I agree to the terms and conditionsExpected Value is: I agree to the terms and conditions
12:46:30.292 [main] INFO  testCases.TC_001_SFI_All_Mobile - Validation of Agreement TextI agree to the terms and conditions
12:46:31.650 [main] INFO  testCases.TC_001_SFI_All_Mobile - Agreement Next Clicked
12:46:32.773 [main] INFO  testCases.TC_001_SFI_All_Mobile - Ranking Matrix Title Failed : Actual Value is: Choose the value..!Expected Value is: Choice the value..!
12:46:33.780 [main] INFO  testCases.TC_001_SFI_All_Mobile - Validation of Agreement Control Title Choose the value..! 
12:46:34.549 [main] INFO  testCases.TC_001_SFI_All_Mobile - Ranking Matrix Values Selected
12:46:36.480 [main] INFO  testCases.TC_001_SFI_All_Mobile - Ranking Matrix Next Clicked
12:46:41.495 [main] INFO  testCases.TC_001_SFI_All_Mobile - Navigation started
12:46:45.988 [main] INFO  testCases.TC_001_SFI_All_Mobile - Login details Entered
12:46:46.225 [main] INFO  testCases.TC_001_SFI_All_Mobile - Chat bot Logged In
12:47:01.227 [main] INFO  testCases.TC_001_SFI_All_Mobile - Hard wait for 15 secs
15:23:33.533 [main] INFO  testCases.TC_001_SFI_All_Mobile - ******starting TC_001_SFI_All_Mobile ****
15:23:33.541 [main] INFO  testCases.TC_001_SFI_All_Mobile - Test Execution on Browser: chrome
15:23:33.546 [main] INFO  testCases.TC_001_SFI_All_Mobile - Excel file Utility instance created
15:23:35.063 [main] INFO  testCases.TC_001_SFI_All_Mobile - Row Count is: 1
15:23:35.176 [main] INFO  testCases.TC_001_SFI_All_Mobile - Col Count is: 49
15:23:35.179 [main] INFO  testCases.TC_001_SFI_All_Mobile - Extracting DataSheet Values started...
15:23:36.939 [main] INFO  testCases.TC_001_SFI_All_Mobile - Extracting DataSheet Values Completed...
15:23:43.458 [main] INFO  testCases.TC_001_SFI_All_Mobile - Survey Form Url Launched..
15:23:45.071 [main] INFO  testCases.TC_001_SFI_All_Mobile - Message Title Failed : Actual Value is: Hi, Welcome to chat bot..!Expected Value is: Hi, Welcome to Survey form...!
15:23:46.086 [main] INFO  testCases.TC_001_SFI_All_Mobile - Validation of Message Control Title
15:23:46.767 [main] INFO  testCases.TC_001_SFI_All_Mobile -  Select an option..! Actual Title 
15:23:46.768 [main] INFO  testCases.TC_001_SFI_All_Mobile - MultiChoice Control Title Passed : Actual Value is: Select an option..!Expected Value is: Select an option..!
15:23:47.770 [main] INFO  testCases.TC_001_SFI_All_Mobile - Validation of MultiChoice Control Title Completed
15:23:51.809 [main] INFO  testCases.TC_001_SFI_All_Mobile - [DisAgree] is selected in List
15:23:51.809 [main] INFO  testCases.TC_001_SFI_All_Mobile - MultiChoice Item Selected
15:23:53.528 [main] INFO  testCases.TC_001_SFI_All_Mobile - MultiChoice Next Clicked
15:23:53.957 [main] INFO  testCases.TC_001_SFI_All_Mobile - TextQuestion Control Title Passed : Actual Value is: Please type an answer ..!Expected Value is: Please type an answer ..!
15:23:54.967 [main] INFO  testCases.TC_001_SFI_All_Mobile - Validation of TextQuestion Control Title
15:23:55.965 [main] INFO  testCases.TC_001_SFI_All_Mobile - Text Entered in TextAnswer Control
15:23:57.708 [main] INFO  testCases.TC_001_SFI_All_Mobile - Text Question Next Clicked
15:23:58.080 [main] INFO  testCases.TC_001_SFI_All_Mobile - Email Control Title Passed : Actual Value is: What is your email address?Expected Value is: What is your email address?
15:23:59.096 [main] INFO  testCases.TC_001_SFI_All_Mobile - Validation of Email Control Title
15:23:59.861 [main] INFO  testCases.TC_001_SFI_All_Mobile - Email Id Entered
15:24:01.534 [main] INFO  testCases.TC_001_SFI_All_Mobile - Email Next Clicked
15:24:02.657 [main] INFO  testCases.TC_001_SFI_All_Mobile - Phone Number Control Title Passed : Actual Value is: Please type your phone numberExpected Value is: Please type your phone number
15:24:03.670 [main] INFO  testCases.TC_001_SFI_All_Mobile - Validation of PhoneNumber Control Title
15:24:06.924 [main] INFO  testCases.TC_001_SFI_All_Mobile - Phone Number Entered
15:24:08.226 [main] INFO  testCases.TC_001_SFI_All_Mobile - PhoneNumber Next Clicked
15:24:09.371 [main] INFO  testCases.TC_001_SFI_All_Mobile - Appointment Control Title Passed : Actual Value is: Book an appointment / meetingExpected Value is: Book an appointment / meeting
15:24:10.379 [main] INFO  testCases.TC_001_SFI_All_Mobile - Validation of Appointment Control Title
15:24:10.697 [main] INFO  testCases.TC_001_SFI_All_Mobile - Appointment Clicked
16:14:52.496 [main] INFO  testCases.TC_001_SFI_All_MobileResponse - ******starting TC_001_SFI_All_MobileResponse ****
16:14:52.504 [main] INFO  testCases.TC_001_SFI_All_MobileResponse - Test Execution on Browser: chrome
16:14:52.506 [main] INFO  testCases.TC_001_SFI_All_MobileResponse - Excel file Utility instance created
16:14:54.371 [main] INFO  testCases.TC_001_SFI_All_MobileResponse - Row Count is: 1
16:14:54.466 [main] INFO  testCases.TC_001_SFI_All_MobileResponse - Col Count is: 49
16:14:54.471 [main] INFO  testCases.TC_001_SFI_All_MobileResponse - Extracting DataSheet Values started...
16:14:57.439 [main] INFO  testCases.TC_001_SFI_All_MobileResponse - Extracting DataSheet Values Completed...
16:15:02.443 [main] INFO  testCases.TC_001_SFI_All_MobileResponse - Navigation started
16:15:06.001 [main] INFO  testCases.TC_001_SFI_All_MobileResponse - Login details Entered
16:15:06.100 [main] INFO  testCases.TC_001_SFI_All_MobileResponse - Chat bot Logged In
16:16:26.408 [main] INFO  testCases.TC_001_SFI_All_MobileResponse - ******starting TC_001_SFI_All_MobileResponse ****
16:16:26.415 [main] INFO  testCases.TC_001_SFI_All_MobileResponse - Test Execution on Browser: chrome
16:16:26.419 [main] INFO  testCases.TC_001_SFI_All_MobileResponse - Excel file Utility instance created
16:16:27.821 [main] INFO  testCases.TC_001_SFI_All_MobileResponse - Row Count is: 1
16:16:27.973 [main] INFO  testCases.TC_001_SFI_All_MobileResponse - Col Count is: 49
16:16:27.973 [main] INFO  testCases.TC_001_SFI_All_MobileResponse - Extracting DataSheet Values started...
16:16:29.984 [main] INFO  testCases.TC_001_SFI_All_MobileResponse - Extracting DataSheet Values Completed...
16:16:34.986 [main] INFO  testCases.TC_001_SFI_All_MobileResponse - Navigation started
16:16:43.073 [main] INFO  testCases.TC_001_SFI_All_MobileResponse - Login details Entered
16:16:43.188 [main] INFO  testCases.TC_001_SFI_All_MobileResponse - Chat bot Logged In
16:16:58.201 [main] INFO  testCases.TC_001_SFI_All_MobileResponse - Hard wait for 15 secs
16:17:06.862 [main] INFO  testCases.TC_001_SFI_All_MobileResponse - clear all button clicked on listbox
16:17:07.347 [main] INFO  testCases.TC_001_SFI_All_MobileResponse - Build Name entered in List Box
16:17:10.354 [main] INFO  testCases.TC_001_SFI_All_MobileResponse - Waited for 3 secs
16:17:10.498 [main] INFO  testCases.TC_001_SFI_All_MobileResponse - Enter Key applied on ListBox
16:17:11.502 [main] INFO  testCases.TC_001_SFI_All_MobileResponse - Hard Wait for 1 sec
16:17:11.637 [main] INFO  testCases.TC_001_SFI_All_MobileResponse - clicked side bar Build button once
16:17:12.639 [main] INFO  testCases.TC_001_SFI_All_MobileResponse - Hard Wait for 1 sec
16:17:12.772 [main] INFO  testCases.TC_001_SFI_All_MobileResponse - clicked side bar Result
16:17:13.110 [main] INFO  testCases.TC_001_SFI_All_MobileResponse - Side Item Response clicked
16:17:13.226 [main] INFO  testCases.TC_001_SFI_All_MobileResponse - clicked refresh Response
16:17:13.323 [main] INFO  testCases.TC_001_SFI_All_MobileResponse - clicked refresh Response Again
16:17:16.427 [main] INFO  testCases.TC_001_SFI_All_MobileResponse - Clicked first Response
16:17:16.427 [main] INFO  testCases.TC_001_SFI_All_MobileResponse - Navigated to Build: SFAllMobile_Independent
16:27:42.175 [main] INFO  testCases.TC_001_SFI_All_MobileResponse - ******starting TC_001_SFI_All_MobileResponse ****
16:27:42.186 [main] INFO  testCases.TC_001_SFI_All_MobileResponse - Test Execution on Browser: chrome
16:27:42.189 [main] INFO  testCases.TC_001_SFI_All_MobileResponse - Excel file Utility instance created
16:27:43.731 [main] INFO  testCases.TC_001_SFI_All_MobileResponse - Row Count is: 1
16:27:43.821 [main] INFO  testCases.TC_001_SFI_All_MobileResponse - Col Count is: 49
16:27:43.821 [main] INFO  testCases.TC_001_SFI_All_MobileResponse - Extracting DataSheet Values started...
16:27:45.725 [main] INFO  testCases.TC_001_SFI_All_MobileResponse - Extracting DataSheet Values Completed...
16:27:50.731 [main] INFO  testCases.TC_001_SFI_All_MobileResponse - Navigation started
16:27:54.213 [main] INFO  testCases.TC_001_SFI_All_MobileResponse - Login details Entered
16:27:54.308 [main] INFO  testCases.TC_001_SFI_All_MobileResponse - Chat bot Logged In
16:28:09.314 [main] INFO  testCases.TC_001_SFI_All_MobileResponse - Hard wait for 15 secs
16:28:17.830 [main] INFO  testCases.TC_001_SFI_All_MobileResponse - clear all button clicked on listbox
16:28:18.251 [main] INFO  testCases.TC_001_SFI_All_MobileResponse - Build Name entered in List Box
16:28:21.264 [main] INFO  testCases.TC_001_SFI_All_MobileResponse - Waited for 3 secs
16:28:21.389 [main] INFO  testCases.TC_001_SFI_All_MobileResponse - Enter Key applied on ListBox
16:28:22.400 [main] INFO  testCases.TC_001_SFI_All_MobileResponse - Hard Wait for 1 sec
16:28:22.513 [main] INFO  testCases.TC_001_SFI_All_MobileResponse - clicked side bar Build button once
16:28:23.528 [main] INFO  testCases.TC_001_SFI_All_MobileResponse - Hard Wait for 1 sec
16:28:23.667 [main] INFO  testCases.TC_001_SFI_All_MobileResponse - clicked side bar Result
16:28:23.980 [main] INFO  testCases.TC_001_SFI_All_MobileResponse - Side Item Response clicked
16:28:24.086 [main] INFO  testCases.TC_001_SFI_All_MobileResponse - clicked refresh Response
16:28:24.177 [main] INFO  testCases.TC_001_SFI_All_MobileResponse - clicked refresh Response Again
16:28:27.316 [main] INFO  testCases.TC_001_SFI_All_MobileResponse - Clicked first Response
16:28:27.316 [main] INFO  testCases.TC_001_SFI_All_MobileResponse - Navigated to Build: SFAllMobile_Independent
16:31:11.466 [main] INFO  testCases.TC_001_SFI_All_MobileResponse - ******starting TC_001_SFI_All_MobileResponse ****
16:31:11.476 [main] INFO  testCases.TC_001_SFI_All_MobileResponse - Test Execution on Browser: chrome
16:31:11.479 [main] INFO  testCases.TC_001_SFI_All_MobileResponse - Excel file Utility instance created
16:31:12.969 [main] INFO  testCases.TC_001_SFI_All_MobileResponse - Row Count is: 1
16:31:13.065 [main] INFO  testCases.TC_001_SFI_All_MobileResponse - Col Count is: 49
16:31:13.065 [main] INFO  testCases.TC_001_SFI_All_MobileResponse - Extracting DataSheet Values started...
16:31:15.645 [main] INFO  testCases.TC_001_SFI_All_MobileResponse - Extracting DataSheet Values Completed...
16:31:20.658 [main] INFO  testCases.TC_001_SFI_All_MobileResponse - Navigation started
16:31:23.935 [main] INFO  testCases.TC_001_SFI_All_MobileResponse - Login details Entered
16:31:24.026 [main] INFO  testCases.TC_001_SFI_All_MobileResponse - Chat bot Logged In
16:31:39.030 [main] INFO  testCases.TC_001_SFI_All_MobileResponse - Hard wait for 15 secs
16:31:47.804 [main] INFO  testCases.TC_001_SFI_All_MobileResponse - clear all button clicked on listbox
16:31:48.157 [main] INFO  testCases.TC_001_SFI_All_MobileResponse - Build Name entered in List Box
16:31:51.164 [main] INFO  testCases.TC_001_SFI_All_MobileResponse - Waited for 3 secs
16:31:51.316 [main] INFO  testCases.TC_001_SFI_All_MobileResponse - Enter Key applied on ListBox
16:31:52.333 [main] INFO  testCases.TC_001_SFI_All_MobileResponse - Hard Wait for 1 sec
16:31:52.454 [main] INFO  testCases.TC_001_SFI_All_MobileResponse - clicked side bar Build button once
16:31:53.458 [main] INFO  testCases.TC_001_SFI_All_MobileResponse - Hard Wait for 1 sec
16:31:53.547 [main] INFO  testCases.TC_001_SFI_All_MobileResponse - clicked side bar Result
16:31:53.869 [main] INFO  testCases.TC_001_SFI_All_MobileResponse - Side Item Response clicked
16:31:53.984 [main] INFO  testCases.TC_001_SFI_All_MobileResponse - clicked refresh Response
16:31:54.076 [main] INFO  testCases.TC_001_SFI_All_MobileResponse - clicked refresh Response Again
16:31:57.191 [main] INFO  testCases.TC_001_SFI_All_MobileResponse - Clicked first Response
16:31:57.192 [main] INFO  testCases.TC_001_SFI_All_MobileResponse - Navigated to Build: SFAllMobile_Independent
16:34:23.539 [main] INFO  testCases.TC_001_SFI_All_MobileResponse - ******starting TC_001_SFI_All_MobileResponse ****
16:34:23.544 [main] INFO  testCases.TC_001_SFI_All_MobileResponse - Test Execution on Browser: chrome
16:34:23.547 [main] INFO  testCases.TC_001_SFI_All_MobileResponse - Excel file Utility instance created
16:34:24.751 [main] INFO  testCases.TC_001_SFI_All_MobileResponse - Row Count is: 1
16:34:24.856 [main] INFO  testCases.TC_001_SFI_All_MobileResponse - Col Count is: 49
16:34:24.857 [main] INFO  testCases.TC_001_SFI_All_MobileResponse - Extracting DataSheet Values started...
16:34:27.163 [main] INFO  testCases.TC_001_SFI_All_MobileResponse - Extracting DataSheet Values Completed...
16:34:32.168 [main] INFO  testCases.TC_001_SFI_All_MobileResponse - Navigation started
16:34:35.584 [main] INFO  testCases.TC_001_SFI_All_MobileResponse - Login details Entered
16:34:35.672 [main] INFO  testCases.TC_001_SFI_All_MobileResponse - Chat bot Logged In
16:34:50.686 [main] INFO  testCases.TC_001_SFI_All_MobileResponse - Hard wait for 15 secs
16:34:59.453 [main] INFO  testCases.TC_001_SFI_All_MobileResponse - clear all button clicked on listbox
16:34:59.794 [main] INFO  testCases.TC_001_SFI_All_MobileResponse - Build Name entered in List Box
16:35:02.808 [main] INFO  testCases.TC_001_SFI_All_MobileResponse - Waited for 3 secs
16:35:02.884 [main] INFO  testCases.TC_001_SFI_All_MobileResponse - Enter Key applied on ListBox
16:35:03.894 [main] INFO  testCases.TC_001_SFI_All_MobileResponse - Hard Wait for 1 sec
16:35:04.017 [main] INFO  testCases.TC_001_SFI_All_MobileResponse - clicked side bar Build button once
16:35:05.022 [main] INFO  testCases.TC_001_SFI_All_MobileResponse - Hard Wait for 1 sec
16:35:05.138 [main] INFO  testCases.TC_001_SFI_All_MobileResponse - clicked side bar Result
16:35:05.474 [main] INFO  testCases.TC_001_SFI_All_MobileResponse - Side Item Response clicked
16:35:05.588 [main] INFO  testCases.TC_001_SFI_All_MobileResponse - clicked refresh Response
16:35:05.687 [main] INFO  testCases.TC_001_SFI_All_MobileResponse - clicked refresh Response Again
16:35:08.821 [main] INFO  testCases.TC_001_SFI_All_MobileResponse - Clicked first Response
16:35:08.821 [main] INFO  testCases.TC_001_SFI_All_MobileResponse - Navigated to Build: SFAllMobile_Independent
16:51:20.266 [main] INFO  testCases.TC_001_SFI_All_MobileResponse - ******starting TC_001_SFI_All_MobileResponse ****
16:51:20.275 [main] INFO  testCases.TC_001_SFI_All_MobileResponse - Test Execution on Browser: chrome
16:51:20.280 [main] INFO  testCases.TC_001_SFI_All_MobileResponse - Excel file Utility instance created
16:51:22.993 [main] INFO  testCases.TC_001_SFI_All_MobileResponse - Row Count is: 1
16:51:23.314 [main] INFO  testCases.TC_001_SFI_All_MobileResponse - Col Count is: 49
16:51:23.316 [main] INFO  testCases.TC_001_SFI_All_MobileResponse - Extracting DataSheet Values started...
16:51:29.487 [main] INFO  testCases.TC_001_SFI_All_MobileResponse - Extracting DataSheet Values Completed...
16:51:34.491 [main] INFO  testCases.TC_001_SFI_All_MobileResponse - Navigation started
16:51:37.826 [main] INFO  testCases.TC_001_SFI_All_MobileResponse - Login details Entered
16:51:37.916 [main] INFO  testCases.TC_001_SFI_All_MobileResponse - Chat bot Logged In
16:51:52.928 [main] INFO  testCases.TC_001_SFI_All_MobileResponse - Hard wait for 15 secs
16:52:02.011 [main] INFO  testCases.TC_001_SFI_All_MobileResponse - clear all button clicked on listbox
16:52:02.369 [main] INFO  testCases.TC_001_SFI_All_MobileResponse - Build Name entered in List Box
16:52:05.379 [main] INFO  testCases.TC_001_SFI_All_MobileResponse - Waited for 3 secs
16:52:05.494 [main] INFO  testCases.TC_001_SFI_All_MobileResponse - Enter Key applied on ListBox
16:52:06.508 [main] INFO  testCases.TC_001_SFI_All_MobileResponse - Hard Wait for 1 sec
16:52:06.624 [main] INFO  testCases.TC_001_SFI_All_MobileResponse - clicked side bar Build button once
16:52:07.638 [main] INFO  testCases.TC_001_SFI_All_MobileResponse - Hard Wait for 1 sec
16:52:07.761 [main] INFO  testCases.TC_001_SFI_All_MobileResponse - clicked side bar Result
16:52:08.086 [main] INFO  testCases.TC_001_SFI_All_MobileResponse - Side Item Response clicked
16:52:08.196 [main] INFO  testCases.TC_001_SFI_All_MobileResponse - clicked refresh Response
16:52:08.288 [main] INFO  testCases.TC_001_SFI_All_MobileResponse - clicked refresh Response Again
16:52:11.400 [main] INFO  testCases.TC_001_SFI_All_MobileResponse - Clicked first Response
16:52:11.400 [main] INFO  testCases.TC_001_SFI_All_MobileResponse - Navigated to Build: SFAllMobile_Independent
17:00:29.915 [main] INFO  testCases.TC_001_SFI_All_MobileResponse - ******starting TC_001_SFI_All_MobileResponse ****
17:00:29.921 [main] INFO  testCases.TC_001_SFI_All_MobileResponse - Test Execution on Browser: chrome
17:00:29.924 [main] INFO  testCases.TC_001_SFI_All_MobileResponse - Excel file Utility instance created
17:00:31.212 [main] INFO  testCases.TC_001_SFI_All_MobileResponse - Row Count is: 1
17:00:31.324 [main] INFO  testCases.TC_001_SFI_All_MobileResponse - Col Count is: 49
17:00:31.324 [main] INFO  testCases.TC_001_SFI_All_MobileResponse - Extracting DataSheet Values started...
17:00:33.244 [main] INFO  testCases.TC_001_SFI_All_MobileResponse - Extracting DataSheet Values Completed...
17:00:38.261 [main] INFO  testCases.TC_001_SFI_All_MobileResponse - Navigation started
17:00:41.421 [main] INFO  testCases.TC_001_SFI_All_MobileResponse - Login details Entered
17:00:41.512 [main] INFO  testCases.TC_001_SFI_All_MobileResponse - Chat bot Logged In
17:00:56.518 [main] INFO  testCases.TC_001_SFI_All_MobileResponse - Hard wait for 15 secs
17:01:05.427 [main] INFO  testCases.TC_001_SFI_All_MobileResponse - clear all button clicked on listbox
17:01:05.760 [main] INFO  testCases.TC_001_SFI_All_MobileResponse - Build Name entered in List Box
17:01:08.767 [main] INFO  testCases.TC_001_SFI_All_MobileResponse - Waited for 3 secs
17:01:08.848 [main] INFO  testCases.TC_001_SFI_All_MobileResponse - Enter Key applied on ListBox
17:01:09.853 [main] INFO  testCases.TC_001_SFI_All_MobileResponse - Hard Wait for 1 sec
17:01:09.977 [main] INFO  testCases.TC_001_SFI_All_MobileResponse - clicked side bar Build button once
17:01:10.979 [main] INFO  testCases.TC_001_SFI_All_MobileResponse - Hard Wait for 1 sec
17:01:11.125 [main] INFO  testCases.TC_001_SFI_All_MobileResponse - clicked side bar Result
17:01:11.443 [main] INFO  testCases.TC_001_SFI_All_MobileResponse - Side Item Response clicked
17:01:11.558 [main] INFO  testCases.TC_001_SFI_All_MobileResponse - clicked refresh Response
17:01:11.644 [main] INFO  testCases.TC_001_SFI_All_MobileResponse - clicked refresh Response Again
17:01:14.783 [main] INFO  testCases.TC_001_SFI_All_MobileResponse - Clicked first Response
17:01:14.783 [main] INFO  testCases.TC_001_SFI_All_MobileResponse - Navigated to Build: SFAllMobile_Independent
17:26:39.785 [main] INFO  testCases.TC_001_SFI_All_MobileResponse - ******starting TC_001_SFI_All_MobileResponse ****
17:26:39.800 [main] INFO  testCases.TC_001_SFI_All_MobileResponse - Test Execution on Browser: chrome
17:26:39.803 [main] INFO  testCases.TC_001_SFI_All_MobileResponse - Excel file Utility instance created
17:26:41.551 [main] INFO  testCases.TC_001_SFI_All_MobileResponse - Row Count is: 1
17:26:41.770 [main] INFO  testCases.TC_001_SFI_All_MobileResponse - Col Count is: 49
17:26:41.771 [main] INFO  testCases.TC_001_SFI_All_MobileResponse - Extracting DataSheet Values started...
17:26:45.270 [main] INFO  testCases.TC_001_SFI_All_MobileResponse - Extracting DataSheet Values Completed...
17:26:50.277 [main] INFO  testCases.TC_001_SFI_All_MobileResponse - Navigation started
17:26:54.080 [main] INFO  testCases.TC_001_SFI_All_MobileResponse - Login details Entered
17:26:54.177 [main] INFO  testCases.TC_001_SFI_All_MobileResponse - Chat bot Logged In
17:27:09.188 [main] INFO  testCases.TC_001_SFI_All_MobileResponse - Hard wait for 15 secs
17:27:17.992 [main] INFO  testCases.TC_001_SFI_All_MobileResponse - clear all button clicked on listbox
17:27:18.384 [main] INFO  testCases.TC_001_SFI_All_MobileResponse - Build Name entered in List Box
17:27:21.392 [main] INFO  testCases.TC_001_SFI_All_MobileResponse - Waited for 3 secs
17:27:21.543 [main] INFO  testCases.TC_001_SFI_All_MobileResponse - Enter Key applied on ListBox
17:27:22.545 [main] INFO  testCases.TC_001_SFI_All_MobileResponse - Hard Wait for 1 sec
17:27:22.667 [main] INFO  testCases.TC_001_SFI_All_MobileResponse - clicked side bar Build button once
17:27:23.671 [main] INFO  testCases.TC_001_SFI_All_MobileResponse - Hard Wait for 1 sec
17:27:23.823 [main] INFO  testCases.TC_001_SFI_All_MobileResponse - clicked side bar Result
17:27:24.164 [main] INFO  testCases.TC_001_SFI_All_MobileResponse - Side Item Response clicked
17:27:24.280 [main] INFO  testCases.TC_001_SFI_All_MobileResponse - clicked refresh Response
17:27:24.366 [main] INFO  testCases.TC_001_SFI_All_MobileResponse - clicked refresh Response Again
17:27:27.502 [main] INFO  testCases.TC_001_SFI_All_MobileResponse - Clicked first Response
17:27:27.502 [main] INFO  testCases.TC_001_SFI_All_MobileResponse - Navigated to Build: SFAllMobile_Independent
17:27:29.618 [main] INFO  testCases.TC_001_SFI_All_MobileResponse - Message Control Header Expected Value:Hi, Welcome to chat bot..! Actual Value: Hi, Welcome to chat bot..!
17:27:29.618 [main] INFO  testCases.TC_001_SFI_All_MobileResponse - Message Control Header Passed : Actual Value is: Hi, Welcome to chat bot..!Expected Value is: Hi, Welcome to chat bot..!
17:27:32.150 [main] INFO  testCases.TC_001_SFI_All_MobileResponse - MultiChoice Control Question Expected Value:Select an option..! Actual Value: Select an option..!
17:27:32.150 [main] INFO  testCases.TC_001_SFI_All_MobileResponse - MultiChoice Control Question Passed : Actual Value is: Select an option..!Expected Value is: Select an option..!
17:27:33.587 [main] INFO  testCases.TC_001_SFI_All_MobileResponse - MultiChoice Control Answer Expected Value:DisAgree Actual Value: DisAgree
17:27:33.587 [main] INFO  testCases.TC_001_SFI_All_MobileResponse - MultiChoice Control Answer Passed : Actual Value is: DisAgreeExpected Value is: DisAgree
17:27:36.049 [main] INFO  testCases.TC_001_SFI_All_MobileResponse - Text Question Control Question Expected Value:Please type an answer ..! Actual Value: Please type an answer ..!
17:27:36.049 [main] INFO  testCases.TC_001_SFI_All_MobileResponse - Text Question Control Question Passed : Actual Value is: Please type an answer ..!Expected Value is: Please type an answer ..!
17:27:37.464 [main] INFO  testCases.TC_001_SFI_All_MobileResponse - Text Question Control Answer Expected Value:Welcome to Automation...! Actual Value: Welcome to Automation...!
17:27:37.464 [main] INFO  testCases.TC_001_SFI_All_MobileResponse - Text Question Control Answer Passed : Actual Value is: Welcome to Automation...!Expected Value is: Welcome to Automation...!
17:27:39.898 [main] INFO  testCases.TC_001_SFI_All_MobileResponse - Email Control Question Expected Value:What is your email address? Actual Value: What is your email address?
17:27:39.898 [main] INFO  testCases.TC_001_SFI_All_MobileResponse - Email Control Question Passed : Actual Value is: What is your email address?Expected Value is: What is your email address?
17:27:41.331 [main] INFO  testCases.TC_001_SFI_All_MobileResponse - Email Control Answer Expected Value:sudhakar@rsoft.in Actual Value: sudhakar@rsoft.in
17:27:41.331 [main] INFO  testCases.TC_001_SFI_All_MobileResponse - Email Control Answer Passed : Actual Value is: sudhakar@rsoft.inExpected Value is: sudhakar@rsoft.in
17:27:43.859 [main] INFO  testCases.TC_001_SFI_All_MobileResponse - Phone Number Control Question Expected Value:Please type your phone number Actual Value: Please type your phone number
17:27:43.859 [main] INFO  testCases.TC_001_SFI_All_MobileResponse - Phone Number Control Question Passed : Actual Value is: Please type your phone numberExpected Value is: Please type your phone number
17:27:45.313 [main] INFO  testCases.TC_001_SFI_All_MobileResponse - Phone Number Control Answer Expected Value:+91 1234567890 Actual Value: +91 1234567890
17:27:45.313 [main] INFO  testCases.TC_001_SFI_All_MobileResponse - Phone Number Control Answer Passed : Actual Value is: +91 1234567890Expected Value is: +91 1234567890
17:27:47.766 [main] INFO  testCases.TC_001_SFI_All_MobileResponse - Appointment Control Question Expected Value:Book an appointment / meeting Actual Value: Book an appointment / meeting
17:27:47.766 [main] INFO  testCases.TC_001_SFI_All_MobileResponse - Appointment Control Question Passed : Actual Value is: Book an appointment / meetingExpected Value is: Book an appointment / meeting
17:27:49.192 [main] INFO  testCases.TC_001_SFI_All_MobileResponse - Appointment Control Answer Expected Value:Appointment Date : 01/11/2023, Time : [ 09:45 AM to 09:49 AM ] Actual Value: Appointment Date : 01/11/2023, Time : [ 09:40 AM to 09:44 AM ]
17:27:49.193 [main] INFO  testCases.TC_001_SFI_All_MobileResponse - Appointment Control Answer Failed : Actual Value is: Appointment Date : 01/11/2023, Time : [ 09:40 AM to 09:44 AM ]Expected Value is: Appointment Date : 01/11/2023, Time : [ 09:45 AM to 09:49 AM ]
17:27:51.630 [main] INFO  testCases.TC_001_SFI_All_MobileResponse - MultiSelect Control Question Expected Value:Select your choices..! Actual Value: Select your choices..!
17:27:51.630 [main] INFO  testCases.TC_001_SFI_All_MobileResponse - MultiSelect Control Question Passed : Actual Value is: Select your choices..!Expected Value is: Select your choices..!
17:27:53.009 [main] INFO  testCases.TC_001_SFI_All_MobileResponse - MultiSelect Control Answer Expected Value:DisAgree, Agree, Strongly Agree Actual Value: DisAgree, Agree, Strongly Agree
17:27:53.009 [main] INFO  testCases.TC_001_SFI_All_MobileResponse - MultiSelect Control Answer Passed : Actual Value is: DisAgree, Agree, Strongly AgreeExpected Value is: DisAgree, Agree, Strongly Agree
17:27:55.445 [main] INFO  testCases.TC_001_SFI_All_MobileResponse - List Control Question Expected Value:Type and select your answer..! Actual Value: Type and select your answer..!
17:27:55.446 [main] INFO  testCases.TC_001_SFI_All_MobileResponse - List Control Question Passed : Actual Value is: Type and select your answer..!Expected Value is: Type and select your answer..!
17:27:56.862 [main] INFO  testCases.TC_001_SFI_All_MobileResponse - List Control Values Expected Value:Sample Option 2 Actual Value: Sample Option 2
17:27:56.862 [main] INFO  testCases.TC_001_SFI_All_MobileResponse - List Control Values Passed : Actual Value is: Sample Option 2Expected Value is: Sample Option 2
17:27:59.286 [main] INFO  testCases.TC_001_SFI_All_MobileResponse - Number Control Question Expected Value:Enter the Number? Actual Value: Enter the Number?
17:27:59.286 [main] INFO  testCases.TC_001_SFI_All_MobileResponse - Number Control Question Passed : Actual Value is: Enter the Number?Expected Value is: Enter the Number?
17:28:00.770 [main] INFO  testCases.TC_001_SFI_All_MobileResponse - Number Control Answer Expected Value:1234567890 Actual Value: 1234567890
17:28:00.770 [main] INFO  testCases.TC_001_SFI_All_MobileResponse - Number Control Answer Passed : Actual Value is: 1234567890Expected Value is: 1234567890
17:28:03.186 [main] INFO  testCases.TC_001_SFI_All_MobileResponse - Range Control Question Expected Value:Select a range Actual Value: Select a range
17:28:03.186 [main] INFO  testCases.TC_001_SFI_All_MobileResponse - Range Control Question Passed : Actual Value is: Select a rangeExpected Value is: Select a range
17:28:04.605 [main] INFO  testCases.TC_001_SFI_All_MobileResponse - Range Control Answer Expected Value:50 Actual Value: 50
17:28:04.606 [main] INFO  testCases.TC_001_SFI_All_MobileResponse - Range Control Answer Passed : Actual Value is: 50Expected Value is: 50
17:28:07.081 [main] INFO  testCases.TC_001_SFI_All_MobileResponse - Rating Control Question Expected Value:How was your experience? Actual Value: How was your experience?
17:28:07.081 [main] INFO  testCases.TC_001_SFI_All_MobileResponse - Rating Control Question Passed : Actual Value is: How was your experience?Expected Value is: How was your experience?
17:28:08.542 [main] INFO  testCases.TC_001_SFI_All_MobileResponse - Rating Control Answer Expected Value:Terrible Actual Value: Terrible
17:28:08.542 [main] INFO  testCases.TC_001_SFI_All_MobileResponse - Rating Control Answer Passed : Actual Value is: TerribleExpected Value is: Terrible
17:28:10.982 [main] INFO  testCases.TC_001_SFI_All_MobileResponse - Opinion Scale Control Question Expected Value:Choose a number? Actual Value: Choose a number?
17:28:10.982 [main] INFO  testCases.TC_001_SFI_All_MobileResponse - Opinion Scale Control Question Passed : Actual Value is: Choose a number?Expected Value is: Choose a number?
17:28:12.399 [main] INFO  testCases.TC_001_SFI_All_MobileResponse - Opinion Scale Control Answer Expected Value:9 Actual Value: 9
17:28:12.399 [main] INFO  testCases.TC_001_SFI_All_MobileResponse - Opinion Scale Control Answer Passed : Actual Value is: 9Expected Value is: 9
17:28:14.846 [main] INFO  testCases.TC_001_SFI_All_MobileResponse - Date Control Question Expected Value:Select a date Actual Value: Select a date
17:28:14.846 [main] INFO  testCases.TC_001_SFI_All_MobileResponse - Date Control Question Passed : Actual Value is: Select a dateExpected Value is: Select a date
17:28:16.238 [main] INFO  testCases.TC_001_SFI_All_MobileResponse - Date Control Answer Expected Value: Actual Value: 01/11/2023
17:28:16.238 [main] INFO  testCases.TC_001_SFI_All_MobileResponse - Date Control Answer Failed : Actual Value is: 01/11/2023Expected Value is: 
17:28:18.676 [main] INFO  testCases.TC_001_SFI_All_MobileResponse - Link Control Question Expected Value:Please contact us Actual Value: Please contact us
17:28:18.676 [main] INFO  testCases.TC_001_SFI_All_MobileResponse - Link Control Question Passed : Actual Value is: Please contact usExpected Value is: Please contact us
17:28:21.147 [main] INFO  testCases.TC_001_SFI_All_MobileResponse - Thank You Control Question Expected Value:Nice chatting with you Actual Value: Nice chatting with you
17:28:21.147 [main] INFO  testCases.TC_001_SFI_All_MobileResponse - Thank You Control Question Passed : Actual Value is: Nice chatting with youExpected Value is: Nice chatting with you
17:28:23.582 [main] INFO  testCases.TC_001_SFI_All_MobileResponse - Picture Message Control Question Expected Value:Select the picture…! Actual Value: Select the picture…!
17:28:23.582 [main] INFO  testCases.TC_001_SFI_All_MobileResponse - Picture Message Control Question Passed : Actual Value is: Select the picture…!Expected Value is: Select the picture…!
17:28:25.044 [main] INFO  testCases.TC_001_SFI_All_MobileResponse - Picture Message Control Answer Expected Value:PictureMessage Actual Value: PictureMessage
17:28:25.044 [main] INFO  testCases.TC_001_SFI_All_MobileResponse - Picture Message Control Answer Passed : Actual Value is: PictureMessageExpected Value is: PictureMessage
17:28:27.590 [main] INFO  testCases.TC_001_SFI_All_MobileResponse - Yes or No Control Question Expected Value:Select Yes or No..? Actual Value: Select Yes or No..?
17:28:27.590 [main] INFO  testCases.TC_001_SFI_All_MobileResponse - Yes or No Control Question Passed : Actual Value is: Select Yes or No..?Expected Value is: Select Yes or No..?
17:28:29.006 [main] INFO  testCases.TC_001_SFI_All_MobileResponse - Yes or No Control Answer Expected Value:Yes Actual Value: Yes
17:28:29.006 [main] INFO  testCases.TC_001_SFI_All_MobileResponse - Yes or No Control Answer Passed : Actual Value is: YesExpected Value is: Yes
17:28:31.529 [main] INFO  testCases.TC_001_SFI_All_MobileResponse - Agreement Control Question Expected Value:Terms and Conditions..! Actual Value: Terms and Conditions..!
17:28:31.529 [main] INFO  testCases.TC_001_SFI_All_MobileResponse - Agreement Control Question Passed : Actual Value is: Terms and Conditions..!Expected Value is: Terms and Conditions..!
17:28:33.675 [main] INFO  testCases.TC_001_SFI_All_MobileResponse - Agreement Control Answer Expected Value:Accepted Actual Value: Accepted
17:28:33.675 [main] INFO  testCases.TC_001_SFI_All_MobileResponse - Agreement Control Answer Passed : Actual Value is: AcceptedExpected Value is: Accepted
17:28:36.242 [main] INFO  testCases.TC_001_SFI_All_MobileResponse - Rank Matrix Control Question Expected Value:Choice the value..! Actual Value: Choose the value..!
17:28:36.243 [main] INFO  testCases.TC_001_SFI_All_MobileResponse - Rank Matrix Control Question Failed : Actual Value is: Choose the value..!Expected Value is: Choice the value..!
17:28:37.877 [main] INFO  testCases.TC_001_SFI_All_MobileResponse - Rank Matrix Values Passed : Actual Value is: 159Expected Value is: 159
17:31:02.468 [main] INFO  testCases.TC_001_SFI_All_Mobile - ******starting TC_001_SFI_All_Mobile ****
17:31:02.475 [main] INFO  testCases.TC_001_SFI_All_Mobile - Test Execution on Browser: chrome
17:31:02.480 [main] INFO  testCases.TC_001_SFI_All_Mobile - Excel file Utility instance created
17:31:03.756 [main] INFO  testCases.TC_001_SFI_All_Mobile - Row Count is: 1
17:31:03.927 [main] INFO  testCases.TC_001_SFI_All_Mobile - Col Count is: 49
17:31:03.930 [main] INFO  testCases.TC_001_SFI_All_Mobile - Extracting DataSheet Values started...
17:31:05.901 [main] INFO  testCases.TC_001_SFI_All_Mobile - Extracting DataSheet Values Completed...
17:31:08.794 [main] INFO  testCases.TC_001_SFI_All_Mobile - Survey Form Url Launched..
17:31:13.758 [main] INFO  testCases.TC_001_SFI_All_MobileResponse - ******starting TC_001_SFI_All_MobileResponse ****
17:31:13.758 [main] INFO  testCases.TC_001_SFI_All_MobileResponse - Test Execution on Browser: chrome
17:31:13.758 [main] INFO  testCases.TC_001_SFI_All_MobileResponse - Excel file Utility instance created
17:31:13.809 [main] INFO  testCases.TC_001_SFI_All_MobileResponse - Row Count is: 1
17:31:13.868 [main] INFO  testCases.TC_001_SFI_All_MobileResponse - Col Count is: 49
17:31:13.868 [main] INFO  testCases.TC_001_SFI_All_MobileResponse - Extracting DataSheet Values started...
17:31:15.425 [main] INFO  testCases.TC_001_SFI_All_MobileResponse - Extracting DataSheet Values Completed...
17:31:20.428 [main] INFO  testCases.TC_001_SFI_All_MobileResponse - Navigation started
17:31:23.598 [main] INFO  testCases.TC_001_SFI_All_MobileResponse - Login details Entered
17:31:23.690 [main] INFO  testCases.TC_001_SFI_All_MobileResponse - Chat bot Logged In
17:32:10.060 [main] INFO  testCases.TC_001_SFI_All_Mobile - ******starting TC_001_SFI_All_Mobile ****
17:32:10.065 [main] INFO  testCases.TC_001_SFI_All_Mobile - Test Execution on Browser: chrome
17:32:10.068 [main] INFO  testCases.TC_001_SFI_All_Mobile - Excel file Utility instance created
17:32:11.294 [main] INFO  testCases.TC_001_SFI_All_Mobile - Row Count is: 1
17:32:11.398 [main] INFO  testCases.TC_001_SFI_All_Mobile - Col Count is: 49
17:32:11.398 [main] INFO  testCases.TC_001_SFI_All_Mobile - Extracting DataSheet Values started...
17:32:13.235 [main] INFO  testCases.TC_001_SFI_All_Mobile - Extracting DataSheet Values Completed...
17:32:16.373 [main] INFO  testCases.TC_001_SFI_All_Mobile - Survey Form Url Launched..
17:32:21.132 [main] INFO  testCases.TC_001_SFI_All_MobileResponse - ******starting TC_001_SFI_All_MobileResponse ****
17:32:21.132 [main] INFO  testCases.TC_001_SFI_All_MobileResponse - Test Execution on Browser: chrome
17:32:21.132 [main] INFO  testCases.TC_001_SFI_All_MobileResponse - Excel file Utility instance created
17:32:21.184 [main] INFO  testCases.TC_001_SFI_All_MobileResponse - Row Count is: 1
17:32:21.225 [main] INFO  testCases.TC_001_SFI_All_MobileResponse - Col Count is: 49
17:32:21.225 [main] INFO  testCases.TC_001_SFI_All_MobileResponse - Extracting DataSheet Values started...
17:32:22.401 [main] INFO  testCases.TC_001_SFI_All_MobileResponse - Extracting DataSheet Values Completed...
17:32:27.402 [main] INFO  testCases.TC_001_SFI_All_MobileResponse - Navigation started
17:32:30.822 [main] INFO  testCases.TC_001_SFI_All_MobileResponse - Login details Entered
17:32:30.916 [main] INFO  testCases.TC_001_SFI_All_MobileResponse - Chat bot Logged In
17:42:47.996 [main] INFO  testCases.TC_001_SFI_All_Mobile - ******starting TC_001_SFI_All_Mobile ****
17:42:47.996 [main] INFO  testCases.TC_001_SFI_All_Mobile - Test Execution on Browser: chrome
17:42:47.996 [main] INFO  testCases.TC_001_SFI_All_Mobile - Excel file Utility instance created
17:42:49.235 [main] INFO  testCases.TC_001_SFI_All_Mobile - Row Count is: 1
17:42:49.329 [main] INFO  testCases.TC_001_SFI_All_Mobile - Col Count is: 49
17:42:49.329 [main] INFO  testCases.TC_001_SFI_All_Mobile - Extracting DataSheet Values started...
17:42:51.230 [main] INFO  testCases.TC_001_SFI_All_Mobile - Extracting DataSheet Values Completed...
17:42:54.622 [main] INFO  testCases.TC_001_SFI_All_Mobile - Survey Form Url Launched..
17:42:59.210 [main] INFO  testCases.TC_001_SFI_All_MobileResponse - ******starting TC_001_SFI_All_MobileResponse ****
17:42:59.210 [main] INFO  testCases.TC_001_SFI_All_MobileResponse - Test Execution on Browser: chrome
17:42:59.210 [main] INFO  testCases.TC_001_SFI_All_MobileResponse - Excel file Utility instance created
17:42:59.288 [main] INFO  testCases.TC_001_SFI_All_MobileResponse - Row Count is: 1
17:42:59.336 [main] INFO  testCases.TC_001_SFI_All_MobileResponse - Col Count is: 49
17:42:59.336 [main] INFO  testCases.TC_001_SFI_All_MobileResponse - Extracting DataSheet Values started...
17:43:00.703 [main] INFO  testCases.TC_001_SFI_All_MobileResponse - Extracting DataSheet Values Completed...
17:43:05.725 [main] INFO  testCases.TC_001_SFI_All_MobileResponse - Navigation started
17:43:08.851 [main] INFO  testCases.TC_001_SFI_All_MobileResponse - Login details Entered
17:43:08.938 [main] INFO  testCases.TC_001_SFI_All_MobileResponse - Chat bot Logged In
17:43:23.953 [main] INFO  testCases.TC_001_SFI_All_MobileResponse - Hard wait for 15 secs
17:43:32.419 [main] INFO  testCases.TC_001_SFI_All_MobileResponse - clear all button clicked on listbox
17:43:32.936 [main] INFO  testCases.TC_001_SFI_All_MobileResponse - Build Name entered in List Box
17:43:35.944 [main] INFO  testCases.TC_001_SFI_All_MobileResponse - Waited for 3 secs
17:43:36.014 [main] INFO  testCases.TC_001_SFI_All_MobileResponse - Enter Key applied on ListBox
17:43:37.020 [main] INFO  testCases.TC_001_SFI_All_MobileResponse - Hard Wait for 1 sec
17:43:37.134 [main] INFO  testCases.TC_001_SFI_All_MobileResponse - clicked side bar Build button once
17:43:38.139 [main] INFO  testCases.TC_001_SFI_All_MobileResponse - Hard Wait for 1 sec
17:43:38.287 [main] INFO  testCases.TC_001_SFI_All_MobileResponse - clicked side bar Result
17:43:38.607 [main] INFO  testCases.TC_001_SFI_All_MobileResponse - Side Item Response clicked
17:43:38.713 [main] INFO  testCases.TC_001_SFI_All_MobileResponse - clicked refresh Response
17:43:38.790 [main] INFO  testCases.TC_001_SFI_All_MobileResponse - clicked refresh Response Again
17:43:41.905 [main] INFO  testCases.TC_001_SFI_All_MobileResponse - Clicked first Response
17:43:41.905 [main] INFO  testCases.TC_001_SFI_All_MobileResponse - Navigated to Build: SFAllMobile_Independent
17:43:43.997 [main] INFO  testCases.TC_001_SFI_All_MobileResponse - Message Control Header Expected Value:Hi, Welcome to chat bot..! Actual Value: Hi, Welcome to chat bot..!
17:43:43.998 [main] INFO  testCases.TC_001_SFI_All_MobileResponse - Message Control Header Passed : Actual Value is: Hi, Welcome to chat bot..!Expected Value is: Hi, Welcome to chat bot..!
17:43:46.451 [main] INFO  testCases.TC_001_SFI_All_MobileResponse - MultiChoice Control Question Expected Value:Select an option..! Actual Value: Select an option..!
17:43:46.452 [main] INFO  testCases.TC_001_SFI_All_MobileResponse - MultiChoice Control Question Passed : Actual Value is: Select an option..!Expected Value is: Select an option..!
17:43:47.897 [main] INFO  testCases.TC_001_SFI_All_MobileResponse - MultiChoice Control Answer Expected Value:DisAgree Actual Value: DisAgree
17:43:47.898 [main] INFO  testCases.TC_001_SFI_All_MobileResponse - MultiChoice Control Answer Passed : Actual Value is: DisAgreeExpected Value is: DisAgree
17:43:50.353 [main] INFO  testCases.TC_001_SFI_All_MobileResponse - Text Question Control Question Expected Value:Please type an answer ..! Actual Value: Please type an answer ..!
17:43:50.354 [main] INFO  testCases.TC_001_SFI_All_MobileResponse - Text Question Control Question Passed : Actual Value is: Please type an answer ..!Expected Value is: Please type an answer ..!
17:43:51.771 [main] INFO  testCases.TC_001_SFI_All_MobileResponse - Text Question Control Answer Expected Value:Welcome to Automation...! Actual Value: Welcome to Automation...!
17:43:51.772 [main] INFO  testCases.TC_001_SFI_All_MobileResponse - Text Question Control Answer Passed : Actual Value is: Welcome to Automation...!Expected Value is: Welcome to Automation...!
17:43:54.239 [main] INFO  testCases.TC_001_SFI_All_MobileResponse - Email Control Question Expected Value:What is your email address? Actual Value: What is your email address?
17:43:54.240 [main] INFO  testCases.TC_001_SFI_All_MobileResponse - Email Control Question Passed : Actual Value is: What is your email address?Expected Value is: What is your email address?
17:43:55.631 [main] INFO  testCases.TC_001_SFI_All_MobileResponse - Email Control Answer Expected Value:sudhakar@rsoft.in Actual Value: sudhakar@rsoft.in
17:43:55.632 [main] INFO  testCases.TC_001_SFI_All_MobileResponse - Email Control Answer Passed : Actual Value is: sudhakar@rsoft.inExpected Value is: sudhakar@rsoft.in
17:43:58.048 [main] INFO  testCases.TC_001_SFI_All_MobileResponse - Phone Number Control Question Expected Value:Please type your phone number Actual Value: Please type your phone number
17:43:58.048 [main] INFO  testCases.TC_001_SFI_All_MobileResponse - Phone Number Control Question Passed : Actual Value is: Please type your phone numberExpected Value is: Please type your phone number
17:43:59.585 [main] INFO  testCases.TC_001_SFI_All_MobileResponse - Phone Number Control Answer Expected Value:+91 1234567890 Actual Value: +91 1234567890
17:43:59.585 [main] INFO  testCases.TC_001_SFI_All_MobileResponse - Phone Number Control Answer Passed : Actual Value is: +91 1234567890Expected Value is: +91 1234567890
17:44:02.514 [main] INFO  testCases.TC_001_SFI_All_MobileResponse - Appointment Control Question Expected Value:Book an appointment / meeting Actual Value: Book an appointment / meeting
17:44:02.514 [main] INFO  testCases.TC_001_SFI_All_MobileResponse - Appointment Control Question Passed : Actual Value is: Book an appointment / meetingExpected Value is: Book an appointment / meeting
17:44:04.011 [main] INFO  testCases.TC_001_SFI_All_MobileResponse - Appointment Control Answer Expected Value:Appointment Date : 01/11/2023, Time : [ 09:45 AM to 09:49 AM ] Actual Value: Appointment Date : 01/11/2023, Time : [ 09:40 AM to 09:44 AM ]
17:44:04.011 [main] INFO  testCases.TC_001_SFI_All_MobileResponse - Appointment Control Answer Failed : Actual Value is: Appointment Date : 01/11/2023, Time : [ 09:40 AM to 09:44 AM ]Expected Value is: Appointment Date : 01/11/2023, Time : [ 09:45 AM to 09:49 AM ]
17:44:06.411 [main] INFO  testCases.TC_001_SFI_All_MobileResponse - MultiSelect Control Question Expected Value:Select your choices..! Actual Value: Select your choices..!
17:44:06.411 [main] INFO  testCases.TC_001_SFI_All_MobileResponse - MultiSelect Control Question Passed : Actual Value is: Select your choices..!Expected Value is: Select your choices..!
17:44:07.810 [main] INFO  testCases.TC_001_SFI_All_MobileResponse - MultiSelect Control Answer Expected Value:DisAgree, Agree, Strongly Agree Actual Value: DisAgree, Agree, Strongly Agree
17:44:07.811 [main] INFO  testCases.TC_001_SFI_All_MobileResponse - MultiSelect Control Answer Passed : Actual Value is: DisAgree, Agree, Strongly AgreeExpected Value is: DisAgree, Agree, Strongly Agree
17:44:10.249 [main] INFO  testCases.TC_001_SFI_All_MobileResponse - List Control Question Expected Value:Type and select your answer..! Actual Value: Type and select your answer..!
17:44:10.249 [main] INFO  testCases.TC_001_SFI_All_MobileResponse - List Control Question Passed : Actual Value is: Type and select your answer..!Expected Value is: Type and select your answer..!
17:44:11.696 [main] INFO  testCases.TC_001_SFI_All_MobileResponse - List Control Values Expected Value:Sample Option 2 Actual Value: Sample Option 2
17:44:11.697 [main] INFO  testCases.TC_001_SFI_All_MobileResponse - List Control Values Passed : Actual Value is: Sample Option 2Expected Value is: Sample Option 2
17:44:14.176 [main] INFO  testCases.TC_001_SFI_All_MobileResponse - Number Control Question Expected Value:Enter the Number? Actual Value: Enter the Number?
17:44:14.177 [main] INFO  testCases.TC_001_SFI_All_MobileResponse - Number Control Question Passed : Actual Value is: Enter the Number?Expected Value is: Enter the Number?
17:44:15.572 [main] INFO  testCases.TC_001_SFI_All_MobileResponse - Number Control Answer Expected Value:1234567890 Actual Value: 1234567890
17:44:15.572 [main] INFO  testCases.TC_001_SFI_All_MobileResponse - Number Control Answer Passed : Actual Value is: 1234567890Expected Value is: 1234567890
17:44:18.047 [main] INFO  testCases.TC_001_SFI_All_MobileResponse - Range Control Question Expected Value:Select a range Actual Value: Select a range
17:44:18.047 [main] INFO  testCases.TC_001_SFI_All_MobileResponse - Range Control Question Passed : Actual Value is: Select a rangeExpected Value is: Select a range
17:44:19.487 [main] INFO  testCases.TC_001_SFI_All_MobileResponse - Range Control Answer Expected Value:50 Actual Value: 50
17:44:19.488 [main] INFO  testCases.TC_001_SFI_All_MobileResponse - Range Control Answer Passed : Actual Value is: 50Expected Value is: 50
17:44:21.933 [main] INFO  testCases.TC_001_SFI_All_MobileResponse - Rating Control Question Expected Value:How was your experience? Actual Value: How was your experience?
17:44:21.934 [main] INFO  testCases.TC_001_SFI_All_MobileResponse - Rating Control Question Passed : Actual Value is: How was your experience?Expected Value is: How was your experience?
17:44:23.337 [main] INFO  testCases.TC_001_SFI_All_MobileResponse - Rating Control Answer Expected Value:Terrible Actual Value: Terrible
17:44:23.338 [main] INFO  testCases.TC_001_SFI_All_MobileResponse - Rating Control Answer Passed : Actual Value is: TerribleExpected Value is: Terrible
