17:50:34.966 [main] INFO  testCases.TC_002_SFS_All_Mobile - Phone Number Entered
17:50:36.201 [main] INFO  utilities.SurveyFormReUsables - Appointment Control Title Passed : Actual Value is: Book an appointment / meetingExpected Value is: Book an appointment / meeting
17:50:37.208 [main] INFO  pageObjects.Android.SectionControlsPage - Appointment Control Title Validation with Expected: Book an appointment / meeting and Actual is:  Book an appointment / meeting 
17:50:38.711 [main] INFO  testCases.TC_002_SFS_All_Mobile - Appointment button Clicked
17:51:03.742 [main] INFO  testCases.TC_002_SFS_All_Mobile - Appointment Updated to Datasheet
17:51:05.196 [main] INFO  testCases.TC_002_SFS_All_Mobile - Appointment Time Captured in Expected Value
17:51:08.552 [main] INFO  utilities.SurveyFormReUsables - MultiSelect Control Title Passed : Actual Value is: Select your choices..!Expected Value is: Select your choices..!
17:51:09.571 [main] INFO  pageObjects.Android.SectionControlsPage - MultiSelect Control Title Validation with Expected: Select your choices..! and Actual is:  Select your choices..! 
17:51:15.298 [main] INFO  testCases.TC_002_SFS_All_MobileResponse - ******starting TC_002_SFS_All_MobileResponse ****
17:51:15.300 [main] INFO  testCases.TC_002_SFS_All_MobileResponse - Test Execution on Browser: chrome
17:51:15.300 [main] INFO  testCases.TC_002_SFS_All_MobileResponse - Excel file Utility instance created
17:51:15.344 [main] INFO  testCases.TC_002_SFS_All_MobileResponse - Row Count is: 1
17:51:15.377 [main] INFO  testCases.TC_002_SFS_All_MobileResponse - Col Count is: 50
17:51:15.377 [main] INFO  testCases.TC_002_SFS_All_MobileResponse - Extracting DataSheet Values started...
17:51:16.340 [main] INFO  testCases.TC_002_SFS_All_MobileResponse - Extracting DataSheet Values Completed...
17:51:21.355 [main] INFO  testCases.TC_002_SFS_All_MobileResponse - Navigation started
17:51:24.640 [main] INFO  testCases.TC_002_SFS_All_MobileResponse - Login details Entered
17:51:24.742 [main] INFO  testCases.TC_002_SFS_All_MobileResponse - Chat bot Logged In
17:51:39.747 [main] INFO  testCases.TC_002_SFS_All_MobileResponse - Hard wait for 15 secs
17:51:48.436 [main] INFO  testCases.TC_002_SFS_All_MobileResponse - clear all button clicked on listbox
17:51:48.878 [main] INFO  testCases.TC_002_SFS_All_MobileResponse - Build Name entered in List Box
17:51:51.893 [main] INFO  testCases.TC_002_SFS_All_MobileResponse - Waited for 3 secs
17:51:51.987 [main] INFO  testCases.TC_002_SFS_All_MobileResponse - Enter Key applied on ListBox
17:51:53.001 [main] INFO  testCases.TC_002_SFS_All_MobileResponse - Hard Wait for 1 sec
17:51:53.119 [main] INFO  testCases.TC_002_SFS_All_MobileResponse - clicked side bar Build button once
17:51:54.125 [main] INFO  testCases.TC_002_SFS_All_MobileResponse - Hard Wait for 1 sec
17:51:54.256 [main] INFO  testCases.TC_002_SFS_All_MobileResponse - clicked side bar Result
17:51:54.612 [main] INFO  testCases.TC_002_SFS_All_MobileResponse - Side Item Response clicked
17:51:54.796 [main] INFO  testCases.TC_002_SFS_All_MobileResponse - clicked refresh Response
17:51:54.892 [main] INFO  testCases.TC_002_SFS_All_MobileResponse - clicked refresh Response Again
17:51:57.995 [main] INFO  testCases.TC_002_SFS_All_MobileResponse - Clicked first Response
17:51:57.996 [main] INFO  testCases.TC_002_SFS_All_MobileResponse - Navigated to Build: SFAllMobile_Section
17:51:59.007 [main] INFO  testCases.TC_002_SFS_All_MobileResponse - Section Title in Response : 1) Section Title..!
17:52:00.133 [main] INFO  utilities.SurveyFormReUsables - Message Title in Response Expected Value:Hi, Welcome to Survey form...! Actual Value: Hi, Welcome to chat bot..!
17:52:00.133 [main] INFO  utilities.SurveyFormReUsables - Message Title in Response Failed : Actual Value is: Hi, Welcome to chat bot..!Expected Value is: Hi, Welcome to Survey form...!
17:52:02.800 [main] INFO  utilities.SurveyFormReUsables - Multi Choice Question in Response Expected Value:Select an option..! Actual Value: Select an option..!
17:52:02.800 [main] INFO  utilities.SurveyFormReUsables - Multi Choice Question in Response Passed : Actual Value is: Select an option..!Expected Value is: Select an option..!
17:52:04.173 [main] INFO  utilities.SurveyFormReUsables - Multi Choice Answer in Response Expected Value:Strongly DisAgree Actual Value: Strongly DisAgree
17:52:04.173 [main] INFO  utilities.SurveyFormReUsables - Multi Choice Answer in Response Passed : Actual Value is: Strongly DisAgreeExpected Value is: Strongly DisAgree
17:52:06.607 [main] INFO  utilities.SurveyFormReUsables - Text Question Control Question Expected Value:Please type an answer ..! Actual Value: Please type an answer ..!
17:52:06.608 [main] INFO  utilities.SurveyFormReUsables - Text Question Control Question Passed : Actual Value is: Please type an answer ..!Expected Value is: Please type an answer ..!
17:52:08.311 [main] INFO  utilities.SurveyFormReUsables - Text Question Control Answer Expected Value:Welcome to Automation...! Test execution of Survey form Controls within Section UI. Actual Value: Welcome to Automation...! Test execution of Survey form Controls within Section UI.
17:52:08.312 [main] INFO  utilities.SurveyFormReUsables - Text Question Control Answer Passed : Actual Value is: Welcome to Automation...! Test execution of Survey form Controls within Section UI.Expected Value is: Welcome to Automation...! Test execution of Survey form Controls within Section UI.
17:52:11.818 [main] INFO  utilities.SurveyFormReUsables - Email Control Question Expected Value:What is your email address? Actual Value: What is your email address?
17:52:11.818 [main] INFO  utilities.SurveyFormReUsables - Email Control Question Passed : Actual Value is: What is your email address?Expected Value is: What is your email address?
17:52:13.277 [main] INFO  utilities.SurveyFormReUsables - Email Control Answer Expected Value:sudhakar@rsoft.in Actual Value: sudhakar@rsoft.in
17:52:13.277 [main] INFO  utilities.SurveyFormReUsables - Email Control Answer Passed : Actual Value is: sudhakar@rsoft.inExpected Value is: sudhakar@rsoft.in
17:52:15.718 [main] INFO  utilities.SurveyFormReUsables - Phone Number Control Question Expected Value:Please type your phone number Actual Value: Please type your phone number
17:52:15.719 [main] INFO  utilities.SurveyFormReUsables - Phone Number Control Question Passed : Actual Value is: Please type your phone numberExpected Value is: Please type your phone number
17:52:17.162 [main] INFO  utilities.SurveyFormReUsables - Phone Number Control Answer Expected Value:+91 1234567890 Actual Value: +91 1234567890
17:52:17.162 [main] INFO  utilities.SurveyFormReUsables - Phone Number Control Answer Passed : Actual Value is: +91 1234567890Expected Value is: +91 1234567890
17:52:20.053 [main] INFO  utilities.SurveyFormReUsables - Appointment Control Question Expected Value:Book an appointment / meeting Actual Value: Book an appointment / meeting
17:52:20.053 [main] INFO  utilities.SurveyFormReUsables - Appointment Control Question Passed : Actual Value is: Book an appointment / meetingExpected Value is: Book an appointment / meeting
17:52:21.499 [main] INFO  utilities.SurveyFormReUsables - Appointment Control Answer Expected Value:Appointment Date : 02/11/2023, Time : [ 11:00 AM to 11:04 AM ] Actual Value: Appointment Date : 02/11/2023, Time : [ 09:25 AM to 09:29 AM ]
17:52:21.500 [main] INFO  utilities.SurveyFormReUsables - Appointment Control Answer Failed : Actual Value is: Appointment Date : 02/11/2023, Time : [ 09:25 AM to 09:29 AM ]Expected Value is: Appointment Date : 02/11/2023, Time : [ 11:00 AM to 11:04 AM ]
17:52:23.979 [main] INFO  utilities.SurveyFormReUsables - MultiChoice Control Question Expected Value:Select your choices..! Actual Value: Select your choices..!
17:52:23.980 [main] INFO  utilities.SurveyFormReUsables - MultiChoice Control Question Passed : Actual Value is: Select your choices..!Expected Value is: Select your choices..!
17:52:25.418 [main] INFO  utilities.SurveyFormReUsables - MultiChoice Control Answer Expected Value:DisAgree, Agree Actual Value: DisAgree, Agree
17:52:25.418 [main] INFO  utilities.SurveyFormReUsables - MultiChoice Control Answer Passed : Actual Value is: DisAgree, AgreeExpected Value is: DisAgree, Agree
17:52:46.735 [main] INFO  testCases.TC_002_SFS_All_Mobile - ******starting TC_004_SFAll_Section ****
17:52:46.743 [main] INFO  testCases.TC_002_SFS_All_Mobile - Test Execution on Browser: chrome
17:52:46.826 [main] INFO  testCases.TC_002_SFS_All_Mobile - Excel file Utility instance created
17:52:48.168 [main] INFO  testCases.TC_002_SFS_All_Mobile - Row Count is: 1
17:52:48.269 [main] INFO  testCases.TC_002_SFS_All_Mobile - Col Count is: 50
17:52:48.271 [main] INFO  testCases.TC_002_SFS_All_Mobile - Extracting DataSheet Values started...
17:52:50.132 [main] INFO  testCases.TC_002_SFS_All_Mobile - Extracting DataSheet Values Completed...
17:52:55.638 [main] INFO  testCases.TC_002_SFS_All_Mobile - Survey Form Section Controls Url Launched..
17:52:55.766 [main] INFO  utilities.SurveyFormReUsables - Section Title Passed : Actual Value is: Section Title..!Expected Value is: Section Title..!
17:52:56.772 [main] INFO  testCases.TC_002_SFS_All_Mobile - Section Title Validation done:  Section Title..! 
17:52:57.268 [main] INFO  utilities.SurveyFormReUsables - Message Control Title Failed : Actual Value is: Hi, Welcome to chat bot..!Expected Value is: Hi, Welcome to Survey form...!
17:52:58.276 [main] INFO  pageObjects.Android.SectionControlsPage - Message Control Title Validation with Expected: Hi, Welcome to Survey form...! and Actual is:  Hi, Welcome to chat bot..! 
17:52:58.682 [main] INFO  utilities.SurveyFormReUsables - MultiChoice Control Title Passed : Actual Value is: Select an option..!Expected Value is: Select an option..!
17:52:59.687 [main] INFO  pageObjects.Android.SectionControlsPage - MultiChoice Control Title Validation with Expected: Select an option..! and Actual is:  Select an option..! 
17:53:03.877 [main] INFO  utilities.UtilityCustomFunctions - [Strongly DisAgree] is selected in List
17:53:03.877 [main] INFO  testCases.TC_002_SFS_All_Mobile - MultiChoice Item Selected : Strongly DisAgree
17:53:05.533 [main] INFO  utilities.SurveyFormReUsables - TextQuestion Control Title Passed : Actual Value is: Please type an answer ..!Expected Value is: Please type an answer ..!
17:53:06.546 [main] INFO  pageObjects.Android.SectionControlsPage - TextQuestion Control Title Validation with Expected: Please type an answer ..! and Actual is:  Please type an answer ..! 
17:53:09.664 [main] INFO  testCases.TC_002_SFS_All_Mobile - Text Entered in TextAnswer Control
17:53:09.881 [main] INFO  utilities.SurveyFormReUsables - Email Control Title Passed : Actual Value is: What is your email address?Expected Value is: What is your email address?
17:53:10.886 [main] INFO  pageObjects.Android.SectionControlsPage - Email Control Title Validation with Expected: What is your email address? and Actual is:  What is your email address? 
17:53:13.193 [main] INFO  testCases.TC_002_SFS_All_Mobile - Email Id Entered
17:53:13.415 [main] INFO  utilities.SurveyFormReUsables - Phone Number Control Title Passed : Actual Value is: Please type your phone numberExpected Value is: Please type your phone number
17:53:14.424 [main] INFO  pageObjects.Android.SectionControlsPage - Phone Number Control Title Validation with Expected: Please type your phone number and Actual is:  Please type your phone number 
17:53:16.739 [main] INFO  testCases.TC_002_SFS_All_Mobile - Phone Number Entered
17:53:17.993 [main] INFO  utilities.SurveyFormReUsables - Appointment Control Title Passed : Actual Value is: Book an appointment / meetingExpected Value is: Book an appointment / meeting
17:53:18.995 [main] INFO  pageObjects.Android.SectionControlsPage - Appointment Control Title Validation with Expected: Book an appointment / meeting and Actual is:  Book an appointment / meeting 
17:53:20.414 [main] INFO  testCases.TC_002_SFS_All_Mobile - Appointment button Clicked
17:58:37.001 [main] INFO  testCases.TC_002_SFS_All_Mobile - ******starting TC_004_SFAll_Section ****
17:58:37.008 [main] INFO  testCases.TC_002_SFS_All_Mobile - Test Execution on Browser: chrome
17:58:37.071 [main] INFO  testCases.TC_002_SFS_All_Mobile - Excel file Utility instance created
17:58:38.379 [main] INFO  testCases.TC_002_SFS_All_Mobile - Row Count is: 1
17:58:38.483 [main] INFO  testCases.TC_002_SFS_All_Mobile - Col Count is: 50
17:58:38.486 [main] INFO  testCases.TC_002_SFS_All_Mobile - Extracting DataSheet Values started...
17:58:40.371 [main] INFO  testCases.TC_002_SFS_All_Mobile - Extracting DataSheet Values Completed...
17:58:43.642 [main] INFO  testCases.TC_002_SFS_All_Mobile - Survey Form Section Controls Url Launched..
17:58:46.211 [main] INFO  testCases.TC_002_SFS_All_MobileResponse - ******starting TC_002_SFS_All_MobileResponse ****
17:58:46.212 [main] INFO  testCases.TC_002_SFS_All_MobileResponse - Test Execution on Browser: chrome
17:58:46.212 [main] INFO  testCases.TC_002_SFS_All_MobileResponse - Excel file Utility instance created
17:58:46.248 [main] INFO  testCases.TC_002_SFS_All_MobileResponse - Row Count is: 1
17:58:46.300 [main] INFO  testCases.TC_002_SFS_All_MobileResponse - Col Count is: 50
17:58:46.300 [main] INFO  testCases.TC_002_SFS_All_MobileResponse - Extracting DataSheet Values started...
17:58:47.381 [main] INFO  testCases.TC_002_SFS_All_MobileResponse - Extracting DataSheet Values Completed...
17:58:52.396 [main] INFO  testCases.TC_002_SFS_All_MobileResponse - Navigation started
17:59:35.046 [main] INFO  testCases.TC_002_SFS_All_Mobile - ******starting TC_004_SFAll_Section ****
17:59:35.053 [main] INFO  testCases.TC_002_SFS_All_Mobile - Test Execution on Browser: chrome
17:59:35.103 [main] INFO  testCases.TC_002_SFS_All_Mobile - Excel file Utility instance created
17:59:36.358 [main] INFO  testCases.TC_002_SFS_All_Mobile - Row Count is: 1
17:59:36.454 [main] INFO  testCases.TC_002_SFS_All_Mobile - Col Count is: 50
17:59:36.455 [main] INFO  testCases.TC_002_SFS_All_Mobile - Extracting DataSheet Values started...
17:59:38.266 [main] INFO  testCases.TC_002_SFS_All_Mobile - Extracting DataSheet Values Completed...
17:59:45.160 [main] INFO  testCases.TC_002_SFS_All_Mobile - Survey Form Section Controls Url Launched..
17:59:47.988 [main] INFO  testCases.TC_002_SFS_All_MobileResponse - ******starting TC_002_SFS_All_MobileResponse ****
17:59:47.989 [main] INFO  testCases.TC_002_SFS_All_MobileResponse - Test Execution on Browser: chrome
17:59:47.989 [main] INFO  testCases.TC_002_SFS_All_MobileResponse - Excel file Utility instance created
17:59:48.131 [main] INFO  testCases.TC_002_SFS_All_MobileResponse - Row Count is: 1
17:59:48.238 [main] INFO  testCases.TC_002_SFS_All_MobileResponse - Col Count is: 50
17:59:48.238 [main] INFO  testCases.TC_002_SFS_All_MobileResponse - Extracting DataSheet Values started...
17:59:49.786 [main] INFO  testCases.TC_002_SFS_All_MobileResponse - Extracting DataSheet Values Completed...
18:01:14.003 [main] INFO  testCases.TC_002_SFS_All_Mobile - ******starting TC_004_SFAll_Section ****
18:01:14.010 [main] INFO  testCases.TC_002_SFS_All_Mobile - Test Execution on Browser: chrome
18:01:14.072 [main] INFO  testCases.TC_002_SFS_All_Mobile - Excel file Utility instance created
18:01:15.257 [main] INFO  testCases.TC_002_SFS_All_Mobile - Row Count is: 1
18:01:15.392 [main] INFO  testCases.TC_002_SFS_All_Mobile - Col Count is: 50
18:01:15.394 [main] INFO  testCases.TC_002_SFS_All_Mobile - Extracting DataSheet Values started...
18:01:17.079 [main] INFO  testCases.TC_002_SFS_All_Mobile - Extracting DataSheet Values Completed...
18:01:23.536 [main] INFO  testCases.TC_002_SFS_All_Mobile - Survey Form Section Controls Url Launched..
18:01:23.687 [main] INFO  utilities.SurveyFormReUsables - Section Title Passed : Actual Value is: Section Title..!Expected Value is: Section Title..!
18:01:24.700 [main] INFO  testCases.TC_002_SFS_All_Mobile - Section Title Validation done:  Section Title..! 
18:01:24.991 [main] INFO  utilities.SurveyFormReUsables - Message Control Title Failed : Actual Value is: Hi, Welcome to chat bot..!Expected Value is: Hi, Welcome to Survey form...!
18:01:26.000 [main] INFO  pageObjects.Android.SectionControlsPage - Message Control Title Validation with Expected: Hi, Welcome to Survey form...! and Actual is:  Hi, Welcome to chat bot..! 
18:01:26.383 [main] INFO  utilities.SurveyFormReUsables - MultiChoice Control Title Passed : Actual Value is: Select an option..!Expected Value is: Select an option..!
18:01:27.394 [main] INFO  pageObjects.Android.SectionControlsPage - MultiChoice Control Title Validation with Expected: Select an option..! and Actual is:  Select an option..! 
18:01:31.437 [main] INFO  utilities.UtilityCustomFunctions - [Strongly DisAgree] is selected in List
18:01:31.437 [main] INFO  testCases.TC_002_SFS_All_Mobile - MultiChoice Item Selected : Strongly DisAgree
18:01:33.132 [main] INFO  utilities.SurveyFormReUsables - TextQuestion Control Title Passed : Actual Value is: Please type an answer ..!Expected Value is: Please type an answer ..!
18:01:34.145 [main] INFO  pageObjects.Android.SectionControlsPage - TextQuestion Control Title Validation with Expected: Please type an answer ..! and Actual is:  Please type an answer ..! 
18:01:37.377 [main] INFO  testCases.TC_002_SFS_All_Mobile - Text Entered in TextAnswer Control
18:01:37.607 [main] INFO  utilities.SurveyFormReUsables - Email Control Title Passed : Actual Value is: What is your email address?Expected Value is: What is your email address?
18:01:38.612 [main] INFO  pageObjects.Android.SectionControlsPage - Email Control Title Validation with Expected: What is your email address? and Actual is:  What is your email address? 
18:01:40.799 [main] INFO  testCases.TC_002_SFS_All_Mobile - Email Id Entered
18:01:41.059 [main] INFO  utilities.SurveyFormReUsables - Phone Number Control Title Passed : Actual Value is: Please type your phone numberExpected Value is: Please type your phone number
18:01:42.068 [main] INFO  pageObjects.Android.SectionControlsPage - Phone Number Control Title Validation with Expected: Please type your phone number and Actual is:  Please type your phone number 
18:01:44.487 [main] INFO  testCases.TC_002_SFS_All_Mobile - Phone Number Entered
18:01:45.699 [main] INFO  utilities.SurveyFormReUsables - Appointment Control Title Passed : Actual Value is: Book an appointment / meetingExpected Value is: Book an appointment / meeting
18:01:46.714 [main] INFO  pageObjects.Android.SectionControlsPage - Appointment Control Title Validation with Expected: Book an appointment / meeting and Actual is:  Book an appointment / meeting 
18:01:48.089 [main] INFO  testCases.TC_002_SFS_All_Mobile - Appointment button Clicked
18:06:59.349 [main] INFO  testCases.TC_002_SFS_All_Mobile - ******starting TC_004_SFAll_Section ****
18:06:59.354 [main] INFO  testCases.TC_002_SFS_All_Mobile - Test Execution on Browser: chrome
18:06:59.410 [main] INFO  testCases.TC_002_SFS_All_Mobile - Excel file Utility instance created
18:07:00.511 [main] INFO  testCases.TC_002_SFS_All_Mobile - Row Count is: 1
18:07:00.621 [main] INFO  testCases.TC_002_SFS_All_Mobile - Col Count is: 50
18:07:00.622 [main] INFO  testCases.TC_002_SFS_All_Mobile - Extracting DataSheet Values started...
18:07:02.649 [main] INFO  testCases.TC_002_SFS_All_Mobile - Extracting DataSheet Values Completed...
18:07:09.725 [main] INFO  testCases.TC_002_SFS_All_Mobile - Survey Form Section Controls Url Launched..
18:07:09.936 [main] INFO  utilities.SurveyFormReUsables - Section Title Passed : Actual Value is: Section Title..!Expected Value is: Section Title..!
18:07:10.952 [main] INFO  testCases.TC_002_SFS_All_Mobile - Section Title Validation done:  Section Title..! 
18:07:12.331 [main] INFO  utilities.SurveyFormReUsables - Message Control Title Failed : Actual Value is: Hi, Welcome to chat bot..!Expected Value is: Hi, Welcome to Survey form...!
18:07:13.343 [main] INFO  pageObjects.Android.SectionControlsPage - Message Control Title Validation with Expected: Hi, Welcome to Survey form...! and Actual is:  Hi, Welcome to chat bot..! 
18:07:13.702 [main] INFO  utilities.SurveyFormReUsables - MultiChoice Control Title Passed : Actual Value is: Select an option..!Expected Value is: Select an option..!
18:07:14.710 [main] INFO  pageObjects.Android.SectionControlsPage - MultiChoice Control Title Validation with Expected: Select an option..! and Actual is:  Select an option..! 
18:07:18.797 [main] INFO  utilities.UtilityCustomFunctions - [Strongly DisAgree] is selected in List
18:07:18.797 [main] INFO  testCases.TC_002_SFS_All_Mobile - MultiChoice Item Selected : Strongly DisAgree
18:07:20.469 [main] INFO  utilities.SurveyFormReUsables - TextQuestion Control Title Passed : Actual Value is: Please type an answer ..!Expected Value is: Please type an answer ..!
18:07:21.484 [main] INFO  pageObjects.Android.SectionControlsPage - TextQuestion Control Title Validation with Expected: Please type an answer ..! and Actual is:  Please type an answer ..! 
18:07:24.346 [main] INFO  testCases.TC_002_SFS_All_Mobile - Text Entered in TextAnswer Control
18:07:24.656 [main] INFO  utilities.SurveyFormReUsables - Email Control Title Passed : Actual Value is: What is your email address?Expected Value is: What is your email address?
18:07:25.671 [main] INFO  pageObjects.Android.SectionControlsPage - Email Control Title Validation with Expected: What is your email address? and Actual is:  What is your email address? 
18:07:28.056 [main] INFO  testCases.TC_002_SFS_All_Mobile - Email Id Entered
18:07:28.271 [main] INFO  utilities.SurveyFormReUsables - Phone Number Control Title Passed : Actual Value is: Please type your phone numberExpected Value is: Please type your phone number
18:07:29.277 [main] INFO  pageObjects.Android.SectionControlsPage - Phone Number Control Title Validation with Expected: Please type your phone number and Actual is:  Please type your phone number 
18:07:31.579 [main] INFO  testCases.TC_002_SFS_All_Mobile - Phone Number Entered
18:07:32.813 [main] INFO  utilities.SurveyFormReUsables - Appointment Control Title Passed : Actual Value is: Book an appointment / meetingExpected Value is: Book an appointment / meeting
18:07:33.830 [main] INFO  pageObjects.Android.SectionControlsPage - Appointment Control Title Validation with Expected: Book an appointment / meeting and Actual is:  Book an appointment / meeting 
18:07:35.229 [main] INFO  testCases.TC_002_SFS_All_Mobile - Appointment button Clicked
18:08:10.270 [main] INFO  testCases.TC_002_SFS_All_Mobile - Appointment Updated to Datasheet
18:08:11.718 [main] INFO  testCases.TC_002_SFS_All_Mobile - Appointment Time Captured in Expected Value
18:08:14.953 [main] INFO  utilities.SurveyFormReUsables - MultiSelect Control Title Passed : Actual Value is: Select your choices..!Expected Value is: Select your choices..!
18:08:15.960 [main] INFO  pageObjects.Android.SectionControlsPage - MultiSelect Control Title Validation with Expected: Select your choices..! and Actual is:  Select your choices..! 
18:08:19.780 [main] INFO  testCases.TC_002_SFS_All_MobileResponse - ******starting TC_002_SFS_All_MobileResponse ****
18:08:19.780 [main] INFO  testCases.TC_002_SFS_All_MobileResponse - Test Execution on Browser: chrome
18:08:19.780 [main] INFO  testCases.TC_002_SFS_All_MobileResponse - Excel file Utility instance created
18:08:19.839 [main] INFO  testCases.TC_002_SFS_All_MobileResponse - Row Count is: 1
18:08:19.904 [main] INFO  testCases.TC_002_SFS_All_MobileResponse - Col Count is: 50
18:08:19.904 [main] INFO  testCases.TC_002_SFS_All_MobileResponse - Extracting DataSheet Values started...
18:08:20.845 [main] INFO  testCases.TC_002_SFS_All_MobileResponse - Extracting DataSheet Values Completed...
18:16:26.712 [main] INFO  testCases.TC_002_SFS_All_Mobile - ******starting TC_004_SFAll_Section ****
18:16:26.717 [main] INFO  testCases.TC_002_SFS_All_Mobile - Test Execution on Browser: chrome
18:16:26.768 [main] INFO  testCases.TC_002_SFS_All_Mobile - Excel file Utility instance created
18:16:27.936 [main] INFO  testCases.TC_002_SFS_All_Mobile - Row Count is: 1
18:16:28.044 [main] INFO  testCases.TC_002_SFS_All_Mobile - Col Count is: 50
18:16:28.045 [main] INFO  testCases.TC_002_SFS_All_Mobile - Extracting DataSheet Values started...
18:16:29.878 [main] INFO  testCases.TC_002_SFS_All_Mobile - Extracting DataSheet Values Completed...
18:16:34.567 [main] INFO  testCases.TC_002_SFS_All_Mobile - Survey Form Section Controls Url Launched..
18:16:35.428 [main] INFO  utilities.SurveyFormReUsables - Section Title Passed : Actual Value is: Section Title..!Expected Value is: Section Title..!
18:16:36.437 [main] INFO  testCases.TC_002_SFS_All_Mobile - Section Title Validation done:  Section Title..! 
18:16:37.437 [main] INFO  utilities.SurveyFormReUsables - Message Control Title Failed : Actual Value is: Hi, Welcome to chat bot..!Expected Value is: Hi, Welcome to Survey form...!
18:16:38.439 [main] INFO  pageObjects.Android.SectionControlsPage - Message Control Title Validation with Expected: Hi, Welcome to Survey form...! and Actual is:  Hi, Welcome to chat bot..! 
18:16:38.667 [main] INFO  utilities.SurveyFormReUsables - MultiChoice Control Title Passed : Actual Value is: Select an option..!Expected Value is: Select an option..!
18:16:39.673 [main] INFO  pageObjects.Android.SectionControlsPage - MultiChoice Control Title Validation with Expected: Select an option..! and Actual is:  Select an option..! 
18:16:43.718 [main] INFO  utilities.UtilityCustomFunctions - [Strongly DisAgree] is selected in List
18:16:43.718 [main] INFO  testCases.TC_002_SFS_All_Mobile - MultiChoice Item Selected : Strongly DisAgree
18:16:45.374 [main] INFO  utilities.SurveyFormReUsables - TextQuestion Control Title Passed : Actual Value is: Please type an answer ..!Expected Value is: Please type an answer ..!
18:16:46.384 [main] INFO  pageObjects.Android.SectionControlsPage - TextQuestion Control Title Validation with Expected: Please type an answer ..! and Actual is:  Please type an answer ..! 
18:16:49.509 [main] INFO  testCases.TC_002_SFS_All_Mobile - Text Entered in TextAnswer Control
18:16:49.719 [main] INFO  utilities.SurveyFormReUsables - Email Control Title Passed : Actual Value is: What is your email address?Expected Value is: What is your email address?
18:16:50.724 [main] INFO  pageObjects.Android.SectionControlsPage - Email Control Title Validation with Expected: What is your email address? and Actual is:  What is your email address? 
18:16:52.969 [main] INFO  testCases.TC_002_SFS_All_Mobile - Email Id Entered
18:16:53.264 [main] INFO  utilities.SurveyFormReUsables - Phone Number Control Title Passed : Actual Value is: Please type your phone numberExpected Value is: Please type your phone number
18:16:54.278 [main] INFO  pageObjects.Android.SectionControlsPage - Phone Number Control Title Validation with Expected: Please type your phone number and Actual is:  Please type your phone number 
18:16:56.750 [main] INFO  testCases.TC_002_SFS_All_Mobile - Phone Number Entered
18:16:57.974 [main] INFO  utilities.SurveyFormReUsables - Appointment Control Title Passed : Actual Value is: Book an appointment / meetingExpected Value is: Book an appointment / meeting
18:16:58.982 [main] INFO  pageObjects.Android.SectionControlsPage - Appointment Control Title Validation with Expected: Book an appointment / meeting and Actual is:  Book an appointment / meeting 
18:17:00.361 [main] INFO  testCases.TC_002_SFS_All_Mobile - Appointment button Clicked
18:17:14.563 [main] INFO  testCases.TC_002_SFS_All_MobileResponse - ******starting TC_002_SFS_All_MobileResponse ****
18:17:14.564 [main] INFO  testCases.TC_002_SFS_All_MobileResponse - Test Execution on Browser: chrome
18:17:14.564 [main] INFO  testCases.TC_002_SFS_All_MobileResponse - Excel file Utility instance created
18:17:14.605 [main] INFO  testCases.TC_002_SFS_All_MobileResponse - Row Count is: 1
18:17:14.668 [main] INFO  testCases.TC_002_SFS_All_MobileResponse - Col Count is: 50
18:17:14.668 [main] INFO  testCases.TC_002_SFS_All_MobileResponse - Extracting DataSheet Values started...
18:17:15.696 [main] INFO  testCases.TC_002_SFS_All_MobileResponse - Extracting DataSheet Values Completed...
18:17:20.708 [main] INFO  testCases.TC_002_SFS_All_MobileResponse - Navigation started
18:18:53.930 [main] INFO  testCases.TC_002_SFS_All_Mobile - ******starting TC_004_SFAll_Section ****
18:18:53.937 [main] INFO  testCases.TC_002_SFS_All_Mobile - Test Execution on Browser: chrome
18:18:54.003 [main] INFO  testCases.TC_002_SFS_All_Mobile - Excel file Utility instance created
18:18:55.194 [main] INFO  testCases.TC_002_SFS_All_Mobile - Row Count is: 1
18:18:55.303 [main] INFO  testCases.TC_002_SFS_All_Mobile - Col Count is: 50
18:18:55.304 [main] INFO  testCases.TC_002_SFS_All_Mobile - Extracting DataSheet Values started...
18:18:57.091 [main] INFO  testCases.TC_002_SFS_All_Mobile - Extracting DataSheet Values Completed...
18:19:01.999 [main] INFO  testCases.TC_002_SFS_All_Mobile - Survey Form Section Controls Url Launched..
18:19:02.173 [main] INFO  utilities.SurveyFormReUsables - Section Title Passed : Actual Value is: Section Title..!Expected Value is: Section Title..!
18:19:03.177 [main] INFO  testCases.TC_002_SFS_All_Mobile - Section Title Validation done:  Section Title..! 
18:19:03.566 [main] INFO  utilities.SurveyFormReUsables - Message Control Title Failed : Actual Value is: Hi, Welcome to chat bot..!Expected Value is: Hi, Welcome to Survey form...!
18:19:04.579 [main] INFO  pageObjects.Android.SectionControlsPage - Message Control Title Validation with Expected: Hi, Welcome to Survey form...! and Actual is:  Hi, Welcome to chat bot..! 
18:19:04.943 [main] INFO  utilities.SurveyFormReUsables - MultiChoice Control Title Passed : Actual Value is: Select an option..!Expected Value is: Select an option..!
18:19:05.956 [main] INFO  pageObjects.Android.SectionControlsPage - MultiChoice Control Title Validation with Expected: Select an option..! and Actual is:  Select an option..! 
18:19:10.311 [main] INFO  utilities.UtilityCustomFunctions - [Strongly DisAgree] is selected in List
18:19:10.311 [main] INFO  testCases.TC_002_SFS_All_Mobile - MultiChoice Item Selected : Strongly DisAgree
18:19:12.011 [main] INFO  utilities.SurveyFormReUsables - TextQuestion Control Title Passed : Actual Value is: Please type an answer ..!Expected Value is: Please type an answer ..!
18:19:13.025 [main] INFO  pageObjects.Android.SectionControlsPage - TextQuestion Control Title Validation with Expected: Please type an answer ..! and Actual is:  Please type an answer ..! 
18:19:16.065 [main] INFO  testCases.TC_002_SFS_All_Mobile - Text Entered in TextAnswer Control
18:19:16.269 [main] INFO  utilities.SurveyFormReUsables - Email Control Title Passed : Actual Value is: What is your email address?Expected Value is: What is your email address?
18:19:17.284 [main] INFO  pageObjects.Android.SectionControlsPage - Email Control Title Validation with Expected: What is your email address? and Actual is:  What is your email address? 
18:19:19.502 [main] INFO  testCases.TC_002_SFS_All_Mobile - Email Id Entered
18:19:19.741 [main] INFO  utilities.SurveyFormReUsables - Phone Number Control Title Passed : Actual Value is: Please type your phone numberExpected Value is: Please type your phone number
18:19:20.743 [main] INFO  pageObjects.Android.SectionControlsPage - Phone Number Control Title Validation with Expected: Please type your phone number and Actual is:  Please type your phone number 
18:19:23.101 [main] INFO  testCases.TC_002_SFS_All_Mobile - Phone Number Entered
18:19:24.341 [main] INFO  utilities.SurveyFormReUsables - Appointment Control Title Passed : Actual Value is: Book an appointment / meetingExpected Value is: Book an appointment / meeting
18:19:25.343 [main] INFO  pageObjects.Android.SectionControlsPage - Appointment Control Title Validation with Expected: Book an appointment / meeting and Actual is:  Book an appointment / meeting 
18:19:26.772 [main] INFO  testCases.TC_002_SFS_All_Mobile - Appointment button Clicked
18:20:01.852 [main] INFO  testCases.TC_002_SFS_All_Mobile - Appointment Updated to Datasheet
18:20:03.290 [main] INFO  testCases.TC_002_SFS_All_Mobile - Appointment Time Captured in Expected Value
18:32:41.332 [main] INFO  testCases.TC_002_SFS_All_Mobile - ******starting TC_004_SFAll_Section ****
18:32:41.345 [main] INFO  testCases.TC_002_SFS_All_Mobile - Test Execution on Browser: chrome
18:32:41.405 [main] INFO  testCases.TC_002_SFS_All_Mobile - Excel file Utility instance created
18:32:42.694 [main] INFO  testCases.TC_002_SFS_All_Mobile - Row Count is: 1
18:32:42.811 [main] INFO  testCases.TC_002_SFS_All_Mobile - Col Count is: 50
18:32:42.812 [main] INFO  testCases.TC_002_SFS_All_Mobile - Extracting DataSheet Values started...
18:32:44.607 [main] INFO  testCases.TC_002_SFS_All_Mobile - Extracting DataSheet Values Completed...
18:34:15.965 [main] INFO  testCases.TC_002_SFS_All_Mobile - ******starting TC_004_SFAll_Section ****
18:34:15.971 [main] INFO  testCases.TC_002_SFS_All_Mobile - Test Execution on Browser: chrome
18:34:16.032 [main] INFO  testCases.TC_002_SFS_All_Mobile - Excel file Utility instance created
18:34:17.298 [main] INFO  testCases.TC_002_SFS_All_Mobile - Row Count is: 1
18:34:17.387 [main] INFO  testCases.TC_002_SFS_All_Mobile - Col Count is: 50
18:34:17.387 [main] INFO  testCases.TC_002_SFS_All_Mobile - Extracting DataSheet Values started...
18:34:19.144 [main] INFO  testCases.TC_002_SFS_All_Mobile - Extracting DataSheet Values Completed...
18:34:24.687 [main] INFO  testCases.TC_002_SFS_All_Mobile - Survey Form Section Controls Url Launched..
18:34:24.841 [main] INFO  utilities.SurveyFormReUsables - Section Title Passed : Actual Value is: Section Title..!Expected Value is: Section Title..!
18:34:25.857 [main] INFO  testCases.TC_002_SFS_All_Mobile - Section Title Validation done:  Section Title..! 
18:34:26.212 [main] INFO  utilities.SurveyFormReUsables - Message Control Title Failed : Actual Value is: Hi, Welcome to chat bot..!Expected Value is: Hi, Welcome to Survey form...!
18:34:27.217 [main] INFO  pageObjects.Android.SectionControlsPage - Message Control Title Validation with Expected: Hi, Welcome to Survey form...! and Actual is:  Hi, Welcome to chat bot..! 
18:34:27.463 [main] INFO  utilities.SurveyFormReUsables - MultiChoice Control Title Passed : Actual Value is: Select an option..!Expected Value is: Select an option..!
18:34:28.470 [main] INFO  pageObjects.Android.SectionControlsPage - MultiChoice Control Title Validation with Expected: Select an option..! and Actual is:  Select an option..! 
18:34:32.669 [main] INFO  utilities.UtilityCustomFunctions - [Strongly DisAgree] is selected in List
18:34:32.669 [main] INFO  testCases.TC_002_SFS_All_Mobile - MultiChoice Item Selected : Strongly DisAgree
18:34:34.356 [main] INFO  utilities.SurveyFormReUsables - TextQuestion Control Title Passed : Actual Value is: Please type an answer ..!Expected Value is: Please type an answer ..!
18:34:35.371 [main] INFO  pageObjects.Android.SectionControlsPage - TextQuestion Control Title Validation with Expected: Please type an answer ..! and Actual is:  Please type an answer ..! 
18:34:38.670 [main] INFO  testCases.TC_002_SFS_All_Mobile - Text Entered in TextAnswer Control
18:34:38.938 [main] INFO  utilities.SurveyFormReUsables - Email Control Title Passed : Actual Value is: What is your email address?Expected Value is: What is your email address?
18:34:39.944 [main] INFO  pageObjects.Android.SectionControlsPage - Email Control Title Validation with Expected: What is your email address? and Actual is:  What is your email address? 
18:34:42.208 [main] INFO  testCases.TC_002_SFS_All_Mobile - Email Id Entered
18:34:42.442 [main] INFO  utilities.SurveyFormReUsables - Phone Number Control Title Passed : Actual Value is: Please type your phone numberExpected Value is: Please type your phone number
18:34:43.454 [main] INFO  pageObjects.Android.SectionControlsPage - Phone Number Control Title Validation with Expected: Please type your phone number and Actual is:  Please type your phone number 
18:34:46.000 [main] INFO  testCases.TC_002_SFS_All_Mobile - Phone Number Entered
18:34:47.204 [main] INFO  utilities.SurveyFormReUsables - Appointment Control Title Passed : Actual Value is: Book an appointment / meetingExpected Value is: Book an appointment / meeting
18:34:48.211 [main] INFO  pageObjects.Android.SectionControlsPage - Appointment Control Title Validation with Expected: Book an appointment / meeting and Actual is:  Book an appointment / meeting 
18:34:49.648 [main] INFO  testCases.TC_002_SFS_All_Mobile - Appointment button Clicked
18:35:14.582 [main] INFO  testCases.TC_002_SFS_All_Mobile - Appointment Updated to Datasheet
18:35:16.030 [main] INFO  testCases.TC_002_SFS_All_Mobile - Appointment Time Captured in Expected Value
18:44:24.103 [main] INFO  testCases.TC_002_SFS_All_Mobile - ******starting TC_004_SFAll_Section ****
18:44:24.109 [main] INFO  testCases.TC_002_SFS_All_Mobile - Test Execution on Browser: chrome
18:44:24.170 [main] INFO  testCases.TC_002_SFS_All_Mobile - Excel file Utility instance created
18:44:25.393 [main] INFO  testCases.TC_002_SFS_All_Mobile - Row Count is: 1
18:44:25.540 [main] INFO  testCases.TC_002_SFS_All_Mobile - Col Count is: 50
18:44:25.543 [main] INFO  testCases.TC_002_SFS_All_Mobile - Extracting DataSheet Values started...
18:44:27.457 [main] INFO  testCases.TC_002_SFS_All_Mobile - Extracting DataSheet Values Completed...
18:44:32.967 [main] INFO  testCases.TC_002_SFS_All_Mobile - Survey Form Section Controls Url Launched..
18:44:33.134 [main] INFO  utilities.SurveyFormReUsables - Section Title Passed : Actual Value is: Section Title..!Expected Value is: Section Title..!
18:44:34.140 [main] INFO  testCases.TC_002_SFS_All_Mobile - Section Title Validation done:  Section Title..! 
18:44:34.450 [main] INFO  utilities.SurveyFormReUsables - Message Control Title Failed : Actual Value is: Hi, Welcome to chat bot..!Expected Value is: Hi, Welcome to Survey form...!
18:44:35.462 [main] INFO  pageObjects.Android.SectionControlsPage - Message Control Title Validation with Expected: Hi, Welcome to Survey form...! and Actual is:  Hi, Welcome to chat bot..! 
18:44:35.730 [main] INFO  utilities.SurveyFormReUsables - MultiChoice Control Title Passed : Actual Value is: Select an option..!Expected Value is: Select an option..!
18:44:36.734 [main] INFO  pageObjects.Android.SectionControlsPage - MultiChoice Control Title Validation with Expected: Select an option..! and Actual is:  Select an option..! 
18:44:40.824 [main] INFO  utilities.UtilityCustomFunctions - [Strongly DisAgree] is selected in List
18:44:40.824 [main] INFO  testCases.TC_002_SFS_All_Mobile - MultiChoice Item Selected : Strongly DisAgree
18:44:42.474 [main] INFO  utilities.SurveyFormReUsables - TextQuestion Control Title Passed : Actual Value is: Please type an answer ..!Expected Value is: Please type an answer ..!
18:44:43.492 [main] INFO  pageObjects.Android.SectionControlsPage - TextQuestion Control Title Validation with Expected: Please type an answer ..! and Actual is:  Please type an answer ..! 
18:44:46.474 [main] INFO  testCases.TC_002_SFS_All_Mobile - Text Entered in TextAnswer Control
18:44:46.715 [main] INFO  utilities.SurveyFormReUsables - Email Control Title Passed : Actual Value is: What is your email address?Expected Value is: What is your email address?
18:44:47.733 [main] INFO  pageObjects.Android.SectionControlsPage - Email Control Title Validation with Expected: What is your email address? and Actual is:  What is your email address? 
18:44:49.992 [main] INFO  testCases.TC_002_SFS_All_Mobile - Email Id Entered
18:44:50.205 [main] INFO  utilities.SurveyFormReUsables - Phone Number Control Title Passed : Actual Value is: Please type your phone numberExpected Value is: Please type your phone number
18:44:51.221 [main] INFO  pageObjects.Android.SectionControlsPage - Phone Number Control Title Validation with Expected: Please type your phone number and Actual is:  Please type your phone number 
18:44:53.683 [main] INFO  testCases.TC_002_SFS_All_Mobile - Phone Number Entered
18:44:54.939 [main] INFO  utilities.SurveyFormReUsables - Appointment Control Title Passed : Actual Value is: Book an appointment / meetingExpected Value is: Book an appointment / meeting
18:44:55.954 [main] INFO  pageObjects.Android.SectionControlsPage - Appointment Control Title Validation with Expected: Book an appointment / meeting and Actual is:  Book an appointment / meeting 
18:44:57.339 [main] INFO  testCases.TC_002_SFS_All_Mobile - Appointment button Clicked
18:45:03.212 [main] INFO  testCases.TC_002_SFS_All_MobileResponse - ******starting TC_002_SFS_All_MobileResponse ****
18:45:03.212 [main] INFO  testCases.TC_002_SFS_All_MobileResponse - Test Execution on Browser: chrome
18:45:03.212 [main] INFO  testCases.TC_002_SFS_All_MobileResponse - Excel file Utility instance created
18:45:03.261 [main] INFO  testCases.TC_002_SFS_All_MobileResponse - Row Count is: 1
18:45:03.301 [main] INFO  testCases.TC_002_SFS_All_MobileResponse - Col Count is: 50
18:45:03.301 [main] INFO  testCases.TC_002_SFS_All_MobileResponse - Extracting DataSheet Values started...
18:45:04.309 [main] INFO  testCases.TC_002_SFS_All_MobileResponse - Extracting DataSheet Values Completed...
18:47:40.972 [main] INFO  testCases.TC_002_SFS_All_Mobile - ******starting TC_004_SFAll_Section ****
18:47:40.979 [main] INFO  testCases.TC_002_SFS_All_Mobile - Test Execution on Browser: chrome
18:47:41.044 [main] INFO  testCases.TC_002_SFS_All_Mobile - Excel file Utility instance created
18:47:42.284 [main] INFO  testCases.TC_002_SFS_All_Mobile - Row Count is: 1
18:47:42.386 [main] INFO  testCases.TC_002_SFS_All_Mobile - Col Count is: 50
18:47:42.388 [main] INFO  testCases.TC_002_SFS_All_Mobile - Extracting DataSheet Values started...
18:47:44.392 [main] INFO  testCases.TC_002_SFS_All_Mobile - Extracting DataSheet Values Completed...
18:47:50.132 [main] INFO  testCases.TC_002_SFS_All_Mobile - Survey Form Section Controls Url Launched..
18:47:50.304 [main] INFO  utilities.SurveyFormReUsables - Section Title Passed : Actual Value is: Section Title..!Expected Value is: Section Title..!
18:47:51.312 [main] INFO  testCases.TC_002_SFS_All_Mobile - Section Title Validation done:  Section Title..! 
18:47:51.604 [main] INFO  utilities.SurveyFormReUsables - Message Control Title Failed : Actual Value is: Hi, Welcome to chat bot..!Expected Value is: Hi, Welcome to Survey form...!
18:47:52.607 [main] INFO  pageObjects.Android.SectionControlsPage - Message Control Title Validation with Expected: Hi, Welcome to Survey form...! and Actual is:  Hi, Welcome to chat bot..! 
18:47:52.845 [main] INFO  utilities.SurveyFormReUsables - MultiChoice Control Title Passed : Actual Value is: Select an option..!Expected Value is: Select an option..!
18:47:53.859 [main] INFO  pageObjects.Android.SectionControlsPage - MultiChoice Control Title Validation with Expected: Select an option..! and Actual is:  Select an option..! 
18:47:57.926 [main] INFO  utilities.UtilityCustomFunctions - [Strongly DisAgree] is selected in List
18:47:57.926 [main] INFO  testCases.TC_002_SFS_All_Mobile - MultiChoice Item Selected : Strongly DisAgree
18:47:59.681 [main] INFO  utilities.SurveyFormReUsables - TextQuestion Control Title Passed : Actual Value is: Please type an answer ..!Expected Value is: Please type an answer ..!
18:48:00.691 [main] INFO  pageObjects.Android.SectionControlsPage - TextQuestion Control Title Validation with Expected: Please type an answer ..! and Actual is:  Please type an answer ..! 
18:48:03.804 [main] INFO  testCases.TC_002_SFS_All_Mobile - Text Entered in TextAnswer Control
18:48:04.015 [main] INFO  utilities.SurveyFormReUsables - Email Control Title Passed : Actual Value is: What is your email address?Expected Value is: What is your email address?
18:48:05.018 [main] INFO  pageObjects.Android.SectionControlsPage - Email Control Title Validation with Expected: What is your email address? and Actual is:  What is your email address? 
18:48:07.289 [main] INFO  testCases.TC_002_SFS_All_Mobile - Email Id Entered
18:48:07.521 [main] INFO  utilities.SurveyFormReUsables - Phone Number Control Title Passed : Actual Value is: Please type your phone numberExpected Value is: Please type your phone number
18:48:08.532 [main] INFO  pageObjects.Android.SectionControlsPage - Phone Number Control Title Validation with Expected: Please type your phone number and Actual is:  Please type your phone number 
18:48:10.902 [main] INFO  testCases.TC_002_SFS_All_Mobile - Phone Number Entered
18:48:12.163 [main] INFO  utilities.SurveyFormReUsables - Appointment Control Title Passed : Actual Value is: Book an appointment / meetingExpected Value is: Book an appointment / meeting
18:48:13.171 [main] INFO  pageObjects.Android.SectionControlsPage - Appointment Control Title Validation with Expected: Book an appointment / meeting and Actual is:  Book an appointment / meeting 
18:48:14.490 [main] INFO  testCases.TC_002_SFS_All_Mobile - Appointment button Clicked
18:48:29.446 [main] INFO  testCases.TC_002_SFS_All_Mobile - Appointment Updated to Datasheet
18:48:30.982 [main] INFO  testCases.TC_002_SFS_All_Mobile - Appointment Time Captured in Expected Value
18:48:34.232 [main] INFO  utilities.SurveyFormReUsables - MultiSelect Control Title Passed : Actual Value is: Select your choices..!Expected Value is: Select your choices..!
18:48:35.248 [main] INFO  pageObjects.Android.SectionControlsPage - MultiSelect Control Title Validation with Expected: Select your choices..! and Actual is:  Select your choices..! 
18:48:39.497 [main] INFO  testCases.TC_002_SFS_All_Mobile - MultiSelect Value Selected
18:48:41.101 [main] INFO  utilities.SurveyFormReUsables - List Control Title Passed : Actual Value is: Type and select your answer..!Expected Value is: Type and select your answer..!
18:48:42.116 [main] INFO  pageObjects.Android.SectionControlsPage - List Control Title Validation with Expected: Type and select your answer..! and Actual is:  Type and select your answer..! 
18:48:44.531 [main] INFO  testCases.TC_002_SFS_All_Mobile - List Input Box Clicked 
18:48:50.015 [main] INFO  testCases.TC_002_SFS_All_Mobile - List Item Selected Sample Option 5
18:48:52.291 [main] INFO  utilities.SurveyFormReUsables - Number Control Title Passed : Actual Value is: Enter the Number?Expected Value is: Enter the Number?
18:48:53.310 [main] INFO  pageObjects.Android.SectionControlsPage - Number Control Title Validation with Expected: Enter the Number? and Actual is:  Enter the Number? 
18:48:54.241 [main] INFO  testCases.TC_002_SFS_All_Mobile - Number Selected 1234567890
18:48:56.862 [main] INFO  utilities.SurveyFormReUsables - Range Control Title Passed : Actual Value is: Select a rangeExpected Value is: Select a range
18:48:57.868 [main] INFO  pageObjects.Android.SectionControlsPage - Range Control Title Validation with Expected: Select a range and Actual is:  Select a range 
18:49:10.065 [main] INFO  testCases.TC_002_SFS_All_Mobile - Range Selected 30
18:49:12.731 [main] INFO  utilities.SurveyFormReUsables - Rating Control Title Passed : Actual Value is: How was your experience?Expected Value is: How was your experience?
18:49:13.745 [main] INFO  pageObjects.Android.SectionControlsPage - Rating Control Title Validation with Expected: How was your experience? and Actual is:  How was your experience? 
18:49:16.447 [main] INFO  testCases.TC_002_SFS_All_Mobile - Rating Value: OkayClicked
18:49:19.143 [main] INFO  utilities.SurveyFormReUsables - Opinion Scale Control Title Passed : Actual Value is: Choose a number?Expected Value is: Choose a number?
18:49:20.162 [main] INFO  pageObjects.Android.SectionControlsPage - Opinion Scale Control Title Validation with Expected: Choose a number? and Actual is:  Choose a number? 
18:49:25.137 [main] INFO  utilities.UtilityCustomFunctions - [7] is selected in List
18:49:25.137 [main] INFO  testCases.TC_002_SFS_All_Mobile - Opinion Scale : 7Clicked
18:49:27.855 [main] INFO  utilities.SurveyFormReUsables - Date Control Title Passed : Actual Value is: Select a dateExpected Value is: Select a date
18:49:28.858 [main] INFO  pageObjects.Android.SectionControlsPage - Date Control Title Validation with Expected: Select a date and Actual is: Select a date
18:49:33.014 [main] INFO  testCases.TC_002_SFS_All_Mobile - Date Value Updated to DataSheet
18:49:35.870 [main] INFO  utilities.SurveyFormReUsables - Links Control Title Passed : Actual Value is: Please contact usExpected Value is: Please contact us
18:49:36.879 [main] INFO  pageObjects.Android.SectionControlsPage - Links Control Title Validation with Expected: Please contact us and Actual is:   Please contact us  
18:49:38.136 [main] INFO  utilities.SurveyFormReUsables - ThankYou Control Title Passed : Actual Value is: Nice chatting with youExpected Value is: Nice chatting with you
18:49:39.150 [main] INFO  pageObjects.Android.SectionControlsPage - ThankYou Control Title Validation with Expected: Nice chatting with you and Actual is: Nice chatting with you
18:49:41.428 [main] INFO  utilities.SurveyFormReUsables - PictureMessage Control Title Passed : Actual Value is: Select the picture…!Expected Value is: Select the picture…!
18:49:42.439 [main] INFO  pageObjects.Android.SectionControlsPage - PictureMessage Control Title Validation with Expected: Select the picture…! and Actual is:  Select the picture…! 
