17:41:04.084 [main] INFO  testCases.TC_001_SFI_All_Mobile - Validation of Rank Matrix Control Title Choose the value..! 
17:41:06.622 [main] INFO  testCases.TC_001_SFI_All_Mobile - Ranking Matrix Values Selected
17:41:08.443 [main] INFO  testCases.TC_001_SFI_All_Mobile - Ranking Matrix Next Clicked
17:41:09.823 [main] INFO  testCases.TC_001_SFI_All_Mobile - All Contexts [NATIVE_APP, CHROMIUM]
17:41:13.570 [main] INFO  testCases.TC_001_SFI_All_Mobile - Google Map Control Present
17:41:38.907 [main] INFO  utilities.Android.SurveyFormReUsables - Google Map Title Passed : Actual Value is: What is your address?Expected Value is: What is your address?
17:41:39.922 [main] INFO  testCases.TC_001_SFI_All_Mobile - Validation of Google Map Control Title What is your address? 
17:41:44.449 [main] INFO  testCases.TC_001_SFI_All_Mobile - Address Entered in Google Map
17:41:45.924 [main] INFO  testCases.TC_001_SFI_All_Mobile - Google Map Next Clicked
17:41:47.335 [main] INFO  testCases.TC_001_SFI_All_Mobile - VR control present
17:41:49.814 [main] INFO  utilities.Android.SurveyFormReUsables - Voice Record Title Passed : Actual Value is: Tap the mic and record the voiceExpected Value is: Tap the mic and record the voice
17:41:50.823 [main] INFO  testCases.TC_001_SFI_All_Mobile - Validation of Voice Record Control Title Tap the mic and record the voice 
17:41:53.663 [main] INFO  testCases.TC_001_SFI_All_Mobile - All Contexts [NATIVE_APP, CHROMIUM]
17:42:08.457 [main] INFO  testCases.TC_001_SFI_All_Mobile - Voice Recorded
17:42:10.356 [main] INFO  testCases.TC_001_SFI_All_Mobile - Voice Record Prefix updated to Datasheet
17:42:12.900 [main] INFO  testCases.TC_001_SFI_All_Mobile - Voice Record Next Clicked
17:42:15.223 [main] INFO  testCases.TC_001_SFI_All_Mobile - FileUpload Conrol Present
17:42:15.321 [main] INFO  utilities.Android.SurveyFormReUsables - File Upload Control Title Passed : Actual Value is: Upload fileExpected Value is: Upload file
17:42:16.328 [main] INFO  testCases.TC_001_SFI_All_Mobile - Validation of File Upload Control Title
17:43:04.673 [main] INFO  testCases.TC_001_SFI_All_Mobile - Upload file prefix added to Datasheet
17:43:05.205 [main] INFO  testCases.TC_001_SFI_All_Mobile - FileUpload Next Clicked
