17:34:23.839 [main] INFO  testCases.TC_001_SFI_All_Mobile - ******starting TC_001_SFI_All_Mobile ****
17:34:23.848 [main] INFO  testCases.TC_001_SFI_All_Mobile - Test Execution on Browser: chrome
17:34:23.867 [main] INFO  testCases.TC_001_SFI_All_Mobile - Excel file Utility instance created
17:34:25.627 [main] INFO  testCases.TC_001_SFI_All_Mobile - Row Count is: 1
17:34:25.799 [main] INFO  testCases.TC_001_SFI_All_Mobile - Col Count is: 49
17:34:25.805 [main] INFO  testCases.TC_001_SFI_All_Mobile - Extracting DataSheet Values started...
17:34:29.115 [main] INFO  testCases.TC_001_SFI_All_Mobile - Extracting DataSheet Values Completed...
17:34:39.976 [main] INFO  testCases.TC_001_SFI_All_Mobile - Survey Form Url Launched..
17:34:48.765 [main] INFO  utilities.Android.SurveyFormReUsables - Message Title Passed : Actual Value is: Hi, Welcome to chat bot..!Expected Value is: Hi, Welcome to chat bot..!
17:34:50.183 [main] INFO  testCases.TC_001_SFI_All_Mobile - Validation of Message Control Title
17:34:51.234 [main] INFO  testCases.TC_001_SFI_All_Mobile -  Select an option..! Actual Title 
17:34:51.234 [main] INFO  utilities.Android.SurveyFormReUsables - MultiChoice Control Title Passed : Actual Value is: Select an option..!Expected Value is: Select an option..!
17:34:52.612 [main] INFO  testCases.TC_001_SFI_All_Mobile - Validation of MultiChoice Control Title Completed
17:34:56.382 [main] INFO  utilities.Android.UtilityCustomFunctions - [DisAgree] is selected in List
17:34:56.383 [main] INFO  testCases.TC_001_SFI_All_Mobile - MultiChoice Item Selected
17:34:58.332 [main] INFO  testCases.TC_001_SFI_All_Mobile - MultiChoice Next Clicked
17:34:58.634 [main] INFO  utilities.Android.SurveyFormReUsables - TextQuestion Control Title Passed : Actual Value is: Please type an answer ..!Expected Value is: Please type an answer ..!
17:35:00.075 [main] INFO  testCases.TC_001_SFI_All_Mobile - Validation of TextQuestion Control Title
17:35:03.382 [main] INFO  testCases.TC_001_SFI_All_Mobile - Text Entered in TextAnswer Control
17:35:06.287 [main] INFO  testCases.TC_001_SFI_All_Mobile - Text Question Next Clicked
17:35:06.609 [main] INFO  utilities.Android.SurveyFormReUsables - Email Control Title Passed : Actual Value is: What is your email address?Expected Value is: What is your email address?
17:35:08.040 [main] INFO  testCases.TC_001_SFI_All_Mobile - Validation of Email Control Title
17:35:10.533 [main] INFO  testCases.TC_001_SFI_All_Mobile - Email Id Entered
17:35:12.696 [main] INFO  testCases.TC_001_SFI_All_Mobile - Email Next Clicked
17:35:13.799 [main] INFO  utilities.Android.SurveyFormReUsables - Phone Number Control Title Passed : Actual Value is: Please type your phone numberExpected Value is: Please type your phone number
17:35:15.299 [main] INFO  testCases.TC_001_SFI_All_Mobile - Validation of PhoneNumber Control Title
17:35:21.411 [main] INFO  testCases.TC_001_SFI_All_Mobile - Phone Number Entered
17:35:23.041 [main] INFO  testCases.TC_001_SFI_All_Mobile - PhoneNumber Next Clicked
17:35:24.455 [main] INFO  utilities.Android.SurveyFormReUsables - Appointment Control Title Passed : Actual Value is: Book an appointment / meetingExpected Value is: Book an appointment / meeting
17:35:25.939 [main] INFO  testCases.TC_001_SFI_All_Mobile - Validation of Appointment Control Title
17:35:26.406 [main] INFO  testCases.TC_001_SFI_All_Mobile - Appointment Clicked
17:35:45.083 [main] INFO  testCases.TC_001_SFI_All_Mobile - Appointment Updated to Datasheet
17:35:45.083 [main] INFO  testCases.TC_001_SFI_All_Mobile - Appointment Time Captured in Expected Value
17:35:48.020 [main] INFO  testCases.TC_001_SFI_All_Mobile - Appointment Next Button clicked
17:35:52.314 [main] INFO  testCases.TC_001_SFI_All_MobileResponse - ******starting TC_001_SFI_All_MobileResponse ****
17:35:52.314 [main] INFO  testCases.TC_001_SFI_All_MobileResponse - Test Execution on Browser: chrome
17:35:52.314 [main] INFO  testCases.TC_001_SFI_All_MobileResponse - Excel file Utility instance created
17:35:52.347 [main] INFO  testCases.TC_001_SFI_All_MobileResponse - Row Count is: 1
17:35:52.388 [main] INFO  testCases.TC_001_SFI_All_MobileResponse - Col Count is: 49
17:35:52.388 [main] INFO  testCases.TC_001_SFI_All_MobileResponse - Extracting DataSheet Values started...
17:35:53.635 [main] INFO  testCases.TC_001_SFI_All_MobileResponse - Extracting DataSheet Values Completed...
17:35:58.651 [main] INFO  testCases.TC_001_SFI_All_MobileResponse - Navigation started
17:36:03.954 [main] INFO  testCases.TC_001_SFI_All_MobileResponse - Login details Entered
17:36:04.081 [main] INFO  testCases.TC_001_SFI_All_MobileResponse - Chat bot Logged In
17:36:19.098 [main] INFO  testCases.TC_001_SFI_All_MobileResponse - Hard wait for 15 secs
17:36:28.403 [main] INFO  testCases.TC_001_SFI_All_MobileResponse - clear all button clicked on listbox
17:36:28.846 [main] INFO  testCases.TC_001_SFI_All_MobileResponse - Build Name entered in List Box
17:36:31.853 [main] INFO  testCases.TC_001_SFI_All_MobileResponse - Waited for 3 secs
17:36:31.926 [main] INFO  testCases.TC_001_SFI_All_MobileResponse - Enter Key applied on ListBox
17:36:32.932 [main] INFO  testCases.TC_001_SFI_All_MobileResponse - Hard Wait for 1 sec
17:36:33.105 [main] INFO  testCases.TC_001_SFI_All_MobileResponse - clicked side bar Build button once
17:36:34.119 [main] INFO  testCases.TC_001_SFI_All_MobileResponse - Hard Wait for 1 sec
17:36:34.214 [main] INFO  testCases.TC_001_SFI_All_MobileResponse - clicked side bar Result
17:36:34.552 [main] INFO  testCases.TC_001_SFI_All_MobileResponse - Side Item Response clicked
17:36:34.669 [main] INFO  testCases.TC_001_SFI_All_MobileResponse - clicked refresh Response
17:36:34.766 [main] INFO  testCases.TC_001_SFI_All_MobileResponse - clicked refresh Response Again
17:36:37.854 [main] INFO  testCases.TC_001_SFI_All_MobileResponse - Clicked first Response
17:36:37.854 [main] INFO  testCases.TC_001_SFI_All_MobileResponse - Navigated to Build: SFAllMobile_Independent
17:36:39.301 [main] INFO  utilities.Browser.SurveyFormReUsables - Message Control Header Expected Value:Hi, Welcome to chat bot..! Actual Value: Hi, Welcome to chat bot..!
17:36:39.301 [main] INFO  utilities.Browser.SurveyFormReUsables - Message Control Header Passed : Actual Value is: Hi, Welcome to chat bot..!Expected Value is: Hi, Welcome to chat bot..!
17:36:42.035 [main] INFO  utilities.Browser.SurveyFormReUsables - MultiChoice Control Question Expected Value:Select an option..! Actual Value: Select an option..!
17:36:42.035 [main] INFO  utilities.Browser.SurveyFormReUsables - MultiChoice Control Question Passed : Actual Value is: Select an option..!Expected Value is: Select an option..!
17:36:43.451 [main] INFO  utilities.Browser.SurveyFormReUsables - MultiChoice Control Answer Expected Value:DisAgree Actual Value: DisAgree
17:36:43.452 [main] INFO  utilities.Browser.SurveyFormReUsables - MultiChoice Control Answer Passed : Actual Value is: DisAgreeExpected Value is: DisAgree
17:36:46.054 [main] INFO  utilities.Browser.SurveyFormReUsables - Text Question Control Question Expected Value:Please type an answer ..! Actual Value: Please type an answer ..!
17:36:46.054 [main] INFO  utilities.Browser.SurveyFormReUsables - Text Question Control Question Passed : Actual Value is: Please type an answer ..!Expected Value is: Please type an answer ..!
17:36:47.483 [main] INFO  utilities.Browser.SurveyFormReUsables - Text Question Control Answer Expected Value:Welcome to Automation...! Actual Value: Welcome to Automation...!
17:36:47.483 [main] INFO  utilities.Browser.SurveyFormReUsables - Text Question Control Answer Passed : Actual Value is: Welcome to Automation...!Expected Value is: Welcome to Automation...!
17:38:25.467 [main] INFO  testCases.TC_001_SFI_All_Mobile - ******starting TC_001_SFI_All_Mobile ****
17:38:25.475 [main] INFO  testCases.TC_001_SFI_All_Mobile - Test Execution on Browser: chrome
17:38:25.480 [main] INFO  testCases.TC_001_SFI_All_Mobile - Excel file Utility instance created
17:38:27.046 [main] INFO  testCases.TC_001_SFI_All_Mobile - Row Count is: 1
17:38:27.191 [main] INFO  testCases.TC_001_SFI_All_Mobile - Col Count is: 49
17:38:27.192 [main] INFO  testCases.TC_001_SFI_All_Mobile - Extracting DataSheet Values started...
17:38:29.637 [main] INFO  testCases.TC_001_SFI_All_Mobile - Extracting DataSheet Values Completed...
17:38:35.844 [main] INFO  testCases.TC_001_SFI_All_Mobile - Survey Form Url Launched..
17:38:43.668 [main] INFO  utilities.Android.SurveyFormReUsables - Message Title Passed : Actual Value is: Hi, Welcome to chat bot..!Expected Value is: Hi, Welcome to chat bot..!
17:38:45.050 [main] INFO  testCases.TC_001_SFI_All_Mobile - Validation of Message Control Title
17:38:46.070 [main] INFO  testCases.TC_001_SFI_All_Mobile -  Select an option..! Actual Title 
17:38:46.070 [main] INFO  utilities.Android.SurveyFormReUsables - MultiChoice Control Title Passed : Actual Value is: Select an option..!Expected Value is: Select an option..!
17:38:47.447 [main] INFO  testCases.TC_001_SFI_All_Mobile - Validation of MultiChoice Control Title Completed
17:38:51.177 [main] INFO  utilities.Android.UtilityCustomFunctions - [DisAgree] is selected in List
17:38:51.177 [main] INFO  testCases.TC_001_SFI_All_Mobile - MultiChoice Item Selected
17:38:53.062 [main] INFO  testCases.TC_001_SFI_All_Mobile - MultiChoice Next Clicked
17:38:53.486 [main] INFO  utilities.Android.SurveyFormReUsables - TextQuestion Control Title Passed : Actual Value is: Please type an answer ..!Expected Value is: Please type an answer ..!
17:38:54.855 [main] INFO  testCases.TC_001_SFI_All_Mobile - Validation of TextQuestion Control Title
17:38:58.140 [main] INFO  testCases.TC_001_SFI_All_Mobile - Text Entered in TextAnswer Control
17:39:01.330 [main] INFO  testCases.TC_001_SFI_All_Mobile - Text Question Next Clicked
17:39:01.572 [main] INFO  utilities.Android.SurveyFormReUsables - Email Control Title Passed : Actual Value is: What is your email address?Expected Value is: What is your email address?
17:39:03.038 [main] INFO  testCases.TC_001_SFI_All_Mobile - Validation of Email Control Title
17:39:05.388 [main] INFO  testCases.TC_001_SFI_All_Mobile - Email Id Entered
17:39:08.292 [main] INFO  testCases.TC_001_SFI_All_Mobile - Email Next Clicked
17:39:09.419 [main] INFO  utilities.Android.SurveyFormReUsables - Phone Number Control Title Passed : Actual Value is: Please type your phone numberExpected Value is: Please type your phone number
17:39:10.906 [main] INFO  testCases.TC_001_SFI_All_Mobile - Validation of PhoneNumber Control Title
17:39:16.115 [main] INFO  testCases.TC_001_SFI_All_Mobile - Phone Number Entered
17:39:18.781 [main] INFO  testCases.TC_001_SFI_All_Mobile - PhoneNumber Next Clicked
17:39:21.170 [main] INFO  utilities.Android.SurveyFormReUsables - Appointment Control Title Passed : Actual Value is: Book an appointment / meetingExpected Value is: Book an appointment / meeting
17:39:22.876 [main] INFO  testCases.TC_001_SFI_All_Mobile - Validation of Appointment Control Title
17:39:24.552 [main] INFO  testCases.TC_001_SFI_All_Mobile - Appointment Clicked
17:39:44.129 [main] INFO  testCases.TC_001_SFI_All_Mobile - Appointment Updated to Datasheet
17:39:44.130 [main] INFO  testCases.TC_001_SFI_All_Mobile - Appointment Time Captured in Expected Value
17:39:47.092 [main] INFO  testCases.TC_001_SFI_All_Mobile - Appointment Next Button clicked
17:39:57.730 [main] INFO  testCases.TC_001_SFI_All_MobileResponse - ******starting TC_001_SFI_All_MobileResponse ****
17:39:57.731 [main] INFO  testCases.TC_001_SFI_All_MobileResponse - Test Execution on Browser: chrome
17:39:57.731 [main] INFO  testCases.TC_001_SFI_All_MobileResponse - Excel file Utility instance created
17:39:57.784 [main] INFO  testCases.TC_001_SFI_All_MobileResponse - Row Count is: 1
17:39:57.874 [main] INFO  testCases.TC_001_SFI_All_MobileResponse - Col Count is: 49
17:39:57.874 [main] INFO  testCases.TC_001_SFI_All_MobileResponse - Extracting DataSheet Values started...
17:40:00.003 [main] INFO  testCases.TC_001_SFI_All_MobileResponse - Extracting DataSheet Values Completed...
17:40:05.010 [main] INFO  testCases.TC_001_SFI_All_MobileResponse - Navigation started
17:43:04.605 [main] INFO  testCases.TC_001_SFI_All_Mobile - ******starting TC_001_SFI_All_Mobile ****
17:43:04.613 [main] INFO  testCases.TC_001_SFI_All_Mobile - Test Execution on Browser: chrome
17:43:04.628 [main] INFO  testCases.TC_001_SFI_All_Mobile - Excel file Utility instance created
17:43:07.610 [main] INFO  testCases.TC_001_SFI_All_Mobile - Row Count is: 1
17:43:07.889 [main] INFO  testCases.TC_001_SFI_All_Mobile - Col Count is: 49
17:43:07.889 [main] INFO  testCases.TC_001_SFI_All_Mobile - Extracting DataSheet Values started...
17:43:14.956 [main] INFO  testCases.TC_001_SFI_All_Mobile - Extracting DataSheet Values Completed...
17:43:35.382 [main] INFO  testCases.TC_001_SFI_All_Mobile - Survey Form Url Launched..
17:43:46.565 [main] INFO  utilities.Android.SurveyFormReUsables - Message Title Passed : Actual Value is: Hi, Welcome to chat bot..!Expected Value is: Hi, Welcome to chat bot..!
17:43:48.610 [main] INFO  testCases.TC_001_SFI_All_Mobile - Validation of Message Control Title
17:43:51.303 [main] INFO  testCases.TC_001_SFI_All_Mobile -  Select an option..! Actual Title 
17:43:51.303 [main] INFO  utilities.Android.SurveyFormReUsables - MultiChoice Control Title Passed : Actual Value is: Select an option..!Expected Value is: Select an option..!
17:43:52.766 [main] INFO  testCases.TC_001_SFI_All_Mobile - Validation of MultiChoice Control Title Completed
17:43:56.803 [main] INFO  utilities.Android.UtilityCustomFunctions - [DisAgree] is selected in List
17:43:56.804 [main] INFO  testCases.TC_001_SFI_All_Mobile - MultiChoice Item Selected
17:43:59.440 [main] INFO  testCases.TC_001_SFI_All_Mobile - MultiChoice Next Clicked
17:43:59.839 [main] INFO  utilities.Android.SurveyFormReUsables - TextQuestion Control Title Passed : Actual Value is: Please type an answer ..!Expected Value is: Please type an answer ..!
17:44:01.792 [main] INFO  testCases.TC_001_SFI_All_Mobile - Validation of TextQuestion Control Title
17:44:05.464 [main] INFO  testCases.TC_001_SFI_All_Mobile - Text Entered in TextAnswer Control
17:44:08.300 [main] INFO  testCases.TC_001_SFI_All_Mobile - Text Question Next Clicked
17:44:09.565 [main] INFO  utilities.Android.SurveyFormReUsables - Email Control Title Passed : Actual Value is: What is your email address?Expected Value is: What is your email address?
17:44:11.078 [main] INFO  testCases.TC_001_SFI_All_Mobile - Validation of Email Control Title
17:44:14.238 [main] INFO  testCases.TC_001_SFI_All_Mobile - Email Id Entered
17:44:17.201 [main] INFO  testCases.TC_001_SFI_All_Mobile - Email Next Clicked
17:44:18.670 [main] INFO  utilities.Android.SurveyFormReUsables - Phone Number Control Title Passed : Actual Value is: Please type your phone numberExpected Value is: Please type your phone number
17:44:20.079 [main] INFO  testCases.TC_001_SFI_All_Mobile - Validation of PhoneNumber Control Title
17:44:25.658 [main] INFO  testCases.TC_001_SFI_All_Mobile - Phone Number Entered
17:44:29.398 [main] INFO  testCases.TC_001_SFI_All_Mobile - PhoneNumber Next Clicked
17:44:30.502 [main] INFO  utilities.Android.SurveyFormReUsables - Appointment Control Title Passed : Actual Value is: Book an appointment / meetingExpected Value is: Book an appointment / meeting
17:44:31.905 [main] INFO  testCases.TC_001_SFI_All_Mobile - Validation of Appointment Control Title
17:44:32.613 [main] INFO  testCases.TC_001_SFI_All_Mobile - Appointment Clicked
17:44:51.545 [main] INFO  testCases.TC_001_SFI_All_Mobile - Appointment Updated to Datasheet
17:44:51.545 [main] INFO  testCases.TC_001_SFI_All_Mobile - Appointment Time Captured in Expected Value
17:44:58.547 [main] INFO  testCases.TC_001_SFI_All_Mobile - Appointment Next Button clicked
17:45:07.140 [main] INFO  testCases.TC_001_SFI_All_MobileResponse - ******starting TC_001_SFI_All_MobileResponse ****
17:45:07.141 [main] INFO  testCases.TC_001_SFI_All_MobileResponse - Test Execution on Browser: chrome
17:45:07.141 [main] INFO  testCases.TC_001_SFI_All_MobileResponse - Excel file Utility instance created
17:45:07.178 [main] INFO  testCases.TC_001_SFI_All_MobileResponse - Row Count is: 1
17:45:07.229 [main] INFO  testCases.TC_001_SFI_All_MobileResponse - Col Count is: 49
17:45:07.229 [main] INFO  testCases.TC_001_SFI_All_MobileResponse - Extracting DataSheet Values started...
17:45:09.727 [main] INFO  testCases.TC_001_SFI_All_MobileResponse - Extracting DataSheet Values Completed...
17:50:30.558 [main] INFO  testCases.TC_001_SFI_All_Mobile - ******starting TC_001_SFI_All_Mobile ****
17:50:30.589 [main] INFO  testCases.TC_001_SFI_All_Mobile - Test Execution on Browser: chrome
17:50:30.601 [main] INFO  testCases.TC_001_SFI_All_Mobile - Excel file Utility instance created
17:50:32.362 [main] INFO  testCases.TC_001_SFI_All_Mobile - Row Count is: 1
17:50:32.509 [main] INFO  testCases.TC_001_SFI_All_Mobile - Col Count is: 49
17:50:32.515 [main] INFO  testCases.TC_001_SFI_All_Mobile - Extracting DataSheet Values started...
17:50:35.609 [main] INFO  testCases.TC_001_SFI_All_Mobile - Extracting DataSheet Values Completed...
17:50:44.769 [main] INFO  testCases.TC_001_SFI_All_Mobile - Survey Form Url Launched..
17:50:53.401 [main] INFO  utilities.Android.SurveyFormReUsables - Message Title Passed : Actual Value is: Hi, Welcome to chat bot..!Expected Value is: Hi, Welcome to chat bot..!
17:50:54.796 [main] INFO  testCases.TC_001_SFI_All_Mobile - Validation of Message Control Title
17:50:55.795 [main] INFO  testCases.TC_001_SFI_All_Mobile -  Select an option..! Actual Title 
17:50:55.795 [main] INFO  utilities.Android.SurveyFormReUsables - MultiChoice Control Title Passed : Actual Value is: Select an option..!Expected Value is: Select an option..!
17:50:57.243 [main] INFO  testCases.TC_001_SFI_All_Mobile - Validation of MultiChoice Control Title Completed
17:51:01.303 [main] INFO  utilities.Android.UtilityCustomFunctions - [DisAgree] is selected in List
17:51:01.304 [main] INFO  testCases.TC_001_SFI_All_Mobile - MultiChoice Item Selected
17:51:03.225 [main] INFO  testCases.TC_001_SFI_All_Mobile - MultiChoice Next Clicked
17:51:03.620 [main] INFO  utilities.Android.SurveyFormReUsables - TextQuestion Control Title Passed : Actual Value is: Please type an answer ..!Expected Value is: Please type an answer ..!
17:51:04.997 [main] INFO  testCases.TC_001_SFI_All_Mobile - Validation of TextQuestion Control Title
17:51:07.623 [main] INFO  testCases.TC_001_SFI_All_Mobile - Text Entered in TextAnswer Control
17:51:10.288 [main] INFO  testCases.TC_001_SFI_All_Mobile - Text Question Next Clicked
17:51:11.074 [main] INFO  utilities.Android.SurveyFormReUsables - Email Control Title Passed : Actual Value is: What is your email address?Expected Value is: What is your email address?
17:51:12.563 [main] INFO  testCases.TC_001_SFI_All_Mobile - Validation of Email Control Title
17:51:14.915 [main] INFO  testCases.TC_001_SFI_All_Mobile - Email Id Entered
17:51:17.373 [main] INFO  testCases.TC_001_SFI_All_Mobile - Email Next Clicked
17:51:18.464 [main] INFO  utilities.Android.SurveyFormReUsables - Phone Number Control Title Passed : Actual Value is: Please type your phone numberExpected Value is: Please type your phone number
17:51:19.854 [main] INFO  testCases.TC_001_SFI_All_Mobile - Validation of PhoneNumber Control Title
17:51:25.533 [main] INFO  testCases.TC_001_SFI_All_Mobile - Phone Number Entered
17:51:27.758 [main] INFO  testCases.TC_001_SFI_All_Mobile - PhoneNumber Next Clicked
17:51:28.855 [main] INFO  utilities.Android.SurveyFormReUsables - Appointment Control Title Passed : Actual Value is: Book an appointment / meetingExpected Value is: Book an appointment / meeting
17:51:30.283 [main] INFO  testCases.TC_001_SFI_All_Mobile - Validation of Appointment Control Title
17:51:31.348 [main] INFO  testCases.TC_001_SFI_All_Mobile - Appointment Clicked
17:51:52.814 [main] INFO  testCases.TC_001_SFI_All_Mobile - Appointment Updated to Datasheet
17:51:52.814 [main] INFO  testCases.TC_001_SFI_All_Mobile - Appointment Time Captured in Expected Value
17:51:59.894 [main] INFO  testCases.TC_001_SFI_All_Mobile - Appointment Next Button clicked
17:52:07.890 [main] INFO  testCases.TC_001_SFI_All_MobileResponse - ******starting TC_001_SFI_All_MobileResponse ****
17:52:07.891 [main] INFO  testCases.TC_001_SFI_All_MobileResponse - Test Execution on Browser: chrome
17:52:07.891 [main] INFO  testCases.TC_001_SFI_All_MobileResponse - Excel file Utility instance created
17:52:07.941 [main] INFO  testCases.TC_001_SFI_All_MobileResponse - Row Count is: 1
17:52:07.985 [main] INFO  testCases.TC_001_SFI_All_MobileResponse - Col Count is: 49
17:52:07.985 [main] INFO  testCases.TC_001_SFI_All_MobileResponse - Extracting DataSheet Values started...
17:52:10.495 [main] INFO  testCases.TC_001_SFI_All_MobileResponse - Extracting DataSheet Values Completed...
17:54:56.896 [main] INFO  testCases.TC_001_SFI_All_Mobile - ******starting TC_001_SFI_All_Mobile ****
17:54:56.905 [main] INFO  testCases.TC_001_SFI_All_Mobile - Test Execution on Browser: chrome
17:54:56.911 [main] INFO  testCases.TC_001_SFI_All_Mobile - Excel file Utility instance created
17:55:42.739 [main] INFO  testCases.TC_001_SFI_All_Mobile - ******starting TC_001_SFI_All_Mobile ****
17:55:42.749 [main] INFO  testCases.TC_001_SFI_All_Mobile - Test Execution on Browser: chrome
17:55:42.752 [main] INFO  testCases.TC_001_SFI_All_Mobile - Excel file Utility instance created
17:55:45.036 [main] INFO  testCases.TC_001_SFI_All_Mobile - Row Count is: 1
17:55:45.208 [main] INFO  testCases.TC_001_SFI_All_Mobile - Col Count is: 49
17:55:45.208 [main] INFO  testCases.TC_001_SFI_All_Mobile - Extracting DataSheet Values started...
17:55:48.646 [main] INFO  testCases.TC_001_SFI_All_Mobile - Extracting DataSheet Values Completed...
17:55:58.048 [main] INFO  testCases.TC_001_SFI_All_Mobile - Survey Form Url Launched..
17:56:06.758 [main] INFO  testCases.TC_001_SFI_All_MobileResponse - ******starting TC_001_SFI_All_MobileResponse ****
17:56:06.758 [main] INFO  testCases.TC_001_SFI_All_MobileResponse - Test Execution on Browser: chrome
17:56:06.758 [main] INFO  testCases.TC_001_SFI_All_MobileResponse - Excel file Utility instance created
17:56:06.832 [main] INFO  testCases.TC_001_SFI_All_MobileResponse - Row Count is: 1
17:56:06.887 [main] INFO  testCases.TC_001_SFI_All_MobileResponse - Col Count is: 49
17:56:06.887 [main] INFO  testCases.TC_001_SFI_All_MobileResponse - Extracting DataSheet Values started...
17:56:08.389 [main] INFO  testCases.TC_001_SFI_All_MobileResponse - Extracting DataSheet Values Completed...
17:57:58.969 [main] INFO  testCases.TC_001_SFI_All_Mobile - ******starting TC_001_SFI_All_Mobile ****
17:57:58.994 [main] INFO  testCases.TC_001_SFI_All_Mobile - Test Execution on Browser: chrome
17:57:58.997 [main] INFO  testCases.TC_001_SFI_All_Mobile - Excel file Utility instance created
17:58:00.693 [main] INFO  testCases.TC_001_SFI_All_Mobile - Row Count is: 1
17:58:00.892 [main] INFO  testCases.TC_001_SFI_All_Mobile - Col Count is: 49
17:58:00.893 [main] INFO  testCases.TC_001_SFI_All_Mobile - Extracting DataSheet Values started...
17:58:03.761 [main] INFO  testCases.TC_001_SFI_All_Mobile - Extracting DataSheet Values Completed...
17:58:16.319 [main] INFO  testCases.TC_001_SFI_All_Mobile - Survey Form Url Launched..
17:58:24.359 [main] INFO  utilities.Android.SurveyFormReUsables - Message Title Passed : Actual Value is: Hi, Welcome to chat bot..!Expected Value is: Hi, Welcome to chat bot..!
17:58:25.894 [main] INFO  testCases.TC_001_SFI_All_Mobile - Validation of Message Control Title
17:58:27.014 [main] INFO  testCases.TC_001_SFI_All_Mobile -  Select an option..! Actual Title 
17:58:27.014 [main] INFO  utilities.Android.SurveyFormReUsables - MultiChoice Control Title Passed : Actual Value is: Select an option..!Expected Value is: Select an option..!
17:58:28.428 [main] INFO  testCases.TC_001_SFI_All_Mobile - Validation of MultiChoice Control Title Completed
17:58:32.201 [main] INFO  utilities.Android.UtilityCustomFunctions - [DisAgree] is selected in List
17:58:32.201 [main] INFO  testCases.TC_001_SFI_All_Mobile - MultiChoice Item Selected
17:58:34.142 [main] INFO  testCases.TC_001_SFI_All_Mobile - MultiChoice Next Clicked
17:58:34.520 [main] INFO  utilities.Android.SurveyFormReUsables - TextQuestion Control Title Passed : Actual Value is: Please type an answer ..!Expected Value is: Please type an answer ..!
17:58:35.891 [main] INFO  testCases.TC_001_SFI_All_Mobile - Validation of TextQuestion Control Title
17:58:38.600 [main] INFO  testCases.TC_001_SFI_All_Mobile - Text Entered in TextAnswer Control
17:58:40.849 [main] INFO  testCases.TC_001_SFI_All_Mobile - Text Question Next Clicked
17:58:41.827 [main] INFO  utilities.Android.SurveyFormReUsables - Email Control Title Passed : Actual Value is: What is your email address?Expected Value is: What is your email address?
17:58:43.321 [main] INFO  testCases.TC_001_SFI_All_Mobile - Validation of Email Control Title
17:58:45.760 [main] INFO  testCases.TC_001_SFI_All_Mobile - Email Id Entered
17:58:48.376 [main] INFO  testCases.TC_001_SFI_All_Mobile - Email Next Clicked
17:58:49.496 [main] INFO  utilities.Android.SurveyFormReUsables - Phone Number Control Title Passed : Actual Value is: Please type your phone numberExpected Value is: Please type your phone number
17:58:50.930 [main] INFO  testCases.TC_001_SFI_All_Mobile - Validation of PhoneNumber Control Title
17:58:56.948 [main] INFO  testCases.TC_001_SFI_All_Mobile - Phone Number Entered
17:58:58.590 [main] INFO  testCases.TC_001_SFI_All_Mobile - PhoneNumber Next Clicked
17:58:59.798 [main] INFO  utilities.Android.SurveyFormReUsables - Appointment Control Title Passed : Actual Value is: Book an appointment / meetingExpected Value is: Book an appointment / meeting
17:59:01.355 [main] INFO  testCases.TC_001_SFI_All_Mobile - Validation of Appointment Control Title
17:59:01.919 [main] INFO  testCases.TC_001_SFI_All_Mobile - Appointment Clicked
17:59:21.945 [main] INFO  testCases.TC_001_SFI_All_Mobile - Appointment Updated to Datasheet
17:59:21.945 [main] INFO  testCases.TC_001_SFI_All_Mobile - Appointment Time Captured in Expected Value
17:59:29.357 [main] INFO  testCases.TC_001_SFI_All_Mobile - Appointment Next Button clicked
17:59:34.791 [main] INFO  utilities.Android.SurveyFormReUsables - MultiSelect Control Title Passed : Actual Value is: Select your choices..!Expected Value is: Select your choices..!
17:59:36.259 [main] INFO  testCases.TC_001_SFI_All_Mobile - Validation of MultiSelect Control Title
17:59:41.211 [main] INFO  testCases.TC_001_SFI_All_Mobile - MultiSelect Value Selected
17:59:44.219 [main] INFO  utilities.Android.SurveyFormReUsables - List Control Title Passed : Actual Value is: Type and select your answer..!Expected Value is: Type and select your answer..!
17:59:45.714 [main] INFO  testCases.TC_001_SFI_All_Mobile - Validation of List Control Control Title
17:59:51.095 [main] INFO  utilities.Android.UtilityCustomFunctions - [Sample Option 2] is selected in List
17:59:51.095 [main] INFO  testCases.TC_001_SFI_All_Mobile - List Item Selected Sample Option 2
17:59:52.936 [main] INFO  testCases.TC_001_SFI_All_Mobile - List Next Clicked
17:59:56.511 [main] INFO  testCases.TC_001_SFI_All_Mobile - Number Selected 1234567890
17:59:59.128 [main] INFO  testCases.TC_001_SFI_All_Mobile - Number Next Clicked
18:00:00.197 [main] INFO  utilities.Android.SurveyFormReUsables - Range Control Title Passed : Actual Value is: Select a rangeExpected Value is: Select a range
18:00:01.580 [main] INFO  testCases.TC_001_SFI_All_Mobile - Validation of Range Control Control Title
18:00:13.555 [main] INFO  testCases.TC_001_SFI_All_Mobile - Range Selected 50
18:00:15.508 [main] INFO  testCases.TC_001_SFI_All_Mobile - Range Next Clicked
18:00:16.605 [main] INFO  utilities.Android.SurveyFormReUsables - Rating Control Title Passed : Actual Value is: How was your experience?Expected Value is: How was your experience?
18:00:18.050 [main] INFO  testCases.TC_001_SFI_All_Mobile - Validation of Rating Control Control Title
18:00:18.893 [main] INFO  testCases.TC_001_SFI_All_Mobile - Rating Value: TerribleClicked
18:00:21.436 [main] INFO  testCases.TC_001_SFI_All_Mobile - Rating Next Clicked
18:00:22.522 [main] INFO  utilities.Android.SurveyFormReUsables - Opinion Scale Control Title Passed : Actual Value is: Choose a number?Expected Value is: Choose a number?
18:00:23.986 [main] INFO  testCases.TC_001_SFI_All_Mobile - Validation of Opinion Scale Control Title
18:00:28.427 [main] INFO  utilities.Android.UtilityCustomFunctions - [9] is selected in List
18:00:28.428 [main] INFO  testCases.TC_001_SFI_All_Mobile - Opinion Scale : 9Clicked
18:00:30.301 [main] INFO  testCases.TC_001_SFI_All_Mobile - Opinion Scale Next Clicked
18:00:31.392 [main] INFO  utilities.Android.SurveyFormReUsables - Date Control Title Passed : Actual Value is: Select a dateExpected Value is: Select a date
18:00:32.854 [main] INFO  testCases.TC_001_SFI_All_Mobile - Validation of Date Control Title
18:00:39.583 [main] INFO  testCases.TC_001_SFI_All_Mobile - Date Value Updated to DataSheet: 06/11/2023
18:00:39.668 [main] INFO  testCases.TC_001_SFI_All_Mobile - Date Value Updated to DataSheet
18:00:41.697 [main] INFO  testCases.TC_001_SFI_All_Mobile - Date Next Clicked
18:00:43.800 [main] INFO  utilities.Android.SurveyFormReUsables - Link Control Title Passed : Actual Value is: Please contact usExpected Value is: Please contact us
18:00:45.274 [main] INFO  testCases.TC_001_SFI_All_Mobile - Validation of Link Control Title  Please contact us  
18:00:45.275 [main] INFO  testCases.TC_001_SFI_All_Mobile - Multiple Links Clicked
18:00:45.862 [main] INFO  testCases.TC_001_SFI_All_Mobile - Links Next Clicked
18:00:49.249 [main] INFO  utilities.Android.SurveyFormReUsables - ThankYou Control Title Passed : Actual Value is: Nice chatting with youExpected Value is: Nice chatting with you
18:00:51.616 [main] INFO  testCases.TC_001_SFI_All_Mobile - Validation of ThankYou Control TitleNice chatting with you
18:00:54.102 [main] INFO  testCases.TC_001_SFI_All_Mobile - ThankYou Next Clicked
18:00:56.201 [main] INFO  utilities.Android.SurveyFormReUsables - Picture Message Control Title Passed : Actual Value is: Select the picture…!Expected Value is: Select the picture…!
18:00:57.793 [main] INFO  testCases.TC_001_SFI_All_Mobile - Validation of Picture Message Control Title Select the picture…! 
18:00:59.244 [main] INFO  testCases.TC_001_SFI_All_Mobile - Picture Message Seleted:PictureMessage
18:01:02.554 [main] INFO  testCases.TC_001_SFI_All_Mobile - Picture Message Next Clicked
18:01:03.650 [main] INFO  utilities.Android.SurveyFormReUsables - Yes or No Control Title Passed : Actual Value is: Select Yes or No..?Expected Value is: Select Yes or No..?
18:01:05.114 [main] INFO  testCases.TC_001_SFI_All_Mobile - Validation of YesorNo Control Title Select Yes or No..? 
18:01:07.509 [main] INFO  testCases.TC_001_SFI_All_Mobile - Yes Clicked
18:01:07.973 [main] INFO  testCases.TC_001_SFI_All_Mobile - YesorNo Next Clicked
18:01:09.052 [main] INFO  utilities.Android.SurveyFormReUsables - Agreement Control Title Passed : Actual Value is: Terms and Conditions..!Expected Value is: Terms and Conditions..!
18:01:10.501 [main] INFO  testCases.TC_001_SFI_All_Mobile - Validation of Agreement Control Title Terms and Conditions..! 
18:01:10.630 [main] INFO  utilities.Android.SurveyFormReUsables - Agreement Text Passed : Actual Value is: I agree to the terms and conditionsExpected Value is: I agree to the terms and conditions
18:01:12.068 [main] INFO  testCases.TC_001_SFI_All_Mobile - Validation of Agreement TextI agree to the terms and conditions
18:01:13.578 [main] INFO  testCases.TC_001_SFI_All_Mobile - Agreement Next Clicked
18:01:14.702 [main] INFO  utilities.Android.SurveyFormReUsables - Ranking Matrix Title Passed : Actual Value is: Choose the value..!Expected Value is: Choose the value..!
18:01:16.186 [main] INFO  testCases.TC_001_SFI_All_Mobile - Validation of Agreement Control Title Choose the value..! 
18:01:17.008 [main] INFO  testCases.TC_001_SFI_All_Mobile - Ranking Matrix Values Selected
18:01:18.993 [main] INFO  testCases.TC_001_SFI_All_Mobile - Ranking Matrix Next Clicked
18:01:19.802 [main] INFO  testCases.TC_001_SFI_All_Mobile - All Contexts [NATIVE_APP, CHROMIUM]
18:01:29.373 [main] INFO  utilities.Android.SurveyFormReUsables - Google Map Title Passed : Actual Value is: What is your address?Expected Value is: What is your address?
18:01:30.812 [main] INFO  testCases.TC_001_SFI_All_Mobile - Validation of Google Map Control Title What is your address? 
18:01:35.676 [main] INFO  testCases.TC_001_SFI_All_Mobile - Address Entered in Google Map
18:01:38.546 [main] INFO  testCases.TC_001_SFI_All_Mobile - Google Map Next Clicked
18:01:39.634 [main] INFO  utilities.Android.SurveyFormReUsables - Voice Record Title Passed : Actual Value is: Tap the mic and record the voiceExpected Value is: Tap the mic and record the voice
18:01:41.026 [main] INFO  testCases.TC_001_SFI_All_Mobile - Validation of Voice Record Control Title Tap the mic and record the voice 
18:01:43.248 [main] INFO  testCases.TC_001_SFI_All_Mobile - All Contexts [NATIVE_APP, CHROMIUM]
18:01:57.132 [main] INFO  testCases.TC_001_SFI_All_Mobile - Voice Recorded
18:01:58.755 [main] INFO  testCases.TC_001_SFI_All_Mobile - Voice Record Prefix updated to Datasheet
18:02:01.241 [main] INFO  testCases.TC_001_SFI_All_Mobile - Voice Record Next Clicked
18:02:01.373 [main] INFO  utilities.Android.SurveyFormReUsables - File Upload Control Title Failed : Actual Value is: Tap the mic and record the voiceExpected Value is: Upload file
18:02:02.898 [main] INFO  testCases.TC_001_SFI_All_Mobile - Validation of File Upload Control Title
18:02:56.377 [main] INFO  testCases.TC_001_SFI_All_Mobile - Upload file prefix added to Datasheet
18:02:59.854 [main] INFO  testCases.TC_001_SFI_All_Mobile - FileUpload Next Clicked
18:05:44.672 [main] INFO  testCases.TC_001_SFI_All_Mobile - ******starting TC_001_SFI_All_Mobile ****
18:05:44.686 [main] INFO  testCases.TC_001_SFI_All_Mobile - Test Execution on Browser: chrome
18:05:44.690 [main] INFO  testCases.TC_001_SFI_All_Mobile - Excel file Utility instance created
18:05:46.386 [main] INFO  testCases.TC_001_SFI_All_Mobile - Row Count is: 1
18:05:46.523 [main] INFO  testCases.TC_001_SFI_All_Mobile - Col Count is: 49
18:05:46.523 [main] INFO  testCases.TC_001_SFI_All_Mobile - Extracting DataSheet Values started...
18:05:48.942 [main] INFO  testCases.TC_001_SFI_All_Mobile - Extracting DataSheet Values Completed...
18:06:00.740 [main] INFO  testCases.TC_001_SFI_All_Mobile - Survey Form Url Launched..
18:06:08.779 [main] INFO  utilities.Android.SurveyFormReUsables - Message Title Passed : Actual Value is: Hi, Welcome to chat bot..!Expected Value is: Hi, Welcome to chat bot..!
18:06:10.211 [main] INFO  testCases.TC_001_SFI_All_Mobile - Validation of Message Control Title
18:06:11.106 [main] INFO  testCases.TC_001_SFI_All_Mobile -  Select an option..! Actual Title 
18:06:11.106 [main] INFO  utilities.Android.SurveyFormReUsables - MultiChoice Control Title Passed : Actual Value is: Select an option..!Expected Value is: Select an option..!
18:06:12.525 [main] INFO  testCases.TC_001_SFI_All_Mobile - Validation of MultiChoice Control Title Completed
18:06:16.363 [main] INFO  utilities.Android.UtilityCustomFunctions - [DisAgree] is selected in List
18:06:16.363 [main] INFO  testCases.TC_001_SFI_All_Mobile - MultiChoice Item Selected
18:06:18.276 [main] INFO  testCases.TC_001_SFI_All_Mobile - MultiChoice Next Clicked
18:06:18.638 [main] INFO  utilities.Android.SurveyFormReUsables - TextQuestion Control Title Passed : Actual Value is: Please type an answer ..!Expected Value is: Please type an answer ..!
18:06:20.031 [main] INFO  testCases.TC_001_SFI_All_Mobile - Validation of TextQuestion Control Title
18:06:23.102 [main] INFO  testCases.TC_001_SFI_All_Mobile - Text Entered in TextAnswer Control
18:06:25.576 [main] INFO  testCases.TC_001_SFI_All_Mobile - Text Question Next Clicked
18:06:26.048 [main] INFO  utilities.Android.SurveyFormReUsables - Email Control Title Passed : Actual Value is: What is your email address?Expected Value is: What is your email address?
18:06:27.526 [main] INFO  testCases.TC_001_SFI_All_Mobile - Validation of Email Control Title
18:06:29.844 [main] INFO  testCases.TC_001_SFI_All_Mobile - Email Id Entered
18:06:32.250 [main] INFO  testCases.TC_001_SFI_All_Mobile - Email Next Clicked
18:06:33.328 [main] INFO  utilities.Android.SurveyFormReUsables - Phone Number Control Title Passed : Actual Value is: Please type your phone numberExpected Value is: Please type your phone number
18:06:34.783 [main] INFO  testCases.TC_001_SFI_All_Mobile - Validation of PhoneNumber Control Title
18:06:39.807 [main] INFO  testCases.TC_001_SFI_All_Mobile - Phone Number Entered
18:06:41.933 [main] INFO  testCases.TC_001_SFI_All_Mobile - PhoneNumber Next Clicked
18:06:43.040 [main] INFO  utilities.Android.SurveyFormReUsables - Appointment Control Title Passed : Actual Value is: Book an appointment / meetingExpected Value is: Book an appointment / meeting
18:06:44.455 [main] INFO  testCases.TC_001_SFI_All_Mobile - Validation of Appointment Control Title
18:06:45.025 [main] INFO  testCases.TC_001_SFI_All_Mobile - Appointment Clicked
18:07:04.589 [main] INFO  testCases.TC_001_SFI_All_Mobile - Appointment Updated to Datasheet
18:07:04.589 [main] INFO  testCases.TC_001_SFI_All_Mobile - Appointment Time Captured in Expected Value
18:07:12.264 [main] INFO  testCases.TC_001_SFI_All_Mobile - Appointment Next Button clicked
18:07:17.401 [main] INFO  utilities.Android.SurveyFormReUsables - MultiSelect Control Title Passed : Actual Value is: Select your choices..!Expected Value is: Select your choices..!
18:07:18.815 [main] INFO  testCases.TC_001_SFI_All_Mobile - Validation of MultiSelect Control Title
18:07:23.920 [main] INFO  testCases.TC_001_SFI_All_Mobile - MultiSelect Value Selected
18:07:26.963 [main] INFO  utilities.Android.SurveyFormReUsables - List Control Title Passed : Actual Value is: Type and select your answer..!Expected Value is: Type and select your answer..!
18:07:28.386 [main] INFO  testCases.TC_001_SFI_All_Mobile - Validation of List Control Control Title
18:07:33.644 [main] INFO  utilities.Android.UtilityCustomFunctions - [Sample Option 2] is selected in List
18:07:33.644 [main] INFO  testCases.TC_001_SFI_All_Mobile - List Item Selected Sample Option 2
18:07:35.497 [main] INFO  testCases.TC_001_SFI_All_Mobile - List Next Clicked
18:07:39.254 [main] INFO  testCases.TC_001_SFI_All_Mobile - Number Selected 1234567890
18:07:41.449 [main] INFO  testCases.TC_001_SFI_All_Mobile - Number Next Clicked
18:07:42.552 [main] INFO  utilities.Android.SurveyFormReUsables - Range Control Title Passed : Actual Value is: Select a rangeExpected Value is: Select a range
18:07:43.968 [main] INFO  testCases.TC_001_SFI_All_Mobile - Validation of Range Control Control Title
18:07:57.064 [main] INFO  testCases.TC_001_SFI_All_Mobile - Range Selected 50
18:07:58.943 [main] INFO  testCases.TC_001_SFI_All_Mobile - Range Next Clicked
18:08:00.311 [main] INFO  utilities.Android.SurveyFormReUsables - Rating Control Title Passed : Actual Value is: How was your experience?Expected Value is: How was your experience?
18:08:01.764 [main] INFO  testCases.TC_001_SFI_All_Mobile - Validation of Rating Control Control Title
18:08:02.433 [main] INFO  testCases.TC_001_SFI_All_Mobile - Rating Value: TerribleClicked
18:08:04.315 [main] INFO  testCases.TC_001_SFI_All_Mobile - Rating Next Clicked
18:08:05.399 [main] INFO  utilities.Android.SurveyFormReUsables - Opinion Scale Control Title Passed : Actual Value is: Choose a number?Expected Value is: Choose a number?
18:08:06.841 [main] INFO  testCases.TC_001_SFI_All_Mobile - Validation of Opinion Scale Control Title
18:08:11.134 [main] INFO  utilities.Android.UtilityCustomFunctions - [9] is selected in List
18:08:11.135 [main] INFO  testCases.TC_001_SFI_All_Mobile - Opinion Scale : 9Clicked
18:08:13.073 [main] INFO  testCases.TC_001_SFI_All_Mobile - Opinion Scale Next Clicked
18:08:14.153 [main] INFO  utilities.Android.SurveyFormReUsables - Date Control Title Passed : Actual Value is: Select a dateExpected Value is: Select a date
18:08:15.621 [main] INFO  testCases.TC_001_SFI_All_Mobile - Validation of Date Control Title
18:08:22.404 [main] INFO  testCases.TC_001_SFI_All_Mobile - Date Value Updated to DataSheet: 06/11/2023
18:08:22.496 [main] INFO  testCases.TC_001_SFI_All_Mobile - Date Value Updated to DataSheet
18:08:24.433 [main] INFO  testCases.TC_001_SFI_All_Mobile - Date Next Clicked
18:08:26.541 [main] INFO  utilities.Android.SurveyFormReUsables - Link Control Title Passed : Actual Value is: Please contact usExpected Value is: Please contact us
18:08:27.966 [main] INFO  testCases.TC_001_SFI_All_Mobile - Validation of Link Control Title  Please contact us  
18:08:27.967 [main] INFO  testCases.TC_001_SFI_All_Mobile - Multiple Links Clicked
18:08:28.486 [main] INFO  testCases.TC_001_SFI_All_Mobile - Links Next Clicked
18:08:31.873 [main] INFO  utilities.Android.SurveyFormReUsables - ThankYou Control Title Passed : Actual Value is: Nice chatting with youExpected Value is: Nice chatting with you
18:08:34.239 [main] INFO  testCases.TC_001_SFI_All_Mobile - Validation of ThankYou Control TitleNice chatting with you
18:08:35.992 [main] INFO  testCases.TC_001_SFI_All_Mobile - ThankYou Next Clicked
18:08:38.110 [main] INFO  utilities.Android.SurveyFormReUsables - Picture Message Control Title Passed : Actual Value is: Select the picture…!Expected Value is: Select the picture…!
18:08:39.697 [main] INFO  testCases.TC_001_SFI_All_Mobile - Validation of Picture Message Control Title Select the picture…! 
18:08:41.090 [main] INFO  testCases.TC_001_SFI_All_Mobile - Picture Message Seleted:PictureMessage
18:08:44.175 [main] INFO  testCases.TC_001_SFI_All_Mobile - Picture Message Next Clicked
18:08:45.301 [main] INFO  utilities.Android.SurveyFormReUsables - Yes or No Control Title Passed : Actual Value is: Select Yes or No..?Expected Value is: Select Yes or No..?
18:08:46.751 [main] INFO  testCases.TC_001_SFI_All_Mobile - Validation of YesorNo Control Title Select Yes or No..? 
18:08:49.206 [main] INFO  testCases.TC_001_SFI_All_Mobile - Yes Clicked
18:08:49.614 [main] INFO  testCases.TC_001_SFI_All_Mobile - YesorNo Next Clicked
18:08:50.735 [main] INFO  utilities.Android.SurveyFormReUsables - Agreement Control Title Passed : Actual Value is: Terms and Conditions..!Expected Value is: Terms and Conditions..!
18:08:52.168 [main] INFO  testCases.TC_001_SFI_All_Mobile - Validation of Agreement Control Title Terms and Conditions..! 
18:08:52.290 [main] INFO  utilities.Android.SurveyFormReUsables - Agreement Text Passed : Actual Value is: I agree to the terms and conditionsExpected Value is: I agree to the terms and conditions
18:08:53.711 [main] INFO  testCases.TC_001_SFI_All_Mobile - Validation of Agreement TextI agree to the terms and conditions
18:08:55.227 [main] INFO  testCases.TC_001_SFI_All_Mobile - Agreement Next Clicked
18:08:56.341 [main] INFO  utilities.Android.SurveyFormReUsables - Ranking Matrix Title Passed : Actual Value is: Choose the value..!Expected Value is: Choose the value..!
18:08:57.823 [main] INFO  testCases.TC_001_SFI_All_Mobile - Validation of Agreement Control Title Choose the value..! 
18:08:58.768 [main] INFO  testCases.TC_001_SFI_All_Mobile - Ranking Matrix Values Selected
18:09:00.822 [main] INFO  testCases.TC_001_SFI_All_Mobile - Ranking Matrix Next Clicked
18:09:01.636 [main] INFO  testCases.TC_001_SFI_All_Mobile - All Contexts [NATIVE_APP, CHROMIUM]
18:09:11.268 [main] INFO  utilities.Android.SurveyFormReUsables - Google Map Title Passed : Actual Value is: What is your address?Expected Value is: What is your address?
18:09:12.676 [main] INFO  testCases.TC_001_SFI_All_Mobile - Validation of Google Map Control Title What is your address? 
18:09:17.463 [main] INFO  testCases.TC_001_SFI_All_Mobile - Address Entered in Google Map
18:09:20.500 [main] INFO  testCases.TC_001_SFI_All_Mobile - Google Map Next Clicked
18:09:21.586 [main] INFO  utilities.Android.SurveyFormReUsables - Voice Record Title Passed : Actual Value is: Tap the mic and record the voiceExpected Value is: Tap the mic and record the voice
18:09:23.014 [main] INFO  testCases.TC_001_SFI_All_Mobile - Validation of Voice Record Control Title Tap the mic and record the voice 
18:09:25.143 [main] INFO  testCases.TC_001_SFI_All_Mobile - All Contexts [NATIVE_APP, CHROMIUM]
18:09:38.854 [main] INFO  testCases.TC_001_SFI_All_Mobile - Voice Recorded
18:09:40.736 [main] INFO  testCases.TC_001_SFI_All_Mobile - Voice Record Prefix updated to Datasheet
18:09:43.199 [main] INFO  testCases.TC_001_SFI_All_Mobile - Voice Record Next Clicked
18:09:43.404 [main] INFO  utilities.Android.SurveyFormReUsables - File Upload Control Title Failed : Actual Value is: Tap the mic and record the voiceExpected Value is: Upload file
18:09:44.892 [main] INFO  testCases.TC_001_SFI_All_Mobile - Validation of File Upload Control Title
18:10:39.399 [main] INFO  testCases.TC_001_SFI_All_Mobile - Upload file prefix added to Datasheet
18:10:42.930 [main] INFO  testCases.TC_001_SFI_All_Mobile - FileUpload Next Clicked
18:10:47.449 [main] INFO  testCases.TC_001_SFI_All_MobileResponse - ******starting TC_001_SFI_All_MobileResponse ****
18:10:47.450 [main] INFO  testCases.TC_001_SFI_All_MobileResponse - Test Execution on Browser: chrome
18:10:47.450 [main] INFO  testCases.TC_001_SFI_All_MobileResponse - Excel file Utility instance created
18:10:47.484 [main] INFO  testCases.TC_001_SFI_All_MobileResponse - Row Count is: 1
18:10:47.520 [main] INFO  testCases.TC_001_SFI_All_MobileResponse - Col Count is: 49
18:10:47.522 [main] INFO  testCases.TC_001_SFI_All_MobileResponse - Extracting DataSheet Values started...
18:10:48.692 [main] INFO  testCases.TC_001_SFI_All_MobileResponse - Extracting DataSheet Values Completed...
18:10:53.701 [main] INFO  testCases.TC_001_SFI_All_MobileResponse - Navigation started
18:10:57.656 [main] INFO  testCases.TC_001_SFI_All_MobileResponse - Login details Entered
18:10:57.745 [main] INFO  testCases.TC_001_SFI_All_MobileResponse - Chat bot Logged In
18:11:12.757 [main] INFO  testCases.TC_001_SFI_All_MobileResponse - Hard wait for 15 secs
18:11:21.522 [main] INFO  testCases.TC_001_SFI_All_MobileResponse - clear all button clicked on listbox
18:11:21.969 [main] INFO  testCases.TC_001_SFI_All_MobileResponse - Build Name entered in List Box
18:11:24.977 [main] INFO  testCases.TC_001_SFI_All_MobileResponse - Waited for 3 secs
18:11:25.067 [main] INFO  testCases.TC_001_SFI_All_MobileResponse - Enter Key applied on ListBox
18:11:26.071 [main] INFO  testCases.TC_001_SFI_All_MobileResponse - Hard Wait for 1 sec
18:11:26.185 [main] INFO  testCases.TC_001_SFI_All_MobileResponse - clicked side bar Build button once
18:11:27.196 [main] INFO  testCases.TC_001_SFI_All_MobileResponse - Hard Wait for 1 sec
18:11:27.288 [main] INFO  testCases.TC_001_SFI_All_MobileResponse - clicked side bar Result
18:11:27.618 [main] INFO  testCases.TC_001_SFI_All_MobileResponse - Side Item Response clicked
18:11:27.737 [main] INFO  testCases.TC_001_SFI_All_MobileResponse - clicked refresh Response
18:11:27.814 [main] INFO  testCases.TC_001_SFI_All_MobileResponse - clicked refresh Response Again
18:11:30.895 [main] INFO  testCases.TC_001_SFI_All_MobileResponse - Clicked first Response
18:11:30.896 [main] INFO  testCases.TC_001_SFI_All_MobileResponse - Navigated to Build: SFAllMobile_Independent
18:11:32.746 [main] INFO  utilities.Browser.SurveyFormReUsables - Message Control Header Expected Value:Hi, Welcome to chat bot..! Actual Value: Hi, Welcome to chat bot..!
18:11:32.746 [main] INFO  utilities.Browser.SurveyFormReUsables - Message Control Header Passed : Actual Value is: Hi, Welcome to chat bot..!Expected Value is: Hi, Welcome to chat bot..!
18:11:35.211 [main] INFO  utilities.Browser.SurveyFormReUsables - MultiChoice Control Question Expected Value:Select an option..! Actual Value: Select an option..!
18:11:35.212 [main] INFO  utilities.Browser.SurveyFormReUsables - MultiChoice Control Question Passed : Actual Value is: Select an option..!Expected Value is: Select an option..!
18:11:36.630 [main] INFO  utilities.Browser.SurveyFormReUsables - MultiChoice Control Answer Expected Value:DisAgree Actual Value: DisAgree
18:11:36.630 [main] INFO  utilities.Browser.SurveyFormReUsables - MultiChoice Control Answer Passed : Actual Value is: DisAgreeExpected Value is: DisAgree
18:11:39.112 [main] INFO  utilities.Browser.SurveyFormReUsables - Text Question Control Question Expected Value:Please type an answer ..! Actual Value: Please type an answer ..!
18:11:39.112 [main] INFO  utilities.Browser.SurveyFormReUsables - Text Question Control Question Passed : Actual Value is: Please type an answer ..!Expected Value is: Please type an answer ..!
18:11:40.505 [main] INFO  utilities.Browser.SurveyFormReUsables - Text Question Control Answer Expected Value:Welcome to Automation...! Actual Value: Welcome to Automation...!
18:11:40.506 [main] INFO  utilities.Browser.SurveyFormReUsables - Text Question Control Answer Passed : Actual Value is: Welcome to Automation...!Expected Value is: Welcome to Automation...!
