16:54:37.921 [main] INFO  pageObjects.Android.SectionControlsPage - MultiChoice Control Title Validation with Expected: Select an option..! and Actual is:  Select an option..! 
16:54:41.780 [main] INFO  utilities.UtilityCustomFunctions - [Strongly DisAgree] is selected in List
16:54:41.781 [main] INFO  testCases.TC_002_SFS_All_Mobile - MultiChoice Item Selected : Strongly DisAgree
16:54:43.434 [main] INFO  utilities.SurveyFormReUsables - TextQuestion Control Title Passed : Actual Value is: Please type an answer ..!Expected Value is: Please type an answer ..!
16:54:44.449 [main] INFO  pageObjects.Android.SectionControlsPage - TextQuestion Control Title Validation with Expected: Please type an answer ..! and Actual is:  Please type an answer ..! 
16:54:48.438 [main] INFO  testCases.TC_002_SFS_All_Mobile - Text Entered in TextAnswer Control
16:54:48.694 [main] INFO  utilities.SurveyFormReUsables - Email Control Title Passed : Actual Value is: What is your email address?Expected Value is: What is your email address?
16:54:49.708 [main] INFO  pageObjects.Android.SectionControlsPage - Email Control Title Validation with Expected: What is your email address? and Actual is:  What is your email address? 
16:54:52.649 [main] INFO  testCases.TC_002_SFS_All_Mobile - Email Id Entered
16:54:52.898 [main] INFO  utilities.SurveyFormReUsables - Phone Number Control Title Passed : Actual Value is: Please type your phone numberExpected Value is: Please type your phone number
16:54:53.908 [main] INFO  pageObjects.Android.SectionControlsPage - Phone Number Control Title Validation with Expected: Please type your phone number and Actual is:  Please type your phone number 
16:54:56.488 [main] INFO  testCases.TC_002_SFS_All_Mobile - Phone Number Entered
16:54:57.749 [main] INFO  utilities.SurveyFormReUsables - Appointment Control Title Passed : Actual Value is: Book an appointment / meetingExpected Value is: Book an appointment / meeting
16:54:58.762 [main] INFO  pageObjects.Android.SectionControlsPage - Appointment Control Title Validation with Expected: Book an appointment / meeting and Actual is:  Book an appointment / meeting 
16:55:00.776 [main] INFO  testCases.TC_002_SFS_All_Mobile - Appointment button Clicked
16:55:22.134 [main] INFO  testCases.TC_002_SFS_All_Mobile - Appointment Updated to Datasheet
16:55:23.682 [main] INFO  testCases.TC_002_SFS_All_Mobile - Appointment Time Captured in Expected Value
16:55:26.937 [main] INFO  utilities.SurveyFormReUsables - MultiSelect Control Title Passed : Actual Value is: Select your choices..!Expected Value is: Select your choices..!
16:55:27.960 [main] INFO  pageObjects.Android.SectionControlsPage - MultiSelect Control Title Validation with Expected: Select your choices..! and Actual is:  Select your choices..! 
16:55:33.079 [main] INFO  testCases.TC_002_SFS_All_Mobile - MultiSelect Value Selected
16:55:35.689 [main] INFO  utilities.SurveyFormReUsables - List Control Title Passed : Actual Value is: Type and select your answer..!Expected Value is: Type and select your answer..!
16:55:36.691 [main] INFO  pageObjects.Android.SectionControlsPage - List Control Title Validation with Expected: Type and select your answer..! and Actual is:  Type and select your answer..! 
16:55:38.969 [main] INFO  testCases.TC_002_SFS_All_Mobile - List Input Box Clicked 
16:55:45.277 [main] INFO  testCases.TC_002_SFS_All_Mobile - List Item Selected Sample Option 5
16:55:47.856 [main] INFO  utilities.SurveyFormReUsables - Number Control Title Passed : Actual Value is: Enter the Number?Expected Value is: Enter the Number?
16:55:48.857 [main] INFO  pageObjects.Android.SectionControlsPage - Number Control Title Validation with Expected: Enter the Number? and Actual is:  Enter the Number? 
16:55:50.371 [main] INFO  testCases.TC_002_SFS_All_Mobile - Number Selected 1234567890
16:55:53.279 [main] INFO  utilities.SurveyFormReUsables - Range Control Title Passed : Actual Value is: Select a rangeExpected Value is: Select a range
16:55:54.281 [main] INFO  pageObjects.Android.SectionControlsPage - Range Control Title Validation with Expected: Select a range and Actual is:  Select a range 
16:56:05.502 [main] INFO  testCases.TC_002_SFS_All_Mobile - Range Selected 30
16:56:08.330 [main] INFO  utilities.SurveyFormReUsables - Rating Control Title Passed : Actual Value is: How was your experience?Expected Value is: How was your experience?
16:56:09.343 [main] INFO  pageObjects.Android.SectionControlsPage - Rating Control Title Validation with Expected: How was your experience? and Actual is:  How was your experience? 
16:56:11.824 [main] INFO  testCases.TC_002_SFS_All_Mobile - Rating Value: OkayClicked
16:56:14.784 [main] INFO  utilities.SurveyFormReUsables - Opinion Scale Control Title Passed : Actual Value is: Choose a number?Expected Value is: Choose a number?
16:56:15.802 [main] INFO  pageObjects.Android.SectionControlsPage - Opinion Scale Control Title Validation with Expected: Choose a number? and Actual is:  Choose a number? 
16:56:22.099 [main] INFO  utilities.UtilityCustomFunctions - [7] is selected in List
16:56:22.099 [main] INFO  testCases.TC_002_SFS_All_Mobile - Opinion Scale : 7Clicked
16:56:26.324 [main] INFO  utilities.SurveyFormReUsables - Date Control Title Passed : Actual Value is: Select a dateExpected Value is: Select a date
16:56:27.338 [main] INFO  pageObjects.Android.SectionControlsPage - Date Control Title Validation with Expected: Select a date and Actual is: Select a date
16:56:38.224 [main] INFO  testCases.TC_002_SFS_All_Mobile - Date Value Updated to DataSheet
16:56:42.797 [main] INFO  utilities.SurveyFormReUsables - Links Control Title Passed : Actual Value is: Please contact usExpected Value is: Please contact us
16:56:43.815 [main] INFO  pageObjects.Android.SectionControlsPage - Links Control Title Validation with Expected: Please contact us and Actual is:   Please contact us  
16:56:46.468 [main] INFO  utilities.SurveyFormReUsables - ThankYou Control Title Passed : Actual Value is: Nice chatting with youExpected Value is: Nice chatting with you
16:56:47.489 [main] INFO  pageObjects.Android.SectionControlsPage - ThankYou Control Title Validation with Expected: Nice chatting with you and Actual is: Nice chatting with you
16:56:50.246 [main] INFO  utilities.SurveyFormReUsables - PictureMessage Control Title Passed : Actual Value is: Select the picture…!Expected Value is: Select the picture…!
16:56:51.263 [main] INFO  pageObjects.Android.SectionControlsPage - PictureMessage Control Title Validation with Expected: Select the picture…! and Actual is:  Select the picture…! 
16:56:51.807 [main] INFO  testCases.TC_002_SFS_All_Mobile - Picture Message Seleted:SelectPicture
16:56:55.735 [main] INFO  utilities.SurveyFormReUsables - YesorNo Control Title Passed : Actual Value is: Select Yes or No..?Expected Value is: Select Yes or No..?
16:56:56.747 [main] INFO  pageObjects.Android.SectionControlsPage - YesorNo Control Title Validation with Expected: Select Yes or No..? and Actual is:  Select Yes or No..? 
16:56:57.144 [main] INFO  testCases.TC_002_SFS_All_Mobile - Yes or No ClickedNo
16:56:58.831 [main] INFO  utilities.SurveyFormReUsables - Agreement Control Title Passed : Actual Value is: Terms and Conditions..!Expected Value is: Terms and Conditions..!
16:56:59.839 [main] INFO  pageObjects.Android.SectionControlsPage - Agreement Control Title Validation with Expected: Terms and Conditions..! and Actual is:  Terms and Conditions..! 
16:57:01.945 [main] INFO  utilities.SurveyFormReUsables - Agreement Text Failed : Actual Value is: Expected Value is: I agree to the terms and conditions
16:57:02.958 [main] INFO  testCases.TC_002_SFS_All_Mobile - Validation of Agreement Text Actual is:  Expected is: I agree to the terms and conditions
16:57:03.147 [main] INFO  utilities.SurveyFormReUsables - RankingMatrix Control Title Passed : Actual Value is: Choose the value..!Expected Value is: Choose the value..!
16:57:04.157 [main] INFO  pageObjects.Android.SectionControlsPage - RankingMatrix Control Title Validation with Expected: Choose the value..! and Actual is:  Choose the value..! 
16:57:06.131 [main] INFO  testCases.TC_002_SFS_All_Mobile - Ranking Matrix Values Selected
16:57:11.223 [main] INFO  testCases.TC_002_SFS_All_Mobile - Section UI Form Submitted
16:57:14.312 [main] INFO  testCases.TC_001_SFI_All_MobileResponse - ******starting TC_001_SFI_All_MobileResponse ****
16:57:14.313 [main] INFO  testCases.TC_001_SFI_All_MobileResponse - Test Execution on Browser: chrome
16:57:14.314 [main] INFO  testCases.TC_001_SFI_All_MobileResponse - Excel file Utility instance created
16:57:14.342 [main] INFO  testCases.TC_001_SFI_All_MobileResponse - Row Count is: 1
16:57:14.366 [main] INFO  testCases.TC_001_SFI_All_MobileResponse - Col Count is: 49
16:57:14.366 [main] INFO  testCases.TC_001_SFI_All_MobileResponse - Extracting DataSheet Values started...
16:57:15.832 [main] INFO  testCases.TC_001_SFI_All_MobileResponse - Extracting DataSheet Values Completed...
16:57:20.844 [main] INFO  testCases.TC_001_SFI_All_MobileResponse - Navigation started
16:57:26.260 [main] INFO  testCases.TC_001_SFI_All_MobileResponse - Login details Entered
16:57:26.669 [main] INFO  testCases.TC_001_SFI_All_MobileResponse - Chat bot Logged In
16:57:41.721 [main] INFO  testCases.TC_001_SFI_All_MobileResponse - Hard wait for 15 secs
16:57:50.156 [main] INFO  testCases.TC_001_SFI_All_MobileResponse - clear all button clicked on listbox
16:57:50.544 [main] INFO  testCases.TC_001_SFI_All_MobileResponse - Build Name entered in List Box
16:57:53.644 [main] INFO  testCases.TC_001_SFI_All_MobileResponse - Waited for 3 secs
16:57:53.839 [main] INFO  testCases.TC_001_SFI_All_MobileResponse - Enter Key applied on ListBox
16:57:54.853 [main] INFO  testCases.TC_001_SFI_All_MobileResponse - Hard Wait for 1 sec
16:57:55.042 [main] INFO  testCases.TC_001_SFI_All_MobileResponse - clicked side bar Build button once
16:57:56.055 [main] INFO  testCases.TC_001_SFI_All_MobileResponse - Hard Wait for 1 sec
16:57:56.172 [main] INFO  testCases.TC_001_SFI_All_MobileResponse - clicked side bar Result
16:57:56.481 [main] INFO  testCases.TC_001_SFI_All_MobileResponse - Side Item Response clicked
16:57:56.626 [main] INFO  testCases.TC_001_SFI_All_MobileResponse - clicked refresh Response
16:57:56.726 [main] INFO  testCases.TC_001_SFI_All_MobileResponse - clicked refresh Response Again
16:59:28.539 [main] INFO  testCases.TC_002_SFS_All_Mobile - ******starting TC_002_SFS_All_Mobile ****
16:59:28.553 [main] INFO  testCases.TC_002_SFS_All_Mobile - Test Execution on Browser: chrome
16:59:28.643 [main] INFO  testCases.TC_002_SFS_All_Mobile - Excel file Utility instance created
16:59:30.374 [main] INFO  testCases.TC_002_SFS_All_Mobile - Row Count is: 1
16:59:30.478 [main] INFO  testCases.TC_002_SFS_All_Mobile - Col Count is: 50
16:59:30.485 [main] INFO  testCases.TC_002_SFS_All_Mobile - Extracting DataSheet Values started...
16:59:33.075 [main] INFO  testCases.TC_002_SFS_All_Mobile - Extracting DataSheet Values Completed...
16:59:45.645 [main] INFO  testCases.TC_002_SFS_All_Mobile - Survey Form Section Controls Url Launched..
16:59:45.781 [main] INFO  utilities.SurveyFormReUsables - Section Title Passed : Actual Value is: Section Title..!Expected Value is: Section Title..!
16:59:46.793 [main] INFO  testCases.TC_002_SFS_All_Mobile - Section Title Validation done:  Section Title..! 
16:59:47.092 [main] INFO  utilities.SurveyFormReUsables - Message Control Title Failed : Actual Value is: Hi, Welcome to chat bot..!Expected Value is: Hi, Welcome to Survey form...!
16:59:48.103 [main] INFO  pageObjects.Android.SectionControlsPage - Message Control Title Validation with Expected: Hi, Welcome to Survey form...! and Actual is:  Hi, Welcome to chat bot..! 
16:59:48.360 [main] INFO  utilities.SurveyFormReUsables - MultiChoice Control Title Passed : Actual Value is: Select an option..!Expected Value is: Select an option..!
16:59:49.368 [main] INFO  pageObjects.Android.SectionControlsPage - MultiChoice Control Title Validation with Expected: Select an option..! and Actual is:  Select an option..! 
16:59:53.316 [main] INFO  utilities.UtilityCustomFunctions - [Strongly DisAgree] is selected in List
16:59:53.316 [main] INFO  testCases.TC_002_SFS_All_Mobile - MultiChoice Item Selected : Strongly DisAgree
16:59:55.055 [main] INFO  utilities.SurveyFormReUsables - TextQuestion Control Title Passed : Actual Value is: Please type an answer ..!Expected Value is: Please type an answer ..!
16:59:56.058 [main] INFO  pageObjects.Android.SectionControlsPage - TextQuestion Control Title Validation with Expected: Please type an answer ..! and Actual is:  Please type an answer ..! 
17:00:00.439 [main] INFO  testCases.TC_002_SFS_All_Mobile - Text Entered in TextAnswer Control
17:00:00.682 [main] INFO  utilities.SurveyFormReUsables - Email Control Title Passed : Actual Value is: What is your email address?Expected Value is: What is your email address?
17:00:01.699 [main] INFO  pageObjects.Android.SectionControlsPage - Email Control Title Validation with Expected: What is your email address? and Actual is:  What is your email address? 
17:00:04.901 [main] INFO  testCases.TC_002_SFS_All_Mobile - Email Id Entered
17:00:05.162 [main] INFO  utilities.SurveyFormReUsables - Phone Number Control Title Passed : Actual Value is: Please type your phone numberExpected Value is: Please type your phone number
17:00:06.178 [main] INFO  pageObjects.Android.SectionControlsPage - Phone Number Control Title Validation with Expected: Please type your phone number and Actual is:  Please type your phone number 
17:00:09.152 [main] INFO  testCases.TC_002_SFS_All_Mobile - Phone Number Entered
17:00:10.472 [main] INFO  utilities.SurveyFormReUsables - Appointment Control Title Passed : Actual Value is: Book an appointment / meetingExpected Value is: Book an appointment / meeting
17:00:11.636 [main] INFO  pageObjects.Android.SectionControlsPage - Appointment Control Title Validation with Expected: Book an appointment / meeting and Actual is:  Book an appointment / meeting 
17:00:14.140 [main] INFO  testCases.TC_002_SFS_All_Mobile - Appointment button Clicked
17:00:34.959 [main] INFO  testCases.TC_002_SFS_All_Mobile - Appointment Updated to Datasheet
17:00:36.487 [main] INFO  testCases.TC_002_SFS_All_Mobile - Appointment Time Captured in Expected Value
17:00:41.758 [main] INFO  utilities.SurveyFormReUsables - MultiSelect Control Title Passed : Actual Value is: Select your choices..!Expected Value is: Select your choices..!
17:00:42.772 [main] INFO  pageObjects.Android.SectionControlsPage - MultiSelect Control Title Validation with Expected: Select your choices..! and Actual is:  Select your choices..! 
17:00:54.344 [main] INFO  testCases.TC_002_SFS_All_Mobile - MultiSelect Value Selected
17:09:38.387 [main] INFO  testCases.TC_002_SFS_All_Mobile - ******starting TC_002_SFS_All_Mobile ****
17:09:38.395 [main] INFO  testCases.TC_002_SFS_All_Mobile - Test Execution on Browser: chrome
17:09:38.476 [main] INFO  testCases.TC_002_SFS_All_Mobile - Excel file Utility instance created
17:09:40.322 [main] INFO  testCases.TC_002_SFS_All_Mobile - Row Count is: 1
17:09:40.530 [main] INFO  testCases.TC_002_SFS_All_Mobile - Col Count is: 50
17:09:40.530 [main] INFO  testCases.TC_002_SFS_All_Mobile - Extracting DataSheet Values started...
17:09:43.711 [main] INFO  testCases.TC_002_SFS_All_Mobile - Extracting DataSheet Values Completed...
17:09:56.042 [main] INFO  testCases.TC_002_SFS_All_Mobile - Survey Form Section Controls Url Launched..
17:09:56.228 [main] INFO  utilities.SurveyFormReUsables - Section Title Passed : Actual Value is: Section Title..!Expected Value is: Section Title..!
17:09:57.231 [main] INFO  testCases.TC_002_SFS_All_Mobile - Section Title Validation done:  Section Title..! 
17:09:58.476 [main] INFO  pageObjects.Android.SectionControlsPage - Message Control Title Validation with Expected: Hi, Welcome to Survey form...! and Actual is:  Hi, Welcome to chat bot..! 
17:09:59.742 [main] INFO  pageObjects.Android.SectionControlsPage - MultiChoice Control Title Validation with Expected: Select an option..! and Actual is:  Select an option..! 
17:10:03.731 [main] INFO  utilities.UtilityCustomFunctions - [Strongly DisAgree] is selected in List
17:10:03.732 [main] INFO  testCases.TC_002_SFS_All_Mobile - MultiChoice Item Selected : Strongly DisAgree
17:10:06.455 [main] INFO  pageObjects.Android.SectionControlsPage - TextQuestion Control Title Validation with Expected: Please type an answer ..! and Actual is:  Please type an answer ..! 
17:10:10.666 [main] INFO  testCases.TC_002_SFS_All_Mobile - Text Entered in TextAnswer Control
17:10:11.939 [main] INFO  pageObjects.Android.SectionControlsPage - Email Control Title Validation with Expected: What is your email address? and Actual is:  What is your email address? 
17:10:15.851 [main] INFO  testCases.TC_002_SFS_All_Mobile - Email Id Entered
17:10:17.168 [main] INFO  pageObjects.Android.SectionControlsPage - Phone Number Control Title Validation with Expected: Please type your phone number and Actual is:  Please type your phone number 
17:12:43.945 [main] INFO  testCases.TC_002_SFS_All_Mobile - ******starting TC_002_SFS_All_Mobile ****
17:12:43.953 [main] INFO  testCases.TC_002_SFS_All_Mobile - Test Execution on Browser: chrome
17:12:44.082 [main] INFO  testCases.TC_002_SFS_All_Mobile - Excel file Utility instance created
17:12:45.761 [main] INFO  testCases.TC_002_SFS_All_Mobile - Row Count is: 1
17:12:45.901 [main] INFO  testCases.TC_002_SFS_All_Mobile - Col Count is: 50
17:12:45.909 [main] INFO  testCases.TC_002_SFS_All_Mobile - Extracting DataSheet Values started...
17:12:48.947 [main] INFO  testCases.TC_002_SFS_All_Mobile - Extracting DataSheet Values Completed...
17:13:03.134 [main] INFO  testCases.TC_002_SFS_All_Mobile - Survey Form Section Controls Url Launched..
17:13:03.313 [main] INFO  utilities.SurveyFormReUsables - Section Title Passed : Actual Value is: Section Title..!Expected Value is: Section Title..!
17:13:04.330 [main] INFO  testCases.TC_002_SFS_All_Mobile - Section Title Validation done:  Section Title..! 
17:13:05.643 [main] INFO  pageObjects.Android.SectionControlsPage - Message Control Title Validation with Expected: Hi, Welcome to Survey form...! and Actual is:  Hi, Welcome to chat bot..! 
17:13:06.932 [main] INFO  pageObjects.Android.SectionControlsPage - MultiChoice Control Title Validation with Expected: Select an option..! and Actual is:  Select an option..! 
17:13:10.964 [main] INFO  utilities.UtilityCustomFunctions - [Strongly DisAgree] is selected in List
17:13:10.964 [main] INFO  testCases.TC_002_SFS_All_Mobile - MultiChoice Item Selected : Strongly DisAgree
17:13:13.633 [main] INFO  pageObjects.Android.SectionControlsPage - TextQuestion Control Title Validation with Expected: Please type an answer ..! and Actual is:  Please type an answer ..! 
17:13:18.121 [main] INFO  testCases.TC_002_SFS_All_Mobile - Text Entered in TextAnswer Control
17:13:19.381 [main] INFO  pageObjects.Android.SectionControlsPage - Email Control Title Validation with Expected: What is your email address? and Actual is:  What is your email address? 
17:13:22.514 [main] INFO  testCases.TC_002_SFS_All_Mobile - Email Id Entered
17:13:23.894 [main] INFO  pageObjects.Android.SectionControlsPage - Phone Number Control Title Validation with Expected: Please type your phone number and Actual is:  Please type your phone number 
17:13:26.933 [main] INFO  testCases.TC_002_SFS_All_Mobile - Phone Number Entered
17:13:29.204 [main] INFO  pageObjects.Android.SectionControlsPage - Appointment Control Title Validation with Expected: Book an appointment / meeting and Actual is:  Book an appointment / meeting 
17:13:31.030 [main] INFO  testCases.TC_002_SFS_All_Mobile - Appointment button Clicked
17:13:50.767 [main] INFO  testCases.TC_002_SFS_All_Mobile - Appointment Updated to Datasheet
17:13:52.322 [main] INFO  testCases.TC_002_SFS_All_Mobile - Appointment Time Captured in Expected Value
17:13:58.595 [main] INFO  pageObjects.Android.SectionControlsPage - MultiSelect Control Title Validation with Expected: Select your choices..! and Actual is:  Select your choices..! 
17:14:09.565 [main] INFO  testCases.TC_002_SFS_All_Mobile - MultiSelect Value Selected
17:14:12.404 [main] INFO  pageObjects.Android.SectionControlsPage - List Control Title Validation with Expected: Type and select your answer..! and Actual is:  Type and select your answer..! 
17:14:14.699 [main] INFO  testCases.TC_002_SFS_All_Mobile - List Input Box Clicked 
17:14:20.761 [main] INFO  testCases.TC_002_SFS_All_Mobile - List Item Selected Sample Option 5
17:14:24.383 [main] INFO  pageObjects.Android.SectionControlsPage - Number Control Title Validation with Expected: Enter the Number? and Actual is:  Enter the Number? 
17:14:26.495 [main] INFO  testCases.TC_002_SFS_All_Mobile - Number Selected 1234567890
17:14:30.997 [main] INFO  pageObjects.Android.SectionControlsPage - Range Control Title Validation with Expected: Select a range and Actual is:  Select a range 
17:20:33.786 [main] INFO  testCases.TC_002_SFS_All_Mobile - ******starting TC_002_SFS_All_Mobile ****
17:20:33.798 [main] INFO  testCases.TC_002_SFS_All_Mobile - Test Execution on Browser: chrome
17:20:33.924 [main] INFO  testCases.TC_002_SFS_All_Mobile - Excel file Utility instance created
17:20:35.554 [main] INFO  testCases.TC_002_SFS_All_Mobile - Row Count is: 1
17:20:35.715 [main] INFO  testCases.TC_002_SFS_All_Mobile - Col Count is: 50
17:20:35.715 [main] INFO  testCases.TC_002_SFS_All_Mobile - Extracting DataSheet Values started...
17:20:38.812 [main] INFO  testCases.TC_002_SFS_All_Mobile - Extracting DataSheet Values Completed...
17:20:52.638 [main] INFO  testCases.TC_002_SFS_All_Mobile - Survey Form Section Controls Url Launched..
17:20:52.796 [main] INFO  utilities.SurveyFormReUsables - Section Title Passed : Actual Value is: Section Title..!Expected Value is: Section Title..!
17:20:53.803 [main] INFO  testCases.TC_002_SFS_All_Mobile - Section Title Validation done:  Section Title..! 
17:20:55.083 [main] INFO  pageObjects.Android.SectionControlsPage - Message Control Title Validation with Expected: Hi, Welcome to Survey form...! and Actual is:  Hi, Welcome to chat bot..! 
17:20:56.325 [main] INFO  pageObjects.Android.SectionControlsPage - MultiChoice Control Title Validation with Expected: Select an option..! and Actual is:  Select an option..! 
17:35:16.669 [main] INFO  testCases.TC_002_SFS_All_Mobile - ******starting TC_002_SFS_All_Mobile ****
17:35:16.692 [main] INFO  testCases.TC_002_SFS_All_Mobile - Test Execution on Browser: chrome
17:35:16.723 [main] INFO  testCases.TC_002_SFS_All_Mobile - Excel file Utility instance created
17:35:20.613 [main] INFO  testCases.TC_002_SFS_All_Mobile - Row Count is: 1
17:35:21.266 [main] INFO  testCases.TC_002_SFS_All_Mobile - Col Count is: 50
17:35:21.276 [main] INFO  testCases.TC_002_SFS_All_Mobile - Extracting DataSheet Values started...
17:35:28.414 [main] INFO  testCases.TC_002_SFS_All_Mobile - Extracting DataSheet Values Completed...
17:36:01.029 [main] INFO  testCases.TC_002_SFS_All_Mobile - Survey Form Section Controls Url Launched..
17:36:01.491 [main] INFO  utilities.SurveyFormReUsables - Section Title Passed : Actual Value is: Section Title..!Expected Value is: Section Title..!
17:36:02.501 [main] INFO  testCases.TC_002_SFS_All_Mobile - Section Title Validation done:  Section Title..! 
17:36:04.005 [main] INFO  pageObjects.Android.SectionControlsPage - Message Control Title Validation with Expected: Hi, Welcome to Survey form...! and Actual is:  Hi, Welcome to chat bot..! 
17:36:05.336 [main] INFO  pageObjects.Android.SectionControlsPage - MultiChoice Control Title Validation with Expected: Select an option..! and Actual is:  Select an option..! 
17:36:10.341 [main] INFO  utilities.UtilityCustomFunctions - [Strongly DisAgree] is selected in List
17:36:10.341 [main] INFO  testCases.TC_002_SFS_All_Mobile - MultiChoice Item Selected : Strongly DisAgree
17:36:13.747 [main] INFO  pageObjects.Android.SectionControlsPage - TextQuestion Control Title Validation with Expected: Please type an answer ..! and Actual is:  Please type an answer ..! 
17:36:19.506 [main] INFO  testCases.TC_002_SFS_All_Mobile - Text Entered in TextAnswer Control
17:36:20.878 [main] INFO  pageObjects.Android.SectionControlsPage - Email Control Title Validation with Expected: What is your email address? and Actual is:  What is your email address? 
17:36:24.719 [main] INFO  testCases.TC_002_SFS_All_Mobile - Email Id Entered
17:36:26.219 [main] INFO  pageObjects.Android.SectionControlsPage - Phone Number Control Title Validation with Expected: Please type your phone number and Actual is:  Please type your phone number 
17:36:29.455 [main] INFO  testCases.TC_002_SFS_All_Mobile - Phone Number Entered
17:36:31.831 [main] INFO  pageObjects.Android.SectionControlsPage - Appointment Control Title Validation with Expected: Book an appointment / meeting and Actual is:  Book an appointment / meeting 
17:36:34.774 [main] INFO  testCases.TC_002_SFS_All_Mobile - Appointment button Clicked
17:36:56.749 [main] INFO  testCases.TC_002_SFS_All_Mobile - Appointment Updated to Datasheet
17:36:58.239 [main] INFO  testCases.TC_002_SFS_All_Mobile - Appointment Time Captured in Expected Value
17:37:04.561 [main] INFO  pageObjects.Android.SectionControlsPage - MultiSelect Control Title Validation with Expected: Select your choices..! and Actual is:  Select your choices..! 
17:37:16.289 [main] INFO  testCases.TC_002_SFS_All_Mobile - MultiSelect Value Selected
17:37:19.185 [main] INFO  pageObjects.Android.SectionControlsPage - List Control Title Validation with Expected: Type and select your answer..! and Actual is:  Type and select your answer..! 
17:37:21.587 [main] INFO  testCases.TC_002_SFS_All_Mobile - List Input Box Clicked 
17:37:28.343 [main] INFO  testCases.TC_002_SFS_All_Mobile - List Item Selected Sample Option 5
17:37:32.030 [main] INFO  pageObjects.Android.SectionControlsPage - Number Control Title Validation with Expected: Enter the Number? and Actual is:  Enter the Number? 
17:37:34.082 [main] INFO  testCases.TC_002_SFS_All_Mobile - Number Selected 1234567890
17:37:38.161 [main] INFO  pageObjects.Android.SectionControlsPage - Range Control Title Validation with Expected: Select a range and Actual is:  Select a range 
17:42:21.084 [main] INFO  testCases.TC_002_SFS_All_Mobile - ******starting TC_002_SFS_All_Mobile ****
17:42:21.092 [main] INFO  testCases.TC_002_SFS_All_Mobile - Test Execution on Browser: chrome
17:42:21.153 [main] INFO  testCases.TC_002_SFS_All_Mobile - Excel file Utility instance created
17:42:23.456 [main] INFO  testCases.TC_002_SFS_All_Mobile - Row Count is: 1
17:42:23.663 [main] INFO  testCases.TC_002_SFS_All_Mobile - Col Count is: 50
17:42:23.664 [main] INFO  testCases.TC_002_SFS_All_Mobile - Extracting DataSheet Values started...
17:42:26.601 [main] INFO  testCases.TC_002_SFS_All_Mobile - Extracting DataSheet Values Completed...
17:42:54.116 [main] INFO  testCases.TC_002_SFS_All_Mobile - Survey Form Section Controls Url Launched..
17:42:54.247 [main] INFO  utilities.SurveyFormReUsables - Section Title Passed : Actual Value is: Section Title..!Expected Value is: Section Title..!
17:42:55.665 [main] INFO  testCases.TC_002_SFS_All_Mobile - Section Title Validation done:  Section Title..! 
17:42:57.390 [main] INFO  pageObjects.Android.SectionControlsPage - Message Control Title Validation with Expected: Hi, Welcome to Survey form...! and Actual is:  Hi, Welcome to chat bot..! 
17:42:59.206 [main] INFO  pageObjects.Android.SectionControlsPage - MultiChoice Control Title Validation with Expected: Select an option..! and Actual is:  Select an option..! 
17:43:03.474 [main] INFO  utilities.UtilityCustomFunctions - [Strongly DisAgree] is selected in List
17:43:03.475 [main] INFO  testCases.TC_002_SFS_All_Mobile - MultiChoice Item Selected : Strongly DisAgree
17:43:06.737 [main] INFO  pageObjects.Android.SectionControlsPage - TextQuestion Control Title Validation with Expected: Please type an answer ..! and Actual is:  Please type an answer ..! 
17:43:11.845 [main] INFO  testCases.TC_002_SFS_All_Mobile - Text Entered in TextAnswer Control
17:43:13.769 [main] INFO  pageObjects.Android.SectionControlsPage - Email Control Title Validation with Expected: What is your email address? and Actual is:  What is your email address? 
17:43:17.826 [main] INFO  testCases.TC_002_SFS_All_Mobile - Email Id Entered
17:43:19.838 [main] INFO  pageObjects.Android.SectionControlsPage - Phone Number Control Title Validation with Expected: Please type your phone number and Actual is:  Please type your phone number 
17:43:23.209 [main] INFO  testCases.TC_002_SFS_All_Mobile - Phone Number Entered
17:43:27.140 [main] INFO  pageObjects.Android.SectionControlsPage - Appointment Control Title Validation with Expected: Book an appointment / meeting and Actual is:  Book an appointment / meeting 
17:43:29.744 [main] INFO  testCases.TC_002_SFS_All_Mobile - Appointment button Clicked
17:46:29.817 [main] INFO  testCases.TC_002_SFS_All_Mobile - ******starting TC_002_SFS_All_Mobile ****
17:46:29.827 [main] INFO  testCases.TC_002_SFS_All_Mobile - Test Execution on Browser: chrome
17:46:29.859 [main] INFO  testCases.TC_002_SFS_All_Mobile - Excel file Utility instance created
17:46:31.778 [main] INFO  testCases.TC_002_SFS_All_Mobile - Row Count is: 1
17:46:31.905 [main] INFO  testCases.TC_002_SFS_All_Mobile - Col Count is: 50
17:46:31.907 [main] INFO  testCases.TC_002_SFS_All_Mobile - Extracting DataSheet Values started...
17:46:34.728 [main] INFO  testCases.TC_002_SFS_All_Mobile - Extracting DataSheet Values Completed...
17:46:56.565 [main] INFO  testCases.TC_002_SFS_All_Mobile - Survey Form Section Controls Url Launched..
17:46:56.754 [main] INFO  utilities.SurveyFormReUsables - Section Title Passed : Actual Value is: Section Title..!Expected Value is: Section Title..!
17:46:58.296 [main] INFO  testCases.TC_002_SFS_All_Mobile - Section Title Validation done:  Section Title..! 
17:47:00.364 [main] INFO  pageObjects.Android.SectionControlsPage - Message Control Title Validation with Expected: Hi, Welcome to Survey form...! and Actual is:  Hi, Welcome to chat bot..! 
17:47:02.137 [main] INFO  pageObjects.Android.SectionControlsPage - MultiChoice Control Title Validation with Expected: Select an option..! and Actual is:  Select an option..! 
17:47:06.386 [main] INFO  utilities.UtilityCustomFunctions - [Strongly DisAgree] is selected in List
17:47:06.387 [main] INFO  testCases.TC_002_SFS_All_Mobile - MultiChoice Item Selected : Strongly DisAgree
17:47:09.537 [main] INFO  pageObjects.Android.SectionControlsPage - TextQuestion Control Title Validation with Expected: Please type an answer ..! and Actual is:  Please type an answer ..! 
17:47:15.229 [main] INFO  testCases.TC_002_SFS_All_Mobile - Text Entered in TextAnswer Control
17:47:17.107 [main] INFO  pageObjects.Android.SectionControlsPage - Email Control Title Validation with Expected: What is your email address? and Actual is:  What is your email address? 
17:47:20.670 [main] INFO  testCases.TC_002_SFS_All_Mobile - Email Id Entered
17:47:22.609 [main] INFO  pageObjects.Android.SectionControlsPage - Phone Number Control Title Validation with Expected: Please type your phone number and Actual is:  Please type your phone number 
17:47:26.308 [main] INFO  testCases.TC_002_SFS_All_Mobile - Phone Number Entered
17:47:29.374 [main] INFO  pageObjects.Android.SectionControlsPage - Appointment Control Title Validation with Expected: Book an appointment / meeting and Actual is:  Book an appointment / meeting 
17:47:31.974 [main] INFO  testCases.TC_002_SFS_All_Mobile - Appointment button Clicked
17:49:27.023 [main] INFO  testCases.TC_002_SFS_All_Mobile - ******starting TC_002_SFS_All_Mobile ****
17:49:27.036 [main] INFO  testCases.TC_002_SFS_All_Mobile - Test Execution on Browser: chrome
17:49:27.190 [main] INFO  testCases.TC_002_SFS_All_Mobile - Excel file Utility instance created
17:49:30.902 [main] INFO  testCases.TC_002_SFS_All_Mobile - Row Count is: 1
17:49:31.113 [main] INFO  testCases.TC_002_SFS_All_Mobile - Col Count is: 50
17:49:31.116 [main] INFO  testCases.TC_002_SFS_All_Mobile - Extracting DataSheet Values started...
17:49:38.651 [main] INFO  testCases.TC_002_SFS_All_Mobile - Extracting DataSheet Values Completed...
17:50:02.859 [main] INFO  testCases.TC_002_SFS_All_Mobile - Survey Form Section Controls Url Launched..
17:50:03.162 [main] INFO  utilities.SurveyFormReUsables - Section Title Passed : Actual Value is: Section Title..!Expected Value is: Section Title..!
17:50:04.673 [main] INFO  testCases.TC_002_SFS_All_Mobile - Section Title Validation done:  Section Title..! 
17:50:07.177 [main] INFO  pageObjects.Android.SectionControlsPage - Message Control Title Validation with Expected: Hi, Welcome to Survey form...! and Actual is:  Hi, Welcome to chat bot..! 
17:50:09.300 [main] INFO  pageObjects.Android.SectionControlsPage - MultiChoice Control Title Validation with Expected: Select an option..! and Actual is:  Select an option..! 
17:50:13.589 [main] INFO  utilities.UtilityCustomFunctions - [Strongly DisAgree] is selected in List
17:50:13.590 [main] INFO  testCases.TC_002_SFS_All_Mobile - MultiChoice Item Selected : Strongly DisAgree
17:50:16.873 [main] INFO  pageObjects.Android.SectionControlsPage - TextQuestion Control Title Validation with Expected: Please type an answer ..! and Actual is:  Please type an answer ..! 
17:50:23.290 [main] INFO  testCases.TC_002_SFS_All_Mobile - Text Entered in TextAnswer Control
17:50:25.289 [main] INFO  pageObjects.Android.SectionControlsPage - Email Control Title Validation with Expected: What is your email address? and Actual is:  What is your email address? 
17:50:29.035 [main] INFO  testCases.TC_002_SFS_All_Mobile - Email Id Entered
17:50:31.104 [main] INFO  pageObjects.Android.SectionControlsPage - Phone Number Control Title Validation with Expected: Please type your phone number and Actual is:  Please type your phone number 
17:50:34.403 [main] INFO  testCases.TC_002_SFS_All_Mobile - Phone Number Entered
17:50:37.209 [main] INFO  pageObjects.Android.SectionControlsPage - Appointment Control Title Validation with Expected: Book an appointment / meeting and Actual is:  Book an appointment / meeting 
17:50:39.580 [main] INFO  testCases.TC_002_SFS_All_Mobile - Appointment button Clicked
17:51:00.356 [main] INFO  testCases.TC_002_SFS_All_Mobile - Appointment Updated to Datasheet
17:51:01.879 [main] INFO  testCases.TC_002_SFS_All_Mobile - Appointment Time Captured in Expected Value
17:51:08.803 [main] INFO  pageObjects.Android.SectionControlsPage - MultiSelect Control Title Validation with Expected: Select your choices..! and Actual is:  Select your choices..! 
17:51:20.556 [main] INFO  testCases.TC_002_SFS_All_Mobile - MultiSelect Value Selected
17:51:24.013 [main] INFO  pageObjects.Android.SectionControlsPage - List Control Title Validation with Expected: Type and select your answer..! and Actual is:  Type and select your answer..! 
17:51:26.375 [main] INFO  testCases.TC_002_SFS_All_Mobile - List Input Box Clicked 
17:51:32.446 [main] INFO  testCases.TC_002_SFS_All_Mobile - List Item Selected Sample Option 5
17:51:36.669 [main] INFO  pageObjects.Android.SectionControlsPage - Number Control Title Validation with Expected: Enter the Number? and Actual is:  Enter the Number? 
17:51:38.916 [main] INFO  testCases.TC_002_SFS_All_Mobile - Number Selected 1234567890
17:51:43.398 [main] INFO  pageObjects.Android.SectionControlsPage - Range Control Title Validation with Expected: Select a range and Actual is:  Select a range 
17:51:58.446 [main] INFO  testCases.TC_002_SFS_All_Mobile - Range Selected 30
17:52:02.956 [main] INFO  pageObjects.Android.SectionControlsPage - Rating Control Title Validation with Expected: How was your experience? and Actual is:  How was your experience? 
17:52:05.624 [main] INFO  testCases.TC_002_SFS_All_Mobile - Rating Value: OkayClicked
17:52:11.498 [main] INFO  pageObjects.Android.SectionControlsPage - Opinion Scale Control Title Validation with Expected: Choose a number? and Actual is:  Choose a number? 
17:52:18.697 [main] INFO  utilities.UtilityCustomFunctions - [7] is selected in List
17:52:18.698 [main] INFO  testCases.TC_002_SFS_All_Mobile - Opinion Scale : 7Clicked
17:52:27.084 [main] INFO  pageObjects.Android.SectionControlsPage - Date Control Title Validation with Expected: Select a date and Actual is: Select a date
17:52:39.951 [main] INFO  testCases.TC_002_SFS_All_Mobile - Date Value Updated to DataSheet
17:52:48.155 [main] INFO  pageObjects.Android.SectionControlsPage - Links Control Title Validation with Expected: Please contact us and Actual is:   Please contact us  
17:52:53.503 [main] INFO  pageObjects.Android.SectionControlsPage - ThankYou Control Title Validation with Expected: Nice chatting with you and Actual is: Nice chatting with you
17:52:58.052 [main] INFO  pageObjects.Android.SectionControlsPage - PictureMessage Control Title Validation with Expected: Select the picture…! and Actual is:  Select the picture…! 
17:52:58.648 [main] INFO  testCases.TC_002_SFS_All_Mobile - Picture Message Seleted:SelectPicture
17:53:04.346 [main] INFO  pageObjects.Android.SectionControlsPage - YesorNo Control Title Validation with Expected: Select Yes or No..? and Actual is:  Select Yes or No..? 
17:53:04.899 [main] INFO  testCases.TC_002_SFS_All_Mobile - Yes or No ClickedNo
17:53:08.218 [main] INFO  pageObjects.Android.SectionControlsPage - Agreement Control Title Validation with Expected: Terms and Conditions..! and Actual is:  Terms and Conditions..! 
17:53:10.378 [main] INFO  utilities.SurveyFormReUsables - Agreement Text Failed : Actual Value is: Expected Value is: I agree to the terms and conditions
17:53:11.939 [main] INFO  testCases.TC_002_SFS_All_Mobile - Validation of Agreement Text Actual is:  Expected is: I agree to the terms and conditions
17:53:13.731 [main] INFO  pageObjects.Android.SectionControlsPage - RankingMatrix Control Title Validation with Expected: Choose the value..! and Actual is:  Choose the value..! 
17:53:16.352 [main] INFO  testCases.TC_002_SFS_All_Mobile - Ranking Matrix Values Selected
17:53:21.741 [main] INFO  testCases.TC_002_SFS_All_Mobile - Section UI Form Submitted
17:56:48.762 [main] INFO  testCases.TC_002_SFS_All_Mobile - ******starting TC_002_SFS_All_Mobile ****
17:56:48.773 [main] INFO  testCases.TC_002_SFS_All_Mobile - Test Execution on Browser: chrome
17:56:48.800 [main] INFO  testCases.TC_002_SFS_All_Mobile - Excel file Utility instance created
17:56:50.933 [main] INFO  testCases.TC_002_SFS_All_Mobile - Row Count is: 1
17:56:51.078 [main] INFO  testCases.TC_002_SFS_All_Mobile - Col Count is: 50
17:56:51.080 [main] INFO  testCases.TC_002_SFS_All_Mobile - Extracting DataSheet Values started...
17:56:53.777 [main] INFO  testCases.TC_002_SFS_All_Mobile - Extracting DataSheet Values Completed...
17:57:13.093 [main] INFO  testCases.TC_002_SFS_All_Mobile - Survey Form Section Controls Url Launched..
17:57:13.271 [main] INFO  utilities.SurveyFormReUsables - Section Title Passed : Actual Value is: Section Title..!Expected Value is: Section Title..!
17:57:14.713 [main] INFO  testCases.TC_002_SFS_All_Mobile - Section Title Validation done:  Section Title..! 
17:57:16.500 [main] INFO  pageObjects.Android.SectionControlsPage - Message Control Title Validation with Expected: Hi, Welcome to Survey form...! and Actual is:  Hi, Welcome to chat bot..! 
17:57:18.327 [main] INFO  pageObjects.Android.SectionControlsPage - MultiChoice Control Title Validation with Expected: Select an option..! and Actual is:  Select an option..! 
17:57:22.768 [main] INFO  utilities.UtilityCustomFunctions - [Strongly DisAgree] is selected in List
17:57:22.768 [main] INFO  testCases.TC_002_SFS_All_Mobile - MultiChoice Item Selected : Strongly DisAgree
17:57:26.562 [main] INFO  pageObjects.Android.SectionControlsPage - TextQuestion Control Title Validation with Expected: Please type an answer ..! and Actual is:  Please type an answer ..! 
17:57:31.866 [main] INFO  testCases.TC_002_SFS_All_Mobile - Text Entered in TextAnswer Control
17:57:33.875 [main] INFO  pageObjects.Android.SectionControlsPage - Email Control Title Validation with Expected: What is your email address? and Actual is:  What is your email address? 
17:57:37.387 [main] INFO  testCases.TC_002_SFS_All_Mobile - Email Id Entered
17:57:39.260 [main] INFO  pageObjects.Android.SectionControlsPage - Phone Number Control Title Validation with Expected: Please type your phone number and Actual is:  Please type your phone number 
17:57:42.780 [main] INFO  testCases.TC_002_SFS_All_Mobile - Phone Number Entered
17:57:45.775 [main] INFO  pageObjects.Android.SectionControlsPage - Appointment Control Title Validation with Expected: Book an appointment / meeting and Actual is:  Book an appointment / meeting 
17:57:48.539 [main] INFO  testCases.TC_002_SFS_All_Mobile - Appointment button Clicked
17:58:08.702 [main] INFO  testCases.TC_002_SFS_All_Mobile - Appointment Updated to Datasheet
17:58:10.234 [main] INFO  testCases.TC_002_SFS_All_Mobile - Appointment Time Captured in Expected Value
17:58:17.081 [main] INFO  pageObjects.Android.SectionControlsPage - MultiSelect Control Title Validation with Expected: Select your choices..! and Actual is:  Select your choices..! 
17:58:29.298 [main] INFO  testCases.TC_002_SFS_All_Mobile - MultiSelect Value Selected
17:58:32.816 [main] INFO  pageObjects.Android.SectionControlsPage - List Control Title Validation with Expected: Type and select your answer..! and Actual is:  Type and select your answer..! 
17:58:35.285 [main] INFO  testCases.TC_002_SFS_All_Mobile - List Input Box Clicked 
17:58:42.302 [main] INFO  testCases.TC_002_SFS_All_Mobile - List Item Selected Sample Option 5
17:58:46.586 [main] INFO  pageObjects.Android.SectionControlsPage - Number Control Title Validation with Expected: Enter the Number? and Actual is:  Enter the Number? 
17:58:49.148 [main] INFO  testCases.TC_002_SFS_All_Mobile - Number Selected 1234567890
17:58:53.757 [main] INFO  pageObjects.Android.SectionControlsPage - Range Control Title Validation with Expected: Select a range and Actual is:  Select a range 
17:59:08.596 [main] INFO  testCases.TC_002_SFS_All_Mobile - Range Selected 30
17:59:13.112 [main] INFO  pageObjects.Android.SectionControlsPage - Rating Control Title Validation with Expected: How was your experience? and Actual is:  How was your experience? 
17:59:15.709 [main] INFO  testCases.TC_002_SFS_All_Mobile - Rating Value: OkayClicked
17:59:21.649 [main] INFO  pageObjects.Android.SectionControlsPage - Opinion Scale Control Title Validation with Expected: Choose a number? and Actual is:  Choose a number? 
17:59:29.357 [main] INFO  utilities.UtilityCustomFunctions - [7] is selected in List
17:59:29.357 [main] INFO  testCases.TC_002_SFS_All_Mobile - Opinion Scale : 7Clicked
17:59:38.626 [main] INFO  pageObjects.Android.SectionControlsPage - Date Control Title Validation with Expected: Select a date and Actual is: Select a date
17:59:52.342 [main] INFO  testCases.TC_002_SFS_All_Mobile - Date Value Updated to DataSheet
17:59:59.991 [main] INFO  pageObjects.Android.SectionControlsPage - Links Control Title Validation with Expected: Please contact us and Actual is:   Please contact us  
18:00:05.311 [main] INFO  pageObjects.Android.SectionControlsPage - ThankYou Control Title Validation with Expected: Nice chatting with you and Actual is: Nice chatting with you
18:00:10.212 [main] INFO  pageObjects.Android.SectionControlsPage - PictureMessage Control Title Validation with Expected: Select the picture…! and Actual is:  Select the picture…! 
18:00:11.143 [main] INFO  testCases.TC_002_SFS_All_Mobile - Picture Message Seleted:SelectPicture
18:00:16.762 [main] INFO  pageObjects.Android.SectionControlsPage - YesorNo Control Title Validation with Expected: Select Yes or No..? and Actual is:  Select Yes or No..? 
18:00:17.351 [main] INFO  testCases.TC_002_SFS_All_Mobile - Yes or No ClickedNo
18:00:20.744 [main] INFO  pageObjects.Android.SectionControlsPage - Agreement Control Title Validation with Expected: Terms and Conditions..! and Actual is:  Terms and Conditions..! 
18:00:22.859 [main] INFO  utilities.SurveyFormReUsables - Agreement Text Failed : Actual Value is: Expected Value is: I agree to the terms and conditions
18:00:24.432 [main] INFO  testCases.TC_002_SFS_All_Mobile - Validation of Agreement Text Actual is:  Expected is: I agree to the terms and conditions
18:00:26.192 [main] INFO  pageObjects.Android.SectionControlsPage - RankingMatrix Control Title Validation with Expected: Choose the value..! and Actual is:  Choose the value..! 
18:00:28.614 [main] INFO  testCases.TC_002_SFS_All_Mobile - Ranking Matrix Values Selected
18:00:33.976 [main] INFO  testCases.TC_002_SFS_All_Mobile - Section UI Form Submitted
18:09:58.690 [main] INFO  testCases.TC_002_SFS_All_MobileResponse - ******starting TC_002_SFS_All_MobileResponse ****
18:09:58.699 [main] INFO  testCases.TC_002_SFS_All_MobileResponse - Test Execution on Browser: chrome
18:09:58.702 [main] INFO  testCases.TC_002_SFS_All_MobileResponse - Excel file Utility instance created
18:10:00.114 [main] INFO  testCases.TC_002_SFS_All_MobileResponse - Row Count is: 1
18:10:00.396 [main] INFO  testCases.TC_002_SFS_All_MobileResponse - Col Count is: 50
18:10:00.397 [main] INFO  testCases.TC_002_SFS_All_MobileResponse - Extracting DataSheet Values started...
18:10:03.064 [main] INFO  testCases.TC_002_SFS_All_MobileResponse - Extracting DataSheet Values Completed...
18:10:08.074 [main] INFO  testCases.TC_002_SFS_All_MobileResponse - Navigation started
18:10:11.444 [main] INFO  testCases.TC_002_SFS_All_MobileResponse - Login details Entered
18:10:11.569 [main] INFO  testCases.TC_002_SFS_All_MobileResponse - Chat bot Logged In
18:10:26.575 [main] INFO  testCases.TC_002_SFS_All_MobileResponse - Hard wait for 15 secs
18:10:34.089 [main] INFO  testCases.TC_002_SFS_All_MobileResponse - clear all button clicked on listbox
18:10:34.432 [main] INFO  testCases.TC_002_SFS_All_MobileResponse - Build Name entered in List Box
18:10:37.446 [main] INFO  testCases.TC_002_SFS_All_MobileResponse - Waited for 3 secs
18:10:37.534 [main] INFO  testCases.TC_002_SFS_All_MobileResponse - Enter Key applied on ListBox
18:10:38.536 [main] INFO  testCases.TC_002_SFS_All_MobileResponse - Hard Wait for 1 sec
18:10:38.682 [main] INFO  testCases.TC_002_SFS_All_MobileResponse - clicked side bar Build button once
18:10:39.687 [main] INFO  testCases.TC_002_SFS_All_MobileResponse - Hard Wait for 1 sec
18:10:39.785 [main] INFO  testCases.TC_002_SFS_All_MobileResponse - clicked side bar Result
18:10:40.120 [main] INFO  testCases.TC_002_SFS_All_MobileResponse - Side Item Response clicked
18:10:40.257 [main] INFO  testCases.TC_002_SFS_All_MobileResponse - clicked refresh Response
18:10:40.357 [main] INFO  testCases.TC_002_SFS_All_MobileResponse - clicked refresh Response Again
18:10:43.449 [main] INFO  testCases.TC_002_SFS_All_MobileResponse - Clicked first Response
18:10:43.449 [main] INFO  testCases.TC_002_SFS_All_MobileResponse - Navigated to Build: SFAllMobile_Section
18:10:44.491 [main] INFO  testCases.TC_002_SFS_All_MobileResponse - Section Title in Response : 1) Section Title..!
18:10:45.653 [main] INFO  utilities.Browser.SurveyFormReUsables - Message Title in Response Expected Value:Hi, Welcome to Survey form...! Actual Value: Hi, Welcome to chat bot..!
18:10:45.654 [main] INFO  utilities.Browser.SurveyFormReUsables - Message Title in Response Failed : Actual Value is: Hi, Welcome to chat bot..!Expected Value is: Hi, Welcome to Survey form...!
18:10:48.097 [main] INFO  utilities.Browser.SurveyFormReUsables - Multi Choice Question in Response Expected Value:Select an option..! Actual Value: Select an option..!
18:10:48.097 [main] INFO  utilities.Browser.SurveyFormReUsables - Multi Choice Question in Response Passed : Actual Value is: Select an option..!Expected Value is: Select an option..!
18:10:49.497 [main] INFO  utilities.Browser.SurveyFormReUsables - Multi Choice Answer in Response Expected Value:Strongly DisAgree Actual Value: Strongly DisAgree
18:10:49.497 [main] INFO  utilities.Browser.SurveyFormReUsables - Multi Choice Answer in Response Passed : Actual Value is: Strongly DisAgreeExpected Value is: Strongly DisAgree
18:10:51.947 [main] INFO  utilities.Browser.SurveyFormReUsables - Text Question Control Question Expected Value:Please type an answer ..! Actual Value: Please type an answer ..!
18:10:51.947 [main] INFO  utilities.Browser.SurveyFormReUsables - Text Question Control Question Passed : Actual Value is: Please type an answer ..!Expected Value is: Please type an answer ..!
18:10:53.335 [main] INFO  utilities.Browser.SurveyFormReUsables - Text Question Control Answer Expected Value:Welcome to Automation...! Test execution of Survey form Controls within Section UI. Actual Value: Welcome to Automation...! Test execution of Survey form Controls within Section UI.
18:10:53.335 [main] INFO  utilities.Browser.SurveyFormReUsables - Text Question Control Answer Passed : Actual Value is: Welcome to Automation...! Test execution of Survey form Controls within Section UI.Expected Value is: Welcome to Automation...! Test execution of Survey form Controls within Section UI.
18:10:55.820 [main] INFO  utilities.Browser.SurveyFormReUsables - Email Control Question Expected Value:What is your email address? Actual Value: What is your email address?
