15:55:17.090 [main] INFO  testCases.TC_001_SFI_All_Mobile - Excel file Utility instance created
15:55:18.806 [main] INFO  testCases.TC_001_SFI_All_Mobile - Row Count is: 1
15:55:19.057 [main] INFO  testCases.TC_001_SFI_All_Mobile - Col Count is: 49
15:55:19.057 [main] INFO  testCases.TC_001_SFI_All_Mobile - Extracting DataSheet Values started...
15:55:20.955 [main] INFO  testCases.TC_001_SFI_All_Mobile - Extracting DataSheet Values Completed...
15:55:25.302 [main] INFO  testCases.TC_001_SFI_All_Mobile - Survey Form Url Launched..
15:55:28.359 [main] INFO  testCases.TC_001_SFI_All_Mobile - Message Title Passed : Actual Value is: Hi, Welcome to Survey form...!Expected Value is: Hi, Welcome to Survey form...!
15:55:29.371 [main] INFO  testCases.TC_001_SFI_All_Mobile - Validation of Message Control Title
15:55:30.022 [main] INFO  testCases.TC_001_SFI_All_Mobile - Select an option..!Actual Title 
15:55:30.022 [main] INFO  testCases.TC_001_SFI_All_Mobile - MultiChoice Control Title Passed : Actual Value is: Select an option..!Expected Value is: Select an option..!
15:55:31.035 [main] INFO  testCases.TC_001_SFI_All_Mobile - Validation of MultiChoice Control Title Completed
15:55:34.922 [main] INFO  testCases.TC_001_SFI_All_Mobile - [DisAgree] is selected in List
15:55:34.922 [main] INFO  testCases.TC_001_SFI_All_Mobile - MultiChoice Item Selected
15:55:36.609 [main] INFO  testCases.TC_001_SFI_All_Mobile - MultiChoice Next Clicked
15:55:36.997 [main] INFO  testCases.TC_001_SFI_All_Mobile - TextQuestion Control Title Passed : Actual Value is: Please type an answer ..!Expected Value is: Please type an answer ..!
15:55:38.000 [main] INFO  testCases.TC_001_SFI_All_Mobile - Validation of TextQuestion Control Title
15:55:40.073 [main] INFO  testCases.TC_001_SFI_All_Mobile - Text Entered in TextAnswer Control
15:55:42.520 [main] INFO  testCases.TC_001_SFI_All_Mobile - Text Question Next Clicked
15:55:43.057 [main] INFO  testCases.TC_001_SFI_All_Mobile - Email Control Title Passed : Actual Value is: What is your email address?Expected Value is: What is your email address?
15:55:44.072 [main] INFO  testCases.TC_001_SFI_All_Mobile - Validation of Email Control Title
15:55:46.233 [main] INFO  testCases.TC_001_SFI_All_Mobile - Email Id Entered
15:55:48.844 [main] INFO  testCases.TC_001_SFI_All_Mobile - Email Next Clicked
15:55:50.030 [main] INFO  testCases.TC_001_SFI_All_Mobile - Phone Number Control Title Passed : Actual Value is: Please type your phone numberExpected Value is: Please type your phone number
15:55:51.033 [main] INFO  testCases.TC_001_SFI_All_Mobile - Validation of PhoneNumber Control Title
15:55:55.416 [main] INFO  testCases.TC_001_SFI_All_Mobile - Phone Number Entered
15:55:56.102 [main] INFO  testCases.TC_001_SFI_All_Mobile - PhoneNumber Next Clicked
15:55:57.211 [main] INFO  testCases.TC_001_SFI_All_Mobile - Appointment Control Title Passed : Actual Value is: Book an appointment / meetingExpected Value is: Book an appointment / meeting
15:55:58.223 [main] INFO  testCases.TC_001_SFI_All_Mobile - Validation of Appointment Control Title
15:55:58.521 [main] INFO  testCases.TC_001_SFI_All_Mobile - Appointment Clicked
15:56:48.275 [main] INFO  testCases.TC_001_SFI_All_Mobile - Appointment Updated to Datasheet
15:56:48.276 [main] INFO  testCases.TC_001_SFI_All_Mobile - Appointment Time Captured in Expected Value
15:56:50.946 [main] INFO  testCases.TC_001_SFI_All_Mobile - Appointment Next Button clicked
15:56:52.076 [main] INFO  testCases.TC_001_SFI_All_Mobile - MultiSelect Control Title Passed : Actual Value is: Select your choices..!Expected Value is: Select your choices..!
15:56:53.088 [main] INFO  testCases.TC_001_SFI_All_Mobile - Validation of MultiSelect Control Title
15:56:59.007 [main] INFO  testCases.TC_001_SFI_All_Mobile - MultiSelect Value Selected
15:57:01.856 [main] INFO  testCases.TC_001_SFI_All_Mobile - List Control Title Passed : Actual Value is: Type and select your answer..!Expected Value is: Type and select your answer..!
15:57:02.861 [main] INFO  testCases.TC_001_SFI_All_Mobile - Validation of List Control Control Title
15:57:07.957 [main] INFO  testCases.TC_001_SFI_All_Mobile - [Sample Option 2] is selected in List
15:57:07.958 [main] INFO  testCases.TC_001_SFI_All_Mobile - List Item Selected Sample Option 2
15:57:09.639 [main] INFO  testCases.TC_001_SFI_All_Mobile - List Next Clicked
15:57:12.687 [main] INFO  testCases.TC_001_SFI_All_Mobile - Number Selected 1234567890
15:57:14.670 [main] INFO  testCases.TC_001_SFI_All_Mobile - Number Next Clicked
15:59:59.090 [main] INFO  testCases.TC_001_SFI_All_Mobile - ******starting TC_001_SFI_All_Mobile ****
15:59:59.100 [main] INFO  testCases.TC_001_SFI_All_Mobile - Test Execution on Browser: chrome
15:59:59.107 [main] INFO  testCases.TC_001_SFI_All_Mobile - Excel file Utility instance created
16:00:00.578 [main] INFO  testCases.TC_001_SFI_All_Mobile - Row Count is: 1
16:00:00.774 [main] INFO  testCases.TC_001_SFI_All_Mobile - Col Count is: 49
16:00:00.779 [main] INFO  testCases.TC_001_SFI_All_Mobile - Extracting DataSheet Values started...
16:00:02.930 [main] INFO  testCases.TC_001_SFI_All_Mobile - Extracting DataSheet Values Completed...
16:00:07.716 [main] INFO  testCases.TC_001_SFI_All_Mobile - Survey Form Url Launched..
16:00:10.824 [main] INFO  testCases.TC_001_SFI_All_Mobile - Message Title Passed : Actual Value is: Hi, Welcome to Survey form...!Expected Value is: Hi, Welcome to Survey form...!
16:00:11.833 [main] INFO  testCases.TC_001_SFI_All_Mobile - Validation of Message Control Title
16:00:12.550 [main] INFO  testCases.TC_001_SFI_All_Mobile - Select an option..!Actual Title 
16:00:12.550 [main] INFO  testCases.TC_001_SFI_All_Mobile - MultiChoice Control Title Passed : Actual Value is: Select an option..!Expected Value is: Select an option..!
16:00:13.559 [main] INFO  testCases.TC_001_SFI_All_Mobile - Validation of MultiChoice Control Title Completed
16:00:17.376 [main] INFO  testCases.TC_001_SFI_All_Mobile - [DisAgree] is selected in List
16:00:17.377 [main] INFO  testCases.TC_001_SFI_All_Mobile - MultiChoice Item Selected
16:00:19.029 [main] INFO  testCases.TC_001_SFI_All_Mobile - MultiChoice Next Clicked
16:00:19.406 [main] INFO  testCases.TC_001_SFI_All_Mobile - TextQuestion Control Title Passed : Actual Value is: Please type an answer ..!Expected Value is: Please type an answer ..!
16:00:20.417 [main] INFO  testCases.TC_001_SFI_All_Mobile - Validation of TextQuestion Control Title
16:00:22.455 [main] INFO  testCases.TC_001_SFI_All_Mobile - Text Entered in TextAnswer Control
16:00:24.623 [main] INFO  testCases.TC_001_SFI_All_Mobile - Text Question Next Clicked
16:00:25.313 [main] INFO  testCases.TC_001_SFI_All_Mobile - Email Control Title Passed : Actual Value is: What is your email address?Expected Value is: What is your email address?
16:00:26.328 [main] INFO  testCases.TC_001_SFI_All_Mobile - Validation of Email Control Title
16:00:28.455 [main] INFO  testCases.TC_001_SFI_All_Mobile - Email Id Entered
16:00:30.727 [main] INFO  testCases.TC_001_SFI_All_Mobile - Email Next Clicked
16:00:31.837 [main] INFO  testCases.TC_001_SFI_All_Mobile - Phone Number Control Title Passed : Actual Value is: Please type your phone numberExpected Value is: Please type your phone number
16:00:32.851 [main] INFO  testCases.TC_001_SFI_All_Mobile - Validation of PhoneNumber Control Title
16:00:37.725 [main] INFO  testCases.TC_001_SFI_All_Mobile - Phone Number Entered
16:00:38.227 [main] INFO  testCases.TC_001_SFI_All_Mobile - PhoneNumber Next Clicked
16:00:39.324 [main] INFO  testCases.TC_001_SFI_All_Mobile - Appointment Control Title Passed : Actual Value is: Book an appointment / meetingExpected Value is: Book an appointment / meeting
16:00:40.339 [main] INFO  testCases.TC_001_SFI_All_Mobile - Validation of Appointment Control Title
16:00:40.636 [main] INFO  testCases.TC_001_SFI_All_Mobile - Appointment Clicked
16:01:30.505 [main] INFO  testCases.TC_001_SFI_All_Mobile - Appointment Updated to Datasheet
16:01:30.506 [main] INFO  testCases.TC_001_SFI_All_Mobile - Appointment Time Captured in Expected Value
16:01:33.356 [main] INFO  testCases.TC_001_SFI_All_Mobile - Appointment Next Button clicked
16:01:34.453 [main] INFO  testCases.TC_001_SFI_All_Mobile - MultiSelect Control Title Passed : Actual Value is: Select your choices..!Expected Value is: Select your choices..!
16:01:35.456 [main] INFO  testCases.TC_001_SFI_All_Mobile - Validation of MultiSelect Control Title
16:01:41.659 [main] INFO  testCases.TC_001_SFI_All_Mobile - MultiSelect Value Selected
16:01:44.639 [main] INFO  testCases.TC_001_SFI_All_Mobile - List Control Title Passed : Actual Value is: Type and select your answer..!Expected Value is: Type and select your answer..!
16:01:45.642 [main] INFO  testCases.TC_001_SFI_All_Mobile - Validation of List Control Control Title
16:01:51.193 [main] INFO  testCases.TC_001_SFI_All_Mobile - [Sample Option 2] is selected in List
16:01:51.193 [main] INFO  testCases.TC_001_SFI_All_Mobile - List Item Selected Sample Option 2
16:01:53.133 [main] INFO  testCases.TC_001_SFI_All_Mobile - List Next Clicked
16:01:56.305 [main] INFO  testCases.TC_001_SFI_All_Mobile - Number Selected 1234567890
16:01:58.810 [main] INFO  testCases.TC_001_SFI_All_Mobile - Number Next Clicked
16:04:37.029 [main] INFO  testCases.TC_001_SFI_All_Mobile - ******starting TC_001_SFI_All_Mobile ****
16:04:37.037 [main] INFO  testCases.TC_001_SFI_All_Mobile - Test Execution on Browser: chrome
16:04:37.040 [main] INFO  testCases.TC_001_SFI_All_Mobile - Excel file Utility instance created
16:04:38.497 [main] INFO  testCases.TC_001_SFI_All_Mobile - Row Count is: 1
16:04:38.588 [main] INFO  testCases.TC_001_SFI_All_Mobile - Col Count is: 49
16:04:38.589 [main] INFO  testCases.TC_001_SFI_All_Mobile - Extracting DataSheet Values started...
16:04:41.093 [main] INFO  testCases.TC_001_SFI_All_Mobile - Extracting DataSheet Values Completed...
16:04:45.744 [main] INFO  testCases.TC_001_SFI_All_Mobile - Survey Form Url Launched..
16:04:48.910 [main] INFO  testCases.TC_001_SFI_All_Mobile - Message Title Passed : Actual Value is: Hi, Welcome to Survey form...!Expected Value is: Hi, Welcome to Survey form...!
16:04:49.924 [main] INFO  testCases.TC_001_SFI_All_Mobile - Validation of Message Control Title
16:04:50.587 [main] INFO  testCases.TC_001_SFI_All_Mobile - Select an option..!Actual Title 
16:04:50.587 [main] INFO  testCases.TC_001_SFI_All_Mobile - MultiChoice Control Title Passed : Actual Value is: Select an option..!Expected Value is: Select an option..!
16:04:51.592 [main] INFO  testCases.TC_001_SFI_All_Mobile - Validation of MultiChoice Control Title Completed
16:04:55.407 [main] INFO  testCases.TC_001_SFI_All_Mobile - [DisAgree] is selected in List
16:04:55.407 [main] INFO  testCases.TC_001_SFI_All_Mobile - MultiChoice Item Selected
16:04:57.034 [main] INFO  testCases.TC_001_SFI_All_Mobile - MultiChoice Next Clicked
16:04:57.392 [main] INFO  testCases.TC_001_SFI_All_Mobile - TextQuestion Control Title Passed : Actual Value is: Please type an answer ..!Expected Value is: Please type an answer ..!
16:04:58.405 [main] INFO  testCases.TC_001_SFI_All_Mobile - Validation of TextQuestion Control Title
16:05:00.321 [main] INFO  testCases.TC_001_SFI_All_Mobile - Text Entered in TextAnswer Control
16:05:02.443 [main] INFO  testCases.TC_001_SFI_All_Mobile - Text Question Next Clicked
16:05:02.959 [main] INFO  testCases.TC_001_SFI_All_Mobile - Email Control Title Passed : Actual Value is: What is your email address?Expected Value is: What is your email address?
16:05:03.966 [main] INFO  testCases.TC_001_SFI_All_Mobile - Validation of Email Control Title
16:05:05.980 [main] INFO  testCases.TC_001_SFI_All_Mobile - Email Id Entered
16:05:08.071 [main] INFO  testCases.TC_001_SFI_All_Mobile - Email Next Clicked
16:05:09.233 [main] INFO  testCases.TC_001_SFI_All_Mobile - Phone Number Control Title Passed : Actual Value is: Please type your phone numberExpected Value is: Please type your phone number
16:05:10.237 [main] INFO  testCases.TC_001_SFI_All_Mobile - Validation of PhoneNumber Control Title
16:05:15.093 [main] INFO  testCases.TC_001_SFI_All_Mobile - Phone Number Entered
16:05:16.379 [main] INFO  testCases.TC_001_SFI_All_Mobile - PhoneNumber Next Clicked
16:05:17.462 [main] INFO  testCases.TC_001_SFI_All_Mobile - Appointment Control Title Passed : Actual Value is: Book an appointment / meetingExpected Value is: Book an appointment / meeting
16:05:18.479 [main] INFO  testCases.TC_001_SFI_All_Mobile - Validation of Appointment Control Title
16:05:18.778 [main] INFO  testCases.TC_001_SFI_All_Mobile - Appointment Clicked
16:06:07.058 [main] INFO  testCases.TC_001_SFI_All_Mobile - Appointment Updated to Datasheet
16:06:07.058 [main] INFO  testCases.TC_001_SFI_All_Mobile - Appointment Time Captured in Expected Value
16:06:09.788 [main] INFO  testCases.TC_001_SFI_All_Mobile - Appointment Next Button clicked
16:06:10.899 [main] INFO  testCases.TC_001_SFI_All_Mobile - MultiSelect Control Title Passed : Actual Value is: Select your choices..!Expected Value is: Select your choices..!
16:06:11.906 [main] INFO  testCases.TC_001_SFI_All_Mobile - Validation of MultiSelect Control Title
16:06:17.717 [main] INFO  testCases.TC_001_SFI_All_Mobile - MultiSelect Value Selected
16:06:20.514 [main] INFO  testCases.TC_001_SFI_All_Mobile - List Control Title Passed : Actual Value is: Type and select your answer..!Expected Value is: Type and select your answer..!
16:06:21.530 [main] INFO  testCases.TC_001_SFI_All_Mobile - Validation of List Control Control Title
16:06:26.636 [main] INFO  testCases.TC_001_SFI_All_Mobile - [Sample Option 2] is selected in List
16:06:26.636 [main] INFO  testCases.TC_001_SFI_All_Mobile - List Item Selected Sample Option 2
16:06:28.350 [main] INFO  testCases.TC_001_SFI_All_Mobile - List Next Clicked
16:06:31.540 [main] INFO  testCases.TC_001_SFI_All_Mobile - Number Selected 1234567890
16:06:33.653 [main] INFO  testCases.TC_001_SFI_All_Mobile - Number Next Clicked
16:06:34.732 [main] INFO  testCases.TC_001_SFI_All_Mobile - Range Control Title Passed : Actual Value is: Select a rangeExpected Value is: Select a range
16:06:35.737 [main] INFO  testCases.TC_001_SFI_All_Mobile - Validation of Range Control Control Title
16:06:48.426 [main] INFO  testCases.TC_001_SFI_All_Mobile - Range Selected 50
16:06:50.222 [main] INFO  testCases.TC_001_SFI_All_Mobile - Range Next Clicked
16:06:51.509 [main] INFO  testCases.TC_001_SFI_All_Mobile - Rating Control Title Passed : Actual Value is: How was your experience?Expected Value is: How was your experience?
16:06:52.514 [main] INFO  testCases.TC_001_SFI_All_Mobile - Validation of Rating Control Control Title
16:06:52.836 [main] INFO  testCases.TC_001_SFI_All_Mobile - Rating Value: TerribleClicked
16:06:54.596 [main] INFO  testCases.TC_001_SFI_All_Mobile - Rating Next Clicked
16:06:55.681 [main] INFO  testCases.TC_001_SFI_All_Mobile - Opinion Scale Control Title Passed : Actual Value is: Choose a number?Expected Value is: Choose a number?
16:06:56.685 [main] INFO  testCases.TC_001_SFI_All_Mobile - Validation of Opinion Scale Control Title
16:07:01.189 [main] INFO  testCases.TC_001_SFI_All_Mobile - [9] is selected in List
16:07:01.189 [main] INFO  testCases.TC_001_SFI_All_Mobile - Opinion Scale : 9Clicked
16:07:02.871 [main] INFO  testCases.TC_001_SFI_All_Mobile - Opinion Scale Next Clicked
16:07:03.945 [main] INFO  testCases.TC_001_SFI_All_Mobile - Date Control Title Passed : Actual Value is: Select a dateExpected Value is: Select a date
16:07:04.961 [main] INFO  testCases.TC_001_SFI_All_Mobile - Validation of Date Control Title
16:07:14.157 [main] INFO  testCases.TC_001_SFI_All_Mobile - Date Value Updated to DataSheet
16:07:15.826 [main] INFO  testCases.TC_001_SFI_All_Mobile - Date Next Clicked
16:07:16.910 [main] INFO  testCases.TC_001_SFI_All_Mobile - File Upload Control Title Passed : Actual Value is: Upload fileExpected Value is: Upload file
16:07:17.920 [main] INFO  testCases.TC_001_SFI_All_Mobile - Validation of File Upload Control Title
16:12:21.485 [main] INFO  testCases.TC_001_SFI_All_Mobile - ******starting TC_001_SFI_All_Mobile ****
16:12:21.497 [main] INFO  testCases.TC_001_SFI_All_Mobile - Test Execution on Browser: chrome
16:12:21.516 [main] INFO  testCases.TC_001_SFI_All_Mobile - Excel file Utility instance created
16:12:23.322 [main] INFO  testCases.TC_001_SFI_All_Mobile - Row Count is: 1
16:12:23.428 [main] INFO  testCases.TC_001_SFI_All_Mobile - Col Count is: 49
16:12:23.429 [main] INFO  testCases.TC_001_SFI_All_Mobile - Extracting DataSheet Values started...
16:12:25.451 [main] INFO  testCases.TC_001_SFI_All_Mobile - Extracting DataSheet Values Completed...
16:12:30.740 [main] INFO  testCases.TC_001_SFI_All_Mobile - Survey Form Url Launched..
16:12:34.366 [main] INFO  testCases.TC_001_SFI_All_Mobile - Message Title Passed : Actual Value is: Hi, Welcome to Survey form...!Expected Value is: Hi, Welcome to Survey form...!
16:12:35.370 [main] INFO  testCases.TC_001_SFI_All_Mobile - Validation of Message Control Title
16:12:35.977 [main] INFO  testCases.TC_001_SFI_All_Mobile - Select an option..!Actual Title 
16:12:35.977 [main] INFO  testCases.TC_001_SFI_All_Mobile - MultiChoice Control Title Passed : Actual Value is: Select an option..!Expected Value is: Select an option..!
16:12:36.982 [main] INFO  testCases.TC_001_SFI_All_Mobile - Validation of MultiChoice Control Title Completed
16:12:40.739 [main] INFO  testCases.TC_001_SFI_All_Mobile - [DisAgree] is selected in List
16:12:40.740 [main] INFO  testCases.TC_001_SFI_All_Mobile - MultiChoice Item Selected
16:12:42.406 [main] INFO  testCases.TC_001_SFI_All_Mobile - MultiChoice Next Clicked
16:12:42.703 [main] INFO  testCases.TC_001_SFI_All_Mobile - TextQuestion Control Title Passed : Actual Value is: Please type an answer ..!Expected Value is: Please type an answer ..!
16:12:43.706 [main] INFO  testCases.TC_001_SFI_All_Mobile - Validation of TextQuestion Control Title
16:12:46.023 [main] INFO  testCases.TC_001_SFI_All_Mobile - Text Entered in TextAnswer Control
16:12:48.353 [main] INFO  testCases.TC_001_SFI_All_Mobile - Text Question Next Clicked
16:12:48.751 [main] INFO  testCases.TC_001_SFI_All_Mobile - Email Control Title Passed : Actual Value is: What is your email address?Expected Value is: What is your email address?
16:12:49.756 [main] INFO  testCases.TC_001_SFI_All_Mobile - Validation of Email Control Title
16:12:51.779 [main] INFO  testCases.TC_001_SFI_All_Mobile - Email Id Entered
16:12:53.855 [main] INFO  testCases.TC_001_SFI_All_Mobile - Email Next Clicked
16:12:55.008 [main] INFO  testCases.TC_001_SFI_All_Mobile - Phone Number Control Title Passed : Actual Value is: Please type your phone numberExpected Value is: Please type your phone number
16:12:56.017 [main] INFO  testCases.TC_001_SFI_All_Mobile - Validation of PhoneNumber Control Title
16:13:00.625 [main] INFO  testCases.TC_001_SFI_All_Mobile - Phone Number Entered
16:13:01.086 [main] INFO  testCases.TC_001_SFI_All_Mobile - PhoneNumber Next Clicked
16:13:02.174 [main] INFO  testCases.TC_001_SFI_All_Mobile - Appointment Control Title Passed : Actual Value is: Book an appointment / meetingExpected Value is: Book an appointment / meeting
16:13:03.183 [main] INFO  testCases.TC_001_SFI_All_Mobile - Validation of Appointment Control Title
16:13:03.452 [main] INFO  testCases.TC_001_SFI_All_Mobile - Appointment Clicked
16:13:51.399 [main] INFO  testCases.TC_001_SFI_All_Mobile - Appointment Updated to Datasheet
16:13:51.400 [main] INFO  testCases.TC_001_SFI_All_Mobile - Appointment Time Captured in Expected Value
16:13:54.088 [main] INFO  testCases.TC_001_SFI_All_Mobile - Appointment Next Button clicked
16:13:55.204 [main] INFO  testCases.TC_001_SFI_All_Mobile - MultiSelect Control Title Passed : Actual Value is: Select your choices..!Expected Value is: Select your choices..!
16:13:56.210 [main] INFO  testCases.TC_001_SFI_All_Mobile - Validation of MultiSelect Control Title
16:14:02.032 [main] INFO  testCases.TC_001_SFI_All_Mobile - MultiSelect Value Selected
16:14:04.862 [main] INFO  testCases.TC_001_SFI_All_Mobile - List Control Title Passed : Actual Value is: Type and select your answer..!Expected Value is: Type and select your answer..!
16:14:05.875 [main] INFO  testCases.TC_001_SFI_All_Mobile - Validation of List Control Control Title
16:14:10.842 [main] INFO  testCases.TC_001_SFI_All_Mobile - [Sample Option 2] is selected in List
16:14:10.842 [main] INFO  testCases.TC_001_SFI_All_Mobile - List Item Selected Sample Option 2
16:14:12.539 [main] INFO  testCases.TC_001_SFI_All_Mobile - List Next Clicked
16:14:15.733 [main] INFO  testCases.TC_001_SFI_All_Mobile - Number Selected 1234567890
16:14:17.936 [main] INFO  testCases.TC_001_SFI_All_Mobile - Number Next Clicked
16:14:19.026 [main] INFO  testCases.TC_001_SFI_All_Mobile - Range Control Title Passed : Actual Value is: Select a rangeExpected Value is: Select a range
16:14:20.040 [main] INFO  testCases.TC_001_SFI_All_Mobile - Validation of Range Control Control Title
16:14:32.219 [main] INFO  testCases.TC_001_SFI_All_Mobile - Range Selected 50
16:14:34.036 [main] INFO  testCases.TC_001_SFI_All_Mobile - Range Next Clicked
16:14:35.287 [main] INFO  testCases.TC_001_SFI_All_Mobile - Rating Control Title Passed : Actual Value is: How was your experience?Expected Value is: How was your experience?
16:14:36.299 [main] INFO  testCases.TC_001_SFI_All_Mobile - Validation of Rating Control Control Title
16:14:36.613 [main] INFO  testCases.TC_001_SFI_All_Mobile - Rating Value: TerribleClicked
16:14:38.408 [main] INFO  testCases.TC_001_SFI_All_Mobile - Rating Next Clicked
16:14:39.512 [main] INFO  testCases.TC_001_SFI_All_Mobile - Opinion Scale Control Title Passed : Actual Value is: Choose a number?Expected Value is: Choose a number?
16:14:40.523 [main] INFO  testCases.TC_001_SFI_All_Mobile - Validation of Opinion Scale Control Title
16:14:44.962 [main] INFO  testCases.TC_001_SFI_All_Mobile - [9] is selected in List
16:14:44.964 [main] INFO  testCases.TC_001_SFI_All_Mobile - Opinion Scale : 9Clicked
16:14:46.676 [main] INFO  testCases.TC_001_SFI_All_Mobile - Opinion Scale Next Clicked
16:14:47.753 [main] INFO  testCases.TC_001_SFI_All_Mobile - Date Control Title Passed : Actual Value is: Select a dateExpected Value is: Select a date
16:14:48.756 [main] INFO  testCases.TC_001_SFI_All_Mobile - Validation of Date Control Title
16:14:57.993 [main] INFO  testCases.TC_001_SFI_All_Mobile - Date Value Updated to DataSheet
16:14:59.692 [main] INFO  testCases.TC_001_SFI_All_Mobile - Date Next Clicked
16:15:00.768 [main] INFO  testCases.TC_001_SFI_All_Mobile - File Upload Control Title Passed : Actual Value is: Upload fileExpected Value is: Upload file
16:15:01.771 [main] INFO  testCases.TC_001_SFI_All_Mobile - Validation of File Upload Control Title
16:24:09.610 [main] INFO  testCases.TC_001_SFI_All_Mobile - ******starting TC_001_SFI_All_Mobile ****
16:24:09.617 [main] INFO  testCases.TC_001_SFI_All_Mobile - Test Execution on Browser: chrome
16:24:09.632 [main] INFO  testCases.TC_001_SFI_All_Mobile - Excel file Utility instance created
16:24:10.906 [main] INFO  testCases.TC_001_SFI_All_Mobile - Row Count is: 1
16:24:11.024 [main] INFO  testCases.TC_001_SFI_All_Mobile - Col Count is: 49
16:24:11.027 [main] INFO  testCases.TC_001_SFI_All_Mobile - Extracting DataSheet Values started...
16:24:13.312 [main] INFO  testCases.TC_001_SFI_All_Mobile - Extracting DataSheet Values Completed...
16:24:19.388 [main] INFO  testCases.TC_001_SFI_All_Mobile - Survey Form Url Launched..
16:24:22.182 [main] INFO  testCases.TC_001_SFI_All_Mobile - Message Title Passed : Actual Value is: Hi, Welcome to Survey form...!Expected Value is: Hi, Welcome to Survey form...!
16:24:23.197 [main] INFO  testCases.TC_001_SFI_All_Mobile - Validation of Message Control Title
16:24:23.906 [main] INFO  testCases.TC_001_SFI_All_Mobile - Select an option..!Actual Title 
16:24:23.906 [main] INFO  testCases.TC_001_SFI_All_Mobile - MultiChoice Control Title Passed : Actual Value is: Select an option..!Expected Value is: Select an option..!
16:24:24.915 [main] INFO  testCases.TC_001_SFI_All_Mobile - Validation of MultiChoice Control Title Completed
16:24:28.744 [main] INFO  testCases.TC_001_SFI_All_Mobile - [DisAgree] is selected in List
16:24:28.744 [main] INFO  testCases.TC_001_SFI_All_Mobile - MultiChoice Item Selected
16:24:30.381 [main] INFO  testCases.TC_001_SFI_All_Mobile - MultiChoice Next Clicked
16:24:30.739 [main] INFO  testCases.TC_001_SFI_All_Mobile - TextQuestion Control Title Passed : Actual Value is: Please type an answer ..!Expected Value is: Please type an answer ..!
16:24:31.750 [main] INFO  testCases.TC_001_SFI_All_Mobile - Validation of TextQuestion Control Title
16:24:34.079 [main] INFO  testCases.TC_001_SFI_All_Mobile - Text Entered in TextAnswer Control
16:24:36.112 [main] INFO  testCases.TC_001_SFI_All_Mobile - Text Question Next Clicked
16:24:36.680 [main] INFO  testCases.TC_001_SFI_All_Mobile - Email Control Title Passed : Actual Value is: What is your email address?Expected Value is: What is your email address?
16:24:37.690 [main] INFO  testCases.TC_001_SFI_All_Mobile - Validation of Email Control Title
16:24:39.730 [main] INFO  testCases.TC_001_SFI_All_Mobile - Email Id Entered
16:24:41.964 [main] INFO  testCases.TC_001_SFI_All_Mobile - Email Next Clicked
16:24:43.053 [main] INFO  testCases.TC_001_SFI_All_Mobile - Phone Number Control Title Passed : Actual Value is: Please type your phone numberExpected Value is: Please type your phone number
16:24:44.064 [main] INFO  testCases.TC_001_SFI_All_Mobile - Validation of PhoneNumber Control Title
16:24:49.039 [main] INFO  testCases.TC_001_SFI_All_Mobile - Phone Number Entered
16:24:49.724 [main] INFO  testCases.TC_001_SFI_All_Mobile - PhoneNumber Next Clicked
16:24:50.813 [main] INFO  testCases.TC_001_SFI_All_Mobile - Appointment Control Title Passed : Actual Value is: Book an appointment / meetingExpected Value is: Book an appointment / meeting
16:24:51.830 [main] INFO  testCases.TC_001_SFI_All_Mobile - Validation of Appointment Control Title
16:24:52.131 [main] INFO  testCases.TC_001_SFI_All_Mobile - Appointment Clicked
16:25:40.650 [main] INFO  testCases.TC_001_SFI_All_Mobile - Appointment Updated to Datasheet
16:25:40.651 [main] INFO  testCases.TC_001_SFI_All_Mobile - Appointment Time Captured in Expected Value
16:25:43.452 [main] INFO  testCases.TC_001_SFI_All_Mobile - Appointment Next Button clicked
16:25:44.541 [main] INFO  testCases.TC_001_SFI_All_Mobile - MultiSelect Control Title Passed : Actual Value is: Select your choices..!Expected Value is: Select your choices..!
16:25:45.544 [main] INFO  testCases.TC_001_SFI_All_Mobile - Validation of MultiSelect Control Title
16:25:51.706 [main] INFO  testCases.TC_001_SFI_All_Mobile - MultiSelect Value Selected
16:25:54.515 [main] INFO  testCases.TC_001_SFI_All_Mobile - List Control Title Passed : Actual Value is: Type and select your answer..!Expected Value is: Type and select your answer..!
16:25:55.523 [main] INFO  testCases.TC_001_SFI_All_Mobile - Validation of List Control Control Title
16:26:00.781 [main] INFO  testCases.TC_001_SFI_All_Mobile - [Sample Option 2] is selected in List
16:26:00.782 [main] INFO  testCases.TC_001_SFI_All_Mobile - List Item Selected Sample Option 2
16:26:02.501 [main] INFO  testCases.TC_001_SFI_All_Mobile - List Next Clicked
16:26:05.378 [main] INFO  testCases.TC_001_SFI_All_Mobile - Number Selected 1234567890
16:26:07.635 [main] INFO  testCases.TC_001_SFI_All_Mobile - Number Next Clicked
16:26:08.736 [main] INFO  testCases.TC_001_SFI_All_Mobile - Range Control Title Passed : Actual Value is: Select a rangeExpected Value is: Select a range
16:26:09.740 [main] INFO  testCases.TC_001_SFI_All_Mobile - Validation of Range Control Control Title
16:26:23.597 [main] INFO  testCases.TC_001_SFI_All_Mobile - Range Selected 50
16:26:25.368 [main] INFO  testCases.TC_001_SFI_All_Mobile - Range Next Clicked
16:26:26.698 [main] INFO  testCases.TC_001_SFI_All_Mobile - Rating Control Title Passed : Actual Value is: How was your experience?Expected Value is: How was your experience?
16:26:27.701 [main] INFO  testCases.TC_001_SFI_All_Mobile - Validation of Rating Control Control Title
16:26:28.082 [main] INFO  testCases.TC_001_SFI_All_Mobile - Rating Value: TerribleClicked
16:26:29.794 [main] INFO  testCases.TC_001_SFI_All_Mobile - Rating Next Clicked
16:26:30.903 [main] INFO  testCases.TC_001_SFI_All_Mobile - Opinion Scale Control Title Passed : Actual Value is: Choose a number?Expected Value is: Choose a number?
16:26:31.918 [main] INFO  testCases.TC_001_SFI_All_Mobile - Validation of Opinion Scale Control Title
16:26:36.451 [main] INFO  testCases.TC_001_SFI_All_Mobile - [9] is selected in List
16:26:36.452 [main] INFO  testCases.TC_001_SFI_All_Mobile - Opinion Scale : 9Clicked
16:26:38.143 [main] INFO  testCases.TC_001_SFI_All_Mobile - Opinion Scale Next Clicked
16:26:39.237 [main] INFO  testCases.TC_001_SFI_All_Mobile - Date Control Title Passed : Actual Value is: Select a dateExpected Value is: Select a date
16:26:40.247 [main] INFO  testCases.TC_001_SFI_All_Mobile - Validation of Date Control Title
16:26:49.796 [main] INFO  testCases.TC_001_SFI_All_Mobile - Date Value Updated to DataSheet
16:26:51.563 [main] INFO  testCases.TC_001_SFI_All_Mobile - Date Next Clicked
16:26:52.664 [main] INFO  testCases.TC_001_SFI_All_Mobile - File Upload Control Title Passed : Actual Value is: Upload fileExpected Value is: Upload file
16:26:53.672 [main] INFO  testCases.TC_001_SFI_All_Mobile - Validation of File Upload Control Title
16:59:28.024 [main] INFO  testCases.TC_001_SFI_All_Mobile - ******starting TC_001_SFI_All_Mobile ****
16:59:28.035 [main] INFO  testCases.TC_001_SFI_All_Mobile - Test Execution on Browser: chrome
16:59:28.040 [main] INFO  testCases.TC_001_SFI_All_Mobile - Excel file Utility instance created
16:59:29.634 [main] INFO  testCases.TC_001_SFI_All_Mobile - Row Count is: 1
16:59:29.760 [main] INFO  testCases.TC_001_SFI_All_Mobile - Col Count is: 49
16:59:29.760 [main] INFO  testCases.TC_001_SFI_All_Mobile - Extracting DataSheet Values started...
16:59:31.718 [main] INFO  testCases.TC_001_SFI_All_Mobile - Extracting DataSheet Values Completed...
16:59:42.768 [main] INFO  testCases.TC_001_SFI_All_Mobile - Survey Form Url Launched..
16:59:44.541 [main] INFO  testCases.TC_001_SFI_All_Mobile - Message Title Passed : Actual Value is: Hi, Welcome to Survey form...!Expected Value is: Hi, Welcome to Survey form...!
16:59:45.552 [main] INFO  testCases.TC_001_SFI_All_Mobile - Validation of Message Control Title
17:01:41.844 [main] INFO  testCases.TC_001_SFI_All_Mobile - ******starting TC_001_SFI_All_Mobile ****
17:01:41.851 [main] INFO  testCases.TC_001_SFI_All_Mobile - Test Execution on Browser: chrome
17:01:41.853 [main] INFO  testCases.TC_001_SFI_All_Mobile - Excel file Utility instance created
17:01:43.356 [main] INFO  testCases.TC_001_SFI_All_Mobile - Row Count is: 1
17:01:43.489 [main] INFO  testCases.TC_001_SFI_All_Mobile - Col Count is: 49
17:01:43.490 [main] INFO  testCases.TC_001_SFI_All_Mobile - Extracting DataSheet Values started...
17:01:45.396 [main] INFO  testCases.TC_001_SFI_All_Mobile - Extracting DataSheet Values Completed...
17:02:09.076 [main] INFO  testCases.TC_001_SFI_All_Mobile - Survey Form Url Launched..
17:02:10.728 [main] INFO  testCases.TC_001_SFI_All_Mobile - Message Title Passed : Actual Value is: Hi, Welcome to Survey form...!Expected Value is: Hi, Welcome to Survey form...!
17:02:11.734 [main] INFO  testCases.TC_001_SFI_All_Mobile - Validation of Message Control Title
17:02:12.589 [main] INFO  testCases.TC_001_SFI_All_Mobile -  Upload file Actual Title 
17:02:12.589 [main] INFO  testCases.TC_001_SFI_All_Mobile - MultiChoice Control Title Failed : Actual Value is: Upload fileExpected Value is: Select an option..!
17:02:13.606 [main] INFO  testCases.TC_001_SFI_All_Mobile - Validation of MultiChoice Control Title Completed
17:02:33.898 [main] INFO  testCases.TC_001_SFI_All_Mobile - MultiChoice Item Selected
17:02:35.982 [main] INFO  testCases.TC_001_SFI_All_Mobile - MultiChoice Next Clicked
17:02:36.144 [main] INFO  testCases.TC_001_SFI_All_Mobile - File Upload Control Title Passed : Actual Value is: Upload fileExpected Value is: Upload file
17:02:37.161 [main] INFO  testCases.TC_001_SFI_All_Mobile - Validation of File Upload Control Title
17:05:35.069 [main] INFO  testCases.TC_001_SFI_All_Mobile - ******starting TC_001_SFI_All_Mobile ****
17:05:35.078 [main] INFO  testCases.TC_001_SFI_All_Mobile - Test Execution on Browser: chrome
17:05:35.082 [main] INFO  testCases.TC_001_SFI_All_Mobile - Excel file Utility instance created
17:05:37.464 [main] INFO  testCases.TC_001_SFI_All_Mobile - Row Count is: 1
17:05:37.746 [main] INFO  testCases.TC_001_SFI_All_Mobile - Col Count is: 49
17:05:37.748 [main] INFO  testCases.TC_001_SFI_All_Mobile - Extracting DataSheet Values started...
17:05:42.947 [main] INFO  testCases.TC_001_SFI_All_Mobile - Extracting DataSheet Values Completed...
17:07:01.119 [main] INFO  testCases.TC_001_SFI_All_Mobile - Survey Form Url Launched..
17:07:02.856 [main] INFO  testCases.TC_001_SFI_All_Mobile - Message Title Passed : Actual Value is: Hi, Welcome to Survey form...!Expected Value is: Hi, Welcome to Survey form...!
17:07:03.862 [main] INFO  testCases.TC_001_SFI_All_Mobile - Validation of Message Control Title
17:07:05.176 [main] INFO  testCases.TC_001_SFI_All_Mobile -  Upload file Actual Title 
17:07:05.176 [main] INFO  testCases.TC_001_SFI_All_Mobile - MultiChoice Control Title Failed : Actual Value is: Upload fileExpected Value is: Select an option..!
17:07:06.190 [main] INFO  testCases.TC_001_SFI_All_Mobile - Validation of MultiChoice Control Title Completed
17:07:26.436 [main] INFO  testCases.TC_001_SFI_All_Mobile - MultiChoice Item Selected
17:07:28.582 [main] INFO  testCases.TC_001_SFI_All_Mobile - MultiChoice Next Clicked
17:07:28.746 [main] INFO  testCases.TC_001_SFI_All_Mobile - File Upload Control Title Passed : Actual Value is: Upload fileExpected Value is: Upload file
17:07:29.750 [main] INFO  testCases.TC_001_SFI_All_Mobile - Validation of File Upload Control Title
17:26:08.276 [main] INFO  testCases.TC_001_SFI_All_Mobile - ******starting TC_001_SFI_All_Mobile ****
17:26:08.284 [main] INFO  testCases.TC_001_SFI_All_Mobile - Test Execution on Browser: 
17:26:08.287 [main] INFO  testCases.TC_001_SFI_All_Mobile - Excel file Utility instance created
17:26:10.001 [main] INFO  testCases.TC_001_SFI_All_Mobile - Row Count is: 1
17:26:10.153 [main] INFO  testCases.TC_001_SFI_All_Mobile - Col Count is: 49
17:26:10.154 [main] INFO  testCases.TC_001_SFI_All_Mobile - Extracting DataSheet Values started...
17:26:12.740 [main] INFO  testCases.TC_001_SFI_All_Mobile - Extracting DataSheet Values Completed...
17:32:14.387 [main] INFO  testCases.TC_001_SFI_All_Mobile - ******starting TC_001_SFI_All_Mobile ****
17:32:14.395 [main] INFO  testCases.TC_001_SFI_All_Mobile - Test Execution on Browser: 
17:32:14.399 [main] INFO  testCases.TC_001_SFI_All_Mobile - Excel file Utility instance created
17:32:16.043 [main] INFO  testCases.TC_001_SFI_All_Mobile - Row Count is: 1
17:32:16.191 [main] INFO  testCases.TC_001_SFI_All_Mobile - Col Count is: 49
17:32:16.193 [main] INFO  testCases.TC_001_SFI_All_Mobile - Extracting DataSheet Values started...
17:32:18.629 [main] INFO  testCases.TC_001_SFI_All_Mobile - Extracting DataSheet Values Completed...
17:32:19.355 [main] INFO  testCases.TC_001_SFI_All_Mobile - Survey Form Url Launched..
17:37:25.056 [main] INFO  testCases.TC_001_SFI_All_Mobile - ******starting TC_001_SFI_All_Mobile ****
17:37:25.066 [main] INFO  testCases.TC_001_SFI_All_Mobile - Test Execution on Browser: 
17:37:25.072 [main] INFO  testCases.TC_001_SFI_All_Mobile - Excel file Utility instance created
17:37:26.744 [main] INFO  testCases.TC_001_SFI_All_Mobile - Row Count is: 1
17:37:26.892 [main] INFO  testCases.TC_001_SFI_All_Mobile - Col Count is: 49
17:37:26.894 [main] INFO  testCases.TC_001_SFI_All_Mobile - Extracting DataSheet Values started...
17:37:29.464 [main] INFO  testCases.TC_001_SFI_All_Mobile - Extracting DataSheet Values Completed...
17:38:49.382 [main] INFO  testCases.TC_001_SFI_All_Mobile - ******starting TC_001_SFI_All_Mobile ****
17:38:49.394 [main] INFO  testCases.TC_001_SFI_All_Mobile - Test Execution on Browser: 
17:38:49.398 [main] INFO  testCases.TC_001_SFI_All_Mobile - Excel file Utility instance created
17:38:50.885 [main] INFO  testCases.TC_001_SFI_All_Mobile - Row Count is: 1
17:38:51.009 [main] INFO  testCases.TC_001_SFI_All_Mobile - Col Count is: 49
17:38:51.012 [main] INFO  testCases.TC_001_SFI_All_Mobile - Extracting DataSheet Values started...
17:38:53.028 [main] INFO  testCases.TC_001_SFI_All_Mobile - Extracting DataSheet Values Completed...
17:39:51.233 [main] INFO  testCases.TC_001_SFI_All_Mobile - ******starting TC_001_SFI_All_Mobile ****
17:39:51.243 [main] INFO  testCases.TC_001_SFI_All_Mobile - Test Execution on Browser: 
17:39:51.247 [main] INFO  testCases.TC_001_SFI_All_Mobile - Excel file Utility instance created
17:39:52.801 [main] INFO  testCases.TC_001_SFI_All_Mobile - Row Count is: 1
17:39:52.925 [main] INFO  testCases.TC_001_SFI_All_Mobile - Col Count is: 49
17:39:52.929 [main] INFO  testCases.TC_001_SFI_All_Mobile - Extracting DataSheet Values started...
17:39:54.829 [main] INFO  testCases.TC_001_SFI_All_Mobile - Extracting DataSheet Values Completed...
17:41:11.507 [main] INFO  testCases.TC_001_SFI_All_Mobile - ******starting TC_001_SFI_All_Mobile ****
17:41:11.514 [main] INFO  testCases.TC_001_SFI_All_Mobile - Test Execution on Browser: 
17:41:11.517 [main] INFO  testCases.TC_001_SFI_All_Mobile - Excel file Utility instance created
17:41:12.873 [main] INFO  testCases.TC_001_SFI_All_Mobile - Row Count is: 1
17:41:12.992 [main] INFO  testCases.TC_001_SFI_All_Mobile - Col Count is: 49
17:41:12.992 [main] INFO  testCases.TC_001_SFI_All_Mobile - Extracting DataSheet Values started...
17:41:14.913 [main] INFO  testCases.TC_001_SFI_All_Mobile - Extracting DataSheet Values Completed...
17:43:08.275 [main] INFO  testCases.TC_001_SFI_All_Mobile - ******starting TC_001_SFI_All_Mobile ****
17:43:08.286 [main] INFO  testCases.TC_001_SFI_All_Mobile - Test Execution on Browser: 
17:43:08.290 [main] INFO  testCases.TC_001_SFI_All_Mobile - Excel file Utility instance created
17:43:09.945 [main] INFO  testCases.TC_001_SFI_All_Mobile - Row Count is: 1
17:43:10.121 [main] INFO  testCases.TC_001_SFI_All_Mobile - Col Count is: 49
17:43:10.127 [main] INFO  testCases.TC_001_SFI_All_Mobile - Extracting DataSheet Values started...
17:43:12.163 [main] INFO  testCases.TC_001_SFI_All_Mobile - Extracting DataSheet Values Completed...
17:46:37.455 [main] INFO  testCases.TC_001_SFI_All_Mobile - ******starting TC_001_SFI_All_Mobile ****
17:46:37.465 [main] INFO  testCases.TC_001_SFI_All_Mobile - Test Execution on Browser: 
17:46:37.468 [main] INFO  testCases.TC_001_SFI_All_Mobile - Excel file Utility instance created
17:46:38.943 [main] INFO  testCases.TC_001_SFI_All_Mobile - Row Count is: 1
17:46:39.092 [main] INFO  testCases.TC_001_SFI_All_Mobile - Col Count is: 49
17:46:39.092 [main] INFO  testCases.TC_001_SFI_All_Mobile - Extracting DataSheet Values started...
17:46:41.270 [main] INFO  testCases.TC_001_SFI_All_Mobile - Extracting DataSheet Values Completed...
17:46:42.081 [main] INFO  testCases.TC_001_SFI_All_Mobile - Survey Form Url Launched..
17:53:43.851 [main] INFO  testCases.TC_001_SFI_All_Mobile - ******starting TC_001_SFI_All_Mobile ****
17:53:43.862 [main] INFO  testCases.TC_001_SFI_All_Mobile - Test Execution on Browser: 
17:53:43.866 [main] INFO  testCases.TC_001_SFI_All_Mobile - Excel file Utility instance created
17:53:45.285 [main] INFO  testCases.TC_001_SFI_All_Mobile - Row Count is: 1
17:53:45.383 [main] INFO  testCases.TC_001_SFI_All_Mobile - Col Count is: 49
17:53:45.385 [main] INFO  testCases.TC_001_SFI_All_Mobile - Extracting DataSheet Values started...
17:53:47.226 [main] INFO  testCases.TC_001_SFI_All_Mobile - Extracting DataSheet Values Completed...
17:58:38.079 [main] INFO  testCases.TC_001_SFI_All_Mobile - ******starting TC_001_SFI_All_Mobile ****
17:58:38.089 [main] INFO  testCases.TC_001_SFI_All_Mobile - Test Execution on Browser: 
17:58:38.093 [main] INFO  testCases.TC_001_SFI_All_Mobile - Excel file Utility instance created
17:58:39.483 [main] INFO  testCases.TC_001_SFI_All_Mobile - Row Count is: 1
17:58:39.590 [main] INFO  testCases.TC_001_SFI_All_Mobile - Col Count is: 49
17:58:39.591 [main] INFO  testCases.TC_001_SFI_All_Mobile - Extracting DataSheet Values started...
17:58:41.412 [main] INFO  testCases.TC_001_SFI_All_Mobile - Extracting DataSheet Values Completed...
17:58:55.324 [main] INFO  testCases.TC_001_SFI_All_Mobile - Survey Form Url Launched..
18:18:28.721 [main] INFO  testCases.TC_001_SFI_All_Mobile - ******starting TC_001_SFI_All_Mobile ****
18:18:28.727 [main] INFO  testCases.TC_001_SFI_All_Mobile - Test Execution on Browser: chrome
18:18:28.731 [main] INFO  testCases.TC_001_SFI_All_Mobile - Excel file Utility instance created
18:18:30.432 [main] INFO  testCases.TC_001_SFI_All_Mobile - Row Count is: 1
18:18:30.589 [main] INFO  testCases.TC_001_SFI_All_Mobile - Col Count is: 49
18:18:30.589 [main] INFO  testCases.TC_001_SFI_All_Mobile - Extracting DataSheet Values started...
18:18:32.598 [main] INFO  testCases.TC_001_SFI_All_Mobile - Extracting DataSheet Values Completed...
18:18:36.103 [main] INFO  testCases.TC_001_SFI_All_Mobile - Survey Form Url Launched..
18:18:37.798 [main] INFO  testCases.TC_001_SFI_All_Mobile - Message Title Passed : Actual Value is: Hi, Welcome to Survey form...!Expected Value is: Hi, Welcome to Survey form...!
18:18:38.813 [main] INFO  testCases.TC_001_SFI_All_Mobile - Validation of Message Control Title
18:18:40.023 [main] INFO  testCases.TC_001_SFI_All_Mobile -  Upload file Actual Title 
18:18:40.023 [main] INFO  testCases.TC_001_SFI_All_Mobile - MultiChoice Control Title Failed : Actual Value is: Upload fileExpected Value is: Select an option..!
18:18:41.038 [main] INFO  testCases.TC_001_SFI_All_Mobile - Validation of MultiChoice Control Title Completed
18:19:01.325 [main] INFO  testCases.TC_001_SFI_All_Mobile - MultiChoice Item Selected
18:19:35.587 [main] INFO  testCases.TC_001_SFI_All_Mobile - MultiChoice Next Clicked
18:28:03.780 [main] INFO  testCases.TC_001_SFI_All_Mobile - ******starting TC_001_SFI_All_Mobile ****
18:28:03.789 [main] INFO  testCases.TC_001_SFI_All_Mobile - Test Execution on Browser: chrome
18:28:03.792 [main] INFO  testCases.TC_001_SFI_All_Mobile - Excel file Utility instance created
18:28:05.308 [main] INFO  testCases.TC_001_SFI_All_Mobile - Row Count is: 1
18:28:05.421 [main] INFO  testCases.TC_001_SFI_All_Mobile - Col Count is: 49
18:28:05.422 [main] INFO  testCases.TC_001_SFI_All_Mobile - Extracting DataSheet Values started...
18:28:07.437 [main] INFO  testCases.TC_001_SFI_All_Mobile - Extracting DataSheet Values Completed...
18:28:11.056 [main] INFO  testCases.TC_001_SFI_All_Mobile - Survey Form Url Launched..
18:28:12.724 [main] INFO  testCases.TC_001_SFI_All_Mobile - Message Title Passed : Actual Value is: Hi, Welcome to Survey form...!Expected Value is: Hi, Welcome to Survey form...!
18:28:13.731 [main] INFO  testCases.TC_001_SFI_All_Mobile - Validation of Message Control Title
18:28:15.027 [main] INFO  testCases.TC_001_SFI_All_Mobile -  Upload file Actual Title 
18:28:15.027 [main] INFO  testCases.TC_001_SFI_All_Mobile - MultiChoice Control Title Failed : Actual Value is: Upload fileExpected Value is: Select an option..!
18:28:16.029 [main] INFO  testCases.TC_001_SFI_All_Mobile - Validation of MultiChoice Control Title Completed
18:28:36.251 [main] INFO  testCases.TC_001_SFI_All_Mobile - MultiChoice Item Selected
18:28:38.774 [main] INFO  testCases.TC_001_SFI_All_Mobile - MultiChoice Next Clicked
18:28:38.903 [main] INFO  testCases.TC_001_SFI_All_Mobile - File Upload Control Title Passed : Actual Value is: Upload fileExpected Value is: Upload file
18:28:39.912 [main] INFO  testCases.TC_001_SFI_All_Mobile - Validation of File Upload Control Title
18:51:44.624 [main] INFO  testCases.TC_001_SFI_All_Mobile - ******starting TC_001_SFI_All_Mobile ****
18:51:44.634 [main] INFO  testCases.TC_001_SFI_All_Mobile - Test Execution on Browser: chrome
18:51:44.640 [main] INFO  testCases.TC_001_SFI_All_Mobile - Excel file Utility instance created
18:51:46.183 [main] INFO  testCases.TC_001_SFI_All_Mobile - Row Count is: 1
18:51:46.314 [main] INFO  testCases.TC_001_SFI_All_Mobile - Col Count is: 49
18:51:46.316 [main] INFO  testCases.TC_001_SFI_All_Mobile - Extracting DataSheet Values started...
18:51:48.216 [main] INFO  testCases.TC_001_SFI_All_Mobile - Extracting DataSheet Values Completed...
18:51:51.255 [main] INFO  testCases.TC_001_SFI_All_Mobile - Survey Form Url Launched..
18:51:53.533 [main] INFO  testCases.TC_001_SFI_All_Mobile - Message Title Passed : Actual Value is: Hi, Welcome to Survey form...!Expected Value is: Hi, Welcome to Survey form...!
18:51:54.548 [main] INFO  testCases.TC_001_SFI_All_Mobile - Validation of Message Control Title
18:51:55.309 [main] INFO  testCases.TC_001_SFI_All_Mobile - Select an option..!Actual Title 
18:51:55.309 [main] INFO  testCases.TC_001_SFI_All_Mobile - MultiChoice Control Title Passed : Actual Value is: Select an option..!Expected Value is: Select an option..!
18:51:56.325 [main] INFO  testCases.TC_001_SFI_All_Mobile - Validation of MultiChoice Control Title Completed
18:52:01.094 [main] INFO  testCases.TC_001_SFI_All_Mobile - [DisAgree] is selected in List
18:52:01.094 [main] INFO  testCases.TC_001_SFI_All_Mobile - MultiChoice Item Selected
18:52:03.107 [main] INFO  testCases.TC_001_SFI_All_Mobile - MultiChoice Next Clicked
18:52:03.476 [main] INFO  testCases.TC_001_SFI_All_Mobile - TextQuestion Control Title Passed : Actual Value is: Please type an answer ..!Expected Value is: Please type an answer ..!
18:52:04.491 [main] INFO  testCases.TC_001_SFI_All_Mobile - Validation of TextQuestion Control Title
18:52:05.644 [main] INFO  testCases.TC_001_SFI_All_Mobile - Text Entered in TextAnswer Control
18:52:07.673 [main] INFO  testCases.TC_001_SFI_All_Mobile - Text Question Next Clicked
18:52:07.952 [main] INFO  testCases.TC_001_SFI_All_Mobile - Email Control Title Passed : Actual Value is: What is your email address?Expected Value is: What is your email address?
18:52:08.960 [main] INFO  testCases.TC_001_SFI_All_Mobile - Validation of Email Control Title
18:52:09.878 [main] INFO  testCases.TC_001_SFI_All_Mobile - Email Id Entered
18:52:11.979 [main] INFO  testCases.TC_001_SFI_All_Mobile - Email Next Clicked
18:52:13.159 [main] INFO  testCases.TC_001_SFI_All_Mobile - Phone Number Control Title Passed : Actual Value is: Please type your phone numberExpected Value is: Please type your phone number
18:52:14.173 [main] INFO  testCases.TC_001_SFI_All_Mobile - Validation of PhoneNumber Control Title
18:52:17.944 [main] INFO  testCases.TC_001_SFI_All_Mobile - Phone Number Entered
18:52:18.369 [main] INFO  testCases.TC_001_SFI_All_Mobile - PhoneNumber Next Clicked
18:52:19.637 [main] INFO  testCases.TC_001_SFI_All_Mobile - Appointment Control Title Passed : Actual Value is: Book an appointment / meetingExpected Value is: Book an appointment / meeting
18:52:20.639 [main] INFO  testCases.TC_001_SFI_All_Mobile - Validation of Appointment Control Title
18:52:21.142 [main] INFO  testCases.TC_001_SFI_All_Mobile - Appointment Clicked
18:53:19.712 [main] INFO  testCases.TC_001_SFI_All_Mobile - Appointment Updated to Datasheet
18:53:19.712 [main] INFO  testCases.TC_001_SFI_All_Mobile - Appointment Time Captured in Expected Value
18:53:22.826 [main] INFO  testCases.TC_001_SFI_All_Mobile - Appointment Next Button clicked
18:53:24.074 [main] INFO  testCases.TC_001_SFI_All_Mobile - MultiSelect Control Title Passed : Actual Value is: Select your choices..!Expected Value is: Select your choices..!
18:53:25.076 [main] INFO  testCases.TC_001_SFI_All_Mobile - Validation of MultiSelect Control Title
18:53:35.112 [main] INFO  testCases.TC_001_SFI_All_Mobile - MultiSelect Value Selected
18:53:38.314 [main] INFO  testCases.TC_001_SFI_All_Mobile - List Control Title Passed : Actual Value is: Type and select your answer..!Expected Value is: Type and select your answer..!
18:53:39.327 [main] INFO  testCases.TC_001_SFI_All_Mobile - Validation of List Control Control Title
18:53:45.487 [main] INFO  testCases.TC_001_SFI_All_Mobile - [Sample Option 2] is selected in List
18:53:45.488 [main] INFO  testCases.TC_001_SFI_All_Mobile - List Item Selected Sample Option 2
18:53:47.476 [main] INFO  testCases.TC_001_SFI_All_Mobile - List Next Clicked
18:53:49.433 [main] INFO  testCases.TC_001_SFI_All_Mobile - Number Selected 1234567890
18:53:51.332 [main] INFO  testCases.TC_001_SFI_All_Mobile - Number Next Clicked
18:53:52.542 [main] INFO  testCases.TC_001_SFI_All_Mobile - Range Control Title Passed : Actual Value is: Select a rangeExpected Value is: Select a range
18:53:53.550 [main] INFO  testCases.TC_001_SFI_All_Mobile - Validation of Range Control Control Title
18:54:23.644 [main] INFO  testCases.TC_001_SFI_All_Mobile - Range Selected 50
18:54:25.632 [main] INFO  testCases.TC_001_SFI_All_Mobile - Range Next Clicked
18:54:26.902 [main] INFO  testCases.TC_001_SFI_All_Mobile - Rating Control Title Passed : Actual Value is: How was your experience?Expected Value is: How was your experience?
