16:05:57.377 [main] INFO  testCases.TC_001_SFI_All_Mobile - Email Id Entered
16:06:02.377 [main] INFO  testCases.TC_001_SFI_All_Mobile - Email Next Clicked
16:06:06.170 [main] INFO  utilities.Android.SurveyFormReUsables - Phone Number Control Title Passed : Actual Value is: Please type your phone numberExpected Value is: Please type your phone number
16:06:07.176 [main] INFO  testCases.TC_001_SFI_All_Mobile - Validation of PhoneNumber Control Title
16:06:09.487 [main] INFO  testCases.TC_001_SFI_All_Mobile - Phone Number Conrol Present
16:06:12.052 [main] INFO  testCases.TC_001_SFI_All_Mobile - Phone Number Entered
16:06:15.589 [main] INFO  testCases.TC_001_SFI_All_Mobile - PhoneNumber Next Clicked
16:06:20.705 [main] INFO  testCases.TC_001_SFI_All_Mobile - Appointment Clicked
16:07:07.090 [main] INFO  testCases.TC_001_SFI_All_Mobile - Appointment Updated to Datasheet
16:07:07.091 [main] INFO  testCases.TC_001_SFI_All_Mobile - Appointment Time Captured in Expected Value
16:07:10.121 [main] INFO  testCases.TC_001_SFI_All_Mobile - Appointment Next Button clicked
16:07:13.818 [main] INFO  utilities.Android.SurveyFormReUsables - MultiSelect Control Title Passed : Actual Value is: Select your choices..!Expected Value is: Select your choices..!
16:07:14.827 [main] INFO  testCases.TC_001_SFI_All_Mobile - Validation of MultiSelect Control Title
16:07:19.392 [main] INFO  testCases.TC_001_SFI_All_Mobile - MultiSelect Value Selected
16:07:21.375 [main] INFO  testCases.TC_001_SFI_All_Mobile - MultiSelect Next Clicked
16:07:24.267 [main] INFO  testCases.TC_001_SFI_All_Mobile - List Conrol Present
16:07:24.381 [main] INFO  utilities.Android.SurveyFormReUsables - List Control Title Passed : Actual Value is: Type and select your answer..!Expected Value is: Type and select your answer..!
16:07:25.382 [main] INFO  testCases.TC_001_SFI_All_Mobile - Validation of List Control Control Title
16:07:31.220 [main] INFO  utilities.Android.UtilityCustomFunctions - [Sample Option 2] is selected in List
16:07:31.220 [main] INFO  testCases.TC_001_SFI_All_Mobile - List Item Selected Sample Option 2
16:07:36.337 [main] INFO  testCases.TC_001_SFI_All_Mobile - List Next Clicked
16:07:41.234 [main] INFO  testCases.TC_001_SFI_All_Mobile - Number Control Present
16:07:42.717 [main] INFO  testCases.TC_001_SFI_All_Mobile - Number Selected 1234567890
16:07:47.637 [main] INFO  testCases.TC_001_SFI_All_Mobile - Number Next Clicked
16:07:52.556 [main] INFO  testCases.TC_001_SFI_All_Mobile - Range Conrol Present
16:07:52.637 [main] INFO  utilities.Android.SurveyFormReUsables - Range Control Title Passed : Actual Value is: Select a rangeExpected Value is: Select a range
16:07:53.643 [main] INFO  testCases.TC_001_SFI_All_Mobile - Validation of Range Control Control Title
16:08:14.285 [main] INFO  testCases.TC_001_SFI_All_Mobile - Range Selected 50
16:08:19.313 [main] INFO  testCases.TC_001_SFI_All_Mobile - Range Next Clicked
16:08:22.861 [main] INFO  testCases.TC_001_SFI_All_Mobile - Rating control Present
16:08:24.312 [main] INFO  utilities.Android.SurveyFormReUsables - Rating Control Title Passed : Actual Value is: How was your experience?Expected Value is: How was your experience?
16:08:25.319 [main] INFO  testCases.TC_001_SFI_All_Mobile - Validation of Rating Control Control Title
16:08:25.943 [main] INFO  testCases.TC_001_SFI_All_Mobile - Rating Value: TerribleClicked
16:08:31.005 [main] INFO  testCases.TC_001_SFI_All_Mobile - Rating Next Clicked
16:08:35.923 [main] INFO  testCases.TC_001_SFI_All_Mobile - Opinion Scale Conrol Present
16:08:36.054 [main] INFO  utilities.Android.SurveyFormReUsables - Opinion Scale Control Title Passed : Actual Value is: Choose a number?Expected Value is: Choose a number?
16:08:37.068 [main] INFO  testCases.TC_001_SFI_All_Mobile - Validation of Opinion Scale Control Title
16:08:41.661 [main] INFO  utilities.Android.UtilityCustomFunctions - [9] is selected in List
16:08:41.661 [main] INFO  testCases.TC_001_SFI_All_Mobile - Opinion Scale Control: 9Clicked
16:08:46.708 [main] INFO  testCases.TC_001_SFI_All_Mobile - Opinion Scale Next Clicked
16:08:51.654 [main] INFO  testCases.TC_001_SFI_All_Mobile - Date Conrol Present
16:09:07.167 [main] INFO  testCases.TC_001_SFI_All_Mobile - Date Value Updated to DataSheet
16:09:10.164 [main] INFO  testCases.TC_001_SFI_All_Mobile - Date Next Clicked
16:09:15.036 [main] INFO  testCases.TC_001_SFI_All_Mobile - Links Conrol Present
16:09:15.142 [main] INFO  utilities.Android.SurveyFormReUsables - Link Control Title Passed : Actual Value is: Please contact usExpected Value is: Please contact us
16:09:16.157 [main] INFO  testCases.TC_001_SFI_All_Mobile - Validation of Link Control Title  Please contact us  
16:09:16.159 [main] INFO  testCases.TC_001_SFI_All_Mobile - Multiple Links Clicked
16:09:16.852 [main] INFO  testCases.TC_001_SFI_All_Mobile - Links Next Clicked
16:09:21.879 [main] INFO  testCases.TC_001_SFI_All_Mobile - ThankYou control Present
16:09:23.323 [main] INFO  utilities.Android.SurveyFormReUsables - ThankYou Control Title Passed : Actual Value is: Nice chatting with youExpected Value is: Nice chatting with you
16:09:24.326 [main] INFO  testCases.TC_001_SFI_All_Mobile - Validation of ThankYou Control TitleNice chatting with you
16:09:24.975 [main] INFO  testCases.TC_001_SFI_All_Mobile - ThankYou Next Clicked
16:09:29.551 [main] INFO  testCases.TC_001_SFI_All_Mobile - Picture Message Control Present
16:09:30.715 [main] INFO  utilities.Android.SurveyFormReUsables - Picture Message Control Title Passed : Actual Value is: Select the picture…!Expected Value is: Select the picture…!
16:09:31.729 [main] INFO  testCases.TC_001_SFI_All_Mobile - Validation of Picture Message Control Title Select the picture…! 
16:09:33.458 [main] INFO  testCases.TC_001_SFI_All_Mobile - Picture Message Seleted:PictureMessage
16:09:36.680 [main] INFO  testCases.TC_001_SFI_All_Mobile - Picture Message Next Clicked
16:09:41.594 [main] INFO  testCases.TC_001_SFI_All_Mobile - YesorNo Control Present
16:09:41.666 [main] INFO  utilities.Android.SurveyFormReUsables - Yes or No Control Title Passed : Actual Value is: Select Yes or No..?Expected Value is: Select Yes or No..?
16:09:42.677 [main] INFO  testCases.TC_001_SFI_All_Mobile - Validation of YesorNo Control Title Select Yes or No..? 
16:09:44.472 [main] INFO  testCases.TC_001_SFI_All_Mobile - Yes Clicked
16:09:45.097 [main] INFO  testCases.TC_001_SFI_All_Mobile - YesorNo Next Clicked
16:09:49.992 [main] INFO  testCases.TC_001_SFI_All_Mobile - Agreement Question Conrol Present
16:09:50.122 [main] INFO  utilities.Android.SurveyFormReUsables - Agreement Control Title Passed : Actual Value is: Terms and Conditions..!Expected Value is: Terms and Conditions..!
16:09:51.124 [main] INFO  testCases.TC_001_SFI_All_Mobile - Validation of Agreement Control Title Terms and Conditions..! 
16:09:51.388 [main] INFO  utilities.Android.SurveyFormReUsables - Agreement Text Passed : Actual Value is: I agree to the terms and conditionsExpected Value is: I agree to the terms and conditions
16:09:52.397 [main] INFO  testCases.TC_001_SFI_All_Mobile - Validation of Agreement TextI agree to the terms and conditions
16:09:55.104 [main] INFO  testCases.TC_001_SFI_All_Mobile - Agreement Next Clicked
16:09:58.684 [main] INFO  testCases.TC_001_SFI_All_Mobile - RankMatrix control present
16:10:00.122 [main] INFO  utilities.Android.SurveyFormReUsables - Ranking Matrix Title Passed : Actual Value is: Choose the value..!Expected Value is: Choose the value..!
16:10:01.130 [main] INFO  testCases.TC_001_SFI_All_Mobile - Validation of Rank Matrix Control Title Choose the value..! 
16:10:03.486 [main] INFO  testCases.TC_001_SFI_All_Mobile - Ranking Matrix Values Selected
16:10:05.422 [main] INFO  testCases.TC_001_SFI_All_Mobile - Ranking Matrix Next Clicked
16:10:11.323 [main] INFO  testCases.TC_001_SFI_All_Mobile - Google Map Control Present
16:10:20.892 [main] INFO  pageObjects.Android.IndvControls - Allow Location Popup displayed
16:10:26.111 [main] INFO  utilities.Android.SurveyFormReUsables - Google Map Title Passed : Actual Value is: What is your address?Expected Value is: What is your address?
16:10:27.114 [main] INFO  testCases.TC_001_SFI_All_Mobile - Validation of Google Map Control Title What is your address? 
16:10:32.980 [main] INFO  testCases.TC_001_SFI_All_Mobile - Address Entered in Google Map
16:10:36.716 [main] INFO  testCases.TC_001_SFI_All_Mobile - Google Map Next Clicked
16:10:37.955 [main] INFO  testCases.TC_001_SFI_All_Mobile - VR control present
16:10:40.428 [main] INFO  utilities.Android.SurveyFormReUsables - Voice Record Title Passed : Actual Value is: Tap the mic and record the voiceExpected Value is: Tap the mic and record the voice
16:10:41.435 [main] INFO  testCases.TC_001_SFI_All_Mobile - Validation of Voice Record Control Title Tap the mic and record the voice 
16:10:45.635 [main] INFO  pageObjects.Android.IndvControls - Allow Location Popup displayed
16:10:56.675 [main] INFO  testCases.TC_001_SFI_All_Mobile - Voice Recorded
16:10:58.174 [main] INFO  testCases.TC_001_SFI_All_Mobile - Voice Record Prefix updated to Datasheet
16:11:00.733 [main] INFO  testCases.TC_001_SFI_All_Mobile - Voice Record Next Clicked
16:11:04.420 [main] INFO  utilities.Android.SurveyFormReUsables - File Upload Control Title Passed : Actual Value is: Upload fileExpected Value is: Upload file
16:11:05.428 [main] INFO  testCases.TC_001_SFI_All_Mobile - Validation of File Upload Control Title
16:11:05.428 [main] INFO  pageObjects.Android.IndvControls - Within SelectFiletoUpload
16:11:05.826 [main] INFO  pageObjects.Android.IndvControls - File Upload Visible
16:11:09.269 [main] INFO  pageObjects.Android.IndvControls - FileUpload Clicked
16:11:13.614 [main] INFO  pageObjects.Android.IndvControls - Switched to Native app within FileUpload
16:11:16.695 [main] INFO  pageObjects.Android.IndvControls - Allow Permission displayed first time
16:11:41.608 [main] INFO  testCases.TC_001_SFI_All_Mobile - Upload file prefix added to Datasheet
16:11:45.354 [main] INFO  testCases.TC_001_SFI_All_Mobile - FileUpload Next Clicked
16:12:58.044 [main] INFO  testCases.TC_002_SFS_All_Mobile - ******starting TC_002_SFS_All_Mobile ****
16:12:58.052 [main] INFO  testCases.TC_002_SFS_All_Mobile - Test Execution on Browser: chrome
16:12:58.096 [main] INFO  testCases.TC_002_SFS_All_Mobile - Excel file Utility instance created
16:12:58.875 [main] INFO  testCases.TC_002_SFS_All_Mobile - Row Count is: 1
16:12:58.947 [main] INFO  testCases.TC_002_SFS_All_Mobile - Col Count is: 50
16:12:58.950 [main] INFO  testCases.TC_002_SFS_All_Mobile - Extracting DataSheet Values started...
16:13:00.411 [main] INFO  testCases.TC_002_SFS_All_Mobile - Extracting DataSheet Values Completed...
16:13:09.870 [main] INFO  pageObjects.Android.IndvControls - Allow Location Popup displayed
16:13:14.111 [main] INFO  testCases.TC_002_SFS_All_Mobile - Survey Form Url Launched..
16:13:15.524 [main] INFO  testCases.TC_002_SFS_All_Mobile - Build Url Pass
16:13:18.678 [main] INFO  utilities.Android.SurveyFormReUsables - Section Title Passed : Actual Value is: Section Title..!Expected Value is: Section Title..!
16:13:19.687 [main] INFO  testCases.TC_002_SFS_All_Mobile - Section Title Validation done:  Section Title..! 
16:13:21.356 [main] INFO  pageObjects.Android.SectionControlsPage - Message Control Title Validation with Expected: Hi, Welcome to Survey form...! and Actual is:  Hi, Welcome to chat bot..! 
16:13:23.036 [main] INFO  pageObjects.Android.SectionControlsPage - MultiChoice Control Title Validation with Expected: Select an option..! and Actual is:  Select an option..! 
16:13:27.380 [main] INFO  utilities.Android.UtilityCustomFunctions - [Strongly DisAgree] is selected in List
16:13:27.380 [main] INFO  testCases.TC_002_SFS_All_Mobile - MultiChoice Item Selected : Strongly DisAgree
16:13:30.357 [main] INFO  pageObjects.Android.SectionControlsPage - TextQuestion Control Title Validation with Expected: Please type an answer ..! and Actual is:  Please type an answer ..! 
16:13:33.437 [main] INFO  testCases.TC_002_SFS_All_Mobile - Text Entered in TextAnswer Control
16:13:35.063 [main] INFO  pageObjects.Android.SectionControlsPage - Email Control Title Validation with Expected: What is your email address? and Actual is:  What is your email address? 
16:13:37.878 [main] INFO  testCases.TC_002_SFS_All_Mobile - Email Id Entered
16:13:40.538 [main] INFO  pageObjects.Android.SectionControlsPage - Phone Number Control Title Validation with Expected: Please type your phone number and Actual is:  Please type your phone number 
16:13:43.112 [main] INFO  testCases.TC_002_SFS_All_Mobile - Phone Number Entered
16:13:49.702 [main] INFO  pageObjects.Android.SectionControlsPage - Appointment Control Title Validation with Expected: Book an appointment / meeting and Actual is:  Book an appointment / meeting 
16:13:51.428 [main] INFO  testCases.TC_002_SFS_All_Mobile - Appointment button Clicked
16:14:46.463 [main] INFO  testCases.TC_002_SFS_All_Mobile - Appointment Updated to Datasheet
16:14:47.826 [main] INFO  testCases.TC_002_SFS_All_Mobile - Appointment Time Captured in Expected Value
16:14:54.431 [main] INFO  pageObjects.Android.SectionControlsPage - MultiSelect Control Title Validation with Expected: Select your choices..! and Actual is:  Select your choices..! 
16:15:05.328 [main] INFO  testCases.TC_002_SFS_All_Mobile - MultiSelect Value Selected
16:15:08.307 [main] INFO  pageObjects.Android.SectionControlsPage - List Control Title Validation with Expected: Type and select your answer..! and Actual is:  Type and select your answer..! 
16:15:10.761 [main] INFO  testCases.TC_002_SFS_All_Mobile - List Input Box Clicked 
16:15:16.230 [main] INFO  testCases.TC_002_SFS_All_Mobile - List Item Selected Sample Option 5
16:15:19.879 [main] INFO  pageObjects.Android.SectionControlsPage - Number Control Title Validation with Expected: Enter the Number? and Actual is:  Enter the Number? 
16:15:21.418 [main] INFO  testCases.TC_002_SFS_All_Mobile - Number Selected 1234567890
16:15:25.398 [main] INFO  pageObjects.Android.SectionControlsPage - Range Control Title Validation with Expected: Select a range and Actual is:  Select a range 
16:15:38.243 [main] INFO  testCases.TC_002_SFS_All_Mobile - Range Selected 30
16:15:42.165 [main] INFO  pageObjects.Android.SectionControlsPage - Rating Control Title Validation with Expected: How was your experience? and Actual is:  How was your experience? 
16:15:44.828 [main] INFO  testCases.TC_002_SFS_All_Mobile - Rating Value: OkayClicked
16:15:48.768 [main] INFO  pageObjects.Android.SectionControlsPage - Opinion Scale Control Title Validation with Expected: Choose a number? and Actual is:  Choose a number? 
16:15:52.739 [main] INFO  utilities.Android.UtilityCustomFunctions - [7] is selected in List
16:15:52.739 [main] INFO  testCases.TC_002_SFS_All_Mobile - Opinion Scale : 7Clicked
16:15:56.690 [main] INFO  pageObjects.Android.SectionControlsPage - Date Control Title Validation with Expected: Select a date and Actual is: Select a date
16:16:13.253 [main] INFO  testCases.TC_002_SFS_All_Mobile - Date Value Updated to DataSheet
16:16:17.267 [main] INFO  pageObjects.Android.SectionControlsPage - Links Control Title Validation with Expected: Please contact us and Actual is:   Please contact us  
16:16:19.894 [main] INFO  pageObjects.Android.SectionControlsPage - ThankYou Control Title Validation with Expected: Nice chatting with you and Actual is: Nice chatting with you
16:16:23.677 [main] INFO  pageObjects.Android.SectionControlsPage - PictureMessage Control Title Validation with Expected: Select the picture…! and Actual is:  Select the picture…! 
16:16:24.444 [main] INFO  testCases.TC_002_SFS_All_Mobile - Picture Message Seleted:SelectPicture
16:16:29.541 [main] INFO  pageObjects.Android.SectionControlsPage - YesorNo Control Title Validation with Expected: Select Yes or No..? and Actual is:  Select Yes or No..? 
16:16:30.314 [main] INFO  testCases.TC_002_SFS_All_Mobile - Yes or No ClickedNo
16:16:33.333 [main] INFO  pageObjects.Android.SectionControlsPage - Agreement Control Title Validation with Expected: Terms and Conditions..! and Actual is:  Terms and Conditions..! 
16:16:35.498 [main] INFO  utilities.Android.SurveyFormReUsables - Agreement Text Passed : Actual Value is: I agree to the terms and conditionsExpected Value is: I agree to the terms and conditions
16:16:36.503 [main] INFO  testCases.TC_002_SFS_All_Mobile - Validation of Agreement Text Actual is: I agree to the terms and conditions Expected is: I agree to the terms and conditions
16:16:38.187 [main] INFO  pageObjects.Android.SectionControlsPage - RankingMatrix Control Title Validation with Expected: Choose the value..! and Actual is:  Choose the value..! 
16:16:40.209 [main] INFO  testCases.TC_002_SFS_All_Mobile - Ranking Matrix Values Selected
16:16:46.518 [main] INFO  testCases.TC_002_SFS_All_Mobile - Google Map Control Present
16:16:48.169 [main] INFO  pageObjects.Android.SectionControlsPage - GoogleMap Control Title Validation with Expected: What is your address? and Actual is:  Upload file 
16:16:48.169 [main] INFO  testCases.TC_002_SFS_All_Mobile - Validation of Google Map Control TitleWhat is your address?
16:16:53.302 [main] INFO  testCases.TC_002_SFS_All_Mobile - Address Entered in Google Map
16:16:59.269 [main] INFO  pageObjects.Android.SectionControlsPage - VoiceRecord Control Title Validation with Expected: Tap the mic and record the voice and Actual is:  Tap the mic and record the voice 
16:24:16.277 [main] INFO  testCases.TC_002_SFS_All_Mobile - ******starting TC_002_SFS_All_Mobile ****
16:24:16.287 [main] INFO  testCases.TC_002_SFS_All_Mobile - Test Execution on Browser: chrome
16:24:16.355 [main] INFO  testCases.TC_002_SFS_All_Mobile - Excel file Utility instance created
16:24:17.171 [main] INFO  testCases.TC_002_SFS_All_Mobile - Row Count is: 1
16:24:17.226 [main] INFO  testCases.TC_002_SFS_All_Mobile - Col Count is: 50
16:24:17.227 [main] INFO  testCases.TC_002_SFS_All_Mobile - Extracting DataSheet Values started...
16:24:18.574 [main] INFO  testCases.TC_002_SFS_All_Mobile - Extracting DataSheet Values Completed...
16:24:28.177 [main] INFO  pageObjects.Android.IndvControls - Allow Location Popup displayed
16:24:32.593 [main] INFO  testCases.TC_002_SFS_All_Mobile - Survey Form Url Launched..
16:24:34.057 [main] INFO  testCases.TC_002_SFS_All_Mobile - Build Url Pass
16:24:37.266 [main] INFO  utilities.Android.SurveyFormReUsables - Section Title Passed : Actual Value is: Section Title..!Expected Value is: Section Title..!
16:24:38.278 [main] INFO  testCases.TC_002_SFS_All_Mobile - Section Title Validation done:  Section Title..! 
16:24:40.000 [main] INFO  pageObjects.Android.SectionControlsPage - Message Control Title Validation with Expected: Hi, Welcome to Survey form...! and Actual is:  Hi, Welcome to chat bot..! 
16:24:41.707 [main] INFO  pageObjects.Android.SectionControlsPage - MultiChoice Control Title Validation with Expected: Select an option..! and Actual is:  Select an option..! 
16:24:45.899 [main] INFO  utilities.Android.UtilityCustomFunctions - [Strongly DisAgree] is selected in List
16:24:45.899 [main] INFO  testCases.TC_002_SFS_All_Mobile - MultiChoice Item Selected : Strongly DisAgree
16:24:48.891 [main] INFO  pageObjects.Android.SectionControlsPage - TextQuestion Control Title Validation with Expected: Please type an answer ..! and Actual is:  Please type an answer ..! 
16:24:52.224 [main] INFO  testCases.TC_002_SFS_All_Mobile - Text Entered in TextAnswer Control
16:24:53.902 [main] INFO  pageObjects.Android.SectionControlsPage - Email Control Title Validation with Expected: What is your email address? and Actual is:  What is your email address? 
16:24:56.735 [main] INFO  testCases.TC_002_SFS_All_Mobile - Email Id Entered
16:24:59.439 [main] INFO  pageObjects.Android.SectionControlsPage - Phone Number Control Title Validation with Expected: Please type your phone number and Actual is:  Please type your phone number 
16:25:02.080 [main] INFO  testCases.TC_002_SFS_All_Mobile - Phone Number Entered
16:25:08.707 [main] INFO  pageObjects.Android.SectionControlsPage - Appointment Control Title Validation with Expected: Book an appointment / meeting and Actual is:  Book an appointment / meeting 
16:25:10.195 [main] INFO  testCases.TC_002_SFS_All_Mobile - Appointment button Clicked
16:26:05.487 [main] INFO  testCases.TC_002_SFS_All_Mobile - Appointment Updated to Datasheet
16:26:06.912 [main] INFO  testCases.TC_002_SFS_All_Mobile - Appointment Time Captured in Expected Value
16:26:13.589 [main] INFO  pageObjects.Android.SectionControlsPage - MultiSelect Control Title Validation with Expected: Select your choices..! and Actual is:  Select your choices..! 
16:26:24.697 [main] INFO  testCases.TC_002_SFS_All_Mobile - MultiSelect Value Selected
16:26:27.693 [main] INFO  pageObjects.Android.SectionControlsPage - List Control Title Validation with Expected: Type and select your answer..! and Actual is:  Type and select your answer..! 
16:26:30.169 [main] INFO  testCases.TC_002_SFS_All_Mobile - List Input Box Clicked 
16:26:35.791 [main] INFO  testCases.TC_002_SFS_All_Mobile - List Item Selected Sample Option 5
16:26:39.488 [main] INFO  pageObjects.Android.SectionControlsPage - Number Control Title Validation with Expected: Enter the Number? and Actual is:  Enter the Number? 
16:26:41.048 [main] INFO  testCases.TC_002_SFS_All_Mobile - Number Selected 1234567890
16:26:45.086 [main] INFO  pageObjects.Android.SectionControlsPage - Range Control Title Validation with Expected: Select a range and Actual is:  Select a range 
16:26:57.278 [main] INFO  testCases.TC_002_SFS_All_Mobile - Range Selected 30
16:27:01.203 [main] INFO  pageObjects.Android.SectionControlsPage - Rating Control Title Validation with Expected: How was your experience? and Actual is:  How was your experience? 
16:27:03.915 [main] INFO  testCases.TC_002_SFS_All_Mobile - Rating Value: OkayClicked
16:27:07.882 [main] INFO  pageObjects.Android.SectionControlsPage - Opinion Scale Control Title Validation with Expected: Choose a number? and Actual is:  Choose a number? 
16:27:12.106 [main] INFO  utilities.Android.UtilityCustomFunctions - [7] is selected in List
16:27:12.107 [main] INFO  testCases.TC_002_SFS_All_Mobile - Opinion Scale : 7Clicked
16:27:16.187 [main] INFO  pageObjects.Android.SectionControlsPage - Date Control Title Validation with Expected: Select a date and Actual is: Select a date
16:27:31.397 [main] INFO  testCases.TC_002_SFS_All_Mobile - Date Value Updated to DataSheet
16:27:35.538 [main] INFO  pageObjects.Android.SectionControlsPage - Links Control Title Validation with Expected: Please contact us and Actual is:   Please contact us  
16:27:38.221 [main] INFO  pageObjects.Android.SectionControlsPage - ThankYou Control Title Validation with Expected: Nice chatting with you and Actual is: Nice chatting with you
16:27:42.007 [main] INFO  pageObjects.Android.SectionControlsPage - PictureMessage Control Title Validation with Expected: Select the picture…! and Actual is:  Select the picture…! 
16:27:42.845 [main] INFO  testCases.TC_002_SFS_All_Mobile - Picture Message Seleted:SelectPicture
16:27:47.969 [main] INFO  pageObjects.Android.SectionControlsPage - YesorNo Control Title Validation with Expected: Select Yes or No..? and Actual is:  Select Yes or No..? 
16:27:48.645 [main] INFO  testCases.TC_002_SFS_All_Mobile - Yes or No ClickedNo
16:27:51.685 [main] INFO  pageObjects.Android.SectionControlsPage - Agreement Control Title Validation with Expected: Terms and Conditions..! and Actual is:  Terms and Conditions..! 
16:27:53.845 [main] INFO  utilities.Android.SurveyFormReUsables - Agreement Text Passed : Actual Value is: I agree to the terms and conditionsExpected Value is: I agree to the terms and conditions
16:27:54.857 [main] INFO  testCases.TC_002_SFS_All_Mobile - Validation of Agreement Text Actual is: I agree to the terms and conditions Expected is: I agree to the terms and conditions
16:27:56.560 [main] INFO  pageObjects.Android.SectionControlsPage - RankingMatrix Control Title Validation with Expected: Choose the value..! and Actual is:  Choose the value..! 
16:27:58.244 [main] INFO  testCases.TC_002_SFS_All_Mobile - Ranking Matrix Values Selected
16:28:04.600 [main] INFO  testCases.TC_002_SFS_All_Mobile - Google Map Control Present
16:28:06.197 [main] INFO  pageObjects.Android.SectionControlsPage - GoogleMap Control Title Validation with Expected: What is your address? and Actual is:  Upload file 
16:28:06.198 [main] INFO  testCases.TC_002_SFS_All_Mobile - Validation of Google Map Control TitleWhat is your address?
16:28:11.170 [main] INFO  testCases.TC_002_SFS_All_Mobile - Address Entered in Google Map
16:28:17.240 [main] INFO  pageObjects.Android.SectionControlsPage - VoiceRecord Control Title Validation with Expected: Tap the mic and record the voice and Actual is:  Tap the mic and record the voice 
16:28:25.539 [main] INFO  pageObjects.Android.IndvControls - Allow Location Popup displayed
16:28:35.679 [main] INFO  testCases.TC_002_SFS_All_Mobile - Voice Recorded
16:28:37.099 [main] INFO  testCases.TC_002_SFS_All_Mobile - Voice Record Prefix updated to Datasheet
16:28:46.408 [main] INFO  pageObjects.Android.SectionControlsPage - FileUpload Control Title Validation with Expected: Upload file and Actual is:  Upload file 
16:28:46.408 [main] INFO  pageObjects.Android.IndvControls - Within SelectFiletoUpload
16:28:46.644 [main] INFO  pageObjects.Android.IndvControls - File Upload Visible
16:28:50.108 [main] INFO  pageObjects.Android.IndvControls - FileUpload Clicked
16:28:54.475 [main] INFO  pageObjects.Android.IndvControls - Switched to Native app within FileUpload
16:28:57.583 [main] INFO  pageObjects.Android.IndvControls - Allow Permission displayed first time
16:29:21.214 [main] INFO  testCases.TC_002_SFS_All_Mobile - File Uploaded
16:29:22.700 [main] INFO  testCases.TC_002_SFS_All_Mobile - Upload file prefix added to Datasheet
16:29:26.818 [main] INFO  testCases.TC_002_SFS_All_Mobile - Section UI Form Submitted
16:52:29.940 [main] INFO  testCases.TC_001_SFI_All_Mobile - ******starting TC_001_SFI_All_Mobile ****
16:52:30.064 [main] INFO  testCases.TC_001_SFI_All_Mobile - Test Execution on Browser: chrome
16:52:30.066 [main] INFO  testCases.TC_001_SFI_All_Mobile - Excel file Utility instance created
16:52:30.771 [main] INFO  testCases.TC_001_SFI_All_Mobile - Row Count is: 1
16:52:30.817 [main] INFO  testCases.TC_001_SFI_All_Mobile - Col Count is: 49
16:52:30.819 [main] INFO  testCases.TC_001_SFI_All_Mobile - Extracting DataSheet Values started...
16:52:31.976 [main] INFO  testCases.TC_001_SFI_All_Mobile - Extracting DataSheet Values Completed...
16:52:33.691 [main] INFO  testCases.TC_001_SFI_All_Mobile - Survey Form Url Launched..
16:52:35.155 [main] INFO  testCases.TC_001_SFI_All_Mobile - Build Url Pass
16:52:35.969 [main] INFO  utilities.Android.SurveyFormReUsables - Message Title Passed : Actual Value is: Hi, Welcome to chat bot..!Expected Value is: Hi, Welcome to chat bot..!
16:52:36.986 [main] INFO  testCases.TC_001_SFI_All_Mobile - Message Control Title Passed
16:52:42.306 [main] INFO  testCases.TC_001_SFI_All_Mobile -  Select an option..! Actual Title 
16:52:42.306 [main] INFO  utilities.Android.SurveyFormReUsables - MultiChoice Control Title Passed : Actual Value is: Select an option..!Expected Value is: Select an option..!
16:52:47.430 [main] INFO  utilities.Android.UtilityCustomFunctions - [DisAgree] is selected in List
16:52:47.430 [main] INFO  testCases.TC_001_SFI_All_Mobile - MultiChoice Item Selected
16:52:51.528 [main] INFO  testCases.TC_001_SFI_All_Mobile - MultiChoice Next Clicked
16:52:56.358 [main] INFO  testCases.TC_001_SFI_All_Mobile - Text Question Conrol Present
16:52:56.503 [main] INFO  utilities.Android.SurveyFormReUsables - TextQuestion Control Title Passed : Actual Value is: Please type an answer ..!Expected Value is: Please type an answer ..!
16:52:57.517 [main] INFO  testCases.TC_001_SFI_All_Mobile - Validation of TextQuestion Control Title
16:52:59.194 [main] INFO  testCases.TC_001_SFI_All_Mobile - Text Entered in TextAnswer Control
16:53:04.202 [main] INFO  testCases.TC_001_SFI_All_Mobile - Text Question Next Clicked
16:53:08.736 [main] INFO  testCases.TC_001_SFI_All_Mobile - Email Control Present
16:53:08.868 [main] INFO  utilities.Android.SurveyFormReUsables - Email Control Title Passed : Actual Value is: What is your email address?Expected Value is: What is your email address?
16:53:09.884 [main] INFO  testCases.TC_001_SFI_All_Mobile - Validation of Email Control Title
16:53:11.461 [main] INFO  testCases.TC_001_SFI_All_Mobile - Email Id Entered
16:53:16.488 [main] INFO  testCases.TC_001_SFI_All_Mobile - Email Next Clicked
16:53:20.264 [main] INFO  utilities.Android.SurveyFormReUsables - Phone Number Control Title Passed : Actual Value is: Please type your phone numberExpected Value is: Please type your phone number
16:53:21.270 [main] INFO  testCases.TC_001_SFI_All_Mobile - Validation of PhoneNumber Control Title
16:53:23.639 [main] INFO  testCases.TC_001_SFI_All_Mobile - Phone Number Conrol Present
16:53:26.250 [main] INFO  testCases.TC_001_SFI_All_Mobile - Phone Number Entered
16:53:29.785 [main] INFO  testCases.TC_001_SFI_All_Mobile - PhoneNumber Next Clicked
16:53:34.749 [main] INFO  testCases.TC_001_SFI_All_Mobile - Appointment Clicked
16:54:21.976 [main] INFO  testCases.TC_001_SFI_All_Mobile - Appointment Updated to Datasheet
16:54:21.976 [main] INFO  testCases.TC_001_SFI_All_Mobile - Appointment Time Captured in Expected Value
16:54:25.072 [main] INFO  testCases.TC_001_SFI_All_Mobile - Appointment Next Button clicked
16:54:28.777 [main] INFO  utilities.Android.SurveyFormReUsables - MultiSelect Control Title Passed : Actual Value is: Select your choices..!Expected Value is: Select your choices..!
16:54:29.779 [main] INFO  testCases.TC_001_SFI_All_Mobile - Validation of MultiSelect Control Title
16:54:34.389 [main] INFO  testCases.TC_001_SFI_All_Mobile - MultiSelect Value Selected
16:54:36.403 [main] INFO  testCases.TC_001_SFI_All_Mobile - MultiSelect Next Clicked
16:54:39.354 [main] INFO  testCases.TC_001_SFI_All_Mobile - List Conrol Present
16:54:39.488 [main] INFO  utilities.Android.SurveyFormReUsables - List Control Title Passed : Actual Value is: Type and select your answer..!Expected Value is: Type and select your answer..!
16:54:40.494 [main] INFO  testCases.TC_001_SFI_All_Mobile - Validation of List Control Control Title
16:54:46.325 [main] INFO  utilities.Android.UtilityCustomFunctions - [Sample Option 2] is selected in List
16:54:46.325 [main] INFO  testCases.TC_001_SFI_All_Mobile - List Item Selected Sample Option 2
16:54:51.434 [main] INFO  testCases.TC_001_SFI_All_Mobile - List Next Clicked
16:54:56.346 [main] INFO  testCases.TC_001_SFI_All_Mobile - Number Control Present
16:54:57.912 [main] INFO  testCases.TC_001_SFI_All_Mobile - Number Selected 1234567890
16:55:02.910 [main] INFO  testCases.TC_001_SFI_All_Mobile - Number Next Clicked
16:55:07.896 [main] INFO  testCases.TC_001_SFI_All_Mobile - Range Conrol Present
16:55:07.956 [main] INFO  utilities.Android.SurveyFormReUsables - Range Control Title Passed : Actual Value is: Select a rangeExpected Value is: Select a range
16:55:08.965 [main] INFO  testCases.TC_001_SFI_All_Mobile - Validation of Range Control Control Title
16:55:30.343 [main] INFO  testCases.TC_001_SFI_All_Mobile - Range Selected 50
16:55:35.475 [main] INFO  testCases.TC_001_SFI_All_Mobile - Range Next Clicked
16:55:39.018 [main] INFO  testCases.TC_001_SFI_All_Mobile - Rating control Present
16:55:40.532 [main] INFO  utilities.Android.SurveyFormReUsables - Rating Control Title Passed : Actual Value is: How was your experience?Expected Value is: How was your experience?
16:55:41.543 [main] INFO  testCases.TC_001_SFI_All_Mobile - Validation of Rating Control Control Title
16:55:42.135 [main] INFO  testCases.TC_001_SFI_All_Mobile - Rating Value: TerribleClicked
16:55:47.234 [main] INFO  testCases.TC_001_SFI_All_Mobile - Rating Next Clicked
16:55:52.204 [main] INFO  testCases.TC_001_SFI_All_Mobile - Opinion Scale Conrol Present
16:55:52.349 [main] INFO  utilities.Android.SurveyFormReUsables - Opinion Scale Control Title Passed : Actual Value is: Choose a number?Expected Value is: Choose a number?
16:55:53.352 [main] INFO  testCases.TC_001_SFI_All_Mobile - Validation of Opinion Scale Control Title
16:55:58.018 [main] INFO  utilities.Android.UtilityCustomFunctions - [9] is selected in List
16:55:58.018 [main] INFO  testCases.TC_001_SFI_All_Mobile - Opinion Scale Control: 9Clicked
16:56:03.103 [main] INFO  testCases.TC_001_SFI_All_Mobile - Opinion Scale Next Clicked
16:56:08.008 [main] INFO  testCases.TC_001_SFI_All_Mobile - Date Conrol Present
16:56:23.110 [main] INFO  testCases.TC_001_SFI_All_Mobile - Date Value Updated to DataSheet
16:56:26.193 [main] INFO  testCases.TC_001_SFI_All_Mobile - Date Next Clicked
16:56:31.129 [main] INFO  testCases.TC_001_SFI_All_Mobile - Links Conrol Present
16:56:31.258 [main] INFO  utilities.Android.SurveyFormReUsables - Link Control Title Passed : Actual Value is: Please contact usExpected Value is: Please contact us
16:56:32.262 [main] INFO  testCases.TC_001_SFI_All_Mobile - Validation of Link Control Title  Please contact us  
16:56:32.262 [main] INFO  testCases.TC_001_SFI_All_Mobile - Multiple Links Clicked
16:56:32.967 [main] INFO  testCases.TC_001_SFI_All_Mobile - Links Next Clicked
16:56:37.987 [main] INFO  testCases.TC_001_SFI_All_Mobile - ThankYou control Present
16:56:39.534 [main] INFO  utilities.Android.SurveyFormReUsables - ThankYou Control Title Passed : Actual Value is: Nice chatting with youExpected Value is: Nice chatting with you
16:56:40.538 [main] INFO  testCases.TC_001_SFI_All_Mobile - Validation of ThankYou Control TitleNice chatting with you
16:56:41.204 [main] INFO  testCases.TC_001_SFI_All_Mobile - ThankYou Next Clicked
16:56:45.810 [main] INFO  testCases.TC_001_SFI_All_Mobile - Picture Message Control Present
16:56:46.970 [main] INFO  utilities.Android.SurveyFormReUsables - Picture Message Control Title Passed : Actual Value is: Select the picture…!Expected Value is: Select the picture…!
16:56:47.972 [main] INFO  testCases.TC_001_SFI_All_Mobile - Validation of Picture Message Control Title Select the picture…! 
16:56:49.706 [main] INFO  testCases.TC_001_SFI_All_Mobile - Picture Message Seleted:PictureMessage
16:56:52.963 [main] INFO  testCases.TC_001_SFI_All_Mobile - Picture Message Next Clicked
16:56:57.867 [main] INFO  testCases.TC_001_SFI_All_Mobile - YesorNo Control Present
16:56:57.974 [main] INFO  utilities.Android.SurveyFormReUsables - Yes or No Control Title Passed : Actual Value is: Select Yes or No..?Expected Value is: Select Yes or No..?
16:56:58.987 [main] INFO  testCases.TC_001_SFI_All_Mobile - Validation of YesorNo Control Title Select Yes or No..? 
16:57:00.880 [main] INFO  testCases.TC_001_SFI_All_Mobile - Yes Clicked
16:57:01.492 [main] INFO  testCases.TC_001_SFI_All_Mobile - YesorNo Next Clicked
16:57:06.373 [main] INFO  testCases.TC_001_SFI_All_Mobile - Agreement Question Conrol Present
16:57:06.499 [main] INFO  utilities.Android.SurveyFormReUsables - Agreement Control Title Passed : Actual Value is: Terms and Conditions..!Expected Value is: Terms and Conditions..!
16:57:07.505 [main] INFO  testCases.TC_001_SFI_All_Mobile - Validation of Agreement Control Title Terms and Conditions..! 
16:57:07.661 [main] INFO  utilities.Android.SurveyFormReUsables - Agreement Text Passed : Actual Value is: I agree to the terms and conditionsExpected Value is: I agree to the terms and conditions
16:57:08.663 [main] INFO  testCases.TC_001_SFI_All_Mobile - Validation of Agreement TextI agree to the terms and conditions
16:57:11.360 [main] INFO  testCases.TC_001_SFI_All_Mobile - Agreement Next Clicked
16:57:14.950 [main] INFO  testCases.TC_001_SFI_All_Mobile - RankMatrix control present
16:57:16.451 [main] INFO  utilities.Android.SurveyFormReUsables - Ranking Matrix Title Passed : Actual Value is: Choose the value..!Expected Value is: Choose the value..!
16:57:17.462 [main] INFO  testCases.TC_001_SFI_All_Mobile - Validation of Rank Matrix Control Title Choose the value..! 
16:57:19.864 [main] INFO  testCases.TC_001_SFI_All_Mobile - Ranking Matrix Values Selected
16:57:21.908 [main] INFO  testCases.TC_001_SFI_All_Mobile - Ranking Matrix Next Clicked
16:57:27.789 [main] INFO  testCases.TC_001_SFI_All_Mobile - Google Map Control Present
16:57:37.427 [main] INFO  pageObjects.Android.IndvControls - Allow Location Popup displayed
16:57:44.046 [main] INFO  utilities.Android.SurveyFormReUsables - Google Map Title Passed : Actual Value is: What is your address?Expected Value is: What is your address?
16:57:45.054 [main] INFO  testCases.TC_001_SFI_All_Mobile - Validation of Google Map Control Title What is your address? 
16:57:51.051 [main] INFO  testCases.TC_001_SFI_All_Mobile - Address Entered in Google Map
16:57:54.730 [main] INFO  testCases.TC_001_SFI_All_Mobile - Google Map Next Clicked
16:57:55.932 [main] INFO  testCases.TC_001_SFI_All_Mobile - VR control present
16:57:58.449 [main] INFO  utilities.Android.SurveyFormReUsables - Voice Record Title Passed : Actual Value is: Tap the mic and record the voiceExpected Value is: Tap the mic and record the voice
16:57:59.464 [main] INFO  testCases.TC_001_SFI_All_Mobile - Validation of Voice Record Control Title Tap the mic and record the voice 
16:58:03.740 [main] INFO  pageObjects.Android.IndvControls - Allow Location Popup displayed
16:58:13.729 [main] INFO  testCases.TC_001_SFI_All_Mobile - Voice Recorded
16:58:15.210 [main] INFO  testCases.TC_001_SFI_All_Mobile - Voice Record Prefix updated to Datasheet
16:58:17.820 [main] INFO  testCases.TC_001_SFI_All_Mobile - Voice Record Next Clicked
16:58:21.525 [main] INFO  utilities.Android.SurveyFormReUsables - File Upload Control Title Passed : Actual Value is: Upload fileExpected Value is: Upload file
16:58:22.539 [main] INFO  testCases.TC_001_SFI_All_Mobile - Validation of File Upload Control Title
16:58:22.539 [main] INFO  pageObjects.Android.IndvControls - Within SelectFiletoUpload
16:58:22.910 [main] INFO  pageObjects.Android.IndvControls - File Upload Visible
16:58:26.329 [main] INFO  pageObjects.Android.IndvControls - FileUpload Clicked
16:58:30.728 [main] INFO  pageObjects.Android.IndvControls - Switched to Native app within FileUpload
16:58:33.812 [main] INFO  pageObjects.Android.IndvControls - Allow Permission displayed first time
16:59:00.400 [main] INFO  testCases.TC_001_SFI_All_Mobile - Upload file prefix added to Datasheet
16:59:04.144 [main] INFO  testCases.TC_001_SFI_All_Mobile - FileUpload Next Clicked
16:59:07.178 [main] INFO  testCases.TC_001_SFI_All_MobileResponse - ******starting TC_001_SFI_All_MobileResponse ****
16:59:07.180 [main] INFO  testCases.TC_001_SFI_All_MobileResponse - Test Execution on Browser: chrome
16:59:07.180 [main] INFO  testCases.TC_001_SFI_All_MobileResponse - Excel file Utility instance created
16:59:07.213 [main] INFO  testCases.TC_001_SFI_All_MobileResponse - Row Count is: 1
16:59:07.234 [main] INFO  testCases.TC_001_SFI_All_MobileResponse - Col Count is: 49
16:59:07.235 [main] INFO  testCases.TC_001_SFI_All_MobileResponse - Extracting DataSheet Values started...
16:59:07.872 [main] INFO  testCases.TC_001_SFI_All_MobileResponse - Extracting DataSheet Values Completed...
16:59:12.887 [main] INFO  testCases.TC_001_SFI_All_MobileResponse - Navigation started
16:59:16.599 [main] INFO  testCases.TC_001_SFI_All_MobileResponse - Login details Entered
16:59:16.661 [main] INFO  testCases.TC_001_SFI_All_MobileResponse - Chat bot Logged In
16:59:19.482 [main] INFO  testCases.TC_001_SFI_All_MobileResponse - SFAllMobile_Independent Build Name entered in List Box
16:59:25.553 [main] INFO  testCases.TC_001_SFI_All_MobileResponse - Build link clicked side bar
16:59:25.554 [main] INFO  testCases.TC_001_SFI_All_MobileResponse - clicked side bar Result
16:59:26.719 [main] INFO  testCases.TC_001_SFI_All_MobileResponse - Side Item Response clicked
16:59:26.776 [main] INFO  testCases.TC_001_SFI_All_MobileResponse - clicked refresh Response
16:59:26.832 [main] INFO  testCases.TC_001_SFI_All_MobileResponse - clicked refresh Response Again
16:59:29.905 [main] INFO  testCases.TC_001_SFI_All_MobileResponse - Clicked first Response
16:59:29.905 [main] INFO  testCases.TC_001_SFI_All_MobileResponse - Navigated to Build: SFAllMobile_Independent
16:59:31.999 [main] INFO  utilities.Browser.SurveyFormReUsables - Message Control Header Expected Value:Hi, Welcome to chat bot..! Actual Value: Hi, Welcome to chat bot..!
16:59:32.000 [main] INFO  utilities.Browser.SurveyFormReUsables - Message Control Header Passed : Actual Value is: Hi, Welcome to chat bot..!Expected Value is: Hi, Welcome to chat bot..!
16:59:34.302 [main] INFO  utilities.Browser.SurveyFormReUsables - MultiChoice Control Question Expected Value:Select an option..! Actual Value: Select an option..!
16:59:34.303 [main] INFO  utilities.Browser.SurveyFormReUsables - MultiChoice Control Question Passed : Actual Value is: Select an option..!Expected Value is: Select an option..!
16:59:35.558 [main] INFO  utilities.Browser.SurveyFormReUsables - MultiChoice Control Answer Expected Value:DisAgree Actual Value: DisAgree
16:59:35.559 [main] INFO  utilities.Browser.SurveyFormReUsables - MultiChoice Control Answer Passed : Actual Value is: DisAgreeExpected Value is: DisAgree
16:59:37.838 [main] INFO  utilities.Browser.SurveyFormReUsables - Text Question Control Question Expected Value:Please type an answer ..! Actual Value: Please type an answer ..!
16:59:37.839 [main] INFO  utilities.Browser.SurveyFormReUsables - Text Question Control Question Passed : Actual Value is: Please type an answer ..!Expected Value is: Please type an answer ..!
16:59:39.117 [main] INFO  utilities.Browser.SurveyFormReUsables - Text Question Control Answer Expected Value:Welcome to Automation...! Actual Value: Welcome to Automation...!
16:59:39.117 [main] INFO  utilities.Browser.SurveyFormReUsables - Text Question Control Answer Passed : Actual Value is: Welcome to Automation...!Expected Value is: Welcome to Automation...!
16:59:41.455 [main] INFO  utilities.Browser.SurveyFormReUsables - Email Control Question Expected Value:What is your email address? Actual Value: What is your email address?
16:59:41.455 [main] INFO  utilities.Browser.SurveyFormReUsables - Email Control Question Passed : Actual Value is: What is your email address?Expected Value is: What is your email address?
16:59:42.702 [main] INFO  utilities.Browser.SurveyFormReUsables - Email Control Answer Expected Value:sudhakar@rsoft.in Actual Value: sudhakar@rsoft.in
16:59:42.702 [main] INFO  utilities.Browser.SurveyFormReUsables - Email Control Answer Passed : Actual Value is: sudhakar@rsoft.inExpected Value is: sudhakar@rsoft.in
16:59:45.048 [main] INFO  utilities.Browser.SurveyFormReUsables - Phone Number Control Question Expected Value:Please type your phone number Actual Value: Please type your phone number
16:59:45.048 [main] INFO  utilities.Browser.SurveyFormReUsables - Phone Number Control Question Passed : Actual Value is: Please type your phone numberExpected Value is: Please type your phone number
16:59:46.305 [main] INFO  utilities.Browser.SurveyFormReUsables - Phone Number Control Answer Expected Value:+91 1234567890 Actual Value: +91 1234567890
16:59:46.305 [main] INFO  utilities.Browser.SurveyFormReUsables - Phone Number Control Answer Passed : Actual Value is: +91 1234567890Expected Value is: +91 1234567890
16:59:48.629 [main] INFO  utilities.Browser.SurveyFormReUsables - Appointment Control Question Expected Value:Book an appointment / meeting Actual Value: Book an appointment / meeting
16:59:48.629 [main] INFO  utilities.Browser.SurveyFormReUsables - Appointment Control Question Passed : Actual Value is: Book an appointment / meetingExpected Value is: Book an appointment / meeting
16:59:49.890 [main] INFO  utilities.Browser.SurveyFormReUsables - Appointment Control Answer Expected Value:date_range
Appointment Date : 26/12/2023, Time : [ 09:05 AM to 09:09 AM ] Actual Value: Appointment Date : 26/12/2023, Time : [ 09:05 AM to 09:09 AM ]
16:59:49.891 [main] INFO  utilities.Browser.SurveyFormReUsables - Appointment Control Answer Failed : Actual Value is: Appointment Date : 26/12/2023, Time : [ 09:05 AM to 09:09 AM ]Expected Value is: date_range
Appointment Date : 26/12/2023, Time : [ 09:05 AM to 09:09 AM ]
16:59:52.174 [main] INFO  utilities.Browser.SurveyFormReUsables - MultiSelect Control Question Expected Value:Select your choices..! Actual Value: Select your choices..!
16:59:52.174 [main] INFO  utilities.Browser.SurveyFormReUsables - MultiSelect Control Question Passed : Actual Value is: Select your choices..!Expected Value is: Select your choices..!
16:59:53.454 [main] INFO  utilities.Browser.SurveyFormReUsables - MultiSelect Control Answer Expected Value:DisAgree, Agree, Strongly Agree Actual Value: DisAgree, Agree, Strongly Agree
16:59:53.454 [main] INFO  utilities.Browser.SurveyFormReUsables - MultiSelect Control Answer Passed : Actual Value is: DisAgree, Agree, Strongly AgreeExpected Value is: DisAgree, Agree, Strongly Agree
16:59:55.743 [main] INFO  utilities.Browser.SurveyFormReUsables - List Control Question Expected Value:Type and select your answer..! Actual Value: Type and select your answer..!
16:59:55.743 [main] INFO  utilities.Browser.SurveyFormReUsables - List Control Question Passed : Actual Value is: Type and select your answer..!Expected Value is: Type and select your answer..!
16:59:56.997 [main] INFO  utilities.Browser.SurveyFormReUsables - List Control Values Expected Value:Sample Option 2 Actual Value: Sample Option 2
16:59:56.997 [main] INFO  utilities.Browser.SurveyFormReUsables - List Control Values Passed : Actual Value is: Sample Option 2Expected Value is: Sample Option 2
16:59:59.316 [main] INFO  utilities.Browser.SurveyFormReUsables - Number Control Question Expected Value:Enter the Number? Actual Value: Enter the Number?
16:59:59.317 [main] INFO  utilities.Browser.SurveyFormReUsables - Number Control Question Passed : Actual Value is: Enter the Number?Expected Value is: Enter the Number?
17:00:00.553 [main] INFO  utilities.Browser.SurveyFormReUsables - Number Control Answer Expected Value:1234567890 Actual Value: 1234567890
17:00:00.553 [main] INFO  utilities.Browser.SurveyFormReUsables - Number Control Answer Passed : Actual Value is: 1234567890Expected Value is: 1234567890
17:00:02.813 [main] INFO  utilities.Browser.SurveyFormReUsables - Range Control Question Expected Value:Select a range Actual Value: Select a range
17:00:02.814 [main] INFO  utilities.Browser.SurveyFormReUsables - Range Control Question Passed : Actual Value is: Select a rangeExpected Value is: Select a range
17:00:04.071 [main] INFO  utilities.Browser.SurveyFormReUsables - Range Control Answer Expected Value:50 Actual Value: 50
17:00:04.072 [main] INFO  utilities.Browser.SurveyFormReUsables - Range Control Answer Passed : Actual Value is: 50Expected Value is: 50
17:00:06.392 [main] INFO  utilities.Browser.SurveyFormReUsables - Rating Control Question Expected Value:How was your experience? Actual Value: How was your experience?
17:00:06.393 [main] INFO  utilities.Browser.SurveyFormReUsables - Rating Control Question Passed : Actual Value is: How was your experience?Expected Value is: How was your experience?
17:00:07.653 [main] INFO  utilities.Browser.SurveyFormReUsables - Rating Control Answer Expected Value:Terrible Actual Value: Terrible
17:00:07.654 [main] INFO  utilities.Browser.SurveyFormReUsables - Rating Control Answer Passed : Actual Value is: TerribleExpected Value is: Terrible
17:00:09.966 [main] INFO  utilities.Browser.SurveyFormReUsables - Opinion Scale Control Question Expected Value:Choose a number? Actual Value: Choose a number?
17:00:09.966 [main] INFO  utilities.Browser.SurveyFormReUsables - Opinion Scale Control Question Passed : Actual Value is: Choose a number?Expected Value is: Choose a number?
17:00:11.178 [main] INFO  utilities.Browser.SurveyFormReUsables - Opinion Scale Control Answer Expected Value:9 Actual Value: 9
17:00:11.178 [main] INFO  utilities.Browser.SurveyFormReUsables - Opinion Scale Control Answer Passed : Actual Value is: 9Expected Value is: 9
17:00:13.490 [main] INFO  utilities.Browser.SurveyFormReUsables - Date Control Question Expected Value:Select a date Actual Value: Select a date
17:00:13.490 [main] INFO  utilities.Browser.SurveyFormReUsables - Date Control Question Passed : Actual Value is: Select a dateExpected Value is: Select a date
17:00:14.769 [main] INFO  utilities.Browser.SurveyFormReUsables - Date Control Answer Expected Value:26/12/2023 Actual Value: 
17:00:14.769 [main] INFO  utilities.Browser.SurveyFormReUsables - Date Control Answer Failed : Actual Value is: Expected Value is: 26/12/2023
17:00:17.030 [main] INFO  utilities.Browser.SurveyFormReUsables - Link Control Question Expected Value:Please contact us Actual Value: Please contact us
17:00:17.031 [main] INFO  utilities.Browser.SurveyFormReUsables - Link Control Question Passed : Actual Value is: Please contact usExpected Value is: Please contact us
17:00:19.297 [main] INFO  utilities.Browser.SurveyFormReUsables - Thank You Control Question Expected Value:Nice chatting with you Actual Value: Nice chatting with you
17:00:19.298 [main] INFO  utilities.Browser.SurveyFormReUsables - Thank You Control Question Passed : Actual Value is: Nice chatting with youExpected Value is: Nice chatting with you
